<?xml version="1.0" encoding="UTF-8"?>
<!-- Generated by org.testng.reporters.JUnitReportReporter -->
<testsuite hostname="CIPLWKT014" failures="0" tests="5" name="Script.SecureLink_Negative_Scenerio" time="215.408" errors="0" timestamp="2024-08-23T00:51:34 GMT-05:00" skipped="0">
  <testcase classname="Script.SecureLink_Negative_Scenerio" name="Login" time="36.540"/>
  <system-out>
    <![CDATA[Scenario 01: Log into EWA
Enter valid user name into username field
Enter valid password into password field
Select a Room
Click Login button
Session message not appeared
User logged in successfully... ]]>
  </system-out>
  <testcase classname="Script.SecureLink_Negative_Scenerio" name="TC_1_SecureLinkInvalidRecepient_Mail_ID_ValidConfirm_Mail" time="93.126"/>
  <system-out>
    <![CDATA[Negative Scenario 01: Check Securelink with Invalid Email ID 
Expand a cabinet
Expand a drawer
Open a folder
Open a document
Locked message displayed
No Alert is present
Click on check box
Click on sendto icon
Select secure link submenu
User should enter invalid email into email textbox
Click on securelink dialog OK button
It should displayed 'Please enter valid recipient email id' dialog on the page  
Secure link - invalid email id scenario verified successfully]]>
  </system-out>
  <testcase classname="Script.SecureLink_Negative_Scenerio" name="TC_2_SendToSecureLinkwithout_Email_ID_BlankTest" time="21.464"/>
  <system-out>
    <![CDATA[Scenario 2: Securelink with blank email ID
Email id should be blank
Click on securelink dialog OK button
User should get 'Please enter recipient email id' Warning dialog box
Warning dialog displayed successfull,Blank mail Scenario verified successfully]]>
  </system-out>
  <testcase classname="Script.SecureLink_Negative_Scenerio" name="TC_3_SecLinkReceipientDailogBoxInvalid_Email_ID" time="38.455"/>
  <system-out>
    <![CDATA[Negative Scenario 3: Securelink with valid email and invalid confirm mail 
Enter a valid email id into email field
Click on modify check box
User should enter invalid email id into cofirm mail text box
Click on securelink dialog OK button
Sending secure link mail from viewer page,select the document from page List the Selected Page was sent Successfully...Mail has received.
USer should get 'Email id mismatch' warning dialog
 Warning dialog displayed...Valid email - invalid confirm mail scenario verified successfully...]]>
  </system-out>
  <testcase classname="Script.SecureLink_Negative_Scenerio" name="TC_4_SecLinkReceipientMailBlank" time="25.823"/>
  <system-out>
    <![CDATA[Negative Scenario 4:Securelink first dialog box has Valid email and Valid confirm email ID/ Securelink  Second dialog box should be blank 
Enter valid email
Enter valid confirm email
Blank mail id:Unable to send the document into secure link
Click on first securelink dialog box OK button
Should not enter email id,just click on second securelink dilaog box OK button
User should get'Email id Mismatch' warning alert
 Warning alert displayed...]]>
  </system-out>
</testsuite> <!-- Script.SecureLink_Negative_Scenerio -->
