<?xml version="1.0" encoding="UTF-8"?>
<!-- Generated by org.testng.reporters.JUnitReportReporter -->
<testsuite hostname="CIPLWKT014" failures="0" tests="2" name="Script.RMC_NodeProperties" time="204.315" errors="0" timestamp="2024-10-23T17:06:27 IST" skipped="0">
  <testcase classname="Script.RMC_NodeProperties" name="Login" time="35.384">
    <system-out>
      <![CDATA[Log into EWA
Enter valid username into username text box
Enter valid password into password text box
Select a Room
Click on Login button
Session for user is already active.Do you want to create new session? dialog box displayed User click on OK button,
User logged in successfully...
User logged in successfully... ]]>
    </system-out>
  </testcase> <!-- Login -->
  <testcase classname="Script.RMC_NodeProperties" name="RoomContextMenu_NodeProperties" time="168.931">
    <system-out>
      <![CDATA[Scenario 04: Verify Node properties Option
Expand a cabinet 1
Expand a cabinet 2
Expand a drawer 1
Expand a folder [[ChromeDriver: chrome on WINDOWS (3a523f9fd9db75593989a94151e40eed)] -> xpath: //div[@id='viewDocumentnavigator']/ul/li[2]/ul/li[1]/ul/li[1]/a]
Mousehover on Roomcontextmenu tab
Click on Nodeproperties option
Node properties dialog should be open
Select AllDataType 
Enter value into TextKey field
Click NodeProperties dialog OK button
Click on new document tab
Click on browse icon
By using AutoIT add file from the external folder 
Click on create button
'Document created succssfully' dialog opened, Click View button
'Document created succssfully' dialog opened, Click View button
Indices should save the values which are set for the Node Properties
Close the document
Mousehover on RoomContextMenu tab
Click on NodeProperties option, Node properties dialog should be open 
Click on reset button confirm dialog OK button
Reset confirm dialog should be open, Click Reset confirm dialog OK button
Node properties was reset successfully...
Node properties verified successfully]]>
    </system-out>
  </testcase> <!-- RoomContextMenu_NodeProperties -->
  <system-out>
    <![CDATA[Chrome driver launched successfull
Chrome Browser launched Successfully...
EWA URL launched successfull
Contentverse URL launched successfully...
Log into EWA
Enter valid username into username text box
Enter valid password into password text box
Select a Room
Click on Login button
Session for user is already active.Do you want to create new session? dialog box displayed User click on OK button,
User logged in successfully...
User logged in successfully... 
Scenario 04: Verify Node properties Option
Expand a cabinet 1
Expand a cabinet 2
Expand a drawer 1
Expand a folder [[ChromeDriver: chrome on WINDOWS (3a523f9fd9db75593989a94151e40eed)] -> xpath: //div[@id='viewDocumentnavigator']/ul/li[2]/ul/li[1]/ul/li[1]/a]
Mousehover on Roomcontextmenu tab
Click on Nodeproperties option
Node properties dialog should be open
Select AllDataType 
Enter value into TextKey field
Click NodeProperties dialog OK button
Click on new document tab
Click on browse icon
By using AutoIT add file from the external folder 
Click on create button
'Document created succssfully' dialog opened, Click View button
'Document created succssfully' dialog opened, Click View button
Indices should save the values which are set for the Node Properties
Close the document
Mousehover on RoomContextMenu tab
Click on NodeProperties option, Node properties dialog should be open 
Click on reset button confirm dialog OK button
Reset confirm dialog should be open, Click Reset confirm dialog OK button
Node properties was reset successfully...
Node properties verified successfully]]>
  </system-out>
</testsuite> <!-- Script.RMC_NodeProperties -->
