<?xml version="1.0" encoding="UTF-8"?>
<!-- Generated by org.testng.reporters.JUnitReportReporter -->
<testsuite skipped="0" hostname="CIPLWKT014" name="Script.ToDoListFunctionality" tests="8" failures="0" timestamp="29 Feb 2024 10:18:50 GMT" time="260.012" errors="0">
  <testcase name="Login" time="33.961" classname="Script.ToDoListFunctionality"/>
  <testcase name="TC_1_SendDoc" time="45.007" classname="Script.ToDoListFunctionality"/>
  <testcase name="TC_2_refrshAndLogVidyaUser" time="35.410" classname="Script.ToDoListFunctionality"/>
  <testcase name="TC_3_SendAndNewItemsMetaDataAgree" time="22.769" classname="Script.ToDoListFunctionality"/>
  <testcase name="TC_4_Task2UserNishaAccept" time="29.380" classname="Script.ToDoListFunctionality"/>
  <testcase name="TC_5_TaskUser2RNishaRejectTheDocument" time="32.034" classname="Script.ToDoListFunctionality"/>
  <testcase name="TC_6_refrshAndLogDipak" time="24.898" classname="Script.ToDoListFunctionality"/>
  <testcase name="TC_8_DocEndedFromTask3DipakUser" time="36.553" classname="Script.ToDoListFunctionality"/>
</testsuite> <!-- Script.ToDoListFunctionality -->
