<?xml version="1.0" encoding="UTF-8"?>
<!-- Generated by org.testng.reporters.JUnitReportReporter -->
<testsuite skipped="0" hostname="CIPLWKT014" name="SQL2022_DB.RamACCreateDocINEdge" tests="1" failures="0" timestamp="24 May 2024 16:35:29 GMT" time="53.172" errors="0">
  <testcase name="Login" time="53.172" classname="SQL2022_DB.RamACCreateDocINEdge"/>
</testsuite> <!-- SQL2022_DB.RamACCreateDocINEdge -->
