<?xml version="1.0" encoding="UTF-8"?>
<!-- Generated by org.testng.reporters.JUnitReportReporter -->
<testsuite skipped="0" hostname="CIPLWKT014" name="Script.Thumbnail_MicroSoft_FabBTN" tests="5" failures="0" timestamp="05 Jul 2024 14:34:30 GMT" time="189.145" errors="0">
  <testcase name="TC_1_ShowThumbnail" time="64.704" classname="Script.Thumbnail_MicroSoft_FabBTN"/>
  <testcase name="TC_2_Create_document_saveDoc" time="30.983" classname="Script.Thumbnail_MicroSoft_FabBTN"/>
  <testcase name="TC_3_Upload_Document_fabBTN" time="46.341" classname="Script.Thumbnail_MicroSoft_FabBTN"/>
  <testcase name="TC_4_View_Document_fullScreen" time="13.701" classname="Script.Thumbnail_MicroSoft_FabBTN"/>
  <testcase name="TC_5_View_Document_Delete" time="33.416" classname="Script.Thumbnail_MicroSoft_FabBTN"/>
</testsuite> <!-- Script.Thumbnail_MicroSoft_FabBTN -->
