<?xml version="1.0" encoding="UTF-8"?>
<!-- Generated by org.testng.reporters.JUnitReportReporter -->
<testsuite skipped="0" hostname="CIPLWKT014" name="Script.Negative_SpecialCharFile" tests="4" failures="0" timestamp="03 Jul 2024 16:39:04 GMT" time="269.767" errors="0">
  <testcase name="Login_EWA" time="58.356" classname="Script.Negative_SpecialCharFile"/>
  <testcase name="TC_01_Verify_Destination_Folder" time="107.429" classname="Script.Negative_SpecialCharFile"/>
  <testcase name="TC_02_Verify_Asterrisk_Field" time="28.856" classname="Script.Negative_SpecialCharFile"/>
  <testcase name="TC_03_Create_Emptypage_Document" time="75.126" classname="Script.Negative_SpecialCharFile"/>
</testsuite> <!-- Script.Negative_SpecialCharFile -->
