<?xml version="1.0" encoding="UTF-8"?>
<!-- Generated by org.testng.reporters.JUnitReportReporter -->
<testsuite skipped="0" hostname="CIPLWKT014" name="Script.AdvancedViewer_Script" tests="5" failures="0" timestamp="24 Jun 2024 07:21:15 GMT" time="471.499" errors="0">
  <testcase name="Login" time="32.260" classname="Script.AdvancedViewer_Script"/>
  <testcase name="TestCase_1_AdvancedViewerOptionSelection" time="23.487" classname="Script.AdvancedViewer_Script"/>
  <testcase name="TestCase_2_AdvancedViewerWordDocument" time="178.106" classname="Script.AdvancedViewer_Script"/>
  <testcase name="TestCase_3_AdvancedViewerPDfDoc" time="141.450" classname="Script.AdvancedViewer_Script"/>
  <testcase name="TestCase_4_AdvancedViewerExcelFile" time="96.196" classname="Script.AdvancedViewer_Script"/>
</testsuite> <!-- Script.AdvancedViewer_Script -->
