<?xml version="1.0" encoding="UTF-8"?>
<!-- Generated by org.testng.reporters.JUnitReportReporter -->
<testsuite skipped="0" hostname="CIPLWKT014" name="Script.My_Preferences_Download_Allfiles" tests="2" failures="0" timestamp="03 Jul 2024 16:39:01 GMT" time="146.060" errors="0">
  <testcase name="Login_EWA" time="51.158" classname="Script.My_Preferences_Download_Allfiles"/>
  <testcase name="TC_01_Verify_Download_All_Files" time="94.902" classname="Script.My_Preferences_Download_Allfiles"/>
</testsuite> <!-- Script.My_Preferences_Download_Allfiles -->
