<?xml version="1.0" encoding="UTF-8"?>
<!-- Generated by org.testng.reporters.JUnitReportReporter -->
<testsuite skipped="0" hostname="CIPLWKT014" name="Script.DocuSignScript" tests="1" failures="0" timestamp="05 Jul 2024 14:34:29 GMT" time="123.713" errors="0">
  <testcase name="TC_1_DocusignDocument" time="123.713" classname="Script.DocuSignScript"/>
</testsuite> <!-- Script.DocuSignScript -->
