<?xml version="1.0" encoding="UTF-8"?>
<!-- Generated by org.testng.reporters.JUnitReportReporter -->
<testsuite skipped="0" hostname="CIPLWKT014" name="Script.SecureLink" tests="5" failures="0" timestamp="24 Jun 2024 09:12:30 GMT" time="363.146" errors="0">
  <testcase name="Login" time="130.149" classname="Script.SecureLink"/>
  <testcase name="TC_1_DocumentSendToSecureLink" time="98.471" classname="Script.SecureLink"/>
  <testcase name="TC_2_SecureLinkFromSearchTab" time="53.638" classname="Script.SecureLink"/>
  <testcase name="TC_3_SecureLinkFromDocumentList" time="39.126" classname="Script.SecureLink"/>
  <testcase name="TC_4_SentDocumentToView" time="41.762" classname="Script.SecureLink"/>
</testsuite> <!-- Script.SecureLink -->
