<?xml version="1.0" encoding="UTF-8"?>
<!-- Generated by org.testng.reporters.JUnitReportReporter -->
<testsuite hostname="CIPLWKT014" failures="0" tests="1" name="Script.SecureLink" time="52.328" errors="0" timestamp="2024-10-28T15:30:16 IST" skipped="0">
  <testcase classname="Script.SecureLink" name="TC_4_SentDocumentToView" time="52.328">
    <system-out>
      <![CDATA[Open securelink mail 
Enter user email
Enter valid password
Click on login button
Open securelink mail 
Securelink file verified successfully...]]>
    </system-out>
  </testcase> <!-- TC_4_SentDocumentToView -->
  <system-out>
    <![CDATA[Chrome driver launched successfull
Chrome Browser launched Successfully...
Contentverse URL launched successfully...
Open securelink mail 
Enter user email
Enter valid password
Click on login button
Open securelink mail 
Securelink file verified successfully...]]>
  </system-out>
</testsuite> <!-- Script.SecureLink -->
