<?xml version="1.0" encoding="UTF-8"?>
<!-- Generated by org.testng.reporters.JUnitReportReporter -->
<testsuite skipped="1" hostname="CIPLWKT014" name="SQL2022_DB.AdvancedViewer_Script" tests="5" failures="0" timestamp="07 Feb 2024 13:38:37 GMT" time="466.762" errors="0">
  <testcase name="AdvancedViewerOptionSelection" time="14.932" classname="SQL2022_DB.AdvancedViewer_Script"/>
  <testcase name="AdvancedViewerOptionSelection" time="3.650" classname="SQL2022_DB.AdvancedViewer_Script">
    <skipped/>
  </testcase> <!-- AdvancedViewerOptionSelection -->
  <testcase name="AdvancedViewerWordDocument" time="194.686" classname="SQL2022_DB.AdvancedViewer_Script"/>
  <testcase name="AdvancedViewerPDfDoc" time="147.160" classname="SQL2022_DB.AdvancedViewer_Script"/>
  <testcase name="AdvancedViewerExcelFile" time="106.334" classname="SQL2022_DB.AdvancedViewer_Script"/>
</testsuite> <!-- SQL2022_DB.AdvancedViewer_Script -->
