<?xml version="1.0" encoding="UTF-8"?>
<!-- Generated by org.testng.reporters.JUnitReportReporter -->
<testsuite hostname="CIPLWKT014" failures="0" tests="6" name="Computhink.Script.RegisterStamp__Advanced_Viewing" time="1286.792" errors="0" timestamp="2024-12-24T13:21:29 IST" skipped="0">
  <testcase classname="Computhink.Script.RegisterStamp__Advanced_Viewing" name="Login" time="24.859">
    <system-out>
      <![CDATA[Scenario 01: Log into EWA
Enter valid user name into username field
UserName Details: Rnisha
Enter valid password into password field
Select a Room
Selected Room name: TestServer_2024B264bit.vw56demo
Captcha is not present, proceeding with login.
Click Login button
Session for user is already active. Do you want to create a new session? Dialog box displayed. User clicks OK button.
User logged in successfully... ]]>
    </system-out>
  </testcase> <!-- Login -->
  <testcase classname="Computhink.Script.RegisterStamp__Advanced_Viewing" name="TC_A_Advanced_View" time="9.827">
    <system-out>
      <![CDATA[Scenario 1: Go to My Preference, Change the Default viewing as Advanced viewer
Click on Setting icon
Go to My preference
Set the office document to advanced viewing
Set the PDF document to advanced viewing
Click on Apply button
Advanced viewer mode has been set successfully...]]>
    </system-out>
  </testcase> <!-- TC_A_Advanced_View -->
  <testcase classname="Computhink.Script.RegisterStamp__Advanced_Viewing" name="TestCase_2_Add_Stamp_SignHere" time="189.600">
    <system-out>
      <![CDATA[Click the New Document tab.
Click the 'Select destination folder location' text box.
'Browse for folder' dialog should be open.
Expand the cabinet
Expand drawer
Select a folder
Folder selected successfully...
Click on 'Select document type' dropdown and select the document type.
Document type selected successfully...
Enter the value into index field
Mouse hover on the browse icon
Select New PDF document
Enter the file name
Click on the create button
Scenario 01: Open an existing document and send it to WorkFlow
Before Click
After Click
Stamp Added Successfully
Scenario 01: Open an existing document and send it to WorkFlow
Before Click
After Click
Stamp Added Successfully
Scenario 01: Open an existing document and send it to WorkFlow
Before Click
After Click
Stamp Added Successfully
Scenario 01: Open an existing document and send it to WorkFlow
Before Click
After Click
Stamp Added Successfully
Scenario 01: Open an existing document and send it to WorkFlow
Before Click
After Click
Stamp Added Successfully
Click on the save icon from viewer toolbar
The added data has been saved successfully...
Click on the close icon
Document closed successfully...
Reopen the created word file document...
All saved data should be displayed successfully...
Word Document verified successful]]>
    </system-out>
  </testcase> <!-- TestCase_2_Add_Stamp_SignHere -->
  <testcase classname="Computhink.Script.RegisterStamp__Advanced_Viewing" name="TestCase_3_Dynamic_Stamp" time="214.768">
    <system-out>
      <![CDATA[Click the New Document tab.
Click the 'Select destination folder location' text box.
'Browse for folder' dialog should be open.
Expand the cabinet
Expand drawer
Select a folder
Folder selected successfully...
Click on 'Select document type' dropdown and select the document type.
Document type selected successfully...
Enter the value into index field
Mouse hover on the browse icon
Select New PDF document
Enter the file name
Click on the create button
Scenario 01: Open an existing document and send it to WorkFlow
Before Click
After Click
Stamp Added Successfully
Scenario 01: Open an existing document and send it to WorkFlow
Before Click
After Click
Stamp Added Successfully
Scenario 01: Open an existing document and send it to WorkFlow
Before Click
After Click
Stamp Added Successfully
Scenario 01: Open an existing document and send it to WorkFlow
Before Click
After Click
Stamp Added Successfully
Scenario 01: Open an existing document and send it to WorkFlow
Before Click
After Click
Stamp Added Successfully
Scenario 01: Open an existing document and send it to WorkFlow
Before Click
After Click
Stamp Added Successfully
Click on the save icon from viewer toolbar
The added data has been saved successfully...
Click on the close icon
Document closed successfully...
Reopen the created word file document...
All saved data should be displayed successfully...]]>
    </system-out>
  </testcase> <!-- TestCase_3_Dynamic_Stamp -->
  <testcase classname="Computhink.Script.RegisterStamp__Advanced_Viewing" name="TestCase_4_Standard_Stamp" time="334.848">
    <system-out>
      <![CDATA[Click the New Document tab.
Click the 'Select destination folder location' text box.
'Browse for folder' dialog should be open.
Expand the cabinet
Expand drawer
Select a folder
Folder selected successfully...
Click on 'Select document type' dropdown and select the document type.
Document type selected successfully...
Enter the value into index field
Add a file  by using auto IT
Mouse hover on the browse icon
Click on the create button
Scenario 01: Open an existing document and send it to WorkFlow
Before Click
After Click
Stamp Added Successfully
Scenario 01: Open an existing document and send it to WorkFlow
Before Click
After Click
Stamp Added Successfully
Scenario 01: Open an existing document and send it to WorkFlow
Before Click
After Click
Stamp Added Successfully
Scenario 01: Open an existing document and send it to WorkFlow
Before Click
After Click
Stamp Added Successfully
Scenario 01: Open an existing document and send it to WorkFlow
Before Click
After Click
Stamp Added Successfully
Scenario 01: Open an existing document and send it to WorkFlow
Before Click
After Click
Stamp Added Successfully
Scenario 01: Open an existing document and send it to WorkFlow
Before Click
After Click
Stamp Added Successfully
Scenario 01: Open an existing document and send it to WorkFlow
Before Click
After Click
Stamp Added Successfully
Scenario 01: Open an existing document and send it to WorkFlow
Before Click
After Click
Stamp Added Successfully
Scenario 01: Open an existing document and send it to WorkFlow
Before Click
After Click
Stamp Added Successfully
Scenario 01: Open an existing document and send it to WorkFlow
Before Click
After Click
Stamp Added Successfully
Scenario 01: Open an existing document and send it to WorkFlow
Before Click
After Click
Stamp Added Successfully
Click on the save icon from viewer toolbar
The added data has been saved successfully...
Click on the close icon
Document closed successfully...
Reopen the created word file document...
All saved data should be displayed successfully...]]>
    </system-out>
  </testcase> <!-- TestCase_4_Standard_Stamp -->
  <testcase classname="Computhink.Script.RegisterStamp__Advanced_Viewing" name="TestCase_5_Custom_Stamp" time="512.890">
    <system-out>
      <![CDATA[Click the New Document tab.
Click the 'Select destination folder location' text box.
'Browse for folder' dialog should be open.
Expand the cabinet
Expand drawer
Select a folder
Folder selected successfully...
Click on 'Select document type' dropdown and select the document type.
Document type selected successfully...
Enter the value into index field
Add a file  by using auto IT
Mouse hover on the browse icon
Click on the create button
Scenario 01: Open an existing document and send it to WorkFlow
Scenario 01: Open an existing document and send it to WorkFlow
Scenario 01: Open an existing document and send it to WorkFlow
Scenario 01: Open an existing document and send it to WorkFlow
Scenario 01: Open an existing document and send it to WorkFlow
Scenario 01: Open an existing document and send it to WorkFlow
Scenario 01: Open an existing document and send it to WorkFlow
Scenario 01: Open an existing document and send it to WorkFlow
Scenario 01: Open an existing document and send it to WorkFlow
Click on the save icon from viewer toolbar
The added data has been saved successfully...
Click on the close icon
Document closed successfully...
Reopen the created word file document...
All saved data should be displayed successfully...]]>
    </system-out>
  </testcase> <!-- TestCase_5_Custom_Stamp -->
  <system-out>
    <![CDATA[Chrome driver launched successfull
Chrome Browser launched Successfully...
Launched Contentverse URL Details: http://10.4.10.21:8080/CVWeb/cvLgn
No error message found
Page title name: Contentverse
EWA URL launched successfull
Contentverse URL launched successfully...
Scenario 01: Log into EWA
Enter valid user name into username field
UserName Details: Rnisha
Enter valid password into password field
Select a Room
Selected Room name: TestServer_2024B264bit.vw56demo
Captcha is not present, proceeding with login.
Click Login button
Session for user is already active. Do you want to create a new session? Dialog box displayed. User clicks OK button.
User logged in successfully... 
User click on setting icon
User click on the my preference tab
User changes pdf document as default viewing
User click on Apply button and the default view successfully applied...
Scenario 2: Open the document and Add Redaction Annotation on the page
Click on room context menu tab
Mouse hover on the annotation icon
Click on Redaction button
Create redaction on the page
Enter the name(label) for the redaction
Enter a password to the lock Redaction dialog box
Confirm a password to the lock Redaction dialog box
Click Redaction dialog OK button
Mouse hover on annotation tool icon
Redaction added on the page successfully...
Click on unlock redaction button in the annotation submenu
Click Redaction dialog OK button
Enter a valid password into the unlock Redaction dialog box
The Redaction got unlocked successfully...
Create Redaction and Unlock Redaction Verified successfully...
Scenario 03: Verify Highlight annotation
Click on annotation icon
Click on highlight tool button
Highlight a portion of the page
Click on save icon
The Highlight annotation has been updated on the document page successfully
Scenario 04: Verify Sticky note annotation
Click on Sticky Note tool button
Click on the page and add stickynote
Sticky note tool dialog opened, Place comments on the stickynote dialog box
Click on the stickynote tool dialog box OK button
Click on save button
The StickyNote annotation has been updated on the document page successfully
Scenario 05: Verify RubberStamp annotation
Mouse hover on annotation icon
Click on the Rubber Stamp tool button
Drag the Rubber stamp on the page
Choose Rubber stamp from the dropdown list and click on annotation properties dialog OK button
Click on save button
The Rubber stamp annotation has been updated on the document page successfully
Scenario 06: Verify Rectangle annotation tool
Mouse hover on annotation tool icon
Click on the rectangle tool button
Draw the rectangle shape on the page
Click on save button
The Rectangle annotation has been updated on the document page successfully
Scenario 07: Verify Stamp annotation tool
Switch to the second page
Mouse hover on annotation tool icon
Click on Stamp annotation tool button
Drag on the page, it will open the add picture dialog box
Click on choose file
Add the image from folder by using Auto IT
Click on add picture dialog OK button
Click on save button
The Stamp annotation has been updated on the document page successfully
Scenario 08: Verify Line annotation
Mouse hover on annotation tool icon
Click on the line tool button
Draw the line on the page
Click on the save button
The line annotation has been updated on the document page successfully
==============================================================================
Scenario 9: Verify ellipse annotation
Mouse hover on the annotation tool icon
Click on ellipse tool button
Draw the ellipse on the page
Click on save button
The ellipse annotation has been updated on the document page successfully
Scenario 10: Verify Signature annotation
Click on signature tool button
Single click on the page
Password dialog box not present
Add the signature on the page
Click on save button
The Signature annotation has been updated on the document page successfully
Scenario 11: Verify polygon annotation
Mouse hover on annotation tool icon
Click on polygon tool button
Draw the polygon on the page. The Polygon annotation has been updated on the document page successfully.
Scenario 12:Close and reopen the document to check whether the annotations are visible or not
Click on close icon
Reopen the document again
Page alert is not present
All the added annotations are visible on the page successfully... 
All updated annotations are visible on the second page, there is no data loss
Scenario 1: Go to My Preference, Change the Default viewing as Advanced viewer
Click on Setting icon
Go to My preference
Set the office document to advanced viewing
Set the PDF document to advanced viewing
Click on Apply button
Advanced viewer mode has been set successfully...
Scenario 2: Create a document with Advanced viewer - new word document.
Click the New Document tab.
Click the 'Select destination folder location' text box.
'Browser for folder' dialog should be open.
Expand the cabinet
Expand drawer
Select a folder
Folder selected successfully...
Click on 'Select document type' dropdown and select the document type.
Document type selected successfully...
Enter the value into index field
Mouse hover on the browse icon
Select a 'New Word Document'
Enter file name dialog should be open.
Enter the file name.
Click on OK button.
'Enter file name' dialog should be closed successfully...
Click on Create button
'Document Created Successfully' dialog should be displayed
Click on View option
Enter data into the page
Click on the Save icon from viewer tool bar.
Scenario 2: Create a document with Advanced viewer - new word document.
Click the New Document tab.
Click the 'Select destination folder location' text box.
'Browser for folder' dialog should be open.
Expand the cabinet
Scenario 2: Create a document with Advanced viewer - new word document.
Click the New Document tab.
Click the 'Select destination folder location' text box.
'Browser for folder' dialog should be open.
Expand the cabinet
Scenario 2: Create a document with Advanced viewer - new word document.
Click the New Document tab.
Click the 'Select destination folder location' text box.
'Browser for folder' dialog should be open.
Expand the cabinet
<b>Test Failed: TestCase_2_AdvancedViewerWordDocument</b>
<a href='screenshots/TestCase_2_AdvancedViewerWordDocument_failure.png' target='_blank'>View Screenshot</a>
<br><img src='screenshots/TestCase_2_AdvancedViewerWordDocument_failure.png' width='400' height='300'/><br>
Click on link button
Enter Link into the textbox
Link added successfully...
Word Document verified successful
Click on link button
Clicked at the specified offset.
Entered text into the textbox.
Enter Link into the textbox
Link added successfully...
Click on link button
Click on link button
Click on link button
<b>Test Failed: TestCase_4_Verify_Header_Option</b>
<a href='screenshots/TestCase_4_Verify_Header_Option_failure.png' target='_blank'>View Screenshot</a>
<br><img src='screenshots/TestCase_4_Verify_Header_Option_failure.png' width='400' height='300'/><br>
Click on link button
Entered text into the textbox.
Enter Link into the textbox
Link added successfully...
Word Document verified successful
Click on the save icon from viewer toolbar
The added data has been saved successfully...
Click on the close icon
Click on the save icon from viewer toolbar
The added data has been saved successfully...
Click on the close icon
Click on the save icon from viewer toolbar
The added data has been saved successfully...
Click on the close icon
Click on the save icon from viewer toolbar
The added data has been saved successfully...
Click on the close icon
<b>Test Failed: TestCase_6_Save_And_Reopen</b>
<a href='screenshots/TestCase_6_Save_And_Reopen_failure.png' target='_blank'>View Screenshot</a>
<br><img src='screenshots/TestCase_6_Save_And_Reopen_failure.png' width='400' height='300'/><br>
Scenario 4: Create a document with Advanced viewer - new PDF document 
Click on New Document tab
Scenario 4: Create a document with Advanced viewer - new PDF document 
Click on New Document tab
Scenario 4: Create a document with Advanced viewer - new PDF document 
Click on New Document tab
Scenario 4: Create a document with Advanced viewer - new PDF document 
Click on New Document tab
<b>Test Failed: TestCase_7_AdvancedViewerPDfDocument</b>
<a href='screenshots/TestCase_7_AdvancedViewerPDfDocument_failure.png' target='_blank'>View Screenshot</a>
<br><img src='screenshots/TestCase_7_AdvancedViewerPDfDocument_failure.png' width='400' height='300'/><br>
Scenario 3: Create a document with Advanced viewer - 'New Excel Document' 
Click on the New Document tab
Scenario 3: Create a document with Advanced viewer - 'New Excel Document' 
Click on the New Document tab
Scenario 3: Create a document with Advanced viewer - 'New Excel Document' 
Click on the New Document tab
Scenario 3: Create a document with Advanced viewer - 'New Excel Document' 
Click on the New Document tab
<b>Test Failed: TestCase_8_AdvancedViewerExcelDocument</b>
<a href='screenshots/TestCase_8_AdvancedViewerExcelDocument_failure.png' target='_blank'>View Screenshot</a>
<br><img src='screenshots/TestCase_8_AdvancedViewerExcelDocument_failure.png' width='400' height='300'/><br>
Scenario 01: Search tab - blank search
Scenario 01: Search tab - blank search
User clicks on Search tab
Search tab is displayed successfully.
Click on the Find button
Search result : 100
Document list verified succesful
Document list is displayed after clicking Find button.
Click on Clear button
Searched document list cleared successfully
Scenario 02: Search - load more count
User clicks on Search tab
Search tab clicked successfully...
Click on find button
Document list is displayed after clicking Find button.
Click on metadata option
It should list the below-mentioned options:
Document Type

Properties
Comments [0]
[0]
References [0]
Versions
General
History
Scroll down the searched list; user can now see the 'Load More' button.
Click on 'Load More' button
Load More button clicked
It should list the next set of documents; click another document and verify metadata options.
It should list the below-mentioned options:
Document Type

Properties
Comments [0]
[0]
References [0]
Versions
General
History
Scroll down the searched list again to show 'Load More' button
Load More button clicked again
No alert is present.
Click on OK button
It should close the alert dialog successfully.
Click on clear button
Scenario 03: Search tab - Index search contains 'Exact Phrase'
User clicks on search tab
Click on index search contains textbox and select Exact phrase option
Exact phrase option selected successful
Click on find button
It should list the document on the page, document displayed successfully...
Generated Document Count = Search result : 12
Search tab: Exact phrase index contains search working fine
Click on Clear button
It should clear the searched document list successfully
Scenario 04: Search tab- Index contains 'AtleastOneOfTheWord'
User clicks on Search tab
User click on 'AtleastOneOfTheWord' submenu
'At least one of the word' option selected successful 
User enters the value into index contains text box
Data entered successful
Entered Data details:Employment
User clicks on find button
Search result count :0
Document list verified succesful
It should display document on the page
Search functionality with exact phrase index contains search working fine
Click on Clear button
Scenario 05:Search tab Index contains 'all of the word'
Click on Index contains search 'all of the word' submenu
Enter value in index contains search textbox
'All of the word search' option selected successful 
User enters the value into index contains text box
Data entered successful
Entered Data details:Test
Click on find button
Search result : 128
Document list verified succesful
It should display the document on the page, Document dislpayed successfull...
Click on meta data option
Index contains search 'all of the word' working fine...
It should display the document on the page, Document dislpayed successfull...
Index contains search 'all of the word' working fine...
Click on clear button
Scenario 10: Verify 'Select document location' - folder
Click on search tab
Click on 'Select search location' textbox
Search select location opened successful
Select search location
Cabinet list in current room:   1.2_Autoamtion_CAbinet
Cabinet list in current room:   1_AutomationTestCab
Cabinet list in current room:   2_Autoamtion_CAbinet
Cabinet list in current room:   2015 Lots 001 - 100
Cabinet list in current room:   Accounts Payable
Cabinet list in current room:   Accounts Recievable
Cabinet list in current room:   AIP cabinet
Cabinet list in current room:   Archive
Cabinet list in current room:   BofA
Cabinet list in current room:   Customer Accounts
Cabinet list in current room:   CV2024 B02 upgrade test
Cabinet list in current room:   CVReports
Cabinet list in current room:   Forms
Cabinet list in current room:   Human Resource
Cabinet list in current room:   Insurance
Cabinet list in current room:   ISO Main
Cabinet list in current room:   IT Department
Cabinet list in current room:   Land Registry
Cabinet list in current room:   Legal Dept.
Cabinet list in current room:   Manual Email Archive
Cabinet list in current room:   Manufacturing
Cabinet list in current room:   Operations
Cabinet list in current room:   Review Cabinet
Cabinet list in current room:   Review Documents
Cabinet list in current room:   Students
Cabinet list in current room:   Tax Returns
Cabinet list in current room:   Vidya cabinet
Expand a cabinet
 1_AutomationTestCabCabinet expanded successfully...
Expand a drawer
 Automation Test DrawerDrawer expanded successfully...
Select a folder
 Autoamtion_Test_Folder 1 Named folder selected successful
Click on 'Select search location' dialog OK button
Click on find button
Search result : 52
Document list verified succesful
It should display document on the page
It should display the particular selected folder documents on the page
Clear search criteria
Page cleared successful
Scenario 11: Verify 'Select Document location' - drawer
Click on search tab
Click on 'Select Document location' textbox
Expand a cabinet
Select search location
Cabinet list in current room:   1.2_Autoamtion_CAbinet
Cabinet list in current room:   1_AutomationTestCab
Cabinet list in current room:   2_Autoamtion_CAbinet
Cabinet list in current room:   2015 Lots 001 - 100
Cabinet list in current room:   Accounts Payable
Cabinet list in current room:   Accounts Recievable
Cabinet list in current room:   AIP cabinet
Cabinet list in current room:   Archive
Cabinet list in current room:   BofA
Cabinet list in current room:   Customer Accounts
Cabinet list in current room:   CV2024 B02 upgrade test
Cabinet list in current room:   CVReports
Cabinet list in current room:   Forms
Cabinet list in current room:   Human Resource
Cabinet list in current room:   Insurance
Cabinet list in current room:   ISO Main
Cabinet list in current room:   IT Department
Cabinet list in current room:   Land Registry
Cabinet list in current room:   Legal Dept.
Cabinet list in current room:   Manual Email Archive
Cabinet list in current room:   Manufacturing
Cabinet list in current room:   Operations
Cabinet list in current room:   Review Cabinet
Cabinet list in current room:   Review Documents
Cabinet list in current room:   Students
Cabinet list in current room:   Tax Returns
Cabinet list in current room:   Vidya cabinet
Expand a cabinet
 1_AutomationTestCabCabinet expanded successfully...
Expand a drawer
 Automation Test DrawerDrawer expanded successfully...
Click on 'Select Document location' dialog OK button
Click on find button
Search result : 52
Document list verified succesful
It should display document on the page
It should display the particular drawer document on the page
Document list cleared...
Scenario 12: Verify 'Select Document location'- cabinet 
Click on search tab
Click on 'Select Document location' textbox
Expand a cabinet
Select search location
Cabinet list in current room:   1.2_Autoamtion_CAbinet
Cabinet list in current room:   1_AutomationTestCab
Cabinet list in current room:   2_Autoamtion_CAbinet
Cabinet list in current room:   2015 Lots 001 - 100
Cabinet list in current room:   Accounts Payable
Cabinet list in current room:   Accounts Recievable
Cabinet list in current room:   AIP cabinet
Cabinet list in current room:   Archive
Cabinet list in current room:   BofA
Cabinet list in current room:   Customer Accounts
Cabinet list in current room:   CV2024 B02 upgrade test
Cabinet list in current room:   CVReports
Cabinet list in current room:   Forms
Cabinet list in current room:   Human Resource
Cabinet list in current room:   Insurance
Cabinet list in current room:   ISO Main
Cabinet list in current room:   IT Department
Cabinet list in current room:   Land Registry
Cabinet list in current room:   Legal Dept.
Cabinet list in current room:   Manual Email Archive
Cabinet list in current room:   Manufacturing
Cabinet list in current room:   Operations
Cabinet list in current room:   Review Cabinet
Cabinet list in current room:   Review Documents
Cabinet list in current room:   Students
Cabinet list in current room:   Tax Returns
Cabinet list in current room:   Vidya cabinet
Expand a cabinet
 1_AutomationTestCabCabinet expanded successfully...
Click on find button
Search result : 100
Document list verified succesful
It should display document on the page
It should display the searched cabinet document on the page
Document list cleared...
Scenario 13: Verify search tab ('Document Type')
Click on document type dropdown
User should select a document type
Document type List: Acknowledgement Letter
Document type List: Affidavit of No Creditors
Document type List: Affidavit of No Lien
Document type List: All doc type
Document type List: Analytics
Document type List: Anchorage Rental Agreement
Document type List: App for Educ Expense
Document type List: Application
Document type List: Application for Employment
Document type List: Appraisal
Document type List: Architectural Extension Request
Document type List: Articles of Incorporation
Document type List: Audit Report
Document type List: Audit Schedule
Document type List: Boat OP,REG,INDEM,Release
Document type List: Case Review
Document type List: Cell Services Agreement
Document type List: Cert of Test
Document type List: Certificate
Document type List: Change in Status
Document type List: Change Order
Document type List: Check
Document type List: Claim Form
Document type List: Complaint
Document type List: Contract
Document type List: Credit Increase Memo
Document type List: Customer Order
Document type List: CVReports
Document type List: Deed
Document type List: Document Control
Document type List: Drawing
Document type List: DrawingMicro
Document type List: Dynamic Workflow Doc
Document type List: EAS Email Archive
Document type List: Education Agreement
Document type List: Education Expense
Document type List: Email
Document type List: Employee Expense Rpt.
Document type List: Employee Record
Document type List: Employee withholding Exemption Cert
Document type List: Enquire MTA
Document type List: Equipment Checkout Agreement
Document type List: Estoppel Affidavit of Mortgagor
Document type List: Exam Paper
Document type List: Excel WorkSheets
Document type List: FC Expense Report
Document type List: FC Order
Document type List: Funds Transfer Form
Document type List: General DNU
Document type List: General Green Sheet
Document type List: Government Doc
Document type List: Graphics(R)
Document type List: Groupwise Email
Document type List: GWAVA Email Archive
Document type List: Health Insurance Claim Form
Document type List: Holiday Request
Document type List: HR Forms
Document type List: Identification
Document type List: Incident Report
Document type List: Invoice 1
Document type List: IXR document
Document type List: Land Registration
Document type List: Lease Authorization
Document type List: LOT Specification
Document type List: Ltd Power of Attorney
Document type List: Map
Document type List: Material
Document type List: Membership Agreement
Document type List: MOC Request
Document type List: Model Specification.
Document type List: MS DocTypes
Document type List: MSOfficeDocs
Document type List: NEM Info Checklist
Document type List: New Hire
Document type List: NEw User Form
Document type List: News Item
Document type List: NP Drawing
Document type List: NP Procedure
Document type List: NP Specifications
Document type List: Parental Leave Request
Document type List: PASSPORT APPLICATION
Document type List: Personnel & Payroll Data
Document type List: Photo Image Picture
Document type List: PoliceCertificate
Document type List: Policy
Document type List: Presentation
Document type List: Proposal (R)
Document type List: Purchase Order
Document type List: QB Company Backup
Document type List: QB Company Master File
Document type List: Resume
Document type List: Return to Work Interview
Document type List: Safe Work Permit
Document type List: Safety Data Sheet
Document type List: Sales Invoice
Document type List: Sales Quote
Document type List: Sleep Study Prescription
Document type List: Sony Specification Sheet
Document type List: Stock Research
Document type List: Tax Return
Document type List: Technical Bulletin
Document type List: Technical Memo/News
Document type List: Test Script1
Document type List: test1
Document type List: testdoc
Document type List: Ticker
Document type List: Training Sessions
Document type List: Transfer Docket
Document type List: Unique violation
Document type List: Vendor List
Document type List: Video Report
Document type List: Volume(s)
Document type List: Warrant
Selected document type details: Affidavit of No Creditors
Document type selected successfully
Click on find button
Search result : 100
Document list verified succesful
Selected document type name : Affidavit of No Creditors  Listed document type name: CVReports  Both should be same name
Document type name matched successfully...
It should display document on the page
It should display the searched document type documents on the page
Click on clear button; It should clear the search list 
Scenario 14:Verify Search tab  ('document creator')
Scenario 14: Verify Search tab ('document creator')
Click on search tab
Document creator dropdown NOT selected successful
Select a document creator from the dropdown
Creator List: __vmware_user__
Creator List: abby
Creator List: Admin
Creator List: admin1
Creator List: admin3
Creator List: administrator
Creator List: AIPUser1
Creator List: AIPUser2
Creator List: AIPUser3
Creator List: AIPUser4
Creator List: ASPNET
Creator List: Beth
Creator List: Brent
Creator List: Chris
Creator List: cvadmin
Creator List: DemoUser1
Creator List: DemoUser2
Creator List: dipak
Creator List: ECUser2
Creator List: fazal
Creator List: Gonzalez MM
Creator List: Guest
Creator List: HelpAssistant
Creator List: Henry
Creator List: IUSR_COMPUTHI-AEF580
Creator List: IWAM_COMPUTHI-AEF580
Creator List: jim
Creator List: Joe
Creator List: les
Creator List: michelle
Creator List: Mike
Creator List: nisha
Creator List: PNUser1
Creator List: PNUser2
Creator List: pujita
Creator List: rnisha
Creator List: robert
Creator List: Sa1
Creator List: Sam
Creator List: srikanth
Creator List: subadmin
Creator List: subadmin1
Creator List: subham
Creator List: Sue
Creator List: SUPPORT_388945a0
Creator List: Temp
Creator List: Tom
Creator List: vanitha
Creator List: vidya
Creator List: vince
Select a specific document creator
Selected creator name details :admin1
Click on find button
Search result : 4
Document list verified succesful
It should display document on the page
Given creator name :admin1Should be same as listed creator name: admin1
Document creator name selected successful...
It should display the searched creator documents on the page
Scenario 14:Verify Search tab-Workflow status(Reject option)
Click on workflow status dropdown
Workflowdropdown option expanded successful
Select Reject option
Workflowdropdown REJECT option NOT selected successful
Click on find button
It should display the rejected workflow documents on the page
Search result : 3
Document list verified succesful
It should display document on the page
Click on summary button
<strong>Reject Document Summary Details Mentioned Below:</strong><br>
<table border='1' style='border-collapse: collapse; text-align: center;'>
Reject Document Summary Details Mentioned Below:
<tr>
<td></td>
<td></td>
<td></td>
<td></td>
<td></td>
<td></td>
<td></td>
<td></td>
<td></td>
</tr>
<tr>
<td>1</td>
<td>Joe</td>
<td>Originator</td>
<td>-</td>
<td>Originator</td>
<td>2014-12-19 16:32</td>
<td></td>
<td>Dynamic User demo</td>
<td></td>
</tr>
<tr>
<td>2</td>
<td>joe</td>
<td>Approval</td>
<td>updated and approved</td>
<td>Approved</td>
<td>2014-12-19 16:32</td>
<td>2015-09-18 10:53</td>
<td>Dynamic User demo</td>
<td></td>
</tr>
<tr>
<td>3</td>
<td>Joe</td>
<td>Authorize</td>
<td>-</td>
<td>Rejected</td>
<td>2015-09-18 10:53</td>
<td>2016-04-08 10:30</td>
<td>Dynamic User demo</td>
<td></td>
</tr>
<tr>
<td>4</td>
<td>Joe</td>
<td>Authorize</td>
<td>-</td>
<td>Rejected, Workflow completed</td>
<td>2016-04-08 10:30</td>
<td></td>
<td>Dynamic User demo</td>
<td></td>
</tr>
<tr>
<td>5</td>
<td>Joe</td>
<td>-</td>
<td>-</td>
<td>Reviewed by Originator</td>
<td>2017-03-24 12:30</td>
<td></td>
<td>Dynamic User demo</td>
<td></td>
</tr>
</table><br>
Summary verified; Rejected Document Listed successfully.
Summary cancel button clicked successful
Click on clear button
Listed document cleared successfully...
=================================================================
Scenario 15:  Verify Search tab-Workflow status(Pending option)
Select the workflow dropdown pending Option
Workflowdropdown option expanded successful
Click on find button
It should display the wrokflow status pending documents on the page
Search result : 58
Document list verified succesful
It should display document on the page
Scenario 15:  Verify Search tab-Workflow status(Pending option)
Select the workflow dropdown pending Option
Workflowdropdown option expanded successful
Click on find button
It should display the wrokflow status pending documents on the page
Search result : 58
Document list verified succesful
It should display document on the page
Scenario 15:  Verify Search tab-Workflow status(Pending option)
Select the workflow dropdown pending Option
Workflowdropdown option expanded successful
Click on find button
It should display the wrokflow status pending documents on the page
Search result : 58
Document list verified succesful
It should display document on the page
Scenario 15:  Verify Search tab-Workflow status(Pending option)
Select the workflow dropdown pending Option
Workflowdropdown option expanded successful
Click on find button
It should display the wrokflow status pending documents on the page
Search result : 58
Document list verified succesful
It should display document on the page
<b>Test Failed: M_PendingWorkflow</b>
<a href='screenshots/M_PendingWorkflow_failure.png' target='_blank'>View Screenshot</a>
<br><img src='screenshots/M_PendingWorkflow_failure.png' width='400' height='300'/><br>
Scenario 16: Verify Search tab - Workflow status (Workflow Completed option)
Selected a workflow dropdown 'Workflow Completed' option
User clicked on the Find button
Search result : 20
Document list verified succesful
Click on summary button
<br><strong>Worflow Document Summary Details Mentioned Below:</strong><br>
<table border='1' style='border-collapse: collapse; text-align: center;'>
<tr>
<td></td>
<td></td>
<td></td>
<td></td>
<td></td>
<td></td>
<td></td>
<td></td>
<td></td>
</tr>
<tr>
<td>1</td>
<td>pujita</td>
<td>Originator</td>
<td>-</td>
<td>Originator</td>
<td>2024-12-09 16:00</td>
<td></td>
<td>Demo_Workflow</td>
<td></td>
</tr>
<tr>
<td>2</td>
<td>DemoUser1</td>
<td>Demo_Task_1</td>
<td>-</td>
<td>Rejected, Task completed</td>
<td>2024-12-09 16:00</td>
<td></td>
<td>Demo_Workflow</td>
<td></td>
</tr>
<tr>
<td>3</td>
<td>nisha</td>
<td>Demo_Task_1</td>
<td>-</td>
<td>Rejected, Task completed</td>
<td>2024-12-09 16:00</td>
<td></td>
<td>Demo_Workflow</td>
<td></td>
</tr>
<tr>
<td>4</td>
<td>pujita</td>
<td>Demo_Task_1</td>
<td>2024-12-09 16:01:13: Rejecte the workflow</td>
<td>Rejected</td>
<td>2024-12-09 16:00</td>
<td>2024-12-09 16:01</td>
<td>Demo_Workflow</td>
<td></td>
</tr>
<tr>
<td>5</td>
<td>pujita</td>
<td>Demo_Task_1</td>
<td>-</td>
<td>Rejected, Workflow completed</td>
<td>2024-12-09 16:01</td>
<td></td>
<td>Demo_Workflow</td>
<td></td>
</tr>
<tr>
<td>6</td>
<td>pujita</td>
<td>Originator</td>
<td>-</td>
<td>Originator</td>
<td>2024-12-09 16:01</td>
<td></td>
<td>Demo_Workflow</td>
<td></td>
</tr>
<tr>
<td>7</td>
<td>DemoUser1</td>
<td>Demo_Task_1</td>
<td>-</td>
<td>Approved, Task completed</td>
<td>2024-12-09 16:01</td>
<td></td>
<td>Demo_Workflow</td>
<td></td>
</tr>
<tr>
<td>8</td>
<td>nisha</td>
<td>Demo_Task_1</td>
<td>-</td>
<td>Approved, Task completed</td>
<td>2024-12-09 16:01</td>
<td></td>
<td>Demo_Workflow</td>
<td></td>
</tr>
<tr>
<td>9</td>
<td>pujita</td>
<td>Demo_Task_1</td>
<td>2024-12-09 16:02:12: Accepted the document</td>
<td>Approved</td>
<td>2024-12-09 16:01</td>
<td>2024-12-09 16:02</td>
<td>Demo_Workflow</td>
<td></td>
</tr>
<tr>
<td>10</td>
<td>DemoUser2</td>
<td>Demo_Task_2</td>
<td>-</td>
<td>Approved, Workflow completed</td>
<td>2024-12-09 16:02</td>
<td></td>
<td>Demo_Workflow</td>
<td></td>
</tr>
<tr>
<td>11</td>
<td>pujita</td>
<td>Demo_Task_2</td>
<td>2024-12-09 16:02:47: Accepted the document</td>
<td>Approved</td>
<td>2024-12-09 16:02</td>
<td>2024-12-09 16:02</td>
<td>Demo_Workflow</td>
<td></td>
</tr>
<tr>
<td>12</td>
<td>subham</td>
<td>Demo_Task_2</td>
<td>-</td>
<td>Approved, Workflow completed</td>
<td>2024-12-09 16:02</td>
<td></td>
<td>Demo_Workflow</td>
<td></td>
</tr>
</table><br>
Click on clear button
Listed documents cleared successfully...
===============================================================================
Scenario 17: Verify Search tab - Workflow status (End Workflow option)
Clicked on workflow dropdown
Selected a workflow dropdown 'End Workflow' option
User clicked on the Find button
Search result : 7
Document list verified succesful
Click on summary button
<br><strong>Worflow Document Summary Details Mentioned Below:</strong><br>
<table border='1' style='border-collapse: collapse; text-align: center;'>
<tr>
<td></td>
<td></td>
<td></td>
<td></td>
<td></td>
<td></td>
<td></td>
<td></td>
<td></td>
</tr>
<tr>
<td>1</td>
<td>rnisha</td>
<td>Task_1</td>
<td>2024-12-10 15:39:32: Go to admin</td>
<td>RFI Approved</td>
<td>2024-12-10 15:37</td>
<td>2024-12-10 15:39</td>
<td>Workflow RFI PDC Upgrade Task</td>
<td></td>
</tr>
<tr>
<td>2</td>
<td>Admin</td>
<td>Task_3</td>
<td>2024-12-10 15:40:18: Comment from metadata 2024-12-10 15:40:30: Comment 2 2024-12-10 15:42:15: Comment from viewer 2024-12-10 15:42:42: documnet RFI again</td>
<td>RFI</td>
<td>2024-12-10 15:39</td>
<td>2024-12-10 15:42</td>
<td>Workflow RFI PDC Upgrade Task</td>
<td></td>
</tr>
<tr>
<td>3</td>
<td>Admin</td>
<td>Task_1</td>
<td>-</td>
<td>RFI Approved</td>
<td>2024-12-10 15:42</td>
<td></td>
<td>Workflow RFI PDC Upgrade Task</td>
<td></td>
</tr>
<tr>
<td>4</td>
<td>dipak</td>
<td>Task_1</td>
<td>-</td>
<td>RFI Approved</td>
<td>2024-12-10 15:42</td>
<td></td>
<td>Workflow RFI PDC Upgrade Task</td>
<td></td>
</tr>
<tr>
<td>5</td>
<td>rnisha</td>
<td>Task_1</td>
<td>2024-12-10 15:43:36: return rfi</td>
<td>RFI Approved</td>
<td>2024-12-10 15:42</td>
<td>2024-12-10 15:43</td>
<td>Workflow RFI PDC Upgrade Task</td>
<td></td>
</tr>
<tr>
<td>6</td>
<td>Admin</td>
<td>Task_3</td>
<td>2024-12-10 15:44:15: Add comment and reject 2024-12-10 15:44:23: reject second comment 2024-12-10 15:44:31: reject dialog comment</td>
<td>Rejected</td>
<td>2024-12-10 15:43</td>
<td>2024-12-10 15:44</td>
<td>Workflow RFI PDC Upgrade Task</td>
<td></td>
</tr>
<tr>
<td>7</td>
<td>Admin</td>
<td>Task_1</td>
<td>-</td>
<td>Ended, Workflow ceased</td>
<td>2024-12-10 15:44</td>
<td></td>
<td>Workflow RFI PDC Upgrade Task</td>
<td></td>
</tr>
<tr>
<td>8</td>
<td>dipak</td>
<td>Task_1</td>
<td>-</td>
<td>Ended, Workflow ceased</td>
<td>2024-12-10 15:44</td>
<td></td>
<td>Workflow RFI PDC Upgrade Task</td>
<td></td>
</tr>
<tr>
<td>9</td>
<td>rnisha</td>
<td>Task_1</td>
<td>2024-12-10 15:45:58: Add comment and end the worfklow 2024-12-10 15:46:07: Second end wf comment 2024-12-10 15:46:14: Third time 2024-12-10 15:46:27: Issue resolved</td>
<td>Workflow Ended</td>
<td>2024-12-10 15:44</td>
<td>2024-12-10 15:46</td>
<td>Workflow RFI PDC Upgrade Task</td>
<td></td>
</tr>
<tr>
<td>10</td>
<td>rnisha</td>
<td>Originator</td>
<td>-</td>
<td>Originator</td>
<td>2024-12-10 15:21</td>
<td></td>
<td>Workflow RFI PDC Upgrade Task</td>
<td></td>
</tr>
<tr>
<td>11</td>
<td>Admin</td>
<td>Task_1</td>
<td>-</td>
<td>Approved, Task completed</td>
<td>2024-12-10 15:21</td>
<td></td>
<td>Workflow RFI PDC Upgrade Task</td>
<td></td>
</tr>
<tr>
<td>12</td>
<td>dipak</td>
<td>Task_1</td>
<td>-</td>
<td>Approved, Task completed</td>
<td>2024-12-10 15:21</td>
<td></td>
<td>Workflow RFI PDC Upgrade Task</td>
<td></td>
</tr>
</table><br>
Click on clear button
Listed documents cleared successfully...
===============================================================================
Scenario 18: Verify Search tab-Workflow status(TaskCompleted option)
Task completed workflow selected successful
Select a workflow dropdown  Task completed Option
Click on find button
Search result : 3
Document list verified succesful
Click on summary button
<br><strong>Worflow Document Summary Details Mentioned Below:</strong><br>
<table border='1' style='border-collapse: collapse; text-align: center;'>
<tr>
<td></td>
<td></td>
<td></td>
<td></td>
<td></td>
<td></td>
<td></td>
<td></td>
<td></td>
</tr>
<tr>
<td>1</td>
<td>pujita</td>
<td>Originator</td>
<td>-</td>
<td>Originator</td>
<td>2024-12-04 19:51</td>
<td></td>
<td>Demo_Workflow</td>
<td></td>
</tr>
<tr>
<td>2</td>
<td>DemoUser1</td>
<td>Demo_Task_1</td>
<td>-</td>
<td>Approved, Task completed</td>
<td>2024-12-04 19:51</td>
<td></td>
<td>Demo_Workflow</td>
<td></td>
</tr>
<tr>
<td>3</td>
<td>nisha</td>
<td>Demo_Task_1</td>
<td>-</td>
<td>Approved, Task completed</td>
<td>2024-12-04 19:51</td>
<td></td>
<td>Demo_Workflow</td>
<td></td>
</tr>
<tr>
<td>4</td>
<td>pujita</td>
<td>Demo_Task_1</td>
<td>2024-12-04 19:52:11: fd</td>
<td>Approved</td>
<td>2024-12-04 19:51</td>
<td>2024-12-04 19:52</td>
<td>Demo_Workflow</td>
<td></td>
</tr>
<tr>
<td>5</td>
<td>DemoUser2</td>
<td>Demo_Task_2</td>
<td>-</td>
<td>Approved, Workflow completed</td>
<td>2024-12-04 19:52</td>
<td></td>
<td>Demo_Workflow</td>
<td></td>
</tr>
<tr>
<td>6</td>
<td>pujita</td>
<td>Demo_Task_2</td>
<td>2024-12-04 19:52:32: ds</td>
<td>Approved</td>
<td>2024-12-04 19:52</td>
<td>2024-12-04 19:52</td>
<td>Demo_Workflow</td>
<td></td>
</tr>
<tr>
<td>7</td>
<td>subham</td>
<td>Demo_Task_2</td>
<td>-</td>
<td>Approved, Workflow completed</td>
<td>2024-12-04 19:52</td>
<td></td>
<td>Demo_Workflow</td>
<td></td>
</tr>
<tr>
<td>8</td>
<td>pujita</td>
<td>Originator</td>
<td>-</td>
<td>Originator</td>
<td>2024-12-04 20:31</td>
<td></td>
<td>Demo_Workflow</td>
<td></td>
</tr>
<tr>
<td>9</td>
<td>DemoUser1</td>
<td>Demo_Task_1</td>
<td>-</td>
<td>Approved, Task completed</td>
<td>2024-12-04 20:31</td>
<td></td>
<td>Demo_Workflow</td>
<td></td>
</tr>
<tr>
<td>10</td>
<td>nisha</td>
<td>Demo_Task_1</td>
<td>-</td>
<td>Approved, Task completed</td>
<td>2024-12-04 20:31</td>
<td></td>
<td>Demo_Workflow</td>
<td></td>
</tr>
<tr>
<td>11</td>
<td>pujita</td>
<td>Demo_Task_1</td>
<td>2024-12-04 20:31:56: hjhjhk</td>
<td>Approved</td>
<td>2024-12-04 20:31</td>
<td>2024-12-04 20:31</td>
<td>Demo_Workflow</td>
<td></td>
</tr>
<tr>
<td>12</td>
<td>DemoUser2</td>
<td>Demo_Task_2</td>
<td>-</td>
<td>RFI</td>
<td>2024-12-04 20:31</td>
<td></td>
<td>Demo_Workflow</td>
<td></td>
</tr>
</table><br>
Click on clear button
Listed document cleared successfully...
===============================================================================
Scenario 19:Search tab- TextContains search 'alloftheword' option
NOTE:Start the indexer server then execute the mentioned SQL statement 'ALTER FULLTEXT INDEX ON Indexer START FULL POPULATION
Select * from Indexer
Click on search tab
Select text contains 'alloftheword' option
Start the  indexer by using sql statement
Click on find button
It will automatically  list all the indexed document relate to the search
Click on find button
AlertNotPresent
open the document from the list, verify the thumbnail it will be highlihted for the particular search.
AlertNotPresent
Scenario 20:Search tab- TextContains search 'AtLeasetOneOFTheWord' option
NOTE:Start the indexer server then execute the mentioned SQL statement 'ALTER FULLTEXT INDEX ON Indexer START FULL POPULATION
Select * from Indexer
Click on search tab
Select text contains 'AtLeastOneOFTheWord' option
Start the  indexer by using sql statement
It will automatically  list all the indexed document relate to the search
open the document from the list, verify the thumbnail it will be highlihted for the particular search.
AlertNotPresent
Scenario 21:Search tab- TextContains search 'AtPartOFTheWord' option
NOTE:Start the indexer server then execute the mentioned SQL statement 'ALTER FULLTEXT INDEX ON Indexer START FULL POPULATION
Select * from Indexer
Click on search tab
Click on 'AtpartOFtheWord' word submenu
It will automatically  list all the indexed document relate to the search
Scenario 21:Search tab- TextContains search 'AtPartOFTheWord' option
NOTE:Start the indexer server then execute the mentioned SQL statement 'ALTER FULLTEXT INDEX ON Indexer START FULL POPULATION
Select * from Indexer
Click on search tab
Click on 'AtpartOFtheWord' word submenu
It will automatically  list all the indexed document relate to the search
User click on Find button
open the document from the list, verify the thumbnail it will be highlihted for the particular search.
Scenario 06:Search tab - AppendToHitlist checkbox
JavascriptException handled
Enter the value into index contains search text box
First do a normal search for listing the document purpose 
Data entered successful
Entered Data details:Document
Click on find button
Search result : 105
Document list verified succesful
It should display document on the page
It should list the document on document page
Clear the index contains search text box,which has given before for normal search
Click on append to hit list check box
Append to hitlist option selected successful
After selecting append to hitlist checkbox, Enter the value into index contains search text box 
Data entered successful
Entered Data details:dfsd
User clicks on find button
Search result : 105 of 105
Document list verified succesful
It should display document on the page
It appends the search document in the listed document
The given document name must match with the  searched document name,
Document appends on the page successful; given document name : dfsd
 Append Document name : AdvancedViewWordDocument
===========================================================================
scenario 07: Verify search tab - FindInHitlist checkbox
Enter the value in index contains search textbox
Click on find in hitlist check box
Click on find button
It should  display only the  searched document on the document page
===========================================================================
Scneario 08: Search tab - Include comment checkbox
Enter the value in text contains search text box
Click on Inclue_comment check box
Click on find button
It should list below mentioned options:
Document Type

Properties
Comments [1]
[1]
References [0]
Versions
General
History
It should display the document which is containing the comment..
Click  on clear button
It should clear the searched list successfully
===========================================================================
Scneario 09: Search tab - all version check box
User enter the value in index contains search text box
Click on all version check box
Click on find button
It should display the document which in containing version
Click on Clear button
Scenario 22: Navigation folder icon search
Click on navigation folder search icon
Navigation tree icon selected
Navigation tree icon NOT selected
Enter value into navigation folder search textbox
Data entered successful; Entered Data Details: vidya
Click on Keyboard ENTER key
Folder search dialog should be opened
Folder search icon opened successful
Click on folder document close icon
TreeIcon search functionality works fine
Scenario 23: Search tab - Quick search
Enter value in quick search textbox
pujita Data entered and searched successful
Click on Keyboard ENTER key
Search result count :0
Document list verified succesful
It should display document on the page
It should display the searched document on the page successfully...
Page refreshed after search.
Scenario 23: Search tab - Quick search
Enter value in quick search textbox
pujita Data entered and searched successful
Click on Keyboard ENTER key
Search result count :0
Document list verified succesful
It should display document on the page
It should display the searched document on the page successfully...
Page refreshed after search.
Scenario 23: Search tab - Quick search
Enter value in quick search textbox
pujita Data entered and searched successful
Click on Keyboard ENTER key
Search result count :0
Document list verified succesful
It should display document on the page
It should display the searched document on the page successfully...
Page refreshed after search.
Scenario 23: Search tab - Quick search
Enter value in quick search textbox
pujita Data entered and searched successful
Click on Keyboard ENTER key
Search result count :0
Document list verified succesful
It should display document on the page
It should display the searched document on the page successfully...
Page refreshed after search.
<b>Test Failed: R_QuickSearch</b>
<a href='screenshots/R_QuickSearch_failure.png' target='_blank'>View Screenshot</a>
<br><img src='screenshots/R_QuickSearch_failure.png' width='400' height='300'/><br>
Scenario 24:Folder document search
Open a folder
Enter document name in folder search text box
It should display the particular document on the page
The documents Search from folder completed, working fine
Scenario 25:Verify Date enter functionality
Click on search tab
Click on Datefrom
Enter the datefrom
Click on ok button
Click on Dateto
Enter the Dateto
Click on ok button
Click on find
Select a cabinet to set a favorite user level
Click on star icon
Select the user radio button in the favorite dialog
Select favorite dialog OK button
Mouse hover on favorite icon
Click on ellipse icon from the dropdown
Show favorite dialog opened
Click on delete icon
Added favorite item deleted successfully...
Close the show favorite dialog
Favorite User Option verified successfully...
Select a cabinet to set a favorite system level
Click on star icon
Select the System radio button in the favorite dialog
Select favorite dialog OK button
Mouse hover on favorite bookmark icon to show the system level favorite cabinet
Logout the page
Click on Username option
Click on Logout option
Timeout waiting for alert to appear.
Login as another user
Scenario 01: Log into EWA
Enter valid user name into username field
UserName Details: Rnisha
Enter valid password into password field
Select a Room
Selected Room name: TestServer_2024B264bit.vw56demo
Captcha is not present, proceeding with login.
Click Login button
Session message did not appear. Proceeding with login.
Mouse hover on favorite icon
It should show the favorite cabinet name
The Favorite System option verified successfully...
The Favorite System option verified successfully...
Chrome driver launched successfull
Chrome Browser launched Successfully...
Launched Contentverse URL Details: http://10.4.10.21:8080/CVWeb/cvLgn
No error message found
Page title name: Contentverse
EWA URL launched successfull
Contentverse URL launched successfully...
Scenario 01: Log into EWA
Enter valid user name into username field
UserName Details: Rnisha
Enter valid password into password field
Select a Room
Selected Room name: TestServer_2024B264bit.vw56demo
Captcha is not present, proceeding with login.
Click Login button
Session for user is already active. Do you want to create a new session? Dialog box displayed. User clicks OK button.
User logged in successfully... 
Test scenario 01: Verify 'dashboard search' functionality
Click on dashboard tab
Dashboard opened successfully
Click on search icon from the dashboard page
It will redirect to Search tab successfully...
Click on find button
Searched document display on the page successfully...
Scenario 02: Verify dashboard 'Notification' functionality
Click on dashboard tab
Click on notification icon
It will redirect to Notification tab successfully...
Notification page displayed successfully...
Scenario 03: Verify dashboard 'Todolist' dropdown
Click on dashboard tab
Click on dashboard tab
Click on todo list dropdown
Click on New items option
It will list the New items workflow documents
Click on Pending items option
It will list the Pending items workflow documents
Click on Reviewed items option
It will list the Reviewed items workflow documents
Click on Sent items option
It will list the Sent items workflow documents
Click on All items option
It will list the All items workflow documents
No more pages
Click on Next page icon
Page should move to Next page
Todo list dropdown options verified successfully...
Scenario 06: Verify dashboard 'New document' functionality
Click on dashboard tab
Click on New document icon
It will redirect to New document tab successfully...
The New document page opened successfully...
Launched Contentverse URL Details: http://10.4.10.21:8080/CVWeb/cvLgn
No error message found
Page title name: Contentverse
EWA URL launched successfull
Scenario 01: Log into EWA
Enter valid user name into username field
UserName Details: Rnisha
Enter valid password into password field
Select a Room
Selected Room name: TestServer_2024B264bit.vw56demo
Captcha is not present, proceeding with login.
Click Login button
Session message did not appear. Proceeding with login.
Select Contentverse Report icon
Select 'Document Report'
Select 'This Week'
Click on Generate Button
No alert present
It should list the Document Report on the page
Click on Excel export
Click on PDF Export
Generated Document Report has Exported Successfully...
Scenario 07: Verify 'ContentverseReport' - Workflow Status Reports
Scenario 01: Log into EWA
Enter valid user name into username field
Exception while logging in and accessing dashboard
Mouse hover on Document Report dropdown and Select 'Workflow Status Report'
Select 'This Week'
Click on Generate Button
No alert present
It should list the 'Workflow Status Report' on the page
Click on Excel export
Click on PDF Export
Generated Document Report has Exported Successfully...
Scenario 08: Verify 'ContentverseReport' - Reject document in workflow Report
Scenario 01: Log into EWA
Enter valid user name into username field
Exception while logging in and accessing dashboard
Error clicking on CVSReport or interacting with it.
Mouse hover on Document Report dropdown and Select 'Reject document in workflow Report'
Error selecting 'Documents Report' or 'This Week'.
Error selecting 'Reject document in workflow Report'.
Click on Generate Button
Scenario 08: Verify 'ContentverseReport' - Reject document in workflow Report
Scenario 01: Log into EWA
Enter valid user name into username field
UserName Details: Rnisha
Enter valid password into password field
Select a Room
Selected Room name: TestServer_2024B264bit.vw56demo
Captcha is not present, proceeding with login.
Click Login button
Session message did not appear. Proceeding with login.
Mouse hover on Document Report dropdown and Select 'Reject document in workflow Report'
Select 'This Week'
Click on Generate Button
Scenario 08: Verify 'ContentverseReport' - Reject document in workflow Report
Scenario 01: Log into EWA
Enter valid user name into username field
Exception while logging in and accessing dashboard
Mouse hover on Document Report dropdown and Select 'Reject document in workflow Report'
Error selecting 'Documents Report' or 'This Week'.
Click on Generate Button
Scenario 08: Verify 'ContentverseReport' - Reject document in workflow Report
Scenario 01: Log into EWA
Enter valid user name into username field
Exception while logging in and accessing dashboard
Mouse hover on Document Report dropdown and Select 'Reject document in workflow Report'
Error selecting 'Documents Report' or 'This Week'.
Click on Generate Button
<b>Test Failed: TC_7_Contentverse_RejectDocumentInWFReport_Report</b>
<a href='screenshots/TC_7_Contentverse_RejectDocumentInWFReport_Report_failure.png' target='_blank'>View Screenshot</a>
<br><img src='screenshots/TC_7_Contentverse_RejectDocumentInWFReport_Report_failure.png' width='400' height='300'/><br>
Scenario 08: Verify 'Logout functionality' from the dashboard
Click on dashboard tab
Click on logout icon
Scenario 08: Verify 'Logout functionality' from the dashboard
Click on dashboard tab
Scenario 08: Verify 'Logout functionality' from the dashboard
Click on dashboard tab
Scenario 08: Verify 'Logout functionality' from the dashboard
Click on dashboard tab
<b>Test Failed: TC_8_logoutFromDB</b>
<a href='screenshots/TC_8_logoutFromDB_failure.png' target='_blank'>View Screenshot</a>
<br><img src='screenshots/TC_8_logoutFromDB_failure.png' width='400' height='300'/><br>
Chrome driver launched successfull
Chrome Browser launched Successfully...
Launched Contentverse URL Details: http://10.4.10.21:8080/CVWeb/cvLgn
No error message found
Page title name: Contentverse
EWA URL launched successfull
Contentverse URL launched successfully...
Scenario 01: Log into EWA
Enter valid user name into username field
UserName Details: Rnisha
Enter valid password into password field
Select a Room
Selected Room name: TestServer_2024B264bit.vw56demo
Captcha is not present, proceeding with login.
Click Login button
Session message did not appear. Proceeding with login.
User logged in successfully... 
Scenario 01: Document send to securelink from viewer page
Expand the cabinet
Expand the drawer
Expand the folder
Open the document
No Alert is present
Select a page check box in thumbnail view
Click on sendTo tool button
Select secure link option
Enter the valid mail into securelink email textbox
Enter the valid mail into securelink confirm textbox
Click the modify check box
Click on securelink dialog ok button
Enter recipient mail again
Enter recipient mail in confirm textbox
Secure link Mail has sent successfully...
Sending secure link mail from viewer page, selected document from page List was sent successfully. Mail has been received.
Scenario 03: Document send to securelink from Search list page
Click on search tab
Click on find button
Click on document page check box
Mouse hover on document tab
Click on sendto submenu
Click on securelink option
Enter valid email
Enter valid email id on confirm mail text box
Click on secure link ok button
Enter recipient mail 
Confirm the recipient mail 
Click on securelink dialog OK button
Securelink sent successfully...
Searching the document and select the document from searchList, the selected document was sent successfully... Mail has received.
Scenario 02: Document send to securelink from Document page
Scenario 02: Document send to securelink from Document page
Click on recent folder tab
Open the recent folder
Click on document page check box
Mouse hover on document tab
Click sendto submenu securelink option
Enter the valid email id
Enter the mail id in confirm mail textbox
Click on modify check box
Click on securelink dialog OK button
Enter recipient mail
Enter confirm mail
User clicks on Securelink dialog OK button
Secure link sent successfully...
Sending secure link mail from document tab, selected document from Document List was sent successfully. Mail has been received.
<b>Test Failed: PrintWithcertifiedCoverPageUnlockRedaction</b>
<a href='screenshots/PrintWithcertifiedCoverPageUnlockRedaction_failure.png' target='_blank'>View Screenshot</a>
<br><img src='screenshots/PrintWithcertifiedCoverPageUnlockRedaction_failure.png' width='400' height='300'/><br>
Negative Scenario 01: Check SecureLink with Invalid Email ID
Expand a cabinet
Expand a drawer
Negative Scenario 01: Check SecureLink with Invalid Email ID
Expand a cabinet
Expand a drawer
Negative Scenario 01: Check SecureLink with Invalid Email ID
Expand a cabinet
Expand a drawer
Negative Scenario 01: Check SecureLink with Invalid Email ID
Expand a cabinet
Expand a drawer
Open a folder
Open a document
No alert is present
Click on check box
Click on SendTo icon
Select secure link submenu
User enters invalid email into email textbox
Click on secure link dialog OK button
Validation: 'Please enter valid recipient email id' dialog is displayed on the page
Error dialog dismissed successfully
SecureLink - invalid email ID scenario verified successfully
Scenario 2: SecureLink with Blank Email ID
Recipient email ID field cleared. Email ID should be blank
Confirm email ID field cleared
Click on secure link dialog OK button
Validation: 'Please enter recipient email id' Warning dialog is displayed on the page
Warning dialog dismissed successfully
Warning dialog displayed successfully. Blank email ID scenario verified successfully.
Negative Scenario 3: Securelink with valid email and invalid confirm mail
Enter a valid email id into email field
Click on modify check box
User should enter invalid email id into confirm mail text box
Click on securelink dialog OK button
Sending secure link mail from viewer page, select the document from page List. The selected Page was sent successfully... Mail has been received.
User should get 'Email id mismatch' warning dialog
Warning dialog displayed... Valid email - invalid confirm mail scenario verified successfully...
Negative Scenario 4: Securelink first dialog box has Valid email and Valid confirm email ID / Securelink Second dialog box should be blank
Enter valid email
Enter valid confirm email
Blank mail id: Unable to send the document into secure link
Click on first securelink dialog box OK button
Should not enter email id, just click on second securelink dialog box OK button
User should get 'Email id Mismatch' warning alert
Warning alert displayed...
Scenario 01: Verify email with invalid email id
Click on cabinet
Click on drawer
Select a folder
Click on cabinet
Open a document
Alert is not present
Click on thumbnail view check box
Click on SendTo icon
Click on email option
Enter invalid mail ID into Enter email textbox
Click on Email dialog OK button
User should get 'please enter valid email' warning message
Invalid email ID scenario verified successfully
===========================================================================================
Scenario 02: Verify blank email
Clear the previous entered email in email text box
Click on mail dialog OK button
Blank email negative scenario verified successfully
Click on refresh button
Scenario 01: Document Thumbnail view
Expand the cabinet
Expand the drawer
Select the folder
Click on new document
Select document type
Enter document name
Click on create document
Click on view button
Click on add icon
Enter word document name
Click on enter file name OK button
User click on Show/Hide thumbnail view
It will hide the thumbnail page, verified successfully...
Scenario 02: Create document and save document by using floating button Save icon
Enter file name and click on Floating button
Click on Save icon
Document saved successfully...
Scenario 03: Floating tab 'browse button'
Add file by using floating button Browse icon
Mousehover on floating button
Click browse icon
Add file by using AutoIT script
Document updated successfully
Scenario 04: Floating button - view full screen
Mouse hover on floating button
Click on full screen view icon
It displays the document in full screen mode
Scenario 05: Floating button - delete icon
Mouse hover on floating button
Select thumbnail page check box
Mousehover on floating button
Click floating button delete icon
Delete confirm dialog Yes button
Click on floating button save icon
Chrome driver launched successfull
Chrome Browser launched Successfully...
Launched Contentverse URL Details: http://10.4.10.21:8080/CVWeb/cvLgn
No error message found
Page title name: Contentverse
EWA URL launched successfull
Contentverse URL launched successfully...
Scenario 01: Log into EWA
Enter valid user name into username field
UserName Details: Rnisha
Enter valid password into password field
Select a Room
Selected Room name: TestServer_2024B264bit.vw56demo
Captcha is not present, proceeding with login.
Click Login button
Session for user is already active. Do you want to create a new session? Dialog box displayed. User clicks OK button.
User logged in successfully... 
Scenario 1: Go to My Preference, Change the Default viewing as Advanced viewer
Click on Setting icon
Go to My preference
Set the office document to advanced viewing
Set the PDF document to advanced viewing
Click on Apply button
Advanced viewer mode has been set successfully...
Click the New Document tab.
Click the 'Select destination folder location' text box.
'Browse for folder' dialog should be open.
Expand the cabinet
Expand drawer
Select a folder
Folder selected successfully...
Click on 'Select document type' dropdown and select the document type.
Document type selected successfully...
Enter the value into index field
Mouse hover on the browse icon
Select New PDF document
Enter the file name
Click on the create button
Scenario 01: Open an existing document and send it to WorkFlow
Before Click
After Click
Stamp Added Successfully
Scenario 01: Open an existing document and send it to WorkFlow
Before Click
After Click
Stamp Added Successfully
Scenario 01: Open an existing document and send it to WorkFlow
Before Click
After Click
Stamp Added Successfully
Scenario 01: Open an existing document and send it to WorkFlow
Before Click
After Click
Stamp Added Successfully
Scenario 01: Open an existing document and send it to WorkFlow
Before Click
After Click
Stamp Added Successfully
Click on the save icon from viewer toolbar
The added data has been saved successfully...
Click on the close icon
Document closed successfully...
Reopen the created word file document...
All saved data should be displayed successfully...
Word Document verified successful
Click the New Document tab.
Click the 'Select destination folder location' text box.
'Browse for folder' dialog should be open.
Expand the cabinet
Expand drawer
Select a folder
Folder selected successfully...
Click on 'Select document type' dropdown and select the document type.
Document type selected successfully...
Enter the value into index field
Mouse hover on the browse icon
Select New PDF document
Enter the file name
Click on the create button
Scenario 01: Open an existing document and send it to WorkFlow
Before Click
After Click
Stamp Added Successfully
Scenario 01: Open an existing document and send it to WorkFlow
Before Click
After Click
Stamp Added Successfully
Scenario 01: Open an existing document and send it to WorkFlow
Before Click
After Click
Stamp Added Successfully
Scenario 01: Open an existing document and send it to WorkFlow
Before Click
After Click
Stamp Added Successfully
Scenario 01: Open an existing document and send it to WorkFlow
Before Click
After Click
Stamp Added Successfully
Scenario 01: Open an existing document and send it to WorkFlow
Before Click
After Click
Stamp Added Successfully
Click on the save icon from viewer toolbar
The added data has been saved successfully...
Click on the close icon
Document closed successfully...
Reopen the created word file document...
All saved data should be displayed successfully...
Click the New Document tab.
Click the 'Select destination folder location' text box.
'Browse for folder' dialog should be open.
Expand the cabinet
Expand drawer
Select a folder
Folder selected successfully...
Click on 'Select document type' dropdown and select the document type.
Document type selected successfully...
Enter the value into index field
Add a file  by using auto IT
Mouse hover on the browse icon
Click on the create button
Scenario 01: Open an existing document and send it to WorkFlow
Before Click
After Click
Stamp Added Successfully
Scenario 01: Open an existing document and send it to WorkFlow
Before Click
After Click
Stamp Added Successfully
Scenario 01: Open an existing document and send it to WorkFlow
Before Click
After Click
Stamp Added Successfully
Scenario 01: Open an existing document and send it to WorkFlow
Before Click
After Click
Stamp Added Successfully
Scenario 01: Open an existing document and send it to WorkFlow
Before Click
After Click
Stamp Added Successfully
Scenario 01: Open an existing document and send it to WorkFlow
Before Click
After Click
Stamp Added Successfully
Scenario 01: Open an existing document and send it to WorkFlow
Before Click
After Click
Stamp Added Successfully
Scenario 01: Open an existing document and send it to WorkFlow
Before Click
After Click
Stamp Added Successfully
Scenario 01: Open an existing document and send it to WorkFlow
Before Click
After Click
Stamp Added Successfully
Scenario 01: Open an existing document and send it to WorkFlow
Before Click
After Click
Stamp Added Successfully
Scenario 01: Open an existing document and send it to WorkFlow
Before Click
After Click
Stamp Added Successfully
Scenario 01: Open an existing document and send it to WorkFlow
Before Click
After Click
Stamp Added Successfully
Click on the save icon from viewer toolbar
The added data has been saved successfully...
Click on the close icon
Document closed successfully...
Reopen the created word file document...
All saved data should be displayed successfully...
Click the New Document tab.
Click the 'Select destination folder location' text box.
'Browse for folder' dialog should be open.
Expand the cabinet
Expand drawer
Select a folder
Folder selected successfully...
Click on 'Select document type' dropdown and select the document type.
Document type selected successfully...
Enter the value into index field
Add a file  by using auto IT
Mouse hover on the browse icon
Click on the create button
Scenario 01: Open an existing document and send it to WorkFlow
Scenario 01: Open an existing document and send it to WorkFlow
Scenario 01: Open an existing document and send it to WorkFlow
Scenario 01: Open an existing document and send it to WorkFlow
Scenario 01: Open an existing document and send it to WorkFlow
Scenario 01: Open an existing document and send it to WorkFlow
Scenario 01: Open an existing document and send it to WorkFlow
Scenario 01: Open an existing document and send it to WorkFlow
Scenario 01: Open an existing document and send it to WorkFlow
Click on the save icon from viewer toolbar
The added data has been saved successfully...
Click on the close icon
Document closed successfully...
Reopen the created word file document...
All saved data should be displayed successfully...
Chrome driver launched successfull
Chrome Browser launched Successfully...
Launched Contentverse URL Details: http://10.4.10.21:8080/CVWeb/cvLgn
No error message found
Page title name: Contentverse
EWA URL launched successfull
Contentverse URL launched successfully...
Scenario 01: Log into EWA
Enter valid user name into username field
Enter valid password into password field
Select a Room
Selected Room name: TestServer_2024B264bit.vw56demo
Captcha is not present, proceeding with login.
Click Login button
Session message did not appear. Proceeding with login.
User logged in successfully... 
Scenario 01: Verify Roomcontextmenu tab 'Takeownership and ReleaseOwnership' option
Click on RoomContextMenu tab
Expand a cabinet
Expand a drawer
Expand a cabinet 1
Expand a cabinet 2
Expand a drawer 1
Expand a folder [[ChromeDriver: chrome on WINDOWS (f2ccc6c5f8a0c8a69317cfd0509673d0)] -> xpath: //div[@id='viewDocumentnavigator']/ul/li[2]/ul/li[1]/ul/li[1]/a]
Selected folder Name Details: [[ChromeDriver: chrome on WINDOWS (f2ccc6c5f8a0c8a69317cfd0509673d0)] -> xpath: //div[@id='viewDocumentnavigator']/ul/li[2]/ul/li[1]/ul/li[1]/a]
Select a folder
Mousehover on RoomContextMenu tab
Click on TakeOwnerShip option
Mousehover on Roomcontextmenu tab to check TakeOwnerShip is visible or disabled
Click on Username option
Click on Logout option
Timeout waiting for alert to appear.
Admin user Logout the session
Scenario 01: Log into EWA
Enter valid user name into username field
UserName Details: Rnisha
Enter valid password into password field
Select a Room
Selected Room name: TestServer_2024B264bit.vw56demo
Captcha is not present, proceeding with login.
Click Login button
Session message did not appear. Proceeding with login.
Log into EWA with another user account
Expand taken OwnerShip cabinet
Expand taken Ownership drawer
Open a taken Ownership folder
Expand a cabinet 1
Expand a cabinet 2
Expand a drawer 1
Expand a folder [[ChromeDriver: chrome on WINDOWS (f2ccc6c5f8a0c8a69317cfd0509673d0)] -> xpath: //div[@id='viewDocumentnavigator']/ul/li[2]/ul/li[1]/ul/li[1]/a]
Selected folder Name Details: [[ChromeDriver: chrome on WINDOWS (f2ccc6c5f8a0c8a69317cfd0509673d0)] -> xpath: //div[@id='viewDocumentnavigator']/ul/li[2]/ul/li[1]/ul/li[1]/a]
Mousehover on RoomcontextMenu tab and check Takeownership option it should be disabled
Open a document from taken ownership folder
It should display 'Document locked by admin' warning dialog, Warning dialog displayed successfully
Viewer menu tool bar should be disabled on the page
NoAlertISPResent
Click on Username option
Click on Logout option
Timeout waiting for alert to appear.
Current user LogOut the session Successfully...
Scenario 01: Log into EWA
Enter valid user name into username field
Enter valid password into password field
Select a Room
Selected Room name: TestServer_2024B264bit.vw56demo
Captcha is not present, proceeding with login.
Click Login button
Session message did not appear. Proceeding with login.
Log into EWA as admin user
Expand a cabinet 1
Expand a cabinet 2
Expand a drawer 1
Expand a folder [[ChromeDriver: chrome on WINDOWS (f2ccc6c5f8a0c8a69317cfd0509673d0)] -> xpath: //div[@id='viewDocumentnavigator']/ul/li[2]/ul/li[1]/ul/li[1]/a]
Selected folder Name Details: [[ChromeDriver: chrome on WINDOWS (f2ccc6c5f8a0c8a69317cfd0509673d0)] -> xpath: //div[@id='viewDocumentnavigator']/ul/li[2]/ul/li[1]/ul/li[1]/a]
Select a folder
Mousehover on RoomcontextMenu tab and click Release ownership option
Click on Username option
Click on Logout option
Timeout waiting for alert to appear.
Admin user logout the session
Scenario 01: Log into EWA
Enter valid user name into username field
UserName Details: Rnisha
Enter valid password into password field
Select a Room
Selected Room name: TestServer_2024B264bit.vw56demo
Captcha is not present, proceeding with login.
Click Login button
Session message did not appear. Proceeding with login.
Another user log into EWA to check TakeOwnerShip option
Expand a cabinet 1
Expand a cabinet 2
Expand a drawer 1
Expand a folder [[ChromeDriver: chrome on WINDOWS (f2ccc6c5f8a0c8a69317cfd0509673d0)] -> xpath: //div[@id='viewDocumentnavigator']/ul/li[2]/ul/li[1]/ul/li[1]/a]
Selected folder Name Details: [[ChromeDriver: chrome on WINDOWS (f2ccc6c5f8a0c8a69317cfd0509673d0)] -> xpath: //div[@id='viewDocumentnavigator']/ul/li[2]/ul/li[1]/ul/li[1]/a]
Select a folder
Mousehover on RoomContextTab and check TakeOwnerShip it should be enable
Open a document it should not show a warning dialog 
The user able to use viewer menu tool bar icon it should not disable
Click on Username option
Click on Logout option
Timeout waiting for alert to appear.
Logout the session
TakeOwnerShip and ReleaseOwnerShip option verified successfully...
Scenario 01: Log into EWA
Enter valid user name into username field
Enter valid password into password field
Select a Room
Selected Room name: TestServer_2024B264bit.vw56demo
Captcha is not present, proceeding with login.
Click Login button
Session message did not appear. Proceeding with login.
Chrome driver launched successfull
Chrome Browser launched Successfully...
Launched Contentverse URL Details: http://10.4.10.21:8080/CVWeb/cvLgn
No error message found
Page title name: Contentverse
EWA URL launched successfull
Contentverse URL launched successfully...
Scenario 01: Log into EWA
Enter valid user name into username field
Enter valid password into password field
Select a Room
Selected Room name: TestServer_2024B264bit.vw56demo
Captcha is not present, proceeding with login.
Click Login button
Session for user is already active. Do you want to create a new session? Dialog box displayed. User clicks OK button.
User logged in successfully... 
Scenario 02: Verify RoomContextMenu tab - (copy and paste drawer)
Log into as admin user
Expand the cabinet
Select a drawer
Mousehover on Roomcontextmenu tab
Click on copy option
Expand another cabinet
Select another drawer
Mousehover on Roomcontextmenu tab
Paste option should be enable, Click on paste Option
Paste confirm dialog should be open, Click on paste confirm dialog OK button
Copy and a paste drawer successfully...
Chrome driver launched successfull
Chrome Browser launched Successfully...
Launched Contentverse URL Details: http://10.4.10.21:8080/CVWeb/cvLgn
No error message found
Page title name: Contentverse
EWA URL launched successfull
Contentverse URL launched successfully...
Scenario 01: Log into EWA
Enter valid user name into username field
UserName Details: Rnisha
Enter valid password into password field
Select a Room
Selected Room name: TestServer_2024B264bit.vw56demo
Captcha is not present, proceeding with login.
Click Login button
Session message did not appear. Proceeding with login.
User logged in successfully... 
Scenario 07: Verify Roomcontextmenu tab Notification Option
Expand a cabinet and expand a drawer to select a folder.
Folder selected successfully...
Mousehover on Roomcontext menu tab 
Select Notification option
Expand a cabinet 1
Expand a cabinet 2
Expand a drawer 1
Expand a folder [[ChromeDriver: chrome on WINDOWS (957047c177d1614ed50b4639cc8ffd66)] -> xpath: //div[@id='viewDocumentnavigator']/ul/li[2]/ul/li[1]/ul/li[1]/a]
Selected folder Name Details: [[ChromeDriver: chrome on WINDOWS (957047c177d1614ed50b4639cc8ffd66)] -> xpath: //div[@id='viewDocumentnavigator']/ul/li[2]/ul/li[1]/ul/li[1]/a]
Notification dialog should be open
Click on reset button
Reset option verified successfully...
Click on notification dropdown
Notification Option Details: 
Notification Option Details: Any changes to folder
Clicked on 'Any changes to folder' option
Notification Option Details: 
Notification Option Details: Folder / Document / Sub Folder is created
Notification Option Details: 
Notification Option Details: Folder / Document / Sub Folder is removed
Notification Option Details: 
Notification Option Details: Folder Permission is modified
Notification Option Details: 
Notification Option Details: Node Properties
Notification Option Details: 
Notification Option Details: Custom columns
Notification Option Details: 
Notification Option Details: Folder Check Out
Notification Option Details: 
Notification Option Details: Folder Check In / Release Session
Notification Option Details: 
Notification Option Details: Any changes to Document(s)
Clicked on 'Any changes to document' option
Notification Option Details: 
Notification Option Details: Properties (Index value) are Modified
Notification Option Details: 
Notification Option Details: Document Pages added/updated/removed
Notification Option Details: 
Notification Option Details: Comments are added/modified
Notification Option Details: 
Notification Option Details: Document is moved
Notification Option Details: 
Notification Option Details: Freeze Document
Notification Option Details: 
Notification Option Details: Un-Freeze Document
Notification Option Details: 
Notification Option Details: Signature applied
Notification Option Details: 
Notification Option Details: Document Indexed
Notification Option Details: 
Notification Option Details: Document Permission is Modified
Notification Option Details: 
Notification Option Details: Document Check Out
Notification Option Details: 
Notification Option Details: Document Check In / Release Session
Notification Option Details: 
Notification Option Details: Workflow Ended
Notification Option Details: 
Notification Option Details: DocumentType Modified
Notification Option Details: 
Notification Option Details: Document page downloaded
Notification Option Details: 
Notification Option Details: Document page taken offline
Notification Option Details: 
Notification Option Details: Document page synchronized
Notification Option Details: 
Notification Option Details: Document page offline released
Select 'any changes to the folder' option
Click on apply button
Select notification tab, it will show the notification for selected option
If any changes have been made by other user in the selected notification folder, the specified user will receive a notification
Folder/document/subfolder changes notified
Notification option verified successfully
Chrome driver launched successfull
Chrome Browser launched Successfully...
Launched Contentverse URL Details: http://10.4.10.21:8080/CVWeb/cvLgn
No error message found
Page title name: Contentverse
EWA URL launched successfull
Contentverse URL launched successfully...
Scenario 01: Log into EWA
Enter valid user name into username field
Enter valid password into password field
Select a Room
Selected Room name: TestServer_2024B264bit.vw56demo
Captcha is not present, proceeding with login.
Click Login button
Session for user is already active. Do you want to create a new session? Dialog box displayed. User clicks OK button.
User logged in successfully... 
Scenario 04: Verify Node properties Option
Expand a cabinet 1
Expand a cabinet 2
Expand a drawer 1
Expand a folder [[ChromeDriver: chrome on WINDOWS (b66d8e228c37ef5d798970390ac0475f)] -> xpath: //div[@id='viewDocumentnavigator']/ul/li[2]/ul/li[1]/ul/li[1]/a]
Mousehover on Roomcontextmenu tab
Click on Nodeproperties option
Node properties dialog should be open
Select AllDataType 
Enter value into TextKey field
Click NodeProperties dialog OK button
Click on new document tab
Click on browse icon
By using AutoIT add file from the external folder 
Click on create button
'Document created succssfully' dialog opened, Click View button
'Document created succssfully' dialog opened, Click View button
Indices should save the values which are set for the Node Properties
Close the document
Mousehover on RoomContextMenu tab
Click on NodeProperties option, Node properties dialog should be open 
Click on reset button confirm dialog OK button
Reset confirm dialog should be open, Click Reset confirm dialog OK button
Node properties was reset successfully...
Node properties verified successfully
Chrome driver launched successfull
Chrome Browser launched Successfully...
Launched Contentverse URL Details: http://10.4.10.21:8080/CVWeb/cvLgn
No error message found
Page title name: Contentverse
EWA URL launched successfull
Contentverse URL launched successfully...
Scenario 01: Log into EWA
Enter valid user name into username field
Enter valid password into password field
Select a Room
Selected Room name: TestServer_2024B264bit.vw56demo
Captcha is not present, proceeding with login.
Click Login button
Session for user is already active. Do you want to create a new session? Dialog box displayed. User clicks OK button.
User logged in successfully... 
Scenario 08: Verify RoomContextmenu 'CustomDocumentType' option
Selected a cabinet to set custom document type.
Opened Custom DocumentType Submenu
Checking document type: 
Checking document type: Acknowledgement Letter
Checking document type: 
Checking document type: Affidavit of No Creditors
Checking document type: 
Checking document type: Affidavit of No Lien
Checking document type: 
Checking document type: All doc type
Selected document type: All doc type
Clicked OK button successfully.
Popup appeared with message: Node already has the following document types and they must be selected Acknowledgement Letter,Analytics,CVReports,MS DocTypes
Missing document types: [ Acknowledgement Letter, Analytics, CVReports, MS DocTypes]
Clicked OK on the missing document type popup.
Checking document type: 
Checking document type: Acknowledgement Letter
Selected document type: Acknowledgement Letter
Clicked OK button successfully.
Checking document type: 
Checking document type: Acknowledgement Letter
Checking document type: 
Checking document type: Affidavit of No Creditors
Checking document type: 
Checking document type: Affidavit of No Lien
Checking document type: 
Checking document type: All doc type
Checking document type: 
Checking document type: Analytics
Selected document type: Analytics
Clicked OK button successfully.
Checking document type: 
Checking document type: Acknowledgement Letter
Checking document type: 
Checking document type: Affidavit of No Creditors
Checking document type: 
Checking document type: Affidavit of No Lien
Checking document type: 
Checking document type: All doc type
Checking document type: 
Checking document type: Analytics
Checking document type: 
Checking document type: Anchorage Rental Agreement
Checking document type: 
Checking document type: App for Educ Expense
Checking document type: 
Checking document type: Application
Checking document type: 
Checking document type: Application for Employment
Checking document type: 
Checking document type: Appraisal
Checking document type: 
Checking document type: Architectural Extension Request
Checking document type: 
Checking document type: Articles of Incorporation
Checking document type: 
Checking document type: Audit Report
Checking document type: 
Checking document type: Audit Schedule
Checking document type: 
Checking document type: Boat OP,REG,INDEM,Release
Checking document type: 
Checking document type: Case Review
Checking document type: 
Checking document type: Cell Services Agreement
Checking document type: 
Checking document type: Cert of Test
Checking document type: 
Checking document type: Certificate
Checking document type: 
Checking document type: Change in Status
Checking document type: 
Checking document type: Change Order
Checking document type: 
Checking document type: Check
Checking document type: 
Checking document type: Claim Form
Checking document type: 
Checking document type: Complaint
Checking document type: 
Checking document type: Contract
Checking document type: 
Checking document type: Credit Increase Memo
Checking document type: 
Checking document type: Customer Order
Checking document type: 
Checking document type: CVReports
Selected document type: CVReports
Clicked OK button successfully.
Checking document type: 
Checking document type: Acknowledgement Letter
Checking document type: 
Checking document type: Affidavit of No Creditors
Checking document type: 
Checking document type: Affidavit of No Lien
Checking document type: 
Checking document type: All doc type
Checking document type: 
Checking document type: Analytics
Checking document type: 
Checking document type: Anchorage Rental Agreement
Checking document type: 
Checking document type: App for Educ Expense
Checking document type: 
Checking document type: Application
Checking document type: 
Checking document type: Application for Employment
Checking document type: 
Checking document type: Appraisal
Checking document type: 
Checking document type: Architectural Extension Request
Checking document type: 
Checking document type: Articles of Incorporation
Checking document type: 
Checking document type: Audit Report
Checking document type: 
Checking document type: Audit Schedule
Checking document type: 
Checking document type: Boat OP,REG,INDEM,Release
Checking document type: 
Checking document type: Case Review
Checking document type: 
Checking document type: Cell Services Agreement
Checking document type: 
Checking document type: Cert of Test
Checking document type: 
Checking document type: Certificate
Checking document type: 
Checking document type: Change in Status
Checking document type: 
Checking document type: Change Order
Checking document type: 
Checking document type: Check
Checking document type: 
Checking document type: Claim Form
Checking document type: 
Checking document type: Complaint
Checking document type: 
Checking document type: Contract
Checking document type: 
Checking document type: Credit Increase Memo
Checking document type: 
Checking document type: Customer Order
Checking document type: 
Checking document type: CVReports
Checking document type: 
Checking document type: Deed
Checking document type: 
Checking document type: Document Control
Checking document type: 
Checking document type: Drawing
Checking document type: 
Checking document type: DrawingMicro
Checking document type: 
Checking document type: Dynamic Workflow Doc
Checking document type: 
Checking document type: EAS Email Archive
Checking document type: 
Checking document type: Education Agreement
Checking document type: 
Checking document type: Education Expense
Checking document type: 
Checking document type: Email
Checking document type: 
Checking document type: Employee Expense Rpt.
Checking document type: 
Checking document type: Employee Record
Checking document type: 
Checking document type: Employee withholding Exemption Cert
Checking document type: 
Checking document type: Enquire MTA
Checking document type: 
Checking document type: Equipment Checkout Agreement
Checking document type: 
Checking document type: Estoppel Affidavit of Mortgagor
Checking document type: 
Checking document type: Exam Paper
Checking document type: 
Checking document type: Excel WorkSheets
Checking document type: 
Checking document type: FC Expense Report
Checking document type: 
Checking document type: FC Order
Checking document type: 
Checking document type: Funds Transfer Form
Checking document type: 
Checking document type: General DNU
Checking document type: 
Checking document type: General Green Sheet
Checking document type: 
Checking document type: Government Doc
Checking document type: 
Checking document type: Graphics(R)
Checking document type: 
Checking document type: Groupwise Email
Checking document type: 
Checking document type: GWAVA Email Archive
Checking document type: 
Checking document type: Health Insurance Claim Form
Checking document type: 
Checking document type: Holiday Request
Checking document type: 
Checking document type: HR Forms
Checking document type: 
Checking document type: Identification
Checking document type: 
Checking document type: Incident Report
Checking document type: 
Checking document type: Invoice 1
Checking document type: 
Checking document type: IXR document
Checking document type: 
Checking document type: Land Registration
Checking document type: 
Checking document type: Lease Authorization
Checking document type: 
Checking document type: LOT Specification
Checking document type: 
Checking document type: Ltd Power of Attorney
Checking document type: 
Checking document type: Map
Checking document type: 
Checking document type: Material
Checking document type: 
Checking document type: Membership Agreement
Checking document type: 
Checking document type: MOC Request
Checking document type: 
Checking document type: Model Specification.
Checking document type: 
Checking document type: MS DocTypes
Selected document type: MS DocTypes
Clicked OK button successfully.
Clicked OK button to finalize document type selection.
Custom document type reset successfully.
Refreshed to verify document types.]]>
  </system-out>
</testsuite> <!-- Computhink.Script.RegisterStamp__Advanced_Viewing -->
