<?xml version="1.0" encoding="UTF-8"?>
<!-- Generated by org.testng.reporters.JUnitReportReporter -->
<testsuite skipped="0" hostname="CIPLWKT014" name="Script.Favorites" tests="3" failures="0" timestamp="03 Nov 2023 10:40:36 GMT" time="94.835" errors="0">
  <testcase name="CVSLogin" time="23.055" classname="Script.Favorites"/>
  <testcase name="FavoriteInUserLevel" time="33.202" classname="Script.Favorites"/>
  <testcase name="FavoriteInSystemLevel" time="38.578" classname="Script.Favorites"/>
</testsuite> <!-- Script.Favorites -->
