<?xml version="1.0" encoding="UTF-8"?>
<!-- Generated by org.testng.reporters.JUnitReportReporter -->
<testsuite skipped="0" hostname="CIPLWKT014" name="Script.My_Preferences_DateFormat" tests="5" failures="0" timestamp="03 Jul 2024 16:39:01 GMT" time="536.681" errors="0">
  <testcase name="Login_EWA" time="62.493" classname="Script.My_Preferences_DateFormat"/>
  <testcase name="TC_01_Verify_DateFormat_YYYY_MM_DD" time="126.641" classname="Script.My_Preferences_DateFormat"/>
  <testcase name="TC_02_Verify_DateFormat_DD_MM_YYYY" time="94.355" classname="Script.My_Preferences_DateFormat"/>
  <testcase name="TC_03_Verify_DateFormat_MM_DD_YYYY" time="106.149" classname="Script.My_Preferences_DateFormat"/>
  <testcase name="TC_04_Verify_DateFormat_Default" time="147.043" classname="Script.My_Preferences_DateFormat"/>
</testsuite> <!-- Script.My_Preferences_DateFormat -->
