<?xml version="1.0" encoding="UTF-8"?>
<!-- Generated by org.testng.reporters.JUnitReportReporter -->
<testsuite skipped="10" hostname="CIPLWKT014" name="Script.Spanish_Language_Test" tests="51" failures="0" timestamp="18 Jan 2024 04:13:16 GMT" time="2231.624" errors="2">
  <testcase name="Login_EWA" time="15.203" classname="Script.Spanish_Language_Test"/>
  <testcase name="CreateandOpen_NewDocument_Spanish_Language_with_OCR" time="33.214" classname="Script.Spanish_Language_Test">
    <skipped/>
  </testcase> <!-- CreateandOpen_NewDocument_Spanish_Language_with_OCR -->
  <testcase name="CreateandOpen_NewDocument_Spanish_Language_with_OCR" time="43.483" classname="Script.Spanish_Language_Test">
    <error type="org.openqa.selenium.NoSuchElementException" message="no such element: Unable to locate element: {&quot;method&quot;:&quot;xpath&quot;,&quot;selector&quot;:&quot;//a[normalize-space()=&#039;Logout&#039;]&quot;}
  (Session info: chrome=120.0.6099.217)
For documentation on this error, please visit: https://www.seleniumhq.org/exceptions/no_such_element.html
Build info: version: &#039;3.141.59&#039;, revision: &#039;e82be7d358&#039;, time: &#039;2018-11-14T08:25:53&#039;
System info: host: &#039;CIPLWKT014&#039;, ip: &#039;10.4.8.14&#039;, os.name: &#039;Windows 10&#039;, os.arch: &#039;x86&#039;, os.version: &#039;10.0&#039;, java.version: &#039;1.8.0_351&#039;
Driver info: org.openqa.selenium.chrome.ChromeDriver
Capabilities {acceptInsecureCerts: false, browserName: chrome, browserVersion: 120.0.6099.217, chrome: {chromedriverVersion: 120.0.6099.109 (3419140ab66..., userDataDir: C:\Users\nisha.r\AppData\Lo...}, fedcm:accounts: true, goog:chromeOptions: {debuggerAddress: localhost:54189}, javascriptEnabled: true, networkConnectionEnabled: false, pageLoadStrategy: normal, platform: WINDOWS, platformName: WINDOWS, proxy: Proxy(), setWindowRect: true, strictFileInteractability: false, timeouts: {implicit: 0, pageLoad: 300000, script: 30000}, unhandledPromptBehavior: dismiss and notify, webauthn:extension:credBlob: true, webauthn:extension:largeBlob: true, webauthn:extension:minPinLength: true, webauthn:extension:prf: true, webauthn:virtualAuthenticators: true}
Session ID: faa1228fd660e89c62047183330b1df2
*** Element info: {Using=xpath, value=//a[normalize-space()=&#039;Logout&#039;]}">
      <![CDATA[org.openqa.selenium.NoSuchElementException: no such element: Unable to locate element: {"method":"xpath","selector":"//a[normalize-space()='Logout']"}
  (Session info: chrome=120.0.6099.217)
For documentation on this error, please visit: https://www.seleniumhq.org/exceptions/no_such_element.html
Build info: version: '3.141.59', revision: 'e82be7d358', time: '2018-11-14T08:25:53'
System info: host: 'CIPLWKT014', ip: '10.4.8.14', os.name: 'Windows 10', os.arch: 'x86', os.version: '10.0', java.version: '1.8.0_351'
Driver info: org.openqa.selenium.chrome.ChromeDriver
Capabilities {acceptInsecureCerts: false, browserName: chrome, browserVersion: 120.0.6099.217, chrome: {chromedriverVersion: 120.0.6099.109 (3419140ab66..., userDataDir: C:\Users\nisha.r\AppData\Lo...}, fedcm:accounts: true, goog:chromeOptions: {debuggerAddress: localhost:54189}, javascriptEnabled: true, networkConnectionEnabled: false, pageLoadStrategy: normal, platform: WINDOWS, platformName: WINDOWS, proxy: Proxy(), setWindowRect: true, strictFileInteractability: false, timeouts: {implicit: 0, pageLoad: 300000, script: 30000}, unhandledPromptBehavior: dismiss and notify, webauthn:extension:credBlob: true, webauthn:extension:largeBlob: true, webauthn:extension:minPinLength: true, webauthn:extension:prf: true, webauthn:virtualAuthenticators: true}
Session ID: faa1228fd660e89c62047183330b1df2
*** Element info: {Using=xpath, value=//a[normalize-space()='Logout']}
at sun.reflect.GeneratedConstructorAccessor87.newInstance(Unknown Source)
at sun.reflect.DelegatingConstructorAccessorImpl.newInstance(Unknown Source)
at java.lang.reflect.Constructor.newInstance(Unknown Source)
at org.openqa.selenium.remote.http.W3CHttpResponseCodec.createException(W3CHttpResponseCodec.java:187)
at org.openqa.selenium.remote.http.W3CHttpResponseCodec.decode(W3CHttpResponseCodec.java:122)
at org.openqa.selenium.remote.http.W3CHttpResponseCodec.decode(W3CHttpResponseCodec.java:49)
at org.openqa.selenium.remote.HttpCommandExecutor.execute(HttpCommandExecutor.java:158)
at org.openqa.selenium.remote.service.DriverCommandExecutor.execute(DriverCommandExecutor.java:83)
at org.openqa.selenium.remote.RemoteWebDriver.execute(RemoteWebDriver.java:552)
at org.openqa.selenium.remote.RemoteWebDriver.findElement(RemoteWebDriver.java:323)
at org.openqa.selenium.remote.RemoteWebDriver.findElementByXPath(RemoteWebDriver.java:428)
at org.openqa.selenium.By$ByXPath.findElement(By.java:353)
at org.openqa.selenium.remote.RemoteWebDriver.findElement(RemoteWebDriver.java:315)
at org.openqa.selenium.support.pagefactory.DefaultElementLocator.findElement(DefaultElementLocator.java:69)
at org.openqa.selenium.support.pagefactory.internal.LocatingElementHandler.invoke(LocatingElementHandler.java:38)
at com.sun.proxy.$Proxy25.getWrappedElement(Unknown Source)
at org.openqa.selenium.remote.internal.WebElementToJsonConverter.apply(WebElementToJsonConverter.java:50)
at java.util.stream.ReferencePipeline$3$1.accept(Unknown Source)
at java.util.Spliterators$ArraySpliterator.forEachRemaining(Unknown Source)
at java.util.stream.AbstractPipeline.copyInto(Unknown Source)
at java.util.stream.AbstractPipeline.wrapAndCopyInto(Unknown Source)
at java.util.stream.ReduceOps$ReduceOp.evaluateSequential(Unknown Source)
at java.util.stream.AbstractPipeline.evaluate(Unknown Source)
at java.util.stream.ReferencePipeline.collect(Unknown Source)
at org.openqa.selenium.remote.RemoteWebDriver.executeScript(RemoteWebDriver.java:484)
at Generic.BaseClass.jsclick(BaseClass.java:506)
at Script.Spanish_Language_Test.CreateandOpen_NewDocument_Spanish_Language_with_OCR(Spanish_Language_Test.java:54)
at sun.reflect.NativeMethodAccessorImpl.invoke0(Native Method)
at sun.reflect.NativeMethodAccessorImpl.invoke(Unknown Source)
at sun.reflect.DelegatingMethodAccessorImpl.invoke(Unknown Source)
at java.lang.reflect.Method.invoke(Unknown Source)
at org.testng.internal.MethodInvocationHelper.invokeMethod(MethodInvocationHelper.java:124)
at org.testng.internal.Invoker.invokeMethod(Invoker.java:583)
at org.testng.internal.Invoker.retryFailed(Invoker.java:839)
at org.testng.internal.Invoker.invokeTestMethods(Invoker.java:1010)
at org.testng.internal.TestMethodWorker.invokeTestMethods(TestMethodWorker.java:125)
at org.testng.internal.TestMethodWorker.run(TestMethodWorker.java:109)
at org.testng.TestRunner.privateRun(TestRunner.java:648)
at org.testng.TestRunner.run(TestRunner.java:505)
at org.testng.SuiteRunner.runTest(SuiteRunner.java:455)
at org.testng.SuiteRunner.runSequentially(SuiteRunner.java:450)
at org.testng.SuiteRunner.privateRun(SuiteRunner.java:415)
at org.testng.SuiteRunner.run(SuiteRunner.java:364)
at org.testng.SuiteRunnerWorker.runSuite(SuiteRunnerWorker.java:52)
at org.testng.SuiteRunnerWorker.run(SuiteRunnerWorker.java:84)
at org.testng.TestNG.runSuitesSequentially(TestNG.java:1208)
at org.testng.TestNG.runSuitesSequentially(TestNG.java:1204)
at org.testng.TestNG.runSuitesLocally(TestNG.java:1137)
at org.testng.TestNG.runSuites(TestNG.java:1049)
at org.testng.TestNG.run(TestNG.java:1017)
at org.testng.remote.AbstractRemoteTestNG.run(AbstractRemoteTestNG.java:114)
at org.testng.remote.RemoteTestNG.initAndRun(RemoteTestNG.java:251)
at org.testng.remote.RemoteTestNG.main(RemoteTestNG.java:77)
]]>
    </error>
  </testcase> <!-- CreateandOpen_NewDocument_Spanish_Language_with_OCR -->
  <testcase name="CreateandOpen_NewDocument_Spanish_Language_with_OCR" time="148.871" classname="Script.Spanish_Language_Test">
    <skipped/>
  </testcase> <!-- CreateandOpen_NewDocument_Spanish_Language_with_OCR -->
  <testcase name="CreateandOpen_NewDocument_Spanish_Language_with_OCR" time="40.361" classname="Script.Spanish_Language_Test">
    <skipped/>
  </testcase> <!-- CreateandOpen_NewDocument_Spanish_Language_with_OCR -->
  <testcase name="Addsignature_Spanish_Language" time="9.685" classname="Script.Spanish_Language_Test">
    <skipped/>
  </testcase> <!-- Addsignature_Spanish_Language -->
  <testcase name="Addsignature_Spanish_Language" time="13.345" classname="Script.Spanish_Language_Test"/>
  <testcase name="AddRedaction_Spanish_Language" time="20.283" classname="Script.Spanish_Language_Test">
    <skipped/>
  </testcase> <!-- AddRedaction_Spanish_Language -->
  <testcase name="AddRedaction_Spanish_Language" time="57.636" classname="Script.Spanish_Language_Test"/>
  <testcase name="AddRedaction_Spanish_Language" time="20.244" classname="Script.Spanish_Language_Test">
    <skipped/>
  </testcase> <!-- AddRedaction_Spanish_Language -->
  <testcase name="AddRedaction_Spanish_Language" time="20.100" classname="Script.Spanish_Language_Test">
    <skipped/>
  </testcase> <!-- AddRedaction_Spanish_Language -->
  <testcase name="ShowHideThumbnail_Spanish_Language" time="18.527" classname="Script.Spanish_Language_Test"/>
  <testcase name="verify_to_CreateorBrowse_Template_Defaultviewing" time="124.829" classname="Script.Spanish_Language_Test"/>
  <testcase name="Verify_to_Edit_and_Delete_DefaultTemplate" time="55.622" classname="Script.Spanish_Language_Test"/>
  <testcase name="verify_to_CreateorBrowse_Template_Advancedviewing_OfficeDoc" time="105.415" classname="Script.Spanish_Language_Test"/>
  <testcase name="Verify_to_Edit_and_Delete_AdvancedTemplate_OfficeDoc" time="50.323" classname="Script.Spanish_Language_Test"/>
  <testcase name="verify_to_Create_Formmapping_PDFTemplate_Advancedviewing" time="113.223" classname="Script.Spanish_Language_Test"/>
  <testcase name="Verify_to_Edit_and_Delete_FormFiled" time="50.918" classname="Script.Spanish_Language_Test"/>
  <testcase name="Set_Defaultview" time="30.954" classname="Script.Spanish_Language_Test"/>
  <testcase name="Verify_Load_MoreCount_On_Search" time="53.867" classname="Script.Spanish_Language_Test"/>
  <testcase name="Verify_Load_MoreCount_On_Folder" time="25.734" classname="Script.Spanish_Language_Test"/>
  <testcase name="Open_Custom_List_Dialog_And_Verify_Title_Roomcolumn" time="37.933" classname="Script.Spanish_Language_Test"/>
  <testcase name="Verify_The_Text_of_Custom_List_Dialog_Roomcolumn" time="5.124" classname="Script.Spanish_Language_Test"/>
  <testcase name="Set_And_Verify_Custom_Columns_NodeLevel" time="83.200" classname="Script.Spanish_Language_Test"/>
  <testcase name="Verify_Default_Custom_Columns" time="53.927" classname="Script.Spanish_Language_Test"/>
  <testcase name="Verify_Cancel_Button_of_CustomList" time="13.186" classname="Script.Spanish_Language_Test"/>
  <testcase name="Verify_Custom_Columns_RoomLevel" time="19.177" classname="Script.Spanish_Language_Test"/>
  <testcase name="Verify_Reset_Columns_Functionality" time="7.011" classname="Script.Spanish_Language_Test"/>
  <testcase name="Open_Custom_List_Dialog_And_Verify_Title_Searchcolumn" time="9.484" classname="Script.Spanish_Language_Test"/>
  <testcase name="Verify_The_Text_of_Custom_List_Dialog_Searchcolumn" time="5.081" classname="Script.Spanish_Language_Test"/>
  <testcase name="Verify_Set_Custom_Columns_for_Search" time="94.741" classname="Script.Spanish_Language_Test"/>
  <testcase name="Verify_Reset_Columns_for_Search" time="18.685" classname="Script.Spanish_Language_Test"/>
  <testcase name="Open_Custom_List_Dialog_And_Verify_Title_ToDoList" time="13.303" classname="Script.Spanish_Language_Test"/>
  <testcase name="Verify_The_Text_of_Custom_List_Dialog_ToDoList" time="14.075" classname="Script.Spanish_Language_Test"/>
  <testcase name="Verify_Set_Custom_Columns_for_ToDoList" time="90.351" classname="Script.Spanish_Language_Test"/>
  <testcase name="Reset_Custom_Columns_for_ToDoList" time="12.374" classname="Script.Spanish_Language_Test"/>
  <testcase name="Verify_Refresh_Option" time="40.274" classname="Script.Spanish_Language_Test"/>
  <testcase name="Verify_Categories_Option" time="10.074" classname="Script.Spanish_Language_Test"/>
  <testcase name="Verify_copy_and_paste_Option" time="21.793" classname="Script.Spanish_Language_Test"/>
  <testcase name="Verify_cut_and_paste_Option" time="37.222" classname="Script.Spanish_Language_Test"/>
  <testcase name="Verify_Delete_Option" time="26.914" classname="Script.Spanish_Language_Test"/>
  <testcase name="Verify_CreateFavorites_Document" time="69.078" classname="Script.Spanish_Language_Test"/>
  <testcase name="Verify_Notification_on_Document" time="171.536" classname="Script.Spanish_Language_Test"/>
  <testcase name="Verify_SendTo_Mail" time="3.322" classname="Script.Spanish_Language_Test">
    <skipped/>
  </testcase> <!-- Verify_SendTo_Mail -->
  <testcase name="Verify_SendTo_Mail" time="3.222" classname="Script.Spanish_Language_Test">
    <skipped/>
  </testcase> <!-- Verify_SendTo_Mail -->
  <testcase name="Verify_SendTo_Mail" time="3.262" classname="Script.Spanish_Language_Test">
    <skipped/>
  </testcase> <!-- Verify_SendTo_Mail -->
  <testcase name="Verify_SendTo_Mail" time="3.239" classname="Script.Spanish_Language_Test">
    <error type="org.openqa.selenium.ElementNotInteractableException" message="element not interactable: http://10.4.10.60:8080/CVWeb/viewDocument# has no size and location
  (Session info: chrome=120.0.6099.217)
Build info: version: &#039;3.141.59&#039;, revision: &#039;e82be7d358&#039;, time: &#039;2018-11-14T08:25:53&#039;
System info: host: &#039;CIPLWKT014&#039;, ip: &#039;10.4.8.14&#039;, os.name: &#039;Windows 10&#039;, os.arch: &#039;x86&#039;, os.version: &#039;10.0&#039;, java.version: &#039;1.8.0_351&#039;
Driver info: org.openqa.selenium.chrome.ChromeDriver
Capabilities {acceptInsecureCerts: false, browserName: chrome, browserVersion: 120.0.6099.217, chrome: {chromedriverVersion: 120.0.6099.109 (3419140ab66..., userDataDir: C:\Users\nisha.r\AppData\Lo...}, fedcm:accounts: true, goog:chromeOptions: {debuggerAddress: localhost:54189}, javascriptEnabled: true, networkConnectionEnabled: false, pageLoadStrategy: normal, platform: WINDOWS, platformName: WINDOWS, proxy: Proxy(), setWindowRect: true, strictFileInteractability: false, timeouts: {implicit: 0, pageLoad: 300000, script: 30000}, unhandledPromptBehavior: dismiss and notify, webauthn:extension:credBlob: true, webauthn:extension:largeBlob: true, webauthn:extension:minPinLength: true, webauthn:extension:prf: true, webauthn:virtualAuthenticators: true}
Session ID: faa1228fd660e89c62047183330b1df2">
      <![CDATA[org.openqa.selenium.ElementNotInteractableException: element not interactable: http://10.4.10.60:8080/CVWeb/viewDocument# has no size and location
  (Session info: chrome=120.0.6099.217)
Build info: version: '3.141.59', revision: 'e82be7d358', time: '2018-11-14T08:25:53'
System info: host: 'CIPLWKT014', ip: '10.4.8.14', os.name: 'Windows 10', os.arch: 'x86', os.version: '10.0', java.version: '1.8.0_351'
Driver info: org.openqa.selenium.chrome.ChromeDriver
Capabilities {acceptInsecureCerts: false, browserName: chrome, browserVersion: 120.0.6099.217, chrome: {chromedriverVersion: 120.0.6099.109 (3419140ab66..., userDataDir: C:\Users\nisha.r\AppData\Lo...}, fedcm:accounts: true, goog:chromeOptions: {debuggerAddress: localhost:54189}, javascriptEnabled: true, networkConnectionEnabled: false, pageLoadStrategy: normal, platform: WINDOWS, platformName: WINDOWS, proxy: Proxy(), setWindowRect: true, strictFileInteractability: false, timeouts: {implicit: 0, pageLoad: 300000, script: 30000}, unhandledPromptBehavior: dismiss and notify, webauthn:extension:credBlob: true, webauthn:extension:largeBlob: true, webauthn:extension:minPinLength: true, webauthn:extension:prf: true, webauthn:virtualAuthenticators: true}
Session ID: faa1228fd660e89c62047183330b1df2
at sun.reflect.GeneratedConstructorAccessor94.newInstance(Unknown Source)
at sun.reflect.DelegatingConstructorAccessorImpl.newInstance(Unknown Source)
at java.lang.reflect.Constructor.newInstance(Unknown Source)
at org.openqa.selenium.remote.http.W3CHttpResponseCodec.createException(W3CHttpResponseCodec.java:187)
at org.openqa.selenium.remote.http.W3CHttpResponseCodec.decode(W3CHttpResponseCodec.java:122)
at org.openqa.selenium.remote.http.W3CHttpResponseCodec.decode(W3CHttpResponseCodec.java:49)
at org.openqa.selenium.remote.HttpCommandExecutor.execute(HttpCommandExecutor.java:158)
at org.openqa.selenium.remote.service.DriverCommandExecutor.execute(DriverCommandExecutor.java:83)
at org.openqa.selenium.remote.RemoteWebDriver.execute(RemoteWebDriver.java:552)
at org.openqa.selenium.remote.RemoteWebDriver.perform(RemoteWebDriver.java:618)
at org.openqa.selenium.interactions.Actions$BuiltAction.perform(Actions.java:639)
at Generic.BaseClass.movingDoublecli(BaseClass.java:435)
at Script.Spanish_Language_Test.Verify_SendTo_Mail(Spanish_Language_Test.java:1015)
at sun.reflect.NativeMethodAccessorImpl.invoke0(Native Method)
at sun.reflect.NativeMethodAccessorImpl.invoke(Unknown Source)
at sun.reflect.DelegatingMethodAccessorImpl.invoke(Unknown Source)
at java.lang.reflect.Method.invoke(Unknown Source)
at org.testng.internal.MethodInvocationHelper.invokeMethod(MethodInvocationHelper.java:124)
at org.testng.internal.Invoker.invokeMethod(Invoker.java:583)
at org.testng.internal.Invoker.retryFailed(Invoker.java:839)
at org.testng.internal.Invoker.invokeTestMethods(Invoker.java:1010)
at org.testng.internal.TestMethodWorker.invokeTestMethods(TestMethodWorker.java:125)
at org.testng.internal.TestMethodWorker.run(TestMethodWorker.java:109)
at org.testng.TestRunner.privateRun(TestRunner.java:648)
at org.testng.TestRunner.run(TestRunner.java:505)
at org.testng.SuiteRunner.runTest(SuiteRunner.java:455)
at org.testng.SuiteRunner.runSequentially(SuiteRunner.java:450)
at org.testng.SuiteRunner.privateRun(SuiteRunner.java:415)
at org.testng.SuiteRunner.run(SuiteRunner.java:364)
at org.testng.SuiteRunnerWorker.runSuite(SuiteRunnerWorker.java:52)
at org.testng.SuiteRunnerWorker.run(SuiteRunnerWorker.java:84)
at org.testng.TestNG.runSuitesSequentially(TestNG.java:1208)
at org.testng.TestNG.runSuitesSequentially(TestNG.java:1204)
at org.testng.TestNG.runSuitesLocally(TestNG.java:1137)
at org.testng.TestNG.runSuites(TestNG.java:1049)
at org.testng.TestNG.run(TestNG.java:1017)
at org.testng.remote.AbstractRemoteTestNG.run(AbstractRemoteTestNG.java:114)
at org.testng.remote.RemoteTestNG.initAndRun(RemoteTestNG.java:251)
at org.testng.remote.RemoteTestNG.main(RemoteTestNG.java:77)
]]>
    </error>
  </testcase> <!-- Verify_SendTo_Mail -->
  <testcase name="Verify_SendTo_Print" time="36.517" classname="Script.Spanish_Language_Test"/>
  <testcase name="Verify_SendTo_Export" time="150.124" classname="Script.Spanish_Language_Test"/>
  <testcase name="Verify_SendTo_GenerateDocumentLink" time="46.978" classname="Script.Spanish_Language_Test"/>
  <testcase name="Verify_SendTo_SecureLink" time="78.580" classname="Script.Spanish_Language_Test"/>
</testsuite> <!-- Script.Spanish_Language_Test -->
