<?xml version="1.0" encoding="UTF-8"?>
<!-- Generated by org.testng.reporters.JUnitReportReporter -->
<testsuite hostname="CIPLWKT014" failures="0" tests="2" name="Script.RoomContextMenu_CopyPaste" time="101.608" errors="0" timestamp="2024-10-15T08:28:37 IST" skipped="0">
  <testcase classname="Script.RoomContextMenu_CopyPaste" name="Login" time="33.824"/>
  <system-out>
    <![CDATA[Log into EWA
Enter valid username into username text box
Enter valid password into password text box
Select a Room
Click on Login button
Session for user is already active.Do you want to create new session? dialog box displayed User click on OK button,
User logged in successfully...
User logged in successfully... ]]>
  </system-out>
  <testcase classname="Script.RoomContextMenu_CopyPaste" name="RoomContextMenu_CopyAndPasteDrawerLevel" time="67.784"/>
  <system-out>
    <![CDATA[Scenario 02: Verify RoomContextMenu tab - (copy and paste drawer)
Log into as admin user
Expand the cabinet
Select a drawer
Mousehover on Roomcontextmenu tab
Click on copy option
Expand another cabinet
Select another drawer
Mousehover on Roomcontextmenu tab
Paste option should be enable,Click on paste Option
Paste confirm dialog should be open,Click on paste confirm dialog OK button
Copy and a paste drawer successfully...]]>
  </system-out>
</testsuite> <!-- Script.RoomContextMenu_CopyPaste -->
