<?xml version="1.0" encoding="UTF-8"?>
<!-- Generated by org.testng.reporters.JUnitReportReporter -->
<testsuite skipped="0" hostname="CIPLWKT014" name="Script.Templates_Test" tests="7" failures="0" timestamp="18 Jan 2024 04:13:16 GMT" time="536.777" errors="0">
  <testcase name="verify_to_CreateorBrowse_Template_Defaultviewing" time="138.213" classname="Script.Templates_Test"/>
  <testcase name="Verify_to_Edit_and_Delete_DefaultTemplate" time="55.148" classname="Script.Templates_Test"/>
  <testcase name="verify_to_CreateorBrowse_Template_Advancedviewing_Officedoc" time="105.625" classname="Script.Templates_Test"/>
  <testcase name="Verify_to_Edit_and_Delete_AdvancedTemplate_Officedoc" time="49.995" classname="Script.Templates_Test"/>
  <testcase name="verify_to_Create_Formmapping_PDFTemplate_Advancedviewing" time="108.223" classname="Script.Templates_Test"/>
  <testcase name="Verify_to_Edit_and_Delete_FormFiled" time="50.386" classname="Script.Templates_Test"/>
  <testcase name="Set_Defaultview" time="29.187" classname="Script.Templates_Test"/>
</testsuite> <!-- Script.Templates_Test -->
