<?xml version="1.0" encoding="UTF-8"?>
<!-- Generated by org.testng.reporters.JUnitReportReporter -->
<testsuite skipped="0" hostname="CIPLWKT014" name="Script.ToDoListFunctionality" tests="9" failures="0" timestamp="03 Nov 2023 10:18:34 GMT" time="246.551" errors="0">
  <testcase name="Login" time="17.377" classname="Script.ToDoListFunctionality"/>
  <testcase name="SendDoc" time="45.724" classname="Script.ToDoListFunctionality"/>
  <testcase name="refrshAndLogVidyaUser" time="30.577" classname="Script.ToDoListFunctionality"/>
  <testcase name="SendAndNewItemsMetaDataAgree" time="24.282" classname="Script.ToDoListFunctionality"/>
  <testcase name="Task2UserNishaAccept" time="25.498" classname="Script.ToDoListFunctionality"/>
  <testcase name="TaskUser2RNishaRejectTheDocument" time="31.547" classname="Script.ToDoListFunctionality"/>
  <testcase name="refrshAndLogDipak" time="22.123" classname="Script.ToDoListFunctionality"/>
  <testcase name="SummaryStatusDialogBoxFucntions" time="18.991" classname="Script.ToDoListFunctionality"/>
  <testcase name="DocEndedFromTask3DipakUser" time="30.432" classname="Script.ToDoListFunctionality"/>
</testsuite> <!-- Script.ToDoListFunctionality -->
