<?xml version="1.0" encoding="UTF-8"?>
<!-- Generated by org.testng.reporters.JUnitReportReporter -->
<testsuite skipped="0" hostname="CIPLWKT014" name="Script.My_Preferences_PDF_with_Overlay" tests="2" failures="0" timestamp="18 Jan 2024 04:13:16 GMT" time="172.841" errors="0">
  <testcase name="Verify_PDF_with_Overlay_Disable" time="97.575" classname="Script.My_Preferences_PDF_with_Overlay"/>
  <testcase name="Verify_PDF_with_Overlay_Enable" time="75.266" classname="Script.My_Preferences_PDF_with_Overlay"/>
</testsuite> <!-- Script.My_Preferences_PDF_with_Overlay -->
