<?xml version="1.0" encoding="UTF-8"?>
<!-- Generated by org.testng.reporters.JUnitReportReporter -->
<testsuite skipped="0" hostname="CIPLWKT014" name="Script.DocuSignScript" tests="2" failures="0" timestamp="23 Jun 2024 07:25:36 GMT" time="140.262" errors="0">
  <testcase name="LogVCS" time="16.512" classname="Script.DocuSignScript"/>
  <testcase name="TC_1_DocusignDocument" time="123.750" classname="Script.DocuSignScript"/>
</testsuite> <!-- Script.DocuSignScript -->
