<?xml version="1.0" encoding="UTF-8"?>
<!-- Generated by org.testng.reporters.JUnitReportReporter -->
<testsuite skipped="0" hostname="CIPLWKT014" name="Script.Favorites" tests="3" failures="0" timestamp="24 Jun 2024 07:34:42 GMT" time="135.875" errors="0">
  <testcase name="CVSLogin" time="35.431" classname="Script.Favorites"/>
  <testcase name="TC_1_FavoriteInUserLevel" time="37.408" classname="Script.Favorites"/>
  <testcase name="TC_2_FavoriteInSystemLevel" time="63.036" classname="Script.Favorites"/>
</testsuite> <!-- Script.Favorites -->
