<?xml version="1.0" encoding="UTF-8"?>
<!-- Generated by org.testng.reporters.JUnitReportReporter -->
<testsuite skipped="0" hostname="CIPLWKT014" name="Script.PrintFunctionality" tests="8" failures="0" timestamp="26 Feb 2024 14:41:48 GMT" time="397.794" errors="0">
  <testcase name="LogVCS" time="13.609" classname="Script.PrintFunctionality"/>
  <testcase name="TC_1_Email_Reference" time="107.174" classname="Script.PrintFunctionality"/>
  <testcase name="TC_2_Email_Copy_WithMsgBox_SubjectBox" time="51.379" classname="Script.PrintFunctionality"/>
  <testcase name="TC_03_Email_ConvertPDF_WithAll_Annotations" time="55.450" classname="Script.PrintFunctionality"/>
  <testcase name="exports_with_convert_to_pdf_with_passwords" time="33.366" classname="Script.PrintFunctionality"/>
  <testcase name="exports_with_Retain" time="43.308" classname="Script.PrintFunctionality"/>
  <testcase name="exports_with_convert_to_pdf_and_best_quality" time="49.471" classname="Script.PrintFunctionality"/>
  <testcase name="exports_with_convert_to_pdf_and_include_workflow_summary" time="44.037" classname="Script.PrintFunctionality"/>
</testsuite> <!-- Script.PrintFunctionality -->
