<?xml version="1.0" encoding="UTF-8"?>
<!-- Generated by org.testng.reporters.JUnitReportReporter -->
<testsuite hostname="CIPLWKT014" failures="0" tests="11" name="Script.Security_dialog_Test" time="523.572" errors="10" timestamp="2024-10-28T16:47:07 IST" skipped="0">
  <testcase classname="Script.Security_dialog_Test" name="Login_EWA" time="43.036">
    <system-out>
      <![CDATA[Enter valid username into username field
Enter valid password into password field
Select a room
Click on the Login button
Session for Dipak is already active.Do you want to create new session?this message is displayed
Click on the Yes button
User has logged in successfully.]]>
    </system-out>
  </testcase> <!-- Login_EWA -->
  <testcase classname="Script.Security_dialog_Test" name="TC_01_Give_All_permission_To_Cabinet" time="36.702">
    <error message="Cannot locate element with text: CVWin19Server.Win2019_TestRoom
For documentation on this error, please visit: https://www.seleniumhq.org/exceptions/no_such_element.html
Build info: version: &#039;3.141.59&#039;, revision: &#039;e82be7d358&#039;, time: &#039;2018-11-14T08:25:53&#039;
System info: host: &#039;CIPLWKT014&#039;, ip: &#039;10.4.8.14&#039;, os.name: &#039;Windows 10&#039;, os.arch: &#039;amd64&#039;, os.version: &#039;10.0&#039;, java.version: &#039;22.0.2&#039;
Driver info: driver.version: unknown" type="org.openqa.selenium.NoSuchElementException">
      <![CDATA[org.openqa.selenium.NoSuchElementException: Cannot locate element with text: CVWin19Server.Win2019_TestRoom
For documentation on this error, please visit: https://www.seleniumhq.org/exceptions/no_such_element.html
Build info: version: '3.141.59', revision: 'e82be7d358', time: '2018-11-14T08:25:53'
System info: host: 'CIPLWKT014', ip: '10.4.8.14', os.name: 'Windows 10', os.arch: 'amd64', os.version: '10.0', java.version: '22.0.2'
Driver info: driver.version: unknown
at org.openqa.selenium.support.ui.Select.selectByVisibleText(Select.java:147)
at Generic.BaseClass.LoginAdminUser(BaseClass.java:517)
at Pom.Security.All_permission_To_Cabinet(Security.java:427)
at Script.Security_dialog_Test.TC_01_Give_All_permission_To_Cabinet(Security_dialog_Test.java:32)
at java.base/jdk.internal.reflect.DirectMethodHandleAccessor.invoke(DirectMethodHandleAccessor.java:103)
at java.base/java.lang.reflect.Method.invoke(Method.java:580)
at org.testng.internal.invokers.MethodInvocationHelper.invokeMethod(MethodInvocationHelper.java:141)
at org.testng.internal.invokers.TestInvoker.invokeMethod(TestInvoker.java:686)
at org.testng.internal.invokers.TestInvoker.invokeTestMethod(TestInvoker.java:230)
at org.testng.internal.invokers.MethodRunner.runInSequence(MethodRunner.java:63)
at org.testng.internal.invokers.TestInvoker$MethodInvocationAgent.invoke(TestInvoker.java:992)
at org.testng.internal.invokers.TestInvoker.invokeTestMethods(TestInvoker.java:203)
at org.testng.internal.invokers.TestMethodWorker.invokeTestMethods(TestMethodWorker.java:154)
at org.testng.internal.invokers.TestMethodWorker.run(TestMethodWorker.java:134)
at java.base/java.util.ArrayList.forEach(ArrayList.java:1597)
at org.testng.TestRunner.privateRun(TestRunner.java:739)
at org.testng.TestRunner.run(TestRunner.java:614)
at org.testng.SuiteRunner.runTest(SuiteRunner.java:421)
at org.testng.SuiteRunner.runSequentially(SuiteRunner.java:413)
at org.testng.SuiteRunner.privateRun(SuiteRunner.java:373)
at org.testng.SuiteRunner.run(SuiteRunner.java:312)
at org.testng.SuiteRunnerWorker.runSuite(SuiteRunnerWorker.java:52)
at org.testng.SuiteRunnerWorker.run(SuiteRunnerWorker.java:95)
at org.testng.TestNG.runSuitesSequentially(TestNG.java:1274)
at org.testng.TestNG.runSuitesLocally(TestNG.java:1208)
at org.testng.TestNG.runSuites(TestNG.java:1112)
at org.testng.TestNG.run(TestNG.java:1079)
at org.testng.remote.AbstractRemoteTestNG.run(AbstractRemoteTestNG.java:115)
at org.testng.remote.RemoteTestNG.initAndRun(RemoteTestNG.java:293)
at org.testng.remote.RemoteTestNG.main(RemoteTestNG.java:91)
]]>
    </error>
    <system-out>
      <![CDATA[Test Scenario 1 : Give All permission for Cabinet 
Click on Refresh button
Click on Username
Click on Logout Option
Enter valid username into username field
Enter valid password into password field]]>
    </system-out>
  </testcase> <!-- TC_01_Give_All_permission_To_Cabinet -->
  <testcase classname="Script.Security_dialog_Test" name="TC_02_Verify_All_permission_for_Cabinet" time="192.034">
    <error message="java.lang.reflect.InvocationTargetException
Build info: version: &#039;3.141.59&#039;, revision: &#039;e82be7d358&#039;, time: &#039;2018-11-14T08:25:53&#039;
System info: host: &#039;CIPLWKT014&#039;, ip: &#039;10.4.8.14&#039;, os.name: &#039;Windows 10&#039;, os.arch: &#039;amd64&#039;, os.version: &#039;10.0&#039;, java.version: &#039;22.0.2&#039;
Driver info: driver.version: RemoteWebDriver" type="org.openqa.selenium.json.JsonException">
      <![CDATA[org.openqa.selenium.json.JsonException: java.lang.reflect.InvocationTargetException
Build info: version: '3.141.59', revision: 'e82be7d358', time: '2018-11-14T08:25:53'
System info: host: 'CIPLWKT014', ip: '10.4.8.14', os.name: 'Windows 10', os.arch: 'amd64', os.version: '10.0', java.version: '22.0.2'
Driver info: driver.version: RemoteWebDriver
at org.openqa.selenium.json.JsonOutput.convertUsingMethod(JsonOutput.java:332)
at org.openqa.selenium.json.JsonOutput.lambda$new$16(JsonOutput.java:155)
at org.openqa.selenium.json.JsonOutput.write(JsonOutput.java:264)
at org.openqa.selenium.json.JsonOutput.lambda$null$21(JsonOutput.java:168)
at java.base/java.util.LinkedHashMap$LinkedValues.forEach(LinkedHashMap.java:833)
at org.openqa.selenium.json.JsonOutput.lambda$new$22(JsonOutput.java:168)
at org.openqa.selenium.json.JsonOutput.write(JsonOutput.java:264)
at org.openqa.selenium.json.JsonOutput.lambda$null$23(JsonOutput.java:177)
at com.google.common.collect.SingletonImmutableBiMap.forEach(SingletonImmutableBiMap.java:65)
at org.openqa.selenium.json.JsonOutput.lambda$new$24(JsonOutput.java:176)
at org.openqa.selenium.json.JsonOutput.write(JsonOutput.java:264)
at org.openqa.selenium.json.JsonOutput.write(JsonOutput.java:255)
at org.openqa.selenium.json.Json.toJson(Json.java:42)
at org.openqa.selenium.remote.http.AbstractHttpCommandCodec.encode(AbstractHttpCommandCodec.java:227)
at org.openqa.selenium.remote.http.AbstractHttpCommandCodec.encode(AbstractHttpCommandCodec.java:117)
at org.openqa.selenium.remote.HttpCommandExecutor.execute(HttpCommandExecutor.java:152)
at org.openqa.selenium.remote.service.DriverCommandExecutor.execute(DriverCommandExecutor.java:83)
at org.openqa.selenium.remote.RemoteWebDriver.execute(RemoteWebDriver.java:552)
at org.openqa.selenium.remote.RemoteWebDriver.perform(RemoteWebDriver.java:618)
at org.openqa.selenium.interactions.Actions$BuiltAction.perform(Actions.java:639)
at org.openqa.selenium.interactions.Actions.perform(Actions.java:595)
at Generic.BaseClass.selectElement(BaseClass.java:1127)
at Pom.Security.Verify_Permission_CabinetLevel(Security.java:582)
at Script.Security_dialog_Test.TC_02_Verify_All_permission_for_Cabinet(Security_dialog_Test.java:39)
at java.base/jdk.internal.reflect.DirectMethodHandleAccessor.invoke(DirectMethodHandleAccessor.java:103)
at java.base/java.lang.reflect.Method.invoke(Method.java:580)
at org.testng.internal.invokers.MethodInvocationHelper.invokeMethod(MethodInvocationHelper.java:141)
at org.testng.internal.invokers.TestInvoker.invokeMethod(TestInvoker.java:686)
at org.testng.internal.invokers.TestInvoker.invokeTestMethod(TestInvoker.java:230)
at org.testng.internal.invokers.MethodRunner.runInSequence(MethodRunner.java:63)
at org.testng.internal.invokers.TestInvoker$MethodInvocationAgent.invoke(TestInvoker.java:992)
at org.testng.internal.invokers.TestInvoker.invokeTestMethods(TestInvoker.java:203)
at org.testng.internal.invokers.TestMethodWorker.invokeTestMethods(TestMethodWorker.java:154)
at org.testng.internal.invokers.TestMethodWorker.run(TestMethodWorker.java:134)
at java.base/java.util.ArrayList.forEach(ArrayList.java:1597)
at org.testng.TestRunner.privateRun(TestRunner.java:739)
at org.testng.TestRunner.run(TestRunner.java:614)
at org.testng.SuiteRunner.runTest(SuiteRunner.java:421)
at org.testng.SuiteRunner.runSequentially(SuiteRunner.java:413)
at org.testng.SuiteRunner.privateRun(SuiteRunner.java:373)
at org.testng.SuiteRunner.run(SuiteRunner.java:312)
at org.testng.SuiteRunnerWorker.runSuite(SuiteRunnerWorker.java:52)
at org.testng.SuiteRunnerWorker.run(SuiteRunnerWorker.java:95)
at org.testng.TestNG.runSuitesSequentially(TestNG.java:1274)
at org.testng.TestNG.runSuitesLocally(TestNG.java:1208)
at org.testng.TestNG.runSuites(TestNG.java:1112)
at org.testng.TestNG.run(TestNG.java:1079)
at org.testng.remote.AbstractRemoteTestNG.run(AbstractRemoteTestNG.java:115)
at org.testng.remote.RemoteTestNG.initAndRun(RemoteTestNG.java:293)
at org.testng.remote.RemoteTestNG.main(RemoteTestNG.java:91)
Suppressed: org.openqa.selenium.json.JsonException: Attempting to close incomplete json stream
Build info: version: '3.141.59', revision: 'e82be7d358', time: '2018-11-14T08:25:53'
System info: host: 'CIPLWKT014', ip: '10.4.8.14', os.name: 'Windows 10', os.arch: 'amd64', os.version: '10.0', java.version: '22.0.2'
Driver info: driver.version: RemoteWebDriver
at org.openqa.selenium.json.JsonOutput.close(JsonOutput.java:279)
at org.openqa.selenium.json.Json.toJson(Json.java:44)
... 37 more
Caused by: java.lang.reflect.InvocationTargetException
at java.base/jdk.internal.reflect.DirectMethodHandleAccessor.invoke(DirectMethodHandleAccessor.java:118)
at java.base/java.lang.reflect.Method.invoke(Method.java:580)
at org.openqa.selenium.json.JsonOutput.convertUsingMethod(JsonOutput.java:328)
... 49 more
Caused by: org.openqa.selenium.NoSuchElementException: no such element: Unable to locate element: {"method":"xpath","selector":".//div[@id='viewDocumentnavigator']/ul[1]/li[1]/a[1]"}
  (Session info: MicrosoftEdge=130.0.2849.56)
For documentation on this error, please visit: https://www.seleniumhq.org/exceptions/no_such_element.html
Build info: version: '3.141.59', revision: 'e82be7d358', time: '2018-11-14T08:25:53'
System info: host: 'CIPLWKT014', ip: '10.4.8.14', os.name: 'Windows 10', os.arch: 'amd64', os.version: '10.0', java.version: '22.0.2'
Driver info: org.openqa.selenium.edge.EdgeDriver
Capabilities {acceptInsecureCerts: false, browserName: MicrosoftEdge, browserVersion: 130.0.2849.56, fedcm:accounts: true, javascriptEnabled: true, ms:edgeOptions: {debuggerAddress: localhost:50839}, msedge: {msedgedriverVersion: 130.0.2849.56 (85245383cd01..., userDataDir: C:\Users\nisha.r\AppData\Lo...}, networkConnectionEnabled: false, pageLoadStrategy: normal, platform: WINDOWS, platformName: WINDOWS, proxy: Proxy(), setWindowRect: true, strictFileInteractability: false, timeouts: {implicit: 0, pageLoad: 300000, script: 30000}, unhandledPromptBehavior: dismiss and notify, webauthn:extension:credBlob: true, webauthn:extension:largeBlob: true, webauthn:extension:minPinLength: true, webauthn:extension:prf: true, webauthn:virtualAuthenticators: true}
Session ID: a14d321e9acd9ba253a5b19c905a962a
*** Element info: {Using=xpath, value=.//div[@id='viewDocumentnavigator']/ul[1]/li[1]/a[1]}
at java.base/jdk.internal.reflect.DirectConstructorHandleAccessor.newInstance(DirectConstructorHandleAccessor.java:62)
at java.base/java.lang.reflect.Constructor.newInstanceWithCaller(Constructor.java:502)
at java.base/java.lang.reflect.Constructor.newInstance(Constructor.java:486)
at org.openqa.selenium.remote.http.W3CHttpResponseCodec.createException(W3CHttpResponseCodec.java:187)
at org.openqa.selenium.remote.http.W3CHttpResponseCodec.decode(W3CHttpResponseCodec.java:122)
at org.openqa.selenium.remote.http.W3CHttpResponseCodec.decode(W3CHttpResponseCodec.java:49)
at org.openqa.selenium.remote.HttpCommandExecutor.execute(HttpCommandExecutor.java:158)
at org.openqa.selenium.remote.service.DriverCommandExecutor.execute(DriverCommandExecutor.java:83)
at org.openqa.selenium.remote.RemoteWebDriver.execute(RemoteWebDriver.java:552)
at org.openqa.selenium.remote.RemoteWebDriver.findElement(RemoteWebDriver.java:323)
at org.openqa.selenium.remote.RemoteWebDriver.findElementByXPath(RemoteWebDriver.java:428)
at org.openqa.selenium.By$ByXPath.findElement(By.java:353)
at org.openqa.selenium.remote.RemoteWebDriver.findElement(RemoteWebDriver.java:315)
at org.openqa.selenium.support.pagefactory.DefaultElementLocator.findElement(DefaultElementLocator.java:69)
at org.openqa.selenium.support.pagefactory.internal.LocatingElementHandler.invoke(LocatingElementHandler.java:38)
at jdk.proxy2/jdk.proxy2.$Proxy7.getWrappedElement(Unknown Source)
at org.openqa.selenium.interactions.PointerInput$Origin.asArg(PointerInput.java:204)
at org.openqa.selenium.interactions.PointerInput$Move.encode(PointerInput.java:155)
at org.openqa.selenium.interactions.Sequence.encode(Sequence.java:75)
at org.openqa.selenium.interactions.Sequence.toJson(Sequence.java:84)
at java.base/jdk.internal.reflect.DirectMethodHandleAccessor.invoke(DirectMethodHandleAccessor.java:103)
... 51 more
]]>
    </error>
    <system-out>
      <![CDATA[Test Scenario 2 : Verifying All permission for Cabinet
Enter valid username into username field
Enter valid password into password field
Select a room
Click on the Login button
Login EWA with User credential
Click on Refresh button
Click on Setting Icon
Click on My Preferences Option
Select Office Document and set Default View
Select Pdf Document and set Default View
Click on Security dialog Apply button
Click on New Document Tab
Click on Destination Folder Textbox
Expand a Cabinet
Expand a Drawer
select a Folder
Click on Ok button 
Select Value from Document type dropdown
Enter value into Report Name field
Browse a Document Page
By using AutoIT add file from external folder
Click on Create button]]>
    </system-out>
  </testcase> <!-- TC_02_Verify_All_permission_for_Cabinet -->
  <testcase classname="Script.Security_dialog_Test" name="TC_03_Remove_All_permission_for_Cabinet" time="10.767">
    <error message="Cannot locate element with text: CVWin19Server.Win2019_TestRoom
For documentation on this error, please visit: https://www.seleniumhq.org/exceptions/no_such_element.html
Build info: version: &#039;3.141.59&#039;, revision: &#039;e82be7d358&#039;, time: &#039;2018-11-14T08:25:53&#039;
System info: host: &#039;CIPLWKT014&#039;, ip: &#039;10.4.8.14&#039;, os.name: &#039;Windows 10&#039;, os.arch: &#039;amd64&#039;, os.version: &#039;10.0&#039;, java.version: &#039;22.0.2&#039;
Driver info: driver.version: unknown" type="org.openqa.selenium.NoSuchElementException">
      <![CDATA[org.openqa.selenium.NoSuchElementException: Cannot locate element with text: CVWin19Server.Win2019_TestRoom
For documentation on this error, please visit: https://www.seleniumhq.org/exceptions/no_such_element.html
Build info: version: '3.141.59', revision: 'e82be7d358', time: '2018-11-14T08:25:53'
System info: host: 'CIPLWKT014', ip: '10.4.8.14', os.name: 'Windows 10', os.arch: 'amd64', os.version: '10.0', java.version: '22.0.2'
Driver info: driver.version: unknown
at org.openqa.selenium.support.ui.Select.selectByVisibleText(Select.java:147)
at Generic.BaseClass.LoginAdminUser(BaseClass.java:517)
at Pom.Security.Remove_All_permission_Cabinet(Security.java:660)
at Script.Security_dialog_Test.TC_03_Remove_All_permission_for_Cabinet(Security_dialog_Test.java:46)
at java.base/jdk.internal.reflect.DirectMethodHandleAccessor.invoke(DirectMethodHandleAccessor.java:103)
at java.base/java.lang.reflect.Method.invoke(Method.java:580)
at org.testng.internal.invokers.MethodInvocationHelper.invokeMethod(MethodInvocationHelper.java:141)
at org.testng.internal.invokers.TestInvoker.invokeMethod(TestInvoker.java:686)
at org.testng.internal.invokers.TestInvoker.invokeTestMethod(TestInvoker.java:230)
at org.testng.internal.invokers.MethodRunner.runInSequence(MethodRunner.java:63)
at org.testng.internal.invokers.TestInvoker$MethodInvocationAgent.invoke(TestInvoker.java:992)
at org.testng.internal.invokers.TestInvoker.invokeTestMethods(TestInvoker.java:203)
at org.testng.internal.invokers.TestMethodWorker.invokeTestMethods(TestMethodWorker.java:154)
at org.testng.internal.invokers.TestMethodWorker.run(TestMethodWorker.java:134)
at java.base/java.util.ArrayList.forEach(ArrayList.java:1597)
at org.testng.TestRunner.privateRun(TestRunner.java:739)
at org.testng.TestRunner.run(TestRunner.java:614)
at org.testng.SuiteRunner.runTest(SuiteRunner.java:421)
at org.testng.SuiteRunner.runSequentially(SuiteRunner.java:413)
at org.testng.SuiteRunner.privateRun(SuiteRunner.java:373)
at org.testng.SuiteRunner.run(SuiteRunner.java:312)
at org.testng.SuiteRunnerWorker.runSuite(SuiteRunnerWorker.java:52)
at org.testng.SuiteRunnerWorker.run(SuiteRunnerWorker.java:95)
at org.testng.TestNG.runSuitesSequentially(TestNG.java:1274)
at org.testng.TestNG.runSuitesLocally(TestNG.java:1208)
at org.testng.TestNG.runSuites(TestNG.java:1112)
at org.testng.TestNG.run(TestNG.java:1079)
at org.testng.remote.AbstractRemoteTestNG.run(AbstractRemoteTestNG.java:115)
at org.testng.remote.RemoteTestNG.initAndRun(RemoteTestNG.java:293)
at org.testng.remote.RemoteTestNG.main(RemoteTestNG.java:91)
]]>
    </error>
    <system-out>
      <![CDATA[Test Scenario 3 : Remove All permission To  for Cabinet
Enter valid username into username field
Enter valid password into password field]]>
    </system-out>
  </testcase> <!-- TC_03_Remove_All_permission_for_Cabinet -->
  <testcase classname="Script.Security_dialog_Test" name="TC_04_Set_Delete_permission_Denied_for_Folder" time="36.843">
    <error message="no such element: Unable to locate element: {&quot;method&quot;:&quot;xpath&quot;,&quot;selector&quot;:&quot;//*[@id=&quot;homeMenuBtn&quot;]/img&quot;}
  (Session info: MicrosoftEdge=130.0.2849.56)
For documentation on this error, please visit: https://www.seleniumhq.org/exceptions/no_such_element.html
Build info: version: &#039;3.141.59&#039;, revision: &#039;e82be7d358&#039;, time: &#039;2018-11-14T08:25:53&#039;
System info: host: &#039;CIPLWKT014&#039;, ip: &#039;10.4.8.14&#039;, os.name: &#039;Windows 10&#039;, os.arch: &#039;amd64&#039;, os.version: &#039;10.0&#039;, java.version: &#039;22.0.2&#039;
Driver info: org.openqa.selenium.edge.EdgeDriver
Capabilities {acceptInsecureCerts: false, browserName: MicrosoftEdge, browserVersion: 130.0.2849.56, fedcm:accounts: true, javascriptEnabled: true, ms:edgeOptions: {debuggerAddress: localhost:50839}, msedge: {msedgedriverVersion: 130.0.2849.56 (85245383cd01..., userDataDir: C:\Users\nisha.r\AppData\Lo...}, networkConnectionEnabled: false, pageLoadStrategy: normal, platform: WINDOWS, platformName: WINDOWS, proxy: Proxy(), setWindowRect: true, strictFileInteractability: false, timeouts: {implicit: 0, pageLoad: 300000, script: 30000}, unhandledPromptBehavior: dismiss and notify, webauthn:extension:credBlob: true, webauthn:extension:largeBlob: true, webauthn:extension:minPinLength: true, webauthn:extension:prf: true, webauthn:virtualAuthenticators: true}
Session ID: a14d321e9acd9ba253a5b19c905a962a
*** Element info: {Using=xpath, value=//*[@id=&quot;homeMenuBtn&quot;]/img}" type="org.openqa.selenium.NoSuchElementException">
      <![CDATA[org.openqa.selenium.NoSuchElementException: no such element: Unable to locate element: {"method":"xpath","selector":"//*[@id="homeMenuBtn"]/img"}
  (Session info: MicrosoftEdge=130.0.2849.56)
For documentation on this error, please visit: https://www.seleniumhq.org/exceptions/no_such_element.html
Build info: version: '3.141.59', revision: 'e82be7d358', time: '2018-11-14T08:25:53'
System info: host: 'CIPLWKT014', ip: '10.4.8.14', os.name: 'Windows 10', os.arch: 'amd64', os.version: '10.0', java.version: '22.0.2'
Driver info: org.openqa.selenium.edge.EdgeDriver
Capabilities {acceptInsecureCerts: false, browserName: MicrosoftEdge, browserVersion: 130.0.2849.56, fedcm:accounts: true, javascriptEnabled: true, ms:edgeOptions: {debuggerAddress: localhost:50839}, msedge: {msedgedriverVersion: 130.0.2849.56 (85245383cd01..., userDataDir: C:\Users\nisha.r\AppData\Lo...}, networkConnectionEnabled: false, pageLoadStrategy: normal, platform: WINDOWS, platformName: WINDOWS, proxy: Proxy(), setWindowRect: true, strictFileInteractability: false, timeouts: {implicit: 0, pageLoad: 300000, script: 30000}, unhandledPromptBehavior: dismiss and notify, webauthn:extension:credBlob: true, webauthn:extension:largeBlob: true, webauthn:extension:minPinLength: true, webauthn:extension:prf: true, webauthn:virtualAuthenticators: true}
Session ID: a14d321e9acd9ba253a5b19c905a962a
*** Element info: {Using=xpath, value=//*[@id="homeMenuBtn"]/img}
at java.base/jdk.internal.reflect.DirectConstructorHandleAccessor.newInstance(DirectConstructorHandleAccessor.java:62)
at java.base/java.lang.reflect.Constructor.newInstanceWithCaller(Constructor.java:502)
at java.base/java.lang.reflect.Constructor.newInstance(Constructor.java:486)
at org.openqa.selenium.remote.http.W3CHttpResponseCodec.createException(W3CHttpResponseCodec.java:187)
at org.openqa.selenium.remote.http.W3CHttpResponseCodec.decode(W3CHttpResponseCodec.java:122)
at org.openqa.selenium.remote.http.W3CHttpResponseCodec.decode(W3CHttpResponseCodec.java:49)
at org.openqa.selenium.remote.HttpCommandExecutor.execute(HttpCommandExecutor.java:158)
at org.openqa.selenium.remote.service.DriverCommandExecutor.execute(DriverCommandExecutor.java:83)
at org.openqa.selenium.remote.RemoteWebDriver.execute(RemoteWebDriver.java:552)
at org.openqa.selenium.remote.RemoteWebDriver.findElement(RemoteWebDriver.java:323)
at org.openqa.selenium.remote.RemoteWebDriver.findElementByXPath(RemoteWebDriver.java:428)
at org.openqa.selenium.By$ByXPath.findElement(By.java:353)
at org.openqa.selenium.remote.RemoteWebDriver.findElement(RemoteWebDriver.java:315)
at Generic.BaseClass.Refresh_Button(BaseClass.java:747)
at Pom.Security.Set_Delete_Denied_onFolder(Security.java:698)
at Script.Security_dialog_Test.TC_04_Set_Delete_permission_Denied_for_Folder(Security_dialog_Test.java:53)
at java.base/jdk.internal.reflect.DirectMethodHandleAccessor.invoke(DirectMethodHandleAccessor.java:103)
at java.base/java.lang.reflect.Method.invoke(Method.java:580)
at org.testng.internal.invokers.MethodInvocationHelper.invokeMethod(MethodInvocationHelper.java:141)
at org.testng.internal.invokers.TestInvoker.invokeMethod(TestInvoker.java:686)
at org.testng.internal.invokers.TestInvoker.invokeTestMethod(TestInvoker.java:230)
at org.testng.internal.invokers.MethodRunner.runInSequence(MethodRunner.java:63)
at org.testng.internal.invokers.TestInvoker$MethodInvocationAgent.invoke(TestInvoker.java:992)
at org.testng.internal.invokers.TestInvoker.invokeTestMethods(TestInvoker.java:203)
at org.testng.internal.invokers.TestMethodWorker.invokeTestMethods(TestMethodWorker.java:154)
at org.testng.internal.invokers.TestMethodWorker.run(TestMethodWorker.java:134)
at java.base/java.util.ArrayList.forEach(ArrayList.java:1597)
at org.testng.TestRunner.privateRun(TestRunner.java:739)
at org.testng.TestRunner.run(TestRunner.java:614)
at org.testng.SuiteRunner.runTest(SuiteRunner.java:421)
at org.testng.SuiteRunner.runSequentially(SuiteRunner.java:413)
at org.testng.SuiteRunner.privateRun(SuiteRunner.java:373)
at org.testng.SuiteRunner.run(SuiteRunner.java:312)
at org.testng.SuiteRunnerWorker.runSuite(SuiteRunnerWorker.java:52)
at org.testng.SuiteRunnerWorker.run(SuiteRunnerWorker.java:95)
at org.testng.TestNG.runSuitesSequentially(TestNG.java:1274)
at org.testng.TestNG.runSuitesLocally(TestNG.java:1208)
at org.testng.TestNG.runSuites(TestNG.java:1112)
at org.testng.TestNG.run(TestNG.java:1079)
at org.testng.remote.AbstractRemoteTestNG.run(AbstractRemoteTestNG.java:115)
at org.testng.remote.RemoteTestNG.initAndRun(RemoteTestNG.java:293)
at org.testng.remote.RemoteTestNG.main(RemoteTestNG.java:91)
]]>
    </error>
    <system-out>
      <![CDATA[Test Scenario 4 : Set Delete permission Denied for Folder
Enter valid username into username field
Enter valid password into password field]]>
    </system-out>
  </testcase> <!-- TC_04_Set_Delete_permission_Denied_for_Folder -->
  <testcase classname="Script.Security_dialog_Test" name="TC_05_Verify_Delete_permission_Denied_for_Folder" time="99.937">
    <error message="no such element: Unable to locate element: {&quot;method&quot;:&quot;xpath&quot;,&quot;selector&quot;:&quot;//*[@id=&quot;documentListTable&quot;]/tbody/tr[1]/td[1]/label/span&quot;}
  (Session info: MicrosoftEdge=130.0.2849.56)
For documentation on this error, please visit: https://www.seleniumhq.org/exceptions/no_such_element.html
Build info: version: &#039;3.141.59&#039;, revision: &#039;e82be7d358&#039;, time: &#039;2018-11-14T08:25:53&#039;
System info: host: &#039;CIPLWKT014&#039;, ip: &#039;10.4.8.14&#039;, os.name: &#039;Windows 10&#039;, os.arch: &#039;amd64&#039;, os.version: &#039;10.0&#039;, java.version: &#039;22.0.2&#039;
Driver info: org.openqa.selenium.edge.EdgeDriver
Capabilities {acceptInsecureCerts: false, browserName: MicrosoftEdge, browserVersion: 130.0.2849.56, fedcm:accounts: true, javascriptEnabled: true, ms:edgeOptions: {debuggerAddress: localhost:50839}, msedge: {msedgedriverVersion: 130.0.2849.56 (85245383cd01..., userDataDir: C:\Users\nisha.r\AppData\Lo...}, networkConnectionEnabled: false, pageLoadStrategy: normal, platform: WINDOWS, platformName: WINDOWS, proxy: Proxy(), setWindowRect: true, strictFileInteractability: false, timeouts: {implicit: 0, pageLoad: 300000, script: 30000}, unhandledPromptBehavior: dismiss and notify, webauthn:extension:credBlob: true, webauthn:extension:largeBlob: true, webauthn:extension:minPinLength: true, webauthn:extension:prf: true, webauthn:virtualAuthenticators: true}
Session ID: a14d321e9acd9ba253a5b19c905a962a
*** Element info: {Using=xpath, value=//*[@id=&quot;documentListTable&quot;]/tbody/tr[1]/td[1]/label/span}" type="org.openqa.selenium.NoSuchElementException">
      <![CDATA[org.openqa.selenium.NoSuchElementException: no such element: Unable to locate element: {"method":"xpath","selector":"//*[@id="documentListTable"]/tbody/tr[1]/td[1]/label/span"}
  (Session info: MicrosoftEdge=130.0.2849.56)
For documentation on this error, please visit: https://www.seleniumhq.org/exceptions/no_such_element.html
Build info: version: '3.141.59', revision: 'e82be7d358', time: '2018-11-14T08:25:53'
System info: host: 'CIPLWKT014', ip: '10.4.8.14', os.name: 'Windows 10', os.arch: 'amd64', os.version: '10.0', java.version: '22.0.2'
Driver info: org.openqa.selenium.edge.EdgeDriver
Capabilities {acceptInsecureCerts: false, browserName: MicrosoftEdge, browserVersion: 130.0.2849.56, fedcm:accounts: true, javascriptEnabled: true, ms:edgeOptions: {debuggerAddress: localhost:50839}, msedge: {msedgedriverVersion: 130.0.2849.56 (85245383cd01..., userDataDir: C:\Users\nisha.r\AppData\Lo...}, networkConnectionEnabled: false, pageLoadStrategy: normal, platform: WINDOWS, platformName: WINDOWS, proxy: Proxy(), setWindowRect: true, strictFileInteractability: false, timeouts: {implicit: 0, pageLoad: 300000, script: 30000}, unhandledPromptBehavior: dismiss and notify, webauthn:extension:credBlob: true, webauthn:extension:largeBlob: true, webauthn:extension:minPinLength: true, webauthn:extension:prf: true, webauthn:virtualAuthenticators: true}
Session ID: a14d321e9acd9ba253a5b19c905a962a
*** Element info: {Using=xpath, value=//*[@id="documentListTable"]/tbody/tr[1]/td[1]/label/span}
at java.base/jdk.internal.reflect.DirectConstructorHandleAccessor.newInstance(DirectConstructorHandleAccessor.java:62)
at java.base/java.lang.reflect.Constructor.newInstanceWithCaller(Constructor.java:502)
at java.base/java.lang.reflect.Constructor.newInstance(Constructor.java:486)
at org.openqa.selenium.remote.http.W3CHttpResponseCodec.createException(W3CHttpResponseCodec.java:187)
at org.openqa.selenium.remote.http.W3CHttpResponseCodec.decode(W3CHttpResponseCodec.java:122)
at org.openqa.selenium.remote.http.W3CHttpResponseCodec.decode(W3CHttpResponseCodec.java:49)
at org.openqa.selenium.remote.HttpCommandExecutor.execute(HttpCommandExecutor.java:158)
at org.openqa.selenium.remote.service.DriverCommandExecutor.execute(DriverCommandExecutor.java:83)
at org.openqa.selenium.remote.RemoteWebDriver.execute(RemoteWebDriver.java:552)
at org.openqa.selenium.remote.RemoteWebDriver.findElement(RemoteWebDriver.java:323)
at org.openqa.selenium.remote.RemoteWebDriver.findElementByXPath(RemoteWebDriver.java:428)
at org.openqa.selenium.By$ByXPath.findElement(By.java:353)
at org.openqa.selenium.remote.RemoteWebDriver.findElement(RemoteWebDriver.java:315)
at org.openqa.selenium.support.pagefactory.DefaultElementLocator.findElement(DefaultElementLocator.java:69)
at org.openqa.selenium.support.pagefactory.internal.LocatingElementHandler.invoke(LocatingElementHandler.java:38)
at jdk.proxy2/jdk.proxy2.$Proxy7.getWrappedElement(Unknown Source)
at org.openqa.selenium.remote.internal.WebElementToJsonConverter.apply(WebElementToJsonConverter.java:50)
at java.base/java.util.stream.ReferencePipeline$3$1.accept(ReferencePipeline.java:212)
at java.base/java.util.Spliterators$ArraySpliterator.forEachRemaining(Spliterators.java:1024)
at java.base/java.util.stream.AbstractPipeline.copyInto(AbstractPipeline.java:556)
at java.base/java.util.stream.AbstractPipeline.wrapAndCopyInto(AbstractPipeline.java:546)
at java.base/java.util.stream.ReduceOps$ReduceOp.evaluateSequential(ReduceOps.java:921)
at java.base/java.util.stream.AbstractPipeline.evaluate(AbstractPipeline.java:265)
at java.base/java.util.stream.ReferencePipeline.collect(ReferencePipeline.java:702)
at org.openqa.selenium.remote.RemoteWebDriver.executeScript(RemoteWebDriver.java:484)
at Generic.BaseClass.jsclick(BaseClass.java:1195)
at Pom.Security.Verify_Delete_permission_Denied_Folder(Security.java:794)
at Script.Security_dialog_Test.TC_05_Verify_Delete_permission_Denied_for_Folder(Security_dialog_Test.java:60)
at java.base/jdk.internal.reflect.DirectMethodHandleAccessor.invoke(DirectMethodHandleAccessor.java:103)
at java.base/java.lang.reflect.Method.invoke(Method.java:580)
at org.testng.internal.invokers.MethodInvocationHelper.invokeMethod(MethodInvocationHelper.java:141)
at org.testng.internal.invokers.TestInvoker.invokeMethod(TestInvoker.java:686)
at org.testng.internal.invokers.TestInvoker.invokeTestMethod(TestInvoker.java:230)
at org.testng.internal.invokers.MethodRunner.runInSequence(MethodRunner.java:63)
at org.testng.internal.invokers.TestInvoker$MethodInvocationAgent.invoke(TestInvoker.java:992)
at org.testng.internal.invokers.TestInvoker.invokeTestMethods(TestInvoker.java:203)
at org.testng.internal.invokers.TestMethodWorker.invokeTestMethods(TestMethodWorker.java:154)
at org.testng.internal.invokers.TestMethodWorker.run(TestMethodWorker.java:134)
at java.base/java.util.ArrayList.forEach(ArrayList.java:1597)
at org.testng.TestRunner.privateRun(TestRunner.java:739)
at org.testng.TestRunner.run(TestRunner.java:614)
at org.testng.SuiteRunner.runTest(SuiteRunner.java:421)
at org.testng.SuiteRunner.runSequentially(SuiteRunner.java:413)
at org.testng.SuiteRunner.privateRun(SuiteRunner.java:373)
at org.testng.SuiteRunner.run(SuiteRunner.java:312)
at org.testng.SuiteRunnerWorker.runSuite(SuiteRunnerWorker.java:52)
at org.testng.SuiteRunnerWorker.run(SuiteRunnerWorker.java:95)
at org.testng.TestNG.runSuitesSequentially(TestNG.java:1274)
at org.testng.TestNG.runSuitesLocally(TestNG.java:1208)
at org.testng.TestNG.runSuites(TestNG.java:1112)
at org.testng.TestNG.run(TestNG.java:1079)
at org.testng.remote.AbstractRemoteTestNG.run(AbstractRemoteTestNG.java:115)
at org.testng.remote.RemoteTestNG.initAndRun(RemoteTestNG.java:293)
at org.testng.remote.RemoteTestNG.main(RemoteTestNG.java:91)
]]>
    </error>
    <system-out>
      <![CDATA[Test Scenario 5 : Verifying Delete permission Denied for Folder 
Enter valid username into username field
Enter valid password into password field
Select a room
Click on the Login button
Login EWA with User Credential 
Click on Refresh button
Expand a Cabinet
Expand a Drawer
select a Folder
Mousehover to Roomname Tab]]>
    </system-out>
  </testcase> <!-- TC_05_Verify_Delete_permission_Denied_for_Folder -->
  <testcase classname="Script.Security_dialog_Test" name="TC_06_Remove_Delete_permission_Denied_for_Drawer" time="0.083">
    <error message="invalid element state
  (Session info: MicrosoftEdge=130.0.2849.56)
Build info: version: &#039;3.141.59&#039;, revision: &#039;e82be7d358&#039;, time: &#039;2018-11-14T08:25:53&#039;
System info: host: &#039;CIPLWKT014&#039;, ip: &#039;10.4.8.14&#039;, os.name: &#039;Windows 10&#039;, os.arch: &#039;amd64&#039;, os.version: &#039;10.0&#039;, java.version: &#039;22.0.2&#039;
Driver info: org.openqa.selenium.edge.EdgeDriver
Capabilities {acceptInsecureCerts: false, browserName: MicrosoftEdge, browserVersion: 130.0.2849.56, fedcm:accounts: true, javascriptEnabled: true, ms:edgeOptions: {debuggerAddress: localhost:50839}, msedge: {msedgedriverVersion: 130.0.2849.56 (85245383cd01..., userDataDir: C:\Users\nisha.r\AppData\Lo...}, networkConnectionEnabled: false, pageLoadStrategy: normal, platform: WINDOWS, platformName: WINDOWS, proxy: Proxy(), setWindowRect: true, strictFileInteractability: false, timeouts: {implicit: 0, pageLoad: 300000, script: 30000}, unhandledPromptBehavior: dismiss and notify, webauthn:extension:credBlob: true, webauthn:extension:largeBlob: true, webauthn:extension:minPinLength: true, webauthn:extension:prf: true, webauthn:virtualAuthenticators: true}
Session ID: a14d321e9acd9ba253a5b19c905a962a" type="org.openqa.selenium.InvalidElementStateException">
      <![CDATA[org.openqa.selenium.InvalidElementStateException: invalid element state
  (Session info: MicrosoftEdge=130.0.2849.56)
Build info: version: '3.141.59', revision: 'e82be7d358', time: '2018-11-14T08:25:53'
System info: host: 'CIPLWKT014', ip: '10.4.8.14', os.name: 'Windows 10', os.arch: 'amd64', os.version: '10.0', java.version: '22.0.2'
Driver info: org.openqa.selenium.edge.EdgeDriver
Capabilities {acceptInsecureCerts: false, browserName: MicrosoftEdge, browserVersion: 130.0.2849.56, fedcm:accounts: true, javascriptEnabled: true, ms:edgeOptions: {debuggerAddress: localhost:50839}, msedge: {msedgedriverVersion: 130.0.2849.56 (85245383cd01..., userDataDir: C:\Users\nisha.r\AppData\Lo...}, networkConnectionEnabled: false, pageLoadStrategy: normal, platform: WINDOWS, platformName: WINDOWS, proxy: Proxy(), setWindowRect: true, strictFileInteractability: false, timeouts: {implicit: 0, pageLoad: 300000, script: 30000}, unhandledPromptBehavior: dismiss and notify, webauthn:extension:credBlob: true, webauthn:extension:largeBlob: true, webauthn:extension:minPinLength: true, webauthn:extension:prf: true, webauthn:virtualAuthenticators: true}
Session ID: a14d321e9acd9ba253a5b19c905a962a
at java.base/jdk.internal.reflect.DirectConstructorHandleAccessor.newInstance(DirectConstructorHandleAccessor.java:62)
at java.base/java.lang.reflect.Constructor.newInstanceWithCaller(Constructor.java:502)
at java.base/java.lang.reflect.Constructor.newInstance(Constructor.java:486)
at org.openqa.selenium.remote.http.W3CHttpResponseCodec.createException(W3CHttpResponseCodec.java:187)
at org.openqa.selenium.remote.http.W3CHttpResponseCodec.decode(W3CHttpResponseCodec.java:122)
at org.openqa.selenium.remote.http.W3CHttpResponseCodec.decode(W3CHttpResponseCodec.java:49)
at org.openqa.selenium.remote.HttpCommandExecutor.execute(HttpCommandExecutor.java:158)
at org.openqa.selenium.remote.service.DriverCommandExecutor.execute(DriverCommandExecutor.java:83)
at org.openqa.selenium.remote.RemoteWebDriver.execute(RemoteWebDriver.java:552)
at org.openqa.selenium.remote.RemoteWebElement.execute(RemoteWebElement.java:285)
at org.openqa.selenium.remote.RemoteWebElement.clear(RemoteWebElement.java:124)
at Generic.BaseClass.LoginAdminUser(BaseClass.java:509)
at Pom.Security.Remove_Delete_Denied_Folder(Security.java:854)
at Script.Security_dialog_Test.TC_06_Remove_Delete_permission_Denied_for_Drawer(Security_dialog_Test.java:67)
at java.base/jdk.internal.reflect.DirectMethodHandleAccessor.invoke(DirectMethodHandleAccessor.java:103)
at java.base/java.lang.reflect.Method.invoke(Method.java:580)
at org.testng.internal.invokers.MethodInvocationHelper.invokeMethod(MethodInvocationHelper.java:141)
at org.testng.internal.invokers.TestInvoker.invokeMethod(TestInvoker.java:686)
at org.testng.internal.invokers.TestInvoker.invokeTestMethod(TestInvoker.java:230)
at org.testng.internal.invokers.MethodRunner.runInSequence(MethodRunner.java:63)
at org.testng.internal.invokers.TestInvoker$MethodInvocationAgent.invoke(TestInvoker.java:992)
at org.testng.internal.invokers.TestInvoker.invokeTestMethods(TestInvoker.java:203)
at org.testng.internal.invokers.TestMethodWorker.invokeTestMethods(TestMethodWorker.java:154)
at org.testng.internal.invokers.TestMethodWorker.run(TestMethodWorker.java:134)
at java.base/java.util.ArrayList.forEach(ArrayList.java:1597)
at org.testng.TestRunner.privateRun(TestRunner.java:739)
at org.testng.TestRunner.run(TestRunner.java:614)
at org.testng.SuiteRunner.runTest(SuiteRunner.java:421)
at org.testng.SuiteRunner.runSequentially(SuiteRunner.java:413)
at org.testng.SuiteRunner.privateRun(SuiteRunner.java:373)
at org.testng.SuiteRunner.run(SuiteRunner.java:312)
at org.testng.SuiteRunnerWorker.runSuite(SuiteRunnerWorker.java:52)
at org.testng.SuiteRunnerWorker.run(SuiteRunnerWorker.java:95)
at org.testng.TestNG.runSuitesSequentially(TestNG.java:1274)
at org.testng.TestNG.runSuitesLocally(TestNG.java:1208)
at org.testng.TestNG.runSuites(TestNG.java:1112)
at org.testng.TestNG.run(TestNG.java:1079)
at org.testng.remote.AbstractRemoteTestNG.run(AbstractRemoteTestNG.java:115)
at org.testng.remote.RemoteTestNG.initAndRun(RemoteTestNG.java:293)
at org.testng.remote.RemoteTestNG.main(RemoteTestNG.java:91)
]]>
    </error>
    <system-out>
      <![CDATA[Test Scenario 6 : Remove Delete Permission Denied for Folder]]>
    </system-out>
  </testcase> <!-- TC_06_Remove_Delete_permission_Denied_for_Drawer -->
  <testcase classname="Script.Security_dialog_Test" name="TC_07_Share_permission_Denied_for_Folder" time="14.305">
    <error message="java.lang.reflect.InvocationTargetException
Build info: version: &#039;3.141.59&#039;, revision: &#039;e82be7d358&#039;, time: &#039;2018-11-14T08:25:53&#039;
System info: host: &#039;CIPLWKT014&#039;, ip: &#039;10.4.8.14&#039;, os.name: &#039;Windows 10&#039;, os.arch: &#039;amd64&#039;, os.version: &#039;10.0&#039;, java.version: &#039;22.0.2&#039;
Driver info: driver.version: RemoteWebDriver" type="org.openqa.selenium.json.JsonException">
      <![CDATA[org.openqa.selenium.json.JsonException: java.lang.reflect.InvocationTargetException
Build info: version: '3.141.59', revision: 'e82be7d358', time: '2018-11-14T08:25:53'
System info: host: 'CIPLWKT014', ip: '10.4.8.14', os.name: 'Windows 10', os.arch: 'amd64', os.version: '10.0', java.version: '22.0.2'
Driver info: driver.version: RemoteWebDriver
at org.openqa.selenium.json.JsonOutput.convertUsingMethod(JsonOutput.java:332)
at org.openqa.selenium.json.JsonOutput.lambda$new$16(JsonOutput.java:155)
at org.openqa.selenium.json.JsonOutput.write(JsonOutput.java:264)
at org.openqa.selenium.json.JsonOutput.lambda$null$21(JsonOutput.java:168)
at java.base/java.util.LinkedHashMap$LinkedValues.forEach(LinkedHashMap.java:833)
at org.openqa.selenium.json.JsonOutput.lambda$new$22(JsonOutput.java:168)
at org.openqa.selenium.json.JsonOutput.write(JsonOutput.java:264)
at org.openqa.selenium.json.JsonOutput.lambda$null$23(JsonOutput.java:177)
at com.google.common.collect.SingletonImmutableBiMap.forEach(SingletonImmutableBiMap.java:65)
at org.openqa.selenium.json.JsonOutput.lambda$new$24(JsonOutput.java:176)
at org.openqa.selenium.json.JsonOutput.write(JsonOutput.java:264)
at org.openqa.selenium.json.JsonOutput.write(JsonOutput.java:255)
at org.openqa.selenium.json.Json.toJson(Json.java:42)
at org.openqa.selenium.remote.http.AbstractHttpCommandCodec.encode(AbstractHttpCommandCodec.java:227)
at org.openqa.selenium.remote.http.AbstractHttpCommandCodec.encode(AbstractHttpCommandCodec.java:117)
at org.openqa.selenium.remote.HttpCommandExecutor.execute(HttpCommandExecutor.java:152)
at org.openqa.selenium.remote.service.DriverCommandExecutor.execute(DriverCommandExecutor.java:83)
at org.openqa.selenium.remote.RemoteWebDriver.execute(RemoteWebDriver.java:552)
at org.openqa.selenium.remote.RemoteWebDriver.perform(RemoteWebDriver.java:618)
at org.openqa.selenium.interactions.Actions$BuiltAction.perform(Actions.java:639)
at org.openqa.selenium.interactions.Actions.perform(Actions.java:595)
at Generic.BaseClass.selectElement(BaseClass.java:1127)
at Pom.Security.Share_permission_Denied_Folder(Security.java:904)
at Script.Security_dialog_Test.TC_07_Share_permission_Denied_for_Folder(Security_dialog_Test.java:74)
at java.base/jdk.internal.reflect.DirectMethodHandleAccessor.invoke(DirectMethodHandleAccessor.java:103)
at java.base/java.lang.reflect.Method.invoke(Method.java:580)
at org.testng.internal.invokers.MethodInvocationHelper.invokeMethod(MethodInvocationHelper.java:141)
at org.testng.internal.invokers.TestInvoker.invokeMethod(TestInvoker.java:686)
at org.testng.internal.invokers.TestInvoker.invokeTestMethod(TestInvoker.java:230)
at org.testng.internal.invokers.MethodRunner.runInSequence(MethodRunner.java:63)
at org.testng.internal.invokers.TestInvoker$MethodInvocationAgent.invoke(TestInvoker.java:992)
at org.testng.internal.invokers.TestInvoker.invokeTestMethods(TestInvoker.java:203)
at org.testng.internal.invokers.TestMethodWorker.invokeTestMethods(TestMethodWorker.java:154)
at org.testng.internal.invokers.TestMethodWorker.run(TestMethodWorker.java:134)
at java.base/java.util.ArrayList.forEach(ArrayList.java:1597)
at org.testng.TestRunner.privateRun(TestRunner.java:739)
at org.testng.TestRunner.run(TestRunner.java:614)
at org.testng.SuiteRunner.runTest(SuiteRunner.java:421)
at org.testng.SuiteRunner.runSequentially(SuiteRunner.java:413)
at org.testng.SuiteRunner.privateRun(SuiteRunner.java:373)
at org.testng.SuiteRunner.run(SuiteRunner.java:312)
at org.testng.SuiteRunnerWorker.runSuite(SuiteRunnerWorker.java:52)
at org.testng.SuiteRunnerWorker.run(SuiteRunnerWorker.java:95)
at org.testng.TestNG.runSuitesSequentially(TestNG.java:1274)
at org.testng.TestNG.runSuitesLocally(TestNG.java:1208)
at org.testng.TestNG.runSuites(TestNG.java:1112)
at org.testng.TestNG.run(TestNG.java:1079)
at org.testng.remote.AbstractRemoteTestNG.run(AbstractRemoteTestNG.java:115)
at org.testng.remote.RemoteTestNG.initAndRun(RemoteTestNG.java:293)
at org.testng.remote.RemoteTestNG.main(RemoteTestNG.java:91)
Suppressed: org.openqa.selenium.json.JsonException: Attempting to close incomplete json stream
Build info: version: '3.141.59', revision: 'e82be7d358', time: '2018-11-14T08:25:53'
System info: host: 'CIPLWKT014', ip: '10.4.8.14', os.name: 'Windows 10', os.arch: 'amd64', os.version: '10.0', java.version: '22.0.2'
Driver info: driver.version: RemoteWebDriver
at org.openqa.selenium.json.JsonOutput.close(JsonOutput.java:279)
at org.openqa.selenium.json.Json.toJson(Json.java:44)
... 37 more
Caused by: java.lang.reflect.InvocationTargetException
at java.base/jdk.internal.reflect.DirectMethodHandleAccessor.invoke(DirectMethodHandleAccessor.java:118)
at java.base/java.lang.reflect.Method.invoke(Method.java:580)
at org.openqa.selenium.json.JsonOutput.convertUsingMethod(JsonOutput.java:328)
... 49 more
Caused by: org.openqa.selenium.UnhandledAlertException: unexpected alert open: {Alert text : You have been disconnected from room  by contentverse administrator.}
  (Session info: MicrosoftEdge=130.0.2849.56): You have been disconnected from room  by contentverse administrator.
Build info: version: '3.141.59', revision: 'e82be7d358', time: '2018-11-14T08:25:53'
System info: host: 'CIPLWKT014', ip: '10.4.8.14', os.name: 'Windows 10', os.arch: 'amd64', os.version: '10.0', java.version: '22.0.2'
Driver info: org.openqa.selenium.edge.EdgeDriver
Capabilities {acceptInsecureCerts: false, browserName: MicrosoftEdge, browserVersion: 130.0.2849.56, fedcm:accounts: true, javascriptEnabled: true, ms:edgeOptions: {debuggerAddress: localhost:50839}, msedge: {msedgedriverVersion: 130.0.2849.56 (85245383cd01..., userDataDir: C:\Users\nisha.r\AppData\Lo...}, networkConnectionEnabled: false, pageLoadStrategy: normal, platform: WINDOWS, platformName: WINDOWS, proxy: Proxy(), setWindowRect: true, strictFileInteractability: false, timeouts: {implicit: 0, pageLoad: 300000, script: 30000}, unhandledPromptBehavior: dismiss and notify, webauthn:extension:credBlob: true, webauthn:extension:largeBlob: true, webauthn:extension:minPinLength: true, webauthn:extension:prf: true, webauthn:virtualAuthenticators: true}
Session ID: a14d321e9acd9ba253a5b19c905a962a
*** Element info: {Using=xpath, value=.//div[@id='viewDocumentnavigator']/ul[1]/li[1]/a[1]}
at org.openqa.selenium.remote.http.W3CHttpResponseCodec.decode(W3CHttpResponseCodec.java:120)
at org.openqa.selenium.remote.http.W3CHttpResponseCodec.decode(W3CHttpResponseCodec.java:49)
at org.openqa.selenium.remote.HttpCommandExecutor.execute(HttpCommandExecutor.java:158)
at org.openqa.selenium.remote.service.DriverCommandExecutor.execute(DriverCommandExecutor.java:83)
at org.openqa.selenium.remote.RemoteWebDriver.execute(RemoteWebDriver.java:552)
at org.openqa.selenium.remote.RemoteWebDriver.findElement(RemoteWebDriver.java:323)
at org.openqa.selenium.remote.RemoteWebDriver.findElementByXPath(RemoteWebDriver.java:428)
at org.openqa.selenium.By$ByXPath.findElement(By.java:353)
at org.openqa.selenium.remote.RemoteWebDriver.findElement(RemoteWebDriver.java:315)
at org.openqa.selenium.support.pagefactory.DefaultElementLocator.findElement(DefaultElementLocator.java:69)
at org.openqa.selenium.support.pagefactory.internal.LocatingElementHandler.invoke(LocatingElementHandler.java:38)
at jdk.proxy2/jdk.proxy2.$Proxy7.getWrappedElement(Unknown Source)
at org.openqa.selenium.interactions.PointerInput$Origin.asArg(PointerInput.java:204)
at org.openqa.selenium.interactions.PointerInput$Move.encode(PointerInput.java:155)
at org.openqa.selenium.interactions.Sequence.encode(Sequence.java:75)
at org.openqa.selenium.interactions.Sequence.toJson(Sequence.java:84)
at java.base/jdk.internal.reflect.DirectMethodHandleAccessor.invoke(DirectMethodHandleAccessor.java:103)
... 51 more
]]>
    </error>
    <system-out>
      <![CDATA[Test Scenario 7 : Share permission Denied for Folder 
Click on Refresh button]]>
    </system-out>
  </testcase> <!-- TC_07_Share_permission_Denied_for_Folder -->
  <testcase classname="Script.Security_dialog_Test" name="TC_08_Verify_Modify_Permissions_Denied_on_subFolder" time="16.137">
    <error message="no such element: Unable to locate element: {&quot;method&quot;:&quot;xpath&quot;,&quot;selector&quot;:&quot;//*[@id=&quot;homeMenuBtn&quot;]/img&quot;}
  (Session info: MicrosoftEdge=130.0.2849.56)
For documentation on this error, please visit: https://www.seleniumhq.org/exceptions/no_such_element.html
Build info: version: &#039;3.141.59&#039;, revision: &#039;e82be7d358&#039;, time: &#039;2018-11-14T08:25:53&#039;
System info: host: &#039;CIPLWKT014&#039;, ip: &#039;10.4.8.14&#039;, os.name: &#039;Windows 10&#039;, os.arch: &#039;amd64&#039;, os.version: &#039;10.0&#039;, java.version: &#039;22.0.2&#039;
Driver info: org.openqa.selenium.edge.EdgeDriver
Capabilities {acceptInsecureCerts: false, browserName: MicrosoftEdge, browserVersion: 130.0.2849.56, fedcm:accounts: true, javascriptEnabled: true, ms:edgeOptions: {debuggerAddress: localhost:50839}, msedge: {msedgedriverVersion: 130.0.2849.56 (85245383cd01..., userDataDir: C:\Users\nisha.r\AppData\Lo...}, networkConnectionEnabled: false, pageLoadStrategy: normal, platform: WINDOWS, platformName: WINDOWS, proxy: Proxy(), setWindowRect: true, strictFileInteractability: false, timeouts: {implicit: 0, pageLoad: 300000, script: 30000}, unhandledPromptBehavior: dismiss and notify, webauthn:extension:credBlob: true, webauthn:extension:largeBlob: true, webauthn:extension:minPinLength: true, webauthn:extension:prf: true, webauthn:virtualAuthenticators: true}
Session ID: a14d321e9acd9ba253a5b19c905a962a
*** Element info: {Using=xpath, value=//*[@id=&quot;homeMenuBtn&quot;]/img}" type="org.openqa.selenium.NoSuchElementException">
      <![CDATA[org.openqa.selenium.NoSuchElementException: no such element: Unable to locate element: {"method":"xpath","selector":"//*[@id="homeMenuBtn"]/img"}
  (Session info: MicrosoftEdge=130.0.2849.56)
For documentation on this error, please visit: https://www.seleniumhq.org/exceptions/no_such_element.html
Build info: version: '3.141.59', revision: 'e82be7d358', time: '2018-11-14T08:25:53'
System info: host: 'CIPLWKT014', ip: '10.4.8.14', os.name: 'Windows 10', os.arch: 'amd64', os.version: '10.0', java.version: '22.0.2'
Driver info: org.openqa.selenium.edge.EdgeDriver
Capabilities {acceptInsecureCerts: false, browserName: MicrosoftEdge, browserVersion: 130.0.2849.56, fedcm:accounts: true, javascriptEnabled: true, ms:edgeOptions: {debuggerAddress: localhost:50839}, msedge: {msedgedriverVersion: 130.0.2849.56 (85245383cd01..., userDataDir: C:\Users\nisha.r\AppData\Lo...}, networkConnectionEnabled: false, pageLoadStrategy: normal, platform: WINDOWS, platformName: WINDOWS, proxy: Proxy(), setWindowRect: true, strictFileInteractability: false, timeouts: {implicit: 0, pageLoad: 300000, script: 30000}, unhandledPromptBehavior: dismiss and notify, webauthn:extension:credBlob: true, webauthn:extension:largeBlob: true, webauthn:extension:minPinLength: true, webauthn:extension:prf: true, webauthn:virtualAuthenticators: true}
Session ID: a14d321e9acd9ba253a5b19c905a962a
*** Element info: {Using=xpath, value=//*[@id="homeMenuBtn"]/img}
at java.base/jdk.internal.reflect.DirectConstructorHandleAccessor.newInstance(DirectConstructorHandleAccessor.java:62)
at java.base/java.lang.reflect.Constructor.newInstanceWithCaller(Constructor.java:502)
at java.base/java.lang.reflect.Constructor.newInstance(Constructor.java:486)
at org.openqa.selenium.remote.http.W3CHttpResponseCodec.createException(W3CHttpResponseCodec.java:187)
at org.openqa.selenium.remote.http.W3CHttpResponseCodec.decode(W3CHttpResponseCodec.java:122)
at org.openqa.selenium.remote.http.W3CHttpResponseCodec.decode(W3CHttpResponseCodec.java:49)
at org.openqa.selenium.remote.HttpCommandExecutor.execute(HttpCommandExecutor.java:158)
at org.openqa.selenium.remote.service.DriverCommandExecutor.execute(DriverCommandExecutor.java:83)
at org.openqa.selenium.remote.RemoteWebDriver.execute(RemoteWebDriver.java:552)
at org.openqa.selenium.remote.RemoteWebDriver.findElement(RemoteWebDriver.java:323)
at org.openqa.selenium.remote.RemoteWebDriver.findElementByXPath(RemoteWebDriver.java:428)
at org.openqa.selenium.By$ByXPath.findElement(By.java:353)
at org.openqa.selenium.remote.RemoteWebDriver.findElement(RemoteWebDriver.java:315)
at Generic.BaseClass.Refresh_Button(BaseClass.java:747)
at Pom.Security.Modify_Denied_Subfolder(Security.java:1060)
at Script.Security_dialog_Test.TC_08_Verify_Modify_Permissions_Denied_on_subFolder(Security_dialog_Test.java:81)
at java.base/jdk.internal.reflect.DirectMethodHandleAccessor.invoke(DirectMethodHandleAccessor.java:103)
at java.base/java.lang.reflect.Method.invoke(Method.java:580)
at org.testng.internal.invokers.MethodInvocationHelper.invokeMethod(MethodInvocationHelper.java:141)
at org.testng.internal.invokers.TestInvoker.invokeMethod(TestInvoker.java:686)
at org.testng.internal.invokers.TestInvoker.invokeTestMethod(TestInvoker.java:230)
at org.testng.internal.invokers.MethodRunner.runInSequence(MethodRunner.java:63)
at org.testng.internal.invokers.TestInvoker$MethodInvocationAgent.invoke(TestInvoker.java:992)
at org.testng.internal.invokers.TestInvoker.invokeTestMethods(TestInvoker.java:203)
at org.testng.internal.invokers.TestMethodWorker.invokeTestMethods(TestMethodWorker.java:154)
at org.testng.internal.invokers.TestMethodWorker.run(TestMethodWorker.java:134)
at java.base/java.util.ArrayList.forEach(ArrayList.java:1597)
at org.testng.TestRunner.privateRun(TestRunner.java:739)
at org.testng.TestRunner.run(TestRunner.java:614)
at org.testng.SuiteRunner.runTest(SuiteRunner.java:421)
at org.testng.SuiteRunner.runSequentially(SuiteRunner.java:413)
at org.testng.SuiteRunner.privateRun(SuiteRunner.java:373)
at org.testng.SuiteRunner.run(SuiteRunner.java:312)
at org.testng.SuiteRunnerWorker.runSuite(SuiteRunnerWorker.java:52)
at org.testng.SuiteRunnerWorker.run(SuiteRunnerWorker.java:95)
at org.testng.TestNG.runSuitesSequentially(TestNG.java:1274)
at org.testng.TestNG.runSuitesLocally(TestNG.java:1208)
at org.testng.TestNG.runSuites(TestNG.java:1112)
at org.testng.TestNG.run(TestNG.java:1079)
at org.testng.remote.AbstractRemoteTestNG.run(AbstractRemoteTestNG.java:115)
at org.testng.remote.RemoteTestNG.initAndRun(RemoteTestNG.java:293)
at org.testng.remote.RemoteTestNG.main(RemoteTestNG.java:91)
]]>
    </error>
    <system-out>
      <![CDATA[Test Scenario 8 : Verifying Modify Permissions Denied on subFolder ]]>
    </system-out>
  </testcase> <!-- TC_08_Verify_Modify_Permissions_Denied_on_subFolder -->
  <testcase classname="Script.Security_dialog_Test" name="TC_09_Give_Different_permission_To_Group_for_AllNodes" time="36.963">
    <error message="no such element: Unable to locate element: {&quot;method&quot;:&quot;xpath&quot;,&quot;selector&quot;:&quot;//*[@id=&quot;homeMenuBtn&quot;]/img&quot;}
  (Session info: MicrosoftEdge=130.0.2849.56)
For documentation on this error, please visit: https://www.seleniumhq.org/exceptions/no_such_element.html
Build info: version: &#039;3.141.59&#039;, revision: &#039;e82be7d358&#039;, time: &#039;2018-11-14T08:25:53&#039;
System info: host: &#039;CIPLWKT014&#039;, ip: &#039;10.4.8.14&#039;, os.name: &#039;Windows 10&#039;, os.arch: &#039;amd64&#039;, os.version: &#039;10.0&#039;, java.version: &#039;22.0.2&#039;
Driver info: org.openqa.selenium.edge.EdgeDriver
Capabilities {acceptInsecureCerts: false, browserName: MicrosoftEdge, browserVersion: 130.0.2849.56, fedcm:accounts: true, javascriptEnabled: true, ms:edgeOptions: {debuggerAddress: localhost:50839}, msedge: {msedgedriverVersion: 130.0.2849.56 (85245383cd01..., userDataDir: C:\Users\nisha.r\AppData\Lo...}, networkConnectionEnabled: false, pageLoadStrategy: normal, platform: WINDOWS, platformName: WINDOWS, proxy: Proxy(), setWindowRect: true, strictFileInteractability: false, timeouts: {implicit: 0, pageLoad: 300000, script: 30000}, unhandledPromptBehavior: dismiss and notify, webauthn:extension:credBlob: true, webauthn:extension:largeBlob: true, webauthn:extension:minPinLength: true, webauthn:extension:prf: true, webauthn:virtualAuthenticators: true}
Session ID: a14d321e9acd9ba253a5b19c905a962a
*** Element info: {Using=xpath, value=//*[@id=&quot;homeMenuBtn&quot;]/img}" type="org.openqa.selenium.NoSuchElementException">
      <![CDATA[org.openqa.selenium.NoSuchElementException: no such element: Unable to locate element: {"method":"xpath","selector":"//*[@id="homeMenuBtn"]/img"}
  (Session info: MicrosoftEdge=130.0.2849.56)
For documentation on this error, please visit: https://www.seleniumhq.org/exceptions/no_such_element.html
Build info: version: '3.141.59', revision: 'e82be7d358', time: '2018-11-14T08:25:53'
System info: host: 'CIPLWKT014', ip: '10.4.8.14', os.name: 'Windows 10', os.arch: 'amd64', os.version: '10.0', java.version: '22.0.2'
Driver info: org.openqa.selenium.edge.EdgeDriver
Capabilities {acceptInsecureCerts: false, browserName: MicrosoftEdge, browserVersion: 130.0.2849.56, fedcm:accounts: true, javascriptEnabled: true, ms:edgeOptions: {debuggerAddress: localhost:50839}, msedge: {msedgedriverVersion: 130.0.2849.56 (85245383cd01..., userDataDir: C:\Users\nisha.r\AppData\Lo...}, networkConnectionEnabled: false, pageLoadStrategy: normal, platform: WINDOWS, platformName: WINDOWS, proxy: Proxy(), setWindowRect: true, strictFileInteractability: false, timeouts: {implicit: 0, pageLoad: 300000, script: 30000}, unhandledPromptBehavior: dismiss and notify, webauthn:extension:credBlob: true, webauthn:extension:largeBlob: true, webauthn:extension:minPinLength: true, webauthn:extension:prf: true, webauthn:virtualAuthenticators: true}
Session ID: a14d321e9acd9ba253a5b19c905a962a
*** Element info: {Using=xpath, value=//*[@id="homeMenuBtn"]/img}
at java.base/jdk.internal.reflect.DirectConstructorHandleAccessor.newInstance(DirectConstructorHandleAccessor.java:62)
at java.base/java.lang.reflect.Constructor.newInstanceWithCaller(Constructor.java:502)
at java.base/java.lang.reflect.Constructor.newInstance(Constructor.java:486)
at org.openqa.selenium.remote.http.W3CHttpResponseCodec.createException(W3CHttpResponseCodec.java:187)
at org.openqa.selenium.remote.http.W3CHttpResponseCodec.decode(W3CHttpResponseCodec.java:122)
at org.openqa.selenium.remote.http.W3CHttpResponseCodec.decode(W3CHttpResponseCodec.java:49)
at org.openqa.selenium.remote.HttpCommandExecutor.execute(HttpCommandExecutor.java:158)
at org.openqa.selenium.remote.service.DriverCommandExecutor.execute(DriverCommandExecutor.java:83)
at org.openqa.selenium.remote.RemoteWebDriver.execute(RemoteWebDriver.java:552)
at org.openqa.selenium.remote.RemoteWebDriver.findElement(RemoteWebDriver.java:323)
at org.openqa.selenium.remote.RemoteWebDriver.findElementByXPath(RemoteWebDriver.java:428)
at org.openqa.selenium.By$ByXPath.findElement(By.java:353)
at org.openqa.selenium.remote.RemoteWebDriver.findElement(RemoteWebDriver.java:315)
at Generic.BaseClass.Refresh_Button(BaseClass.java:747)
at Pom.Security.Diffrenet_permissions_Group(Security.java:1227)
at Script.Security_dialog_Test.TC_09_Give_Different_permission_To_Group_for_AllNodes(Security_dialog_Test.java:88)
at java.base/jdk.internal.reflect.DirectMethodHandleAccessor.invoke(DirectMethodHandleAccessor.java:103)
at java.base/java.lang.reflect.Method.invoke(Method.java:580)
at org.testng.internal.invokers.MethodInvocationHelper.invokeMethod(MethodInvocationHelper.java:141)
at org.testng.internal.invokers.TestInvoker.invokeMethod(TestInvoker.java:686)
at org.testng.internal.invokers.TestInvoker.invokeTestMethod(TestInvoker.java:230)
at org.testng.internal.invokers.MethodRunner.runInSequence(MethodRunner.java:63)
at org.testng.internal.invokers.TestInvoker$MethodInvocationAgent.invoke(TestInvoker.java:992)
at org.testng.internal.invokers.TestInvoker.invokeTestMethods(TestInvoker.java:203)
at org.testng.internal.invokers.TestMethodWorker.invokeTestMethods(TestMethodWorker.java:154)
at org.testng.internal.invokers.TestMethodWorker.run(TestMethodWorker.java:134)
at java.base/java.util.ArrayList.forEach(ArrayList.java:1597)
at org.testng.TestRunner.privateRun(TestRunner.java:739)
at org.testng.TestRunner.run(TestRunner.java:614)
at org.testng.SuiteRunner.runTest(SuiteRunner.java:421)
at org.testng.SuiteRunner.runSequentially(SuiteRunner.java:413)
at org.testng.SuiteRunner.privateRun(SuiteRunner.java:373)
at org.testng.SuiteRunner.run(SuiteRunner.java:312)
at org.testng.SuiteRunnerWorker.runSuite(SuiteRunnerWorker.java:52)
at org.testng.SuiteRunnerWorker.run(SuiteRunnerWorker.java:95)
at org.testng.TestNG.runSuitesSequentially(TestNG.java:1274)
at org.testng.TestNG.runSuitesLocally(TestNG.java:1208)
at org.testng.TestNG.runSuites(TestNG.java:1112)
at org.testng.TestNG.run(TestNG.java:1079)
at org.testng.remote.AbstractRemoteTestNG.run(AbstractRemoteTestNG.java:115)
at org.testng.remote.RemoteTestNG.initAndRun(RemoteTestNG.java:293)
at org.testng.remote.RemoteTestNG.main(RemoteTestNG.java:91)
]]>
    </error>
    <system-out>
      <![CDATA[Test Scenario 9 : Give Different permission To Group for AllNodes
Enter valid username into username field
Enter valid password into password field]]>
    </system-out>
  </testcase> <!-- TC_09_Give_Different_permission_To_Group_for_AllNodes -->
  <testcase classname="Script.Security_dialog_Test" name="TC_10_Verify_Respective_permission_To_Group_for_AllNodes" time="36.765">
    <error message="no such element: Unable to locate element: {&quot;method&quot;:&quot;xpath&quot;,&quot;selector&quot;:&quot;//*[@id=&quot;homeMenuBtn&quot;]/img&quot;}
  (Session info: MicrosoftEdge=130.0.2849.56)
For documentation on this error, please visit: https://www.seleniumhq.org/exceptions/no_such_element.html
Build info: version: &#039;3.141.59&#039;, revision: &#039;e82be7d358&#039;, time: &#039;2018-11-14T08:25:53&#039;
System info: host: &#039;CIPLWKT014&#039;, ip: &#039;10.4.8.14&#039;, os.name: &#039;Windows 10&#039;, os.arch: &#039;amd64&#039;, os.version: &#039;10.0&#039;, java.version: &#039;22.0.2&#039;
Driver info: org.openqa.selenium.edge.EdgeDriver
Capabilities {acceptInsecureCerts: false, browserName: MicrosoftEdge, browserVersion: 130.0.2849.56, fedcm:accounts: true, javascriptEnabled: true, ms:edgeOptions: {debuggerAddress: localhost:50839}, msedge: {msedgedriverVersion: 130.0.2849.56 (85245383cd01..., userDataDir: C:\Users\nisha.r\AppData\Lo...}, networkConnectionEnabled: false, pageLoadStrategy: normal, platform: WINDOWS, platformName: WINDOWS, proxy: Proxy(), setWindowRect: true, strictFileInteractability: false, timeouts: {implicit: 0, pageLoad: 300000, script: 30000}, unhandledPromptBehavior: dismiss and notify, webauthn:extension:credBlob: true, webauthn:extension:largeBlob: true, webauthn:extension:minPinLength: true, webauthn:extension:prf: true, webauthn:virtualAuthenticators: true}
Session ID: a14d321e9acd9ba253a5b19c905a962a
*** Element info: {Using=xpath, value=//*[@id=&quot;homeMenuBtn&quot;]/img}" type="org.openqa.selenium.NoSuchElementException">
      <![CDATA[org.openqa.selenium.NoSuchElementException: no such element: Unable to locate element: {"method":"xpath","selector":"//*[@id="homeMenuBtn"]/img"}
  (Session info: MicrosoftEdge=130.0.2849.56)
For documentation on this error, please visit: https://www.seleniumhq.org/exceptions/no_such_element.html
Build info: version: '3.141.59', revision: 'e82be7d358', time: '2018-11-14T08:25:53'
System info: host: 'CIPLWKT014', ip: '10.4.8.14', os.name: 'Windows 10', os.arch: 'amd64', os.version: '10.0', java.version: '22.0.2'
Driver info: org.openqa.selenium.edge.EdgeDriver
Capabilities {acceptInsecureCerts: false, browserName: MicrosoftEdge, browserVersion: 130.0.2849.56, fedcm:accounts: true, javascriptEnabled: true, ms:edgeOptions: {debuggerAddress: localhost:50839}, msedge: {msedgedriverVersion: 130.0.2849.56 (85245383cd01..., userDataDir: C:\Users\nisha.r\AppData\Lo...}, networkConnectionEnabled: false, pageLoadStrategy: normal, platform: WINDOWS, platformName: WINDOWS, proxy: Proxy(), setWindowRect: true, strictFileInteractability: false, timeouts: {implicit: 0, pageLoad: 300000, script: 30000}, unhandledPromptBehavior: dismiss and notify, webauthn:extension:credBlob: true, webauthn:extension:largeBlob: true, webauthn:extension:minPinLength: true, webauthn:extension:prf: true, webauthn:virtualAuthenticators: true}
Session ID: a14d321e9acd9ba253a5b19c905a962a
*** Element info: {Using=xpath, value=//*[@id="homeMenuBtn"]/img}
at java.base/jdk.internal.reflect.DirectConstructorHandleAccessor.newInstance(DirectConstructorHandleAccessor.java:62)
at java.base/java.lang.reflect.Constructor.newInstanceWithCaller(Constructor.java:502)
at java.base/java.lang.reflect.Constructor.newInstance(Constructor.java:486)
at org.openqa.selenium.remote.http.W3CHttpResponseCodec.createException(W3CHttpResponseCodec.java:187)
at org.openqa.selenium.remote.http.W3CHttpResponseCodec.decode(W3CHttpResponseCodec.java:122)
at org.openqa.selenium.remote.http.W3CHttpResponseCodec.decode(W3CHttpResponseCodec.java:49)
at org.openqa.selenium.remote.HttpCommandExecutor.execute(HttpCommandExecutor.java:158)
at org.openqa.selenium.remote.service.DriverCommandExecutor.execute(DriverCommandExecutor.java:83)
at org.openqa.selenium.remote.RemoteWebDriver.execute(RemoteWebDriver.java:552)
at org.openqa.selenium.remote.RemoteWebDriver.findElement(RemoteWebDriver.java:323)
at org.openqa.selenium.remote.RemoteWebDriver.findElementByXPath(RemoteWebDriver.java:428)
at org.openqa.selenium.By$ByXPath.findElement(By.java:353)
at org.openqa.selenium.remote.RemoteWebDriver.findElement(RemoteWebDriver.java:315)
at Generic.BaseClass.Refresh_Button(BaseClass.java:747)
at Pom.Security.Verify_Respective_Group_permission(Security.java:1450)
at Script.Security_dialog_Test.TC_10_Verify_Respective_permission_To_Group_for_AllNodes(Security_dialog_Test.java:95)
at java.base/jdk.internal.reflect.DirectMethodHandleAccessor.invoke(DirectMethodHandleAccessor.java:103)
at java.base/java.lang.reflect.Method.invoke(Method.java:580)
at org.testng.internal.invokers.MethodInvocationHelper.invokeMethod(MethodInvocationHelper.java:141)
at org.testng.internal.invokers.TestInvoker.invokeMethod(TestInvoker.java:686)
at org.testng.internal.invokers.TestInvoker.invokeTestMethod(TestInvoker.java:230)
at org.testng.internal.invokers.MethodRunner.runInSequence(MethodRunner.java:63)
at org.testng.internal.invokers.TestInvoker$MethodInvocationAgent.invoke(TestInvoker.java:992)
at org.testng.internal.invokers.TestInvoker.invokeTestMethods(TestInvoker.java:203)
at org.testng.internal.invokers.TestMethodWorker.invokeTestMethods(TestMethodWorker.java:154)
at org.testng.internal.invokers.TestMethodWorker.run(TestMethodWorker.java:134)
at java.base/java.util.ArrayList.forEach(ArrayList.java:1597)
at org.testng.TestRunner.privateRun(TestRunner.java:739)
at org.testng.TestRunner.run(TestRunner.java:614)
at org.testng.SuiteRunner.runTest(SuiteRunner.java:421)
at org.testng.SuiteRunner.runSequentially(SuiteRunner.java:413)
at org.testng.SuiteRunner.privateRun(SuiteRunner.java:373)
at org.testng.SuiteRunner.run(SuiteRunner.java:312)
at org.testng.SuiteRunnerWorker.runSuite(SuiteRunnerWorker.java:52)
at org.testng.SuiteRunnerWorker.run(SuiteRunnerWorker.java:95)
at org.testng.TestNG.runSuitesSequentially(TestNG.java:1274)
at org.testng.TestNG.runSuitesLocally(TestNG.java:1208)
at org.testng.TestNG.runSuites(TestNG.java:1112)
at org.testng.TestNG.run(TestNG.java:1079)
at org.testng.remote.AbstractRemoteTestNG.run(AbstractRemoteTestNG.java:115)
at org.testng.remote.RemoteTestNG.initAndRun(RemoteTestNG.java:293)
at org.testng.remote.RemoteTestNG.main(RemoteTestNG.java:91)
]]>
    </error>
    <system-out>
      <![CDATA[Test Scenario 10 :Verifying Respective permission To Group for AllNodes 
Enter valid username into username field
Enter valid password into password field
Login with Security permission assign Group]]>
    </system-out>
  </testcase> <!-- TC_10_Verify_Respective_permission_To_Group_for_AllNodes -->
  <system-out>
    <![CDATA[Edge driver launched successfull
EWA URL launched successfull
CVS URL started Successfully
Enter valid username into username field
Enter valid password into password field
Select a room
Click on the Login button
Session for Dipak is already active.Do you want to create new session?this message is displayed
Click on the Yes button
User has logged in successfully.
Test Scenario 1 : Give All permission for Cabinet 
Click on Refresh button
Click on Username
Click on Logout Option
Enter valid username into username field
Enter valid password into password field
Test Scenario 2 : Verifying All permission for Cabinet
Enter valid username into username field
Enter valid password into password field
Select a room
Click on the Login button
Login EWA with User credential
Click on Refresh button
Click on Setting Icon
Click on My Preferences Option
Select Office Document and set Default View
Select Pdf Document and set Default View
Click on Security dialog Apply button
Click on New Document Tab
Click on Destination Folder Textbox
Expand a Cabinet
Expand a Drawer
select a Folder
Click on Ok button 
Select Value from Document type dropdown
Enter value into Report Name field
Browse a Document Page
By using AutoIT add file from external folder
Click on Create button
Test Scenario 3 : Remove All permission To  for Cabinet
Enter valid username into username field
Enter valid password into password field
Test Scenario 4 : Set Delete permission Denied for Folder
Enter valid username into username field
Enter valid password into password field
Test Scenario 5 : Verifying Delete permission Denied for Folder 
Enter valid username into username field
Enter valid password into password field
Select a room
Click on the Login button
Login EWA with User Credential 
Click on Refresh button
Expand a Cabinet
Expand a Drawer
select a Folder
Mousehover to Roomname Tab
Test Scenario 6 : Remove Delete Permission Denied for Folder
Test Scenario 7 : Share permission Denied for Folder 
Click on Refresh button
Test Scenario 8 : Verifying Modify Permissions Denied on subFolder 
Test Scenario 9 : Give Different permission To Group for AllNodes
Enter valid username into username field
Enter valid password into password field
Test Scenario 10 :Verifying Respective permission To Group for AllNodes 
Enter valid username into username field
Enter valid password into password field
Login with Security permission assign Group]]>
  </system-out>
</testsuite> <!-- Script.Security_dialog_Test -->
