<?xml version="1.0" encoding="UTF-8"?>
<!-- Generated by org.testng.reporters.JUnitReportReporter -->
<testsuite skipped="4" hostname="CIPLWKT014" name="Script.Security_dialog_Test" tests="16" failures="0" timestamp="03 Jul 2024 16:39:02 GMT" time="2812.743" errors="1">
  <testcase name="Login_EWA" time="51.155" classname="Script.Security_dialog_Test"/>
  <testcase name="Create_PDF_Documents" time="68.142" classname="Script.Security_dialog_Test"/>
  <testcase name="TC_01_Give_All_permission_To_Cabinet" time="208.775" classname="Script.Security_dialog_Test"/>
  <testcase name="TC_02_Verify_All_permission_for_Cabinet" time="157.983" classname="Script.Security_dialog_Test"/>
  <testcase name="TC_03_Remove_All_permission_for_Cabinet" time="76.142" classname="Script.Security_dialog_Test"/>
  <testcase name="TC_04_Set_Delete_permission_Denied_for_Drawer" time="123.060" classname="Script.Security_dialog_Test"/>
  <testcase name="TC_05_Verify_Delete_permission_Denied_for_Drawer" time="151.518" classname="Script.Security_dialog_Test"/>
  <testcase name="TC_05_Verify_Delete_permission_Denied_for_Drawer" time="143.658" classname="Script.Security_dialog_Test">
    <skipped/>
  </testcase> <!-- TC_05_Verify_Delete_permission_Denied_for_Drawer -->
  <testcase name="TC_06_Remove_Delete_permission_Denied_for_Drawer" time="84.914" classname="Script.Security_dialog_Test"/>
  <testcase name="TC_07_Share_permission_Denied_for_Folder" time="341.713" classname="Script.Security_dialog_Test"/>
  <testcase name="TC_08_Verify_Modify_Permissions_Denied_on_subFolder" time="354.365" classname="Script.Security_dialog_Test"/>
  <testcase name="TC_09_Give_Different_permission_To_Group_for_AllNodes" time="379.021" classname="Script.Security_dialog_Test"/>
  <testcase name="TC_10_Verify_Respective_permission_To_Group_for_AllNodes" time="168.098" classname="Script.Security_dialog_Test">
    <skipped/>
  </testcase> <!-- TC_10_Verify_Respective_permission_To_Group_for_AllNodes -->
  <testcase name="TC_10_Verify_Respective_permission_To_Group_for_AllNodes" time="167.864" classname="Script.Security_dialog_Test">
    <skipped/>
  </testcase> <!-- TC_10_Verify_Respective_permission_To_Group_for_AllNodes -->
  <testcase name="TC_10_Verify_Respective_permission_To_Group_for_AllNodes" time="167.820" classname="Script.Security_dialog_Test">
    <error type="org.openqa.selenium.NoSuchElementException" message="no such element: Unable to locate element: {&quot;method&quot;:&quot;xpath&quot;,&quot;selector&quot;:&quot;//*[@id=&quot;documentListTable&quot;]/tbody/tr[1]/td[3]&quot;}
  (Session info: chrome=126.0.6478.127)
For documentation on this error, please visit: https://www.seleniumhq.org/exceptions/no_such_element.html
Build info: version: &#039;3.141.59&#039;, revision: &#039;e82be7d358&#039;, time: &#039;2018-11-14T08:25:53&#039;
System info: host: &#039;CIPLWKT014&#039;, ip: &#039;10.4.8.14&#039;, os.name: &#039;Windows 10&#039;, os.arch: &#039;x86&#039;, os.version: &#039;10.0&#039;, java.version: &#039;1.8.0_351&#039;
Driver info: org.openqa.selenium.chrome.ChromeDriver
Capabilities {acceptInsecureCerts: false, browserName: chrome, browserVersion: 126.0.6478.127, chrome: {chromedriverVersion: 126.0.6478.62 (b2781ca4c383..., userDataDir: C:\Users\nisha.r\AppData\Lo...}, fedcm:accounts: true, goog:chromeOptions: {debuggerAddress: localhost:56401}, javascriptEnabled: true, networkConnectionEnabled: false, pageLoadStrategy: normal, platform: WINDOWS, platformName: WINDOWS, proxy: Proxy(), setWindowRect: true, strictFileInteractability: false, timeouts: {implicit: 0, pageLoad: 300000, script: 30000}, unhandledPromptBehavior: dismiss and notify, webauthn:extension:credBlob: true, webauthn:extension:largeBlob: true, webauthn:extension:minPinLength: true, webauthn:extension:prf: true, webauthn:virtualAuthenticators: true}
Session ID: e3dde265caeaeb96031162f7afe0bf7c
*** Element info: {Using=xpath, value=//*[@id=&quot;documentListTable&quot;]/tbody/tr[1]/td[3]}">
      <![CDATA[org.openqa.selenium.NoSuchElementException: no such element: Unable to locate element: {"method":"xpath","selector":"//*[@id="documentListTable"]/tbody/tr[1]/td[3]"}
  (Session info: chrome=126.0.6478.127)
For documentation on this error, please visit: https://www.seleniumhq.org/exceptions/no_such_element.html
Build info: version: '3.141.59', revision: 'e82be7d358', time: '2018-11-14T08:25:53'
System info: host: 'CIPLWKT014', ip: '10.4.8.14', os.name: 'Windows 10', os.arch: 'x86', os.version: '10.0', java.version: '1.8.0_351'
Driver info: org.openqa.selenium.chrome.ChromeDriver
Capabilities {acceptInsecureCerts: false, browserName: chrome, browserVersion: 126.0.6478.127, chrome: {chromedriverVersion: 126.0.6478.62 (b2781ca4c383..., userDataDir: C:\Users\nisha.r\AppData\Lo...}, fedcm:accounts: true, goog:chromeOptions: {debuggerAddress: localhost:56401}, javascriptEnabled: true, networkConnectionEnabled: false, pageLoadStrategy: normal, platform: WINDOWS, platformName: WINDOWS, proxy: Proxy(), setWindowRect: true, strictFileInteractability: false, timeouts: {implicit: 0, pageLoad: 300000, script: 30000}, unhandledPromptBehavior: dismiss and notify, webauthn:extension:credBlob: true, webauthn:extension:largeBlob: true, webauthn:extension:minPinLength: true, webauthn:extension:prf: true, webauthn:virtualAuthenticators: true}
Session ID: e3dde265caeaeb96031162f7afe0bf7c
*** Element info: {Using=xpath, value=//*[@id="documentListTable"]/tbody/tr[1]/td[3]}
at sun.reflect.NativeConstructorAccessorImpl.newInstance0(Native Method)
at sun.reflect.NativeConstructorAccessorImpl.newInstance(Unknown Source)
at sun.reflect.DelegatingConstructorAccessorImpl.newInstance(Unknown Source)
at java.lang.reflect.Constructor.newInstance(Unknown Source)
at org.openqa.selenium.remote.http.W3CHttpResponseCodec.createException(W3CHttpResponseCodec.java:187)
at org.openqa.selenium.remote.http.W3CHttpResponseCodec.decode(W3CHttpResponseCodec.java:122)
at org.openqa.selenium.remote.http.W3CHttpResponseCodec.decode(W3CHttpResponseCodec.java:49)
at org.openqa.selenium.remote.HttpCommandExecutor.execute(HttpCommandExecutor.java:158)
at org.openqa.selenium.remote.service.DriverCommandExecutor.execute(DriverCommandExecutor.java:83)
at org.openqa.selenium.remote.RemoteWebDriver.execute(RemoteWebDriver.java:552)
at org.openqa.selenium.remote.RemoteWebDriver.findElement(RemoteWebDriver.java:323)
at org.openqa.selenium.remote.RemoteWebDriver.findElementByXPath(RemoteWebDriver.java:428)
at org.openqa.selenium.By$ByXPath.findElement(By.java:353)
at org.openqa.selenium.remote.RemoteWebDriver.findElement(RemoteWebDriver.java:315)
at org.openqa.selenium.support.pagefactory.DefaultElementLocator.findElement(DefaultElementLocator.java:69)
at org.openqa.selenium.support.pagefactory.internal.LocatingElementHandler.invoke(LocatingElementHandler.java:38)
at com.sun.proxy.$Proxy25.getWrappedElement(Unknown Source)
at org.openqa.selenium.remote.internal.WebElementToJsonConverter.apply(WebElementToJsonConverter.java:50)
at java.util.stream.ReferencePipeline$3$1.accept(Unknown Source)
at java.util.Spliterators$ArraySpliterator.forEachRemaining(Unknown Source)
at java.util.stream.AbstractPipeline.copyInto(Unknown Source)
at java.util.stream.AbstractPipeline.wrapAndCopyInto(Unknown Source)
at java.util.stream.ReduceOps$ReduceOp.evaluateSequential(Unknown Source)
at java.util.stream.AbstractPipeline.evaluate(Unknown Source)
at java.util.stream.ReferencePipeline.collect(Unknown Source)
at org.openqa.selenium.remote.RemoteWebDriver.executeScript(RemoteWebDriver.java:484)
at Generic.BaseClass.jsclick(BaseClass.java:1157)
at Pom.Security.Verify_Respective_Group_permission(Security.java:1147)
at Script.Security_dialog_Test.TC_10_Verify_Respective_permission_To_Group_for_AllNodes(Security_dialog_Test.java:101)
at sun.reflect.NativeMethodAccessorImpl.invoke0(Native Method)
at sun.reflect.NativeMethodAccessorImpl.invoke(Unknown Source)
at sun.reflect.DelegatingMethodAccessorImpl.invoke(Unknown Source)
at java.lang.reflect.Method.invoke(Unknown Source)
at org.testng.internal.MethodInvocationHelper.invokeMethod(MethodInvocationHelper.java:124)
at org.testng.internal.Invoker.invokeMethod(Invoker.java:583)
at org.testng.internal.Invoker.retryFailed(Invoker.java:839)
at org.testng.internal.Invoker.invokeTestMethods(Invoker.java:1010)
at org.testng.internal.TestMethodWorker.invokeTestMethods(TestMethodWorker.java:125)
at org.testng.internal.TestMethodWorker.run(TestMethodWorker.java:109)
at org.testng.TestRunner.privateRun(TestRunner.java:648)
at org.testng.TestRunner.run(TestRunner.java:505)
at org.testng.SuiteRunner.runTest(SuiteRunner.java:455)
at org.testng.SuiteRunner.runSequentially(SuiteRunner.java:450)
at org.testng.SuiteRunner.privateRun(SuiteRunner.java:415)
at org.testng.SuiteRunner.run(SuiteRunner.java:364)
at org.testng.SuiteRunnerWorker.runSuite(SuiteRunnerWorker.java:52)
at org.testng.SuiteRunnerWorker.run(SuiteRunnerWorker.java:84)
at org.testng.TestNG.runSuitesSequentially(TestNG.java:1208)
at org.testng.TestNG.runSuitesSequentially(TestNG.java:1204)
at org.testng.TestNG.runSuitesLocally(TestNG.java:1137)
at org.testng.TestNG.runSuites(TestNG.java:1049)
at org.testng.TestNG.run(TestNG.java:1017)
at org.testng.remote.AbstractRemoteTestNG.run(AbstractRemoteTestNG.java:114)
at org.testng.remote.RemoteTestNG.initAndRun(RemoteTestNG.java:251)
at org.testng.remote.RemoteTestNG.main(RemoteTestNG.java:77)
]]>
    </error>
  </testcase> <!-- TC_10_Verify_Respective_permission_To_Group_for_AllNodes -->
  <testcase name="TC_10_Verify_Respective_permission_To_Group_for_AllNodes" time="168.515" classname="Script.Security_dialog_Test">
    <skipped/>
  </testcase> <!-- TC_10_Verify_Respective_permission_To_Group_for_AllNodes -->
</testsuite> <!-- Script.Security_dialog_Test -->
