<?xml version="1.0" encoding="UTF-8"?>
<!-- Generated by org.testng.reporters.JUnitReportReporter -->
<testsuite skipped="0" hostname="CIPLWKT014" name="Script.NewDocumentNegativeScenerio" tests="4" failures="0" timestamp="20 Mar 2024 07:29:15 GMT" time="101.596" errors="0">
  <testcase name="LogVCS" time="27.685" classname="Script.NewDocumentNegativeScenerio"/>
  <testcase name="CreateNewDocumentWithoutFolder" time="22.042" classname="Script.NewDocumentNegativeScenerio"/>
  <testcase name="CreateNewDocWithoutDocumentType" time="28.650" classname="Script.NewDocumentNegativeScenerio"/>
  <testcase name="NewDocWithoutFileName" time="23.219" classname="Script.NewDocumentNegativeScenerio"/>
</testsuite> <!-- Script.NewDocumentNegativeScenerio -->
