<?xml version="1.0" encoding="UTF-8"?>
<!-- Generated by org.testng.reporters.JUnitReportReporter -->
<testsuite skipped="0" hostname="CIPLWKT014" name="Script.My_Preferences_Annotation" tests="3" failures="0" timestamp="21 Jun 2024 22:25:31 GMT" time="221.972" errors="0">
  <testcase name="Login_EWA" time="32.938" classname="Script.My_Preferences_Annotation"/>
  <testcase name="TC_01_Verify_Maximum_Annotation" time="88.448" classname="Script.My_Preferences_Annotation"/>
  <testcase name="TC_02_Verify_set_Annotation1" time="100.586" classname="Script.My_Preferences_Annotation"/>
</testsuite> <!-- Script.My_Preferences_Annotation -->
