<?xml version="1.0" encoding="UTF-8"?>
<!-- Generated by org.testng.reporters.JUnitReportReporter -->
<testsuite skipped="0" hostname="CIPLWKT014" name="Script.Negative_Templates" tests="7" failures="0" timestamp="18 Jan 2024 04:13:16 GMT" time="840.215" errors="0">
  <testcase name="verify_message_Select_Folder_ToCreateDoc" time="86.333" classname="Script.Negative_Templates"/>
  <testcase name="verify_message_addPages_Using_SaveandClearButton" time="43.263" classname="Script.Negative_Templates"/>
  <testcase name="Verify_TextboxName_and_Templatename_validation" time="89.129" classname="Script.Negative_Templates"/>
  <testcase name="Verify_validation_Duplicate_Template_Created" time="255.683" classname="Script.Negative_Templates"/>
  <testcase name="verify_to_CreateorBrowse_Template_Advancedviewing_Officedoc" time="232.541" classname="Script.Negative_Templates"/>
  <testcase name="verify_Validation_Formmapping_PDFTemplate_Advancedviewing" time="98.219" classname="Script.Negative_Templates"/>
  <testcase name="Set_Defaultview" time="35.047" classname="Script.Negative_Templates"/>
</testsuite> <!-- Script.Negative_Templates -->
