<?xml version="1.0" encoding="UTF-8"?>
<!-- Generated by org.testng.reporters.JUnitReportReporter -->
<testsuite hostname="CIPLWKT014" failures="0" tests="3" name="Script.RoomContextMenu_Categories" time="234.756" errors="0" timestamp="2024-08-30T02:23:23 GMT-05:00" skipped="0">
  <testcase classname="Script.RoomContextMenu_Categories" name="Login" time="25.080"/>
  <system-out>
    <![CDATA[Log into EWA
Enter valid username into username text box
Enter valid password into password text box
Select a Room
Click on Login button
Session for user is already active.Do you want to create new session? dialog box displayed User click on OK button,
User logged in successfully...
User logged in successfully... ]]>
  </system-out>
  <testcase classname="Script.RoomContextMenu_Categories" name="TC_10_CategoriesPrivateFunction" time="168.972"/>
  <system-out>
    <![CDATA[Scenario 09: RoomcontextMenu tab 'Category - private' option
Select cabinet
Select categories option
Mousehover on roomcontextmenu tab
Select private option
Select color with ID: CustomColourid_1
Click on categories dialog OK button
The cabinet should be displayed in the selected color for the user
Mousehover on roomcontextmenu tab
Select private option
Select color with ID: CustomColourid_2
Click on categories dialog OK button
The cabinet should be displayed in the selected color for the user
Mousehover on roomcontextmenu tab
Select private option
Select color with ID: CustomColourid_3
Click on categories dialog OK button
The cabinet should be displayed in the selected color for the user
Mousehover on roomcontextmenu tab
Select private option
Select color with ID: CustomColourid_4
Click on categories dialog OK button
The cabinet should be displayed in the selected color for the user
Mousehover on roomcontextmenu tab
Select private option
Select color with ID: CustomColourid_5
Click on categories dialog OK button
The cabinet should be displayed in the selected color for the user
Mousehover on roomcontextmenu tab
Select private option
Select color with ID: CustomColourid_6
Click on categories dialog OK button
The cabinet should be displayed in the selected color for the user
Mousehover on roomcontextmenu tab
Select private option
Select color with ID: CustomColourid_7
Click on categories dialog OK button
The cabinet should be displayed in the selected color for the user
Mousehover on roomcontextmenu tab
Select private option
Select color with ID: CustomColourid_8
Click on categories dialog OK button
The cabinet should be displayed in the selected color for the user
Mousehover on roomcontextmenu tab
Select private option
Select color with ID: CustomColourid_9
Click on categories dialog OK button
The cabinet should be displayed in the selected color for the user
Click on categories dialog OK button
The cabinet should be displayed in Red color for the user
Categories Private verified successfully
============================================================================]]>
  </system-out>
  <testcase classname="Script.RoomContextMenu_Categories" name="TC_11_CategoriesPublic" time="40.704"/>
  <system-out>
    <![CDATA[Scenario 10: RoomcontextMenu tab 'Category - public' option
Select a cabinet
Mousehover on roomcontextmenu tab and click categories option
Select public option
Select purple colour
Click on OK button
The cabinet should be displayed in purple color for all user
categories public option verified successfully...
===============================================================================]]>
  </system-out>
</testsuite> <!-- Script.RoomContextMenu_Categories -->
