<?xml version="1.0" encoding="UTF-8"?>
<!-- Generated by org.testng.reporters.JUnitReportReporter -->
<testsuite skipped="0" hostname="CIPLWKT014" name="Script.ManualWorkflow" tests="8" failures="0" timestamp="24 Jun 2024 12:33:00 GMT" time="268.172" errors="0">
  <testcase name="Login" time="15.352" classname="Script.ManualWorkflow"/>
  <testcase name="TC_1_SendDoc" time="39.455" classname="Script.ManualWorkflow"/>
  <testcase name="TC_2_refrshAndLogVidyaUser" time="42.943" classname="Script.ManualWorkflow"/>
  <testcase name="TC_3_SendAndNewItemsMetaDataAgree" time="28.280" classname="Script.ManualWorkflow"/>
  <testcase name="TC_4_Task2UserNishaAccept" time="40.124" classname="Script.ManualWorkflow"/>
  <testcase name="TC_5_TaskUser2RNishaRejectTheDocument" time="30.082" classname="Script.ManualWorkflow"/>
  <testcase name="TC_6_refrshAndLogDipak" time="34.374" classname="Script.ManualWorkflow"/>
  <testcase name="TC_8_DocEndedFromTask3DipakUser" time="37.562" classname="Script.ManualWorkflow"/>
</testsuite> <!-- Script.ManualWorkflow -->
