<?xml version="1.0" encoding="UTF-8"?>
<!-- Generated by org.testng.reporters.JUnitReportReporter -->
<testsuite skipped="0" hostname="CIPLWKT014" name="Script.AnnotationFunctionality" tests="10" failures="0" timestamp="26 Feb 2024 14:41:48 GMT" time="512.348" errors="0">
  <testcase name="TC_2_DefaultView" time="25.128" classname="Script.AnnotationFunctionality"/>
  <testcase name="TC_3_Redaction_UnlockRedaction" time="99.084" classname="Script.AnnotationFunctionality"/>
  <testcase name="TC_4_HighLight_Annotation" time="28.980" classname="Script.AnnotationFunctionality"/>
  <testcase name="TC_5_StikyNote_Annotation" time="48.315" classname="Script.AnnotationFunctionality"/>
  <testcase name="TC_6_RubberStampAnnotation" time="29.417" classname="Script.AnnotationFunctionality"/>
  <testcase name="TC_7_Rectangle_Annotation" time="44.395" classname="Script.AnnotationFunctionality"/>
  <testcase name="TC_8_StampAnnotation" time="75.302" classname="Script.AnnotationFunctionality"/>
  <testcase name="TC_9_LineAnnotation_Ellipse_Annotation" time="73.305" classname="Script.AnnotationFunctionality"/>
  <testcase name="TC_10_Signature_Annotation" time="37.119" classname="Script.AnnotationFunctionality"/>
  <testcase name="TC_11_Polygon" time="51.303" classname="Script.AnnotationFunctionality"/>
</testsuite> <!-- Script.AnnotationFunctionality -->
