<?xml version="1.0" encoding="UTF-8"?>
<!-- Generated by org.testng.reporters.JUnitReportReporter -->
<testsuite skipped="1" hostname="CIPLWKT014" name="Script.RoomContextFunction" tests="6" failures="0" timestamp="15 Nov 2023 10:39:44 GMT" time="562.084" errors="0">
  <testcase name="CVSLogin" time="19.771" classname="Script.RoomContextFunction"/>
  <testcase name="NodePropertiesFunction" time="258.738" classname="Script.RoomContextFunction"/>
  <testcase name="NotificationFunction" time="87.423" classname="Script.RoomContextFunction"/>
  <testcase name="CustomDocTypesFunction" time="4.400" classname="Script.RoomContextFunction">
    <skipped/>
  </testcase> <!-- CustomDocTypesFunction -->
  <testcase name="CustomDocTypesFunction" time="89.958" classname="Script.RoomContextFunction"/>
  <testcase name="CategoriesFunction" time="101.794" classname="Script.RoomContextFunction"/>
</testsuite> <!-- Script.RoomContextFunction -->
