<?xml version="1.0" encoding="UTF-8"?>
<!-- Generated by org.testng.reporters.JUnitReportReporter -->
<testsuite skipped="0" hostname="CIPLWKT014" name="Script.AnnotationFunctionality" tests="11" failures="0" timestamp="23 Jun 2024 07:25:36 GMT" time="609.557" errors="0">
  <testcase name="TC_1_Login" time="12.820" classname="Script.AnnotationFunctionality"/>
  <testcase name="TC_A_DefaultView" time="51.711" classname="Script.AnnotationFunctionality"/>
  <testcase name="TC_B_Redaction_UnlockRedaction" time="171.859" classname="Script.AnnotationFunctionality"/>
  <testcase name="TC_C_HighLight_Annotation" time="29.841" classname="Script.AnnotationFunctionality"/>
  <testcase name="TC_E_StikyNote_Annotation" time="45.372" classname="Script.AnnotationFunctionality"/>
  <testcase name="TC_F_RubberStampAnnotation" time="28.891" classname="Script.AnnotationFunctionality"/>
  <testcase name="TC_G_Rectangle_Annotation" time="41.839" classname="Script.AnnotationFunctionality"/>
  <testcase name="TC_H_StampAnnotation" time="70.076" classname="Script.AnnotationFunctionality"/>
  <testcase name="TC_I_LineAnnotation_Ellipse_Annotation" time="70.731" classname="Script.AnnotationFunctionality"/>
  <testcase name="TC_J_Signature_Annotation" time="35.545" classname="Script.AnnotationFunctionality"/>
  <testcase name="TC_K_Polygon" time="50.872" classname="Script.AnnotationFunctionality"/>
</testsuite> <!-- Script.AnnotationFunctionality -->
