<?xml version="1.0" encoding="UTF-8"?>
<!-- Generated by org.testng.reporters.JUnitReportReporter -->
<testsuite skipped="0" hostname="CIPLWKT014" name="Script.Negative_CustomColumns" tests="8" failures="0" timestamp="03 Jul 2024 16:39:01 GMT" time="265.916" errors="0">
  <testcase name="Login_EWA" time="52.111" classname="Script.Negative_CustomColumns"/>
  <testcase name="TC_01_Verify_Default_Custom_Columns_RoomLevel" time="64.913" classname="Script.Negative_CustomColumns"/>
  <testcase name="TC_02_Verify_CrossCancelButton_RoomCustomColumns" time="7.085" classname="Script.Negative_CustomColumns"/>
  <testcase name="TC_03_Verify_CancelButton_RoomCustomColumns" time="32.780" classname="Script.Negative_CustomColumns"/>
  <testcase name="TC_04_Verify_CrossCancelButton_SearchCustomColumns" time="26.972" classname="Script.Negative_CustomColumns"/>
  <testcase name="TC_05_Verify_CancelButton_SearchCustomColumns" time="26.636" classname="Script.Negative_CustomColumns"/>
  <testcase name="TC_06_Verify_CrossCancelButton_TODOCustomColumns" time="21.606" classname="Script.Negative_CustomColumns"/>
  <testcase name="TC_07_Verify_CancelButton_TODOCustomColumns" time="33.813" classname="Script.Negative_CustomColumns"/>
</testsuite> <!-- Script.Negative_CustomColumns -->
