<?xml version="1.0" encoding="UTF-8"?>
<!-- Generated by org.testng.reporters.JUnitReportReporter -->
<testsuite hostname="CIPLWKT014" failures="0" tests="4" name="Script.RoomContextMenu_Categories" time="203.133" errors="0" timestamp="2024-10-23T16:36:24 IST" skipped="0">
  <testcase classname="Script.RoomContextMenu_Categories" name="Login" time="35.366">
    <system-out>
      <![CDATA[Log into EWA
Enter valid username into username text box
Enter valid password into password text box
Select a Room
Click on Login button
Session for user is already active.Do you want to create new session? dialog box displayed User click on OK button,
User logged in successfully...
User logged in successfully... ]]>
    </system-out>
  </testcase> <!-- Login -->
  <testcase classname="Script.RoomContextMenu_Categories" name="TC_1_CategoriesPrivateFunction" time="106.118">
    <system-out>
      <![CDATA[Scenario 09: RoomcontextMenu tab 'Category - private' option
Select cabinet
Mousehover on roomcontextmenu tab
Select categories option
Mousehover on roomcontextmenu tab
Select private option
Select color with ID: CustomColourid_1
Click on categories dialog OK button
The cabinet should be displayed in the selected color for the user
Mousehover on roomcontextmenu tab
Mousehover on roomcontextmenu tab
Mousehover on roomcontextmenu tab
Mousehover on roomcontextmenu tab
Mousehover on roomcontextmenu tab
Mousehover on roomcontextmenu tab
Mousehover on roomcontextmenu tab
Mousehover on roomcontextmenu tab
Click on categories dialog OK button
The cabinet should be displayed in Red color for the user
Categories Private verified successfully
============================================================================]]>
    </system-out>
  </testcase> <!-- TC_1_CategoriesPrivateFunction -->
  <testcase classname="Script.RoomContextMenu_Categories" name="TC_2_CategoriesPublic" time="40.892">
    <system-out>
      <![CDATA[Scenario 10: RoomcontextMenu tab 'Category - public' option
Select a cabinet
Mousehover on roomcontextmenu tab and click categories option
Select public option
Select purple colour
Click on OK button
The cabinet should be displayed in purple color for all user
categories public option verified successfully...
===============================================================================]]>
    </system-out>
  </testcase> <!-- TC_2_CategoriesPublic -->
  <testcase classname="Script.RoomContextMenu_Categories" name="TC_3_ChangeNavigationToID" time="20.757">
    <system-out>
      <![CDATA[Changing Navigation Sort
Click on setting icon
Select Admin Preference
Change the navigation Sort as Name
Click on Apply button
Click on Refresh icon]]>
    </system-out>
  </testcase> <!-- TC_3_ChangeNavigationToID -->
  <system-out>
    <![CDATA[Chrome driver launched successfull
Chrome Browser launched Successfully...
EWA URL launched successfull
Contentverse URL launched successfully...
Log into EWA
Enter valid username into username text box
Enter valid password into password text box
Select a Room
Click on Login button
Session for user is already active.Do you want to create new session? dialog box displayed User click on OK button,
User logged in successfully...
User logged in successfully... 
Scenario 09: RoomcontextMenu tab 'Category - private' option
Select cabinet
Mousehover on roomcontextmenu tab
Select categories option
Mousehover on roomcontextmenu tab
Select private option
Select color with ID: CustomColourid_1
Click on categories dialog OK button
The cabinet should be displayed in the selected color for the user
Mousehover on roomcontextmenu tab
Mousehover on roomcontextmenu tab
Mousehover on roomcontextmenu tab
Mousehover on roomcontextmenu tab
Mousehover on roomcontextmenu tab
Mousehover on roomcontextmenu tab
Mousehover on roomcontextmenu tab
Mousehover on roomcontextmenu tab
Click on categories dialog OK button
The cabinet should be displayed in Red color for the user
Categories Private verified successfully
============================================================================
Scenario 10: RoomcontextMenu tab 'Category - public' option
Select a cabinet
Mousehover on roomcontextmenu tab and click categories option
Select public option
Select purple colour
Click on OK button
The cabinet should be displayed in purple color for all user
categories public option verified successfully...
===============================================================================
Changing Navigation Sort
Click on setting icon
Select Admin Preference
Change the navigation Sort as Name
Click on Apply button
Click on Refresh icon]]>
  </system-out>
</testsuite> <!-- Script.RoomContextMenu_Categories -->
