<?xml version="1.0" encoding="UTF-8"?>
<!-- Generated by org.testng.reporters.JUnitReportReporter -->
<testsuite skipped="0" hostname="CIPLWKT014" name="Generic.ExternalTextFileContent" tests="1" failures="0" timestamp="06 Nov 2023 07:15:02 GMT" time="7.960" errors="0">
  <testcase name="readFromTextFile" time="7.960" classname="Generic.ExternalTextFileContent"/>
</testsuite> <!-- Generic.ExternalTextFileContent -->
