<?xml version="1.0" encoding="UTF-8"?>
<!-- Generated by org.testng.reporters.JUnitReportReporter -->
<testsuite skipped="0" hostname="CIPLWKT014" name="Script.TodoListDynamicWorkFlowWithRejectCondition" tests="8" failures="0" timestamp="29 Feb 2024 10:18:50 GMT" time="448.297" errors="0">
  <testcase name="DynamicWf" time="207.027" classname="Script.TodoListDynamicWorkFlowWithRejectCondition"/>
  <testcase name="dyanamic_wf_AndLogVidyaUser" time="34.000" classname="Script.TodoListDynamicWorkFlowWithRejectCondition"/>
  <testcase name="TC_1_dynamicWF_MetaDataAgree_Vidya" time="29.234" classname="Script.TodoListDynamicWorkFlowWithRejectCondition"/>
  <testcase name="TC_2_dynamic_WF_Task2UserNisha" time="43.550" classname="Script.TodoListDynamicWorkFlowWithRejectCondition"/>
  <testcase name="TC_3_DynamicWF_user2_RNishaAcceptTheDocument" time="54.582" classname="Script.TodoListDynamicWorkFlowWithRejectCondition"/>
  <testcase name="TC_4_DynamicWFrefrshAndLogDipak" time="27.107" classname="Script.TodoListDynamicWorkFlowWithRejectCondition"/>
  <testcase name="TC_5_DynamicWF_user3_DipakRejectTheDocument" time="27.007" classname="Script.TodoListDynamicWorkFlowWithRejectCondition"/>
  <testcase name="TC_6_SummaryStatuswithReviewFunction" time="25.790" classname="Script.TodoListDynamicWorkFlowWithRejectCondition"/>
</testsuite> <!-- Script.TodoListDynamicWorkFlowWithRejectCondition -->
