<?xml version="1.0" encoding="UTF-8"?>
<!-- Generated by org.testng.reporters.JUnitReportReporter -->
<testsuite skipped="0" hostname="CIPLWKT014" name="Script.Print_Email_Export_Negative_Scenerio" tests="1" failures="0" timestamp="26 Feb 2024 14:41:48 GMT" time="138.183" errors="0">
  <testcase name="TC_1_Email_ConvertPDF_WithAll_Annotations" time="138.183" classname="Script.Print_Email_Export_Negative_Scenerio"/>
</testsuite> <!-- Script.Print_Email_Export_Negative_Scenerio -->
