<?xml version="1.0" encoding="UTF-8"?>
<!-- Generated by org.testng.reporters.JUnitReportReporter -->
<testsuite skipped="0" hostname="CIPLWKT014" name="Script.My_Preferences_PDF_with_Overlay" tests="3" failures="0" timestamp="03 Jul 2024 16:39:02 GMT" time="278.831" errors="0">
  <testcase name="Login_EWA" time="49.896" classname="Script.My_Preferences_PDF_with_Overlay"/>
  <testcase name="TC_01_Verify_PDF_with_Overlay_Disable" time="132.016" classname="Script.My_Preferences_PDF_with_Overlay"/>
  <testcase name="TC_02_Verify_PDF_with_Overlay_Enable" time="96.919" classname="Script.My_Preferences_PDF_with_Overlay"/>
</testsuite> <!-- Script.My_Preferences_PDF_with_Overlay -->
