<?xml version="1.0" encoding="UTF-8"?>
<!-- Generated by org.testng.reporters.JUnitReportReporter -->
<testsuite hostname="CIPLWKT014" failures="0" tests="3" name="Script.Favorites" time="145.780" errors="0" timestamp="2024-08-29T05:40:04 GMT-05:00" skipped="0">
  <testcase classname="Script.Favorites" name="Login" time="34.403"/>
  <system-out>
    <![CDATA[Log into EWA
Enter valid username into username text box
Enter valid password into password text box
Select a Room
Click on Login button
Session already activate message not appeared
User logged in successfully...
User logged in successfully... ]]>
  </system-out>
  <testcase classname="Script.Favorites" name="TC_1_FavoriteInUserLevel" time="35.526"/>
  <system-out>
    <![CDATA[Select a cabinet to set a favorite user level
Click on star icon
Select the user radio button in the favorite dialog
Select favorite dialog OK button 
Mouse hover on favorite icon
Click on ellipse icon from the dropdown
Show favorite dialog opened
Click on delete icon
Added favorite item deleted successfully...
Close the show favorite dialog
Favorite User Option verified successfully...]]>
  </system-out>
  <testcase classname="Script.Favorites" name="TC_2_FavoriteInSystemLevel" time="75.851"/>
  <system-out>
    <![CDATA[Select a cabinet to set a favorite system level
Click on star icon
Select the System radio button in the favorite dialog
Select favorite dialog OK button 
Mouse hover on favorite bookmark icon to show the system level favorite cabinet
Logout the page
Click on Username option
Click on Logout option
Login as another user
Scenario 01: Log into EWA
Enter valid user name into username field
Enter valid password into password field
Select a Room
Click Login button
Session message not appeared
 Mouse hover on favorite icon
It should show the favorite cabinet name
The Favorite System option verified successfully...
The Favorite System option verified successfully...]]>
  </system-out>
</testsuite> <!-- Script.Favorites -->
