<?xml version="1.0" encoding="UTF-8"?>
<!-- Generated by org.testng.reporters.JUnitReportReporter -->
<testsuite skipped="0" hostname="CIPLWKT014" name="Script.My_Preferences_Themes" tests="2" failures="0" timestamp="21 Jun 2024 22:25:32 GMT" time="88.197" errors="0">
  <testcase name="Login_EWA" time="33.536" classname="Script.My_Preferences_Themes"/>
  <testcase name="TC_01_Verify_mes" time="54.661" classname="Script.My_Preferences_Themes"/>
</testsuite> <!-- Script.My_Preferences_Themes -->
