<?xml version="1.0" encoding="UTF-8"?>
<!-- Generated by org.testng.reporters.JUnitReportReporter -->
<testsuite skipped="0" hostname="CIPLWKT014" name="Script.My_Preferences_Add_signature" tests="3" failures="0" timestamp="03 Jul 2024 16:39:04 GMT" time="551.723" errors="0">
  <testcase name="Login_EWA" time="67.145" classname="Script.My_Preferences_Add_signature"/>
  <testcase name="TC_01_Verify_Upload_New_Signature" time="236.417" classname="Script.My_Preferences_Add_signature"/>
  <testcase name="TC_02_Verify_Type_New_Signature" time="248.161" classname="Script.My_Preferences_Add_signature"/>
</testsuite> <!-- Script.My_Preferences_Add_signature -->
