<?xml version="1.0" encoding="UTF-8"?>
<!-- Generated by org.testng.reporters.JUnitReportReporter -->
<testsuite hostname="CIPLWKT014" failures="0" tests="3" name="Script.SendToMail" time="185.055" errors="0" timestamp="2024-10-15T08:28:36 IST" skipped="0">
  <testcase classname="Script.SendToMail" name="TC_A_Email_Reference" time="104.366"/>
  <system-out>
    <![CDATA[Scenario 01: Verify reference Email
Expand the cabinet
Expand the drawer
Click on the folder
Open a document
AlertISNotPresent
Select a page
Click on sendto tool icon
Click on email option
Click on reference radio button
Enter the valid email to email field
Click on email dialog OK button
User should receive 'Email sent successfull' message dialog
Email sent dialog displayed successfull]]>
  </system-out>
  <testcase classname="Script.SendToMail" name="TC_B_Email_Copy_WithMsgBox_SubjectBox" time="50.657"/>
  <system-out>
    <![CDATA[Scenario 02:Verify copy email and message textbox
Open a document and select a page
Click on sendto tool icon
Select email submenu
Select copy radio button
Enter a valid email id
Enter suject into subject textbox
Enter message into message dialog box
Click on Email dialog OK button
User should receive 'Email sent successfull' message dialog
Email sent successfully dialog displayed...]]>
  </system-out>
  <testcase classname="Script.SendToMail" name="TC_C_Email_ConvertPDF_WithAll_Annotations" time="30.032"/>
  <system-out>
    <![CDATA[Scenario 03:Verify Email 'Convert_to_PDF' with 'Burn annotation' option
Verifying Email Functionality
Open a document and select a page
Mousehover on send to icon from viewer tool bar
Click convertToPDF checkbox
Click burn annotation checkbox
Enter valid mail into email field
Enter valid confirm mail into confirm mail textbox
Click email dialog OK button
Email dialog with burn annotation verified successfully...
Email Functionality with all annotation settings,sent successfull]]>
  </system-out>
</testsuite> <!-- Script.SendToMail -->
