<?xml version="1.0" encoding="UTF-8"?>
<!-- Generated by org.testng.reporters.JUnitReportReporter -->
<testsuite skipped="0" hostname="CIPLWKT014" name="Script.TodoListFromSearchTab" tests="5" failures="0" timestamp="21 Feb 2024 11:45:35 GMT" time="339.595" errors="0">
  <testcase name="LoginCV" time="26.186" classname="Script.TodoListFromSearchTab"/>
  <testcase name="SearchTodoListTesting" time="84.348" classname="Script.TodoListFromSearchTab"/>
  <testcase name="SearchTodoListFirstUser" time="88.607" classname="Script.TodoListFromSearchTab"/>
  <testcase name="SearchTodoList" time="72.875" classname="Script.TodoListFromSearchTab"/>
  <testcase name="SearchTodoListThirdUser" time="67.579" classname="Script.TodoListFromSearchTab"/>
</testsuite> <!-- Script.TodoListFromSearchTab -->
