<?xml version="1.0" encoding="UTF-8"?>
<!-- Generated by org.testng.reporters.JUnitReportReporter -->
<testsuite skipped="0" hostname="CIPLWKT014" name="Script.SecureLink_Negative_Scenerio" tests="5" failures="0" timestamp="24 Jun 2024 08:52:56 GMT" time="233.080" errors="0">
  <testcase name="Login" time="26.562" classname="Script.SecureLink_Negative_Scenerio"/>
  <testcase name="TC_1_SecureLinkInvalidRecepient_Mail_ID_ValidConfirm_Mail" time="111.482" classname="Script.SecureLink_Negative_Scenerio"/>
  <testcase name="TC_2_SendToSecureLinkwithout_Email_ID_BlankTest" time="21.669" classname="Script.SecureLink_Negative_Scenerio"/>
  <testcase name="TC_3_SecLinkReceipientDailogBoxInvalid_Email_ID" time="39.719" classname="Script.SecureLink_Negative_Scenerio"/>
  <testcase name="TC_4_SecLinkReceipientMailBlank" time="33.648" classname="Script.SecureLink_Negative_Scenerio"/>
</testsuite> <!-- Script.SecureLink_Negative_Scenerio -->
