<?xml version="1.0" encoding="UTF-8"?>
<!-- Generated by org.testng.reporters.JUnitReportReporter -->
<testsuite skipped="0" hostname="CIPLWKT014" name="Script.Negative_SpecialCharFile" tests="3" failures="0" timestamp="18 Jan 2024 04:13:16 GMT" time="92.620" errors="0">
  <testcase name="Verify_Destination_Folder" time="56.101" classname="Script.Negative_SpecialCharFile"/>
  <testcase name="Verify_Asterrisk_Field" time="16.658" classname="Script.Negative_SpecialCharFile"/>
  <testcase name="Create_Emptypage_Document" time="19.861" classname="Script.Negative_SpecialCharFile"/>
</testsuite> <!-- Script.Negative_SpecialCharFile -->
