<?xml version="1.0" encoding="UTF-8"?>
<!-- Generated by org.testng.reporters.JUnitReportReporter -->
<testsuite skipped="0" hostname="CIPLWKT014" name="SQL2022_DB.SecureLink" tests="5" failures="0" timestamp="07 Feb 2024 13:38:37 GMT" time="251.579" errors="0">
  <testcase name="Login" time="15.845" classname="SQL2022_DB.SecureLink"/>
  <testcase name="DocumentSendToSecureLink" time="71.745" classname="SQL2022_DB.SecureLink"/>
  <testcase name="SecureLinkFromSearchTab" time="54.647" classname="SQL2022_DB.SecureLink"/>
  <testcase name="SecureLinkFromDocumentList" time="45.977" classname="SQL2022_DB.SecureLink"/>
  <testcase name="SentDocumentToView" time="63.365" classname="SQL2022_DB.SecureLink"/>
</testsuite> <!-- SQL2022_DB.SecureLink -->
