<?xml version="1.0" encoding="UTF-8"?>
<!-- Generated by org.testng.reporters.JUnitReportReporter -->
<testsuite hostname="CIPLWKT014" failures="0" tests="8" name="Script.ManualWorkflow" time="264.853" errors="1" timestamp="2024-08-29T06:00:39 GMT-05:00" skipped="0">
  <testcase classname="Script.ManualWorkflow" name="Login" time="28.327"/>
  <system-out>
    <![CDATA[Scenario 01: Log into EWA
Enter valid user name into username field
Enter valid password into password field
Select a Room
Click Login button
Session message not appeared
User logged in successfully... ]]>
  </system-out>
  <testcase classname="Script.ManualWorkflow" name="TC_1_SendDoc" time="39.971"/>
  <system-out>
    <![CDATA[Scenario 01: Document send to manual workflow
Expand the cabinet
Expand the drawer
Open any folder
Select any document from the document list
Mousehover on document tab
Select sendto workflow option
Select any workflow
Document send to workflow successfully dialog will be appeared...
Click confirmation dialog OK button
Document send to manual workflow successfully
Logout the current session]]>
  </system-out>
  <testcase classname="Script.ManualWorkflow" name="TC_2_refrshAndLogVidyaUser" time="50.123"/>
  <system-out>
    <![CDATA[Click on Username option
Click on Logout option
Scenario 02: Task User Log into EWA
Enter task user name into user name field 
Click on Login Button
Login without session message...
Task user logged into EWA successfully...]]>
  </system-out>
  <testcase classname="Script.ManualWorkflow" name="TC_3_SendAndNewItemsMetaDataAgree" time="23.728"/>
  <system-out>
    <![CDATA[Scenario 03:Task User1 Accept the workflow document
Click on Todolist tab
Select Newitems option
Expand a document metadata option
Click on Accept button
Add comment in Accept dialog
Click on Accept dialog OK button
Task user1 Accept the document successfully...
Task user1 Logout the Session...
Successfully Document  Move to Task User2
Task user1 Logout the Session...]]>
  </system-out>
  <testcase classname="Script.ManualWorkflow" name="TC_4_Task2UserNishaAccept" time="48.430"/>
  <system-out>
    <![CDATA[Click on Username option
Click on Logout option
Scenario 4: Task user Log into EWA 
Enter valid task name into user name field
Enter valid password into password field 
Click Login button
Login without session message
Task user Logged into EWA successfully...]]>
  </system-out>
  <testcase classname="Script.ManualWorkflow" name="TC_5_TaskUser2RNishaRejectTheDocument" time="23.604"/>
  <system-out>
    <![CDATA[Scenario 05: Task user2 Reject the workflow document
Click on Todolist tab 
Cick on New items Option
Expand workflow document metadata option
Click Reject button
Add comment in Reject dialog box
Click on Reject dialog OK button
Rejected Document  Move to Task User3 successfully...
Click on Reject dialog OK button
Task user 2 logout the session successfully...]]>
  </system-out>
  <testcase classname="Script.ManualWorkflow" name="TC_6_refrshAndLogDipak" time="36.042"/>
  <system-out>
    <![CDATA[Click on Username option
Click on Logout option
Scenario 06: Task user log into EWA
Enter valid task user name into user name field
Enter valid password into password field
Click login button
Task user log into EWA successfully...
TaskUser3 Dipak Logged in successful]]>
  </system-out>
  <testcase classname="Script.ManualWorkflow" name="TC_8_DocEndedFromTask3DipakUser" time="14.628">
    <error message="Cannot locate an element using xpath=//*[@id=&#039;todobuttons&#039;]/a[3]
For documentation on this error, please visit: https://www.seleniumhq.org/exceptions/no_such_element.html
Build info: version: &#039;3.141.59&#039;, revision: &#039;e82be7d358&#039;, time: &#039;2018-11-14T08:25:53&#039;
System info: host: &#039;CIPLWKT014&#039;, ip: &#039;10.4.8.14&#039;, os.name: &#039;Windows 10&#039;, os.arch: &#039;amd64&#039;, os.version: &#039;10.0&#039;, java.version: &#039;22.0.2&#039;
Driver info: driver.version: RemoteWebDriver" type="org.openqa.selenium.NoSuchElementException">
      <![CDATA[org.openqa.selenium.NoSuchElementException: Cannot locate an element using xpath=//*[@id='todobuttons']/a[3]
For documentation on this error, please visit: https://www.seleniumhq.org/exceptions/no_such_element.html
Build info: version: '3.141.59', revision: 'e82be7d358', time: '2018-11-14T08:25:53'
System info: host: 'CIPLWKT014', ip: '10.4.8.14', os.name: 'Windows 10', os.arch: 'amd64', os.version: '10.0', java.version: '22.0.2'
Driver info: driver.version: RemoteWebDriver
at org.openqa.selenium.remote.RemoteWebDriver.findElement(RemoteWebDriver.java:327)
at org.openqa.selenium.remote.RemoteWebDriver.findElementByXPath(RemoteWebDriver.java:428)
at org.openqa.selenium.By$ByXPath.findElement(By.java:353)
at org.openqa.selenium.remote.RemoteWebDriver.findElement(RemoteWebDriver.java:315)
at org.openqa.selenium.support.pagefactory.DefaultElementLocator.findElement(DefaultElementLocator.java:69)
at org.openqa.selenium.support.pagefactory.internal.LocatingElementHandler.invoke(LocatingElementHandler.java:38)
at jdk.proxy2/jdk.proxy2.$Proxy26.getWrappedElement(Unknown Source)
at org.openqa.selenium.remote.internal.WebElementToJsonConverter.apply(WebElementToJsonConverter.java:50)
at java.base/java.util.stream.ReferencePipeline$3$1.accept(ReferencePipeline.java:212)
at java.base/java.util.Spliterators$ArraySpliterator.forEachRemaining(Spliterators.java:1024)
at java.base/java.util.stream.AbstractPipeline.copyInto(AbstractPipeline.java:556)
at java.base/java.util.stream.AbstractPipeline.wrapAndCopyInto(AbstractPipeline.java:546)
at java.base/java.util.stream.ReduceOps$ReduceOp.evaluateSequential(ReduceOps.java:921)
at java.base/java.util.stream.AbstractPipeline.evaluate(AbstractPipeline.java:265)
at java.base/java.util.stream.ReferencePipeline.collect(ReferencePipeline.java:702)
at org.openqa.selenium.remote.RemoteWebDriver.executeScript(RemoteWebDriver.java:484)
at Generic.BaseClass.jsclick(BaseClass.java:1193)
at Pom.ToDoListTab.DocEndedFromTask3DipakUser(ToDoListTab.java:1086)
at Script.ManualWorkflow.TC_8_DocEndedFromTask3DipakUser(ManualWorkflow.java:131)
at java.base/jdk.internal.reflect.DirectMethodHandleAccessor.invoke(DirectMethodHandleAccessor.java:103)
at java.base/java.lang.reflect.Method.invoke(Method.java:580)
at org.testng.internal.MethodInvocationHelper.invokeMethod(MethodInvocationHelper.java:133)
at org.testng.internal.TestInvoker.invokeMethod(TestInvoker.java:598)
at org.testng.internal.TestInvoker.invokeTestMethod(TestInvoker.java:173)
at org.testng.internal.MethodRunner.runInSequence(MethodRunner.java:46)
at org.testng.internal.TestInvoker$MethodInvocationAgent.invoke(TestInvoker.java:824)
at org.testng.internal.TestInvoker.invokeTestMethods(TestInvoker.java:146)
at org.testng.internal.TestMethodWorker.invokeTestMethods(TestMethodWorker.java:146)
at org.testng.internal.TestMethodWorker.run(TestMethodWorker.java:128)
at java.base/java.util.ArrayList.forEach(ArrayList.java:1597)
at org.testng.TestRunner.privateRun(TestRunner.java:794)
at org.testng.TestRunner.run(TestRunner.java:596)
at org.testng.SuiteRunner.runTest(SuiteRunner.java:377)
at org.testng.SuiteRunner.runSequentially(SuiteRunner.java:371)
at org.testng.SuiteRunner.privateRun(SuiteRunner.java:332)
at org.testng.SuiteRunner.run(SuiteRunner.java:276)
at org.testng.SuiteRunnerWorker.runSuite(SuiteRunnerWorker.java:53)
at org.testng.SuiteRunnerWorker.run(SuiteRunnerWorker.java:96)
at org.testng.TestNG.runSuitesSequentially(TestNG.java:1212)
at org.testng.TestNG.runSuitesLocally(TestNG.java:1134)
at org.testng.TestNG.runSuites(TestNG.java:1063)
at org.testng.TestNG.run(TestNG.java:1031)
at org.testng.remote.AbstractRemoteTestNG.run(AbstractRemoteTestNG.java:115)
at org.testng.remote.RemoteTestNG.initAndRun(RemoteTestNG.java:293)
at org.testng.remote.RemoteTestNG.main(RemoteTestNG.java:91)
]]>
    </error>
  </testcase> <!-- TC_8_DocEndedFromTask3DipakUser -->
  <system-out>
    <![CDATA[Scenario 07: Task user3 will do End workflow
Click Todo list tab
Select New items
Expand New items document metadata
Click on Endworkflow button]]>
  </system-out>
</testsuite> <!-- Script.ManualWorkflow -->
