<?xml version="1.0" encoding="UTF-8"?>
<!-- Generated by org.testng.reporters.JUnitReportReporter -->
<testsuite skipped="0" hostname="CIPLWKT014" name="Script.Split_Merge_Documents" tests="4" failures="0" timestamp="03 Jul 2024 16:39:02 GMT" time="367.389" errors="0">
  <testcase name="Login_EWA" time="81.868" classname="Script.Split_Merge_Documents"/>
  <testcase name="Create_PDF_Document" time="111.338" classname="Script.Split_Merge_Documents"/>
  <testcase name="TC_02_Verify_CopyPaste_Viewer" time="50.359" classname="Script.Split_Merge_Documents"/>
  <testcase name="TC_03_Verify_Split_Merge_Viewer" time="123.824" classname="Script.Split_Merge_Documents"/>
</testsuite> <!-- Script.Split_Merge_Documents -->
