<?xml version="1.0" encoding="UTF-8"?>
<!-- Generated by org.testng.reporters.JUnitReportReporter -->
<testsuite hostname="CIPLWKT014" failures="0" tests="2" name="Script.RMC_Custom_Document_Types" time="179.017" errors="0" timestamp="2024-08-30T02:37:54 GMT-05:00" skipped="0">
  <testcase classname="Script.RMC_Custom_Document_Types" name="Login" time="34.515"/>
  <system-out>
    <![CDATA[Log into EWA
Enter valid username into username text box
Enter valid password into password text box
Select a Room
Click on Login button
Session already activate message not appeared
User logged in successfully...
User logged in successfully... ]]>
  </system-out>
  <testcase classname="Script.RMC_Custom_Document_Types" name="TC_1_CategoriesPrivateFunction" time="144.502"/>
  <system-out>
    <![CDATA[Scenario 08: Verify RoomContextmenu 'CustomDocumentType' option
Verifying Cabinet Permission
Expand a Cabinet
Mousehover to Roomname Tab
Click on  Security Option
Click on  Security dialog Add button
Select CVAdmin Group
Click on Security dialog Ok button
The Selected Entry is already in the Entry List. this validation message should show
Verifying Validation message
Assign to permission to 
Click on Security dialog Apply button
Click on  Security dialog Ok button
All permission should be given for Cabinet
Select a cabinet to set custom document type
Mousehover on Roomcontextmenu tab
Select Custom DocumentType Submenu
Custom document type dialog box should be open
Select the required document types
Click on custom document type dialog OK button
Click on new document tab
Click on 'Select DocumentType' option
It should show the saved document types
The saved document type displayed successfully
Custom document type verified successfully
MouseHover on RoomContextmenu tab and select Reset custom document option
Custom document type reset successfully...]]>
  </system-out>
</testsuite> <!-- Script.RMC_Custom_Document_Types -->
