<?xml version="1.0" encoding="UTF-8"?>
<!-- Generated by org.testng.reporters.JUnitReportReporter -->
<testsuite skipped="0" hostname="CIPLWKT014" name="Generic.ForAutomationCabinetAndfolderDocumentPOMMyReference" tests="2" failures="0" timestamp="03 Nov 2023 13:06:19 GMT" time="16.508" errors="0">
  <testcase name="LoginCV" time="16.166" classname="Generic.ForAutomationCabinetAndfolderDocumentPOMMyReference"/>
  <testcase name="forXpath" time="0.342" classname="Generic.ForAutomationCabinetAndfolderDocumentPOMMyReference"/>
</testsuite> <!-- Generic.ForAutomationCabinetAndfolderDocumentPOMMyReference -->
