<?xml version="1.0" encoding="UTF-8"?>
<!-- Generated by org.testng.reporters.JUnitReportReporter -->
<testsuite skipped="0" hostname="CIPLWKT014" name="Script.SearchSelectDocumentLocation" tests="20" failures="0" timestamp="24 Jun 2024 12:01:47 GMT" time="970.825" errors="0">
  <testcase name="A_ACVSLogin" time="28.924" classname="Script.SearchSelectDocumentLocation"/>
  <testcase name="A_BlankSearch" time="18.915" classname="Script.SearchSelectDocumentLocation"/>
  <testcase name="B_ExactSearchInIndexWithLoadMoreCount" time="88.401" classname="Script.SearchSelectDocumentLocation"/>
  <testcase name="C_ExactSearchInIndex" time="32.910" classname="Script.SearchSelectDocumentLocation"/>
  <testcase name="D_AtLeastOneWordSeachIndex" time="14.653" classname="Script.SearchSelectDocumentLocation"/>
  <testcase name="E_AllOfTheWordSearchIndex" time="0.003" classname="Script.SearchSelectDocumentLocation"/>
  <testcase name="F_AllVrsn_Incldcmnt_FindInHit_AppendToHit" time="93.038" classname="Script.SearchSelectDocumentLocation"/>
  <testcase name="G_FolderLevelSearch" time="31.683" classname="Script.SearchSelectDocumentLocation"/>
  <testcase name="H_DrawerLevelSearch" time="23.956" classname="Script.SearchSelectDocumentLocation"/>
  <testcase name="I_CabinetLevel" time="24.956" classname="Script.SearchSelectDocumentLocation"/>
  <testcase name="J_DocumentDropDown" time="14.228" classname="Script.SearchSelectDocumentLocation"/>
  <testcase name="K_DocumentCreatorDropDown" time="19.520" classname="Script.SearchSelectDocumentLocation"/>
  <testcase name="L_WorkflowStatusDropdown" time="255.596" classname="Script.SearchSelectDocumentLocation"/>
  <testcase name="M_SavingTheSearchDoc" time="27.673" classname="Script.SearchSelectDocumentLocation"/>
  <testcase name="N_TextSearchWithSQLData" time="76.052" classname="Script.SearchSelectDocumentLocation"/>
  <testcase name="O_TextSearchWithAllOftheWords" time="51.787" classname="Script.SearchSelectDocumentLocation"/>
  <testcase name="P_TextSearchWithAtpartOftheWord" time="61.675" classname="Script.SearchSelectDocumentLocation"/>
  <testcase name="Q_FolderSerchIcon" time="23.485" classname="Script.SearchSelectDocumentLocation"/>
  <testcase name="R_QuickSearch" time="21.893" classname="Script.SearchSelectDocumentLocation"/>
  <testcase name="S_DocumentSearch" time="61.477" classname="Script.SearchSelectDocumentLocation"/>
</testsuite> <!-- Script.SearchSelectDocumentLocation -->
