<?xml version="1.0" encoding="UTF-8"?>
<!-- Generated by org.testng.reporters.JUnitReportReporter -->
<testsuite skipped="0" hostname="CIPLWKT014" name="Script.LargeFiles_AutomationTesting" tests="5" failures="0" timestamp="24 Jun 2024 08:23:15 GMT" time="782.062" errors="0">
  <testcase name="Login_EWA" time="24.051" classname="Script.LargeFiles_AutomationTesting"/>
  <testcase name="TC_1_Upload_and_verify_Large_PDF_file" time="122.645" classname="Script.LargeFiles_AutomationTesting"/>
  <testcase name="TC_2_Upload_and_verify_Large_TIFF_file" time="116.114" classname="Script.LargeFiles_AutomationTesting"/>
  <testcase name="TC_3_Upload_and_verify_Large_DOCX_file" time="113.210" classname="Script.LargeFiles_AutomationTesting"/>
  <testcase name="TC_4_Upload_and_verify_Large_XLSX_file" time="406.042" classname="Script.LargeFiles_AutomationTesting"/>
</testsuite> <!-- Script.LargeFiles_AutomationTesting -->
