<?xml version="1.0" encoding="UTF-8"?>
<!-- Generated by org.testng.reporters.JUnitReportReporter -->
<testsuite hostname="CIPLWKT014" failures="0" tests="8" name="Script.DynamicWorkflow" time="376.278" errors="1" timestamp="2024-08-29T04:45:41 GMT-05:00" skipped="0">
  <testcase classname="Script.DynamicWorkflow" name="Login" time="27.402"/>
  <system-out>
    <![CDATA[Scenario 01: Log into EWA
Enter valid user name into username field
Enter valid password into password field
Select a Room
Click Login button
Session message not appeared
User logged in successfully... ]]>
  </system-out>
  <testcase classname="Script.DynamicWorkflow" name="DynamicWf" time="132.640"/>
  <system-out>
    <![CDATA[Scenario 01: Document send to - Dynamic workflow
Click on New document tab
Click on Document location textbox
Expand the cabinet
Expand the drawer
Select a folder
Click on destination folder dialog OK button
Select Dynamic workflow document type
Click on User1 textbox
Select Task user1
Click on Select task user dialog OK button
Click on User2 text box
Select Task user2
Click on Select task user dialog OK button
Click on User_3 textbox
Select Task user3
Click on Select task user dialog OK button
USer click on Select user dialog OK button
Enter data in key value
Mousehover on add icon
Click on create button
Click on view button
Click SendtoWorkflow button
Select any dynamic workflow
Click on apply button
Document sent to workflow Successfully dialog will appear...
Click confirmation dialog OK button]]>
  </system-out>
  <testcase classname="Script.DynamicWorkflow" name="dyanamic_wf_AndLogVidyaUser" time="41.753"/>
  <system-out>
    <![CDATA[Click on Username option
Click on Logout option
Scenario 02: Task User Log into EWA
Enter task user name into user name field 
Click on Login Button
Task user logged into EWA successfully...]]>
  </system-out>
  <testcase classname="Script.DynamicWorkflow" name="TC_1_dynamicWF_MetaDataAgree_Vidya" time="34.024"/>
  <system-out>
    <![CDATA[Scenario 03: Task user1 Accept the dynmaic Workflow document
Select Todolist tab
Select New items
Expand workflow document metadata
Click on comment button
Add comment into comment dialog
Click on comment dialog OK button
click on Accept button
Enter comment into the Accept dialog box
Click on Accept dialog OK button
TaskUser1 Accept the document successfully...
Task user1 logout the session successfully...]]>
  </system-out>
  <testcase classname="Script.DynamicWorkflow" name="TC_2_dynamic_WF_Task2UserNisha" time="48.706"/>
  <system-out>
    <![CDATA[Click on Username option
Click on Logout option
Scenario 4: Task user Log into EWA 
Enter valid task name into user name field
Enter valid password into password field 
Click Login button
Login without session message
Task user Logged into EWA successfully...]]>
  </system-out>
  <testcase classname="Script.DynamicWorkflow" name="TC_3_DynamicWF_user2_RNishaAcceptTheDocument" time="29.010">
    <error message="no such element: Unable to locate element: {&quot;method&quot;:&quot;xpath&quot;,&quot;selector&quot;:&quot;//*[@id=&#039;todobuttons&#039;]/a[5]&quot;}
  (Session info: chrome=128.0.6613.113)
For documentation on this error, please visit: https://www.seleniumhq.org/exceptions/no_such_element.html
Build info: version: &#039;3.141.59&#039;, revision: &#039;e82be7d358&#039;, time: &#039;2018-11-14T08:25:53&#039;
System info: host: &#039;CIPLWKT014&#039;, ip: &#039;10.4.8.14&#039;, os.name: &#039;Windows 10&#039;, os.arch: &#039;amd64&#039;, os.version: &#039;10.0&#039;, java.version: &#039;22.0.2&#039;
Driver info: org.openqa.selenium.chrome.ChromeDriver
Capabilities {acceptInsecureCerts: false, browserName: chrome, browserVersion: 128.0.6613.113, chrome: {chromedriverVersion: 128.0.6613.86 (3045ed680fda..., userDataDir: C:\Users\nisha.r\AppData\Lo...}, fedcm:accounts: true, goog:chromeOptions: {debuggerAddress: localhost:57476}, javascriptEnabled: true, networkConnectionEnabled: false, pageLoadStrategy: normal, platform: WINDOWS, platformName: WINDOWS, proxy: Proxy(), setWindowRect: true, strictFileInteractability: false, timeouts: {implicit: 0, pageLoad: 300000, script: 30000}, unhandledPromptBehavior: dismiss and notify, webauthn:extension:credBlob: true, webauthn:extension:largeBlob: true, webauthn:extension:minPinLength: true, webauthn:extension:prf: true, webauthn:virtualAuthenticators: true}
Session ID: ab5e0c25664b6a6c1d4971ef1737f59e
*** Element info: {Using=xpath, value=//*[@id=&#039;todobuttons&#039;]/a[5]}" type="org.openqa.selenium.NoSuchElementException">
      <![CDATA[org.openqa.selenium.NoSuchElementException: no such element: Unable to locate element: {"method":"xpath","selector":"//*[@id='todobuttons']/a[5]"}
  (Session info: chrome=128.0.6613.113)
For documentation on this error, please visit: https://www.seleniumhq.org/exceptions/no_such_element.html
Build info: version: '3.141.59', revision: 'e82be7d358', time: '2018-11-14T08:25:53'
System info: host: 'CIPLWKT014', ip: '10.4.8.14', os.name: 'Windows 10', os.arch: 'amd64', os.version: '10.0', java.version: '22.0.2'
Driver info: org.openqa.selenium.chrome.ChromeDriver
Capabilities {acceptInsecureCerts: false, browserName: chrome, browserVersion: 128.0.6613.113, chrome: {chromedriverVersion: 128.0.6613.86 (3045ed680fda..., userDataDir: C:\Users\nisha.r\AppData\Lo...}, fedcm:accounts: true, goog:chromeOptions: {debuggerAddress: localhost:57476}, javascriptEnabled: true, networkConnectionEnabled: false, pageLoadStrategy: normal, platform: WINDOWS, platformName: WINDOWS, proxy: Proxy(), setWindowRect: true, strictFileInteractability: false, timeouts: {implicit: 0, pageLoad: 300000, script: 30000}, unhandledPromptBehavior: dismiss and notify, webauthn:extension:credBlob: true, webauthn:extension:largeBlob: true, webauthn:extension:minPinLength: true, webauthn:extension:prf: true, webauthn:virtualAuthenticators: true}
Session ID: ab5e0c25664b6a6c1d4971ef1737f59e
*** Element info: {Using=xpath, value=//*[@id='todobuttons']/a[5]}
at java.base/jdk.internal.reflect.DirectConstructorHandleAccessor.newInstance(DirectConstructorHandleAccessor.java:62)
at java.base/java.lang.reflect.Constructor.newInstanceWithCaller(Constructor.java:502)
at java.base/java.lang.reflect.Constructor.newInstance(Constructor.java:486)
at org.openqa.selenium.remote.http.W3CHttpResponseCodec.createException(W3CHttpResponseCodec.java:187)
at org.openqa.selenium.remote.http.W3CHttpResponseCodec.decode(W3CHttpResponseCodec.java:122)
at org.openqa.selenium.remote.http.W3CHttpResponseCodec.decode(W3CHttpResponseCodec.java:49)
at org.openqa.selenium.remote.HttpCommandExecutor.execute(HttpCommandExecutor.java:158)
at org.openqa.selenium.remote.service.DriverCommandExecutor.execute(DriverCommandExecutor.java:83)
at org.openqa.selenium.remote.RemoteWebDriver.execute(RemoteWebDriver.java:552)
at org.openqa.selenium.remote.RemoteWebDriver.findElement(RemoteWebDriver.java:323)
at org.openqa.selenium.remote.RemoteWebDriver.findElementByXPath(RemoteWebDriver.java:428)
at org.openqa.selenium.By$ByXPath.findElement(By.java:353)
at org.openqa.selenium.remote.RemoteWebDriver.findElement(RemoteWebDriver.java:315)
at org.openqa.selenium.support.pagefactory.DefaultElementLocator.findElement(DefaultElementLocator.java:69)
at org.openqa.selenium.support.pagefactory.internal.LocatingElementHandler.invoke(LocatingElementHandler.java:38)
at jdk.proxy2/jdk.proxy2.$Proxy26.getWrappedElement(Unknown Source)
at org.openqa.selenium.remote.internal.WebElementToJsonConverter.apply(WebElementToJsonConverter.java:50)
at java.base/java.util.stream.ReferencePipeline$3$1.accept(ReferencePipeline.java:212)
at java.base/java.util.Spliterators$ArraySpliterator.forEachRemaining(Spliterators.java:1024)
at java.base/java.util.stream.AbstractPipeline.copyInto(AbstractPipeline.java:556)
at java.base/java.util.stream.AbstractPipeline.wrapAndCopyInto(AbstractPipeline.java:546)
at java.base/java.util.stream.ReduceOps$ReduceOp.evaluateSequential(ReduceOps.java:921)
at java.base/java.util.stream.AbstractPipeline.evaluate(AbstractPipeline.java:265)
at java.base/java.util.stream.ReferencePipeline.collect(ReferencePipeline.java:702)
at org.openqa.selenium.remote.RemoteWebDriver.executeScript(RemoteWebDriver.java:484)
at Generic.BaseClass.jsclick(BaseClass.java:1193)
at Pom.ToDoListTab.DynamicWF_user2_RNishaAcceptTheDocument(ToDoListTab.java:937)
at Script.DynamicWorkflow.TC_3_DynamicWF_user2_RNishaAcceptTheDocument(DynamicWorkflow.java:75)
at java.base/jdk.internal.reflect.DirectMethodHandleAccessor.invoke(DirectMethodHandleAccessor.java:103)
at java.base/java.lang.reflect.Method.invoke(Method.java:580)
at org.testng.internal.MethodInvocationHelper.invokeMethod(MethodInvocationHelper.java:133)
at org.testng.internal.TestInvoker.invokeMethod(TestInvoker.java:598)
at org.testng.internal.TestInvoker.invokeTestMethod(TestInvoker.java:173)
at org.testng.internal.MethodRunner.runInSequence(MethodRunner.java:46)
at org.testng.internal.TestInvoker$MethodInvocationAgent.invoke(TestInvoker.java:824)
at org.testng.internal.TestInvoker.invokeTestMethods(TestInvoker.java:146)
at org.testng.internal.TestMethodWorker.invokeTestMethods(TestMethodWorker.java:146)
at org.testng.internal.TestMethodWorker.run(TestMethodWorker.java:128)
at java.base/java.util.ArrayList.forEach(ArrayList.java:1597)
at org.testng.TestRunner.privateRun(TestRunner.java:794)
at org.testng.TestRunner.run(TestRunner.java:596)
at org.testng.SuiteRunner.runTest(SuiteRunner.java:377)
at org.testng.SuiteRunner.runSequentially(SuiteRunner.java:371)
at org.testng.SuiteRunner.privateRun(SuiteRunner.java:332)
at org.testng.SuiteRunner.run(SuiteRunner.java:276)
at org.testng.SuiteRunnerWorker.runSuite(SuiteRunnerWorker.java:53)
at org.testng.SuiteRunnerWorker.run(SuiteRunnerWorker.java:96)
at org.testng.TestNG.runSuitesSequentially(TestNG.java:1212)
at org.testng.TestNG.runSuitesLocally(TestNG.java:1134)
at org.testng.TestNG.runSuites(TestNG.java:1063)
at org.testng.TestNG.run(TestNG.java:1031)
at org.testng.remote.AbstractRemoteTestNG.run(AbstractRemoteTestNG.java:115)
at org.testng.remote.RemoteTestNG.initAndRun(RemoteTestNG.java:293)
at org.testng.remote.RemoteTestNG.main(RemoteTestNG.java:91)
]]>
    </error>
  </testcase> <!-- TC_3_DynamicWF_user2_RNishaAcceptTheDocument -->
  <system-out>
    <![CDATA[Scenario 05: Task user2 Accept dynamic Workflow document 
Select Todolist tab
Select New items
Open a received workflow document]]>
  </system-out>
  <testcase classname="Script.DynamicWorkflow" name="TC_4_DynamicWFrefrshAndLogDipak" time="35.274"/>
  <system-out>
    <![CDATA[Click on Username option
Click on Logout option
Scenario 06: Task user log into EWA
Enter valid task user name into user name field
Enter valid password into password field
Click login button
Task user log into EWA successfully...]]>
  </system-out>
  <testcase classname="Script.DynamicWorkflow" name="TC_5_DynamicWF_user3_DipakRejectTheDocument" time="27.469"/>
  <system-out>
    <![CDATA[Scenario 07: Task User 3 Reject the dynamic workflow document
Select a todolist tab
Select New items
Expand any document metadata option
Select Reject button
Enter comment in the Reject dialog box
Click on Reject dialog box OK button
Task user_3 Rejected the document]]>
  </system-out>
</testsuite> <!-- Script.DynamicWorkflow -->
