<?xml version="1.0" encoding="UTF-8"?>
<!-- Generated by org.testng.reporters.JUnitReportReporter -->
<testsuite hostname="CIPLWKT014" failures="0" tests="4" name="Script.NewDocumentNegativeScenerio" time="94.955" errors="0" timestamp="2024-08-29T06:40:33 GMT-05:00" skipped="0">
  <testcase classname="Script.NewDocumentNegativeScenerio" name="Login" time="22.468"/>
  <system-out>
    <![CDATA[Scenario 01: Log into EWA
Enter valid user name into username field
Enter valid password into password field
Select a Room
Click Login button
Session for user is already active.Do you want to create new session? dialog box displayed User click on OK button,
User logged in successfully... ]]>
  </system-out>
  <testcase classname="Script.NewDocumentNegativeScenerio" name="CreateNewDocumentWithoutFolder" time="20.747"/>
  <system-out>
    <![CDATA[Scneario 01: Create newdocument without folder
Click on Newdocument tab
Click on create button
Click on destination location textbox
Click on destination location OK button without selecting a folder
User should get 'Please select a folder to create document' warning message, Warning message displayed successfull
Click on warning alert OK button
Unable to create document without folder]]>
  </system-out>
  <testcase classname="Script.NewDocumentNegativeScenerio" name="CreateNewDocWithoutDocumentType" time="28.116"/>
  <system-out>
    <![CDATA[Scenario 02:Create newdocument without document type
Click on destination location textbox
Expand the cabinet
Expand the drawer
Select a folder
Click on destination location OK button
Click on create button without selecting document type
User should get 'Select document type' warning dialog
Unable to create document without document type]]>
  </system-out>
  <testcase classname="Script.NewDocumentNegativeScenerio" name="NewDocWithoutFileName" time="23.624"/>
  <system-out>
    <![CDATA[Scenario 03: New document without file name
Click on create 
User should get'ReportName*  field is required' warning message
Unable to create a document without file name]]>
  </system-out>
</testsuite> <!-- Script.NewDocumentNegativeScenerio -->
