<?xml version="1.0" encoding="UTF-8"?>
<!-- Generated by org.testng.reporters.JUnitReportReporter -->
<testsuite skipped="0" hostname="CIPLWKT014" name="Script.Thumbnail_MicroSoft_FabBTN" tests="5" failures="0" timestamp="26 Feb 2024 14:41:48 GMT" time="203.822" errors="0">
  <testcase name="ShowThumbnail" time="64.368" classname="Script.Thumbnail_MicroSoft_FabBTN"/>
  <testcase name="Create_document_saveDoc" time="31.645" classname="Script.Thumbnail_MicroSoft_FabBTN"/>
  <testcase name="Upload_Document_fabBTN" time="66.309" classname="Script.Thumbnail_MicroSoft_FabBTN"/>
  <testcase name="View_Document_fullScreen" time="13.658" classname="Script.Thumbnail_MicroSoft_FabBTN"/>
  <testcase name="View_Document_Delete" time="27.842" classname="Script.Thumbnail_MicroSoft_FabBTN"/>
</testsuite> <!-- Script.Thumbnail_MicroSoft_FabBTN -->
