<?xml version="1.0" encoding="UTF-8"?>
<!-- Generated by org.testng.reporters.JUnitReportReporter -->
<testsuite hostname="CIPLWKT014" failures="0" tests="5" name="Script.LargeFiles_AutomationTesting" time="768.425" errors="0" timestamp="2024-08-28T05:27:53 GMT-05:00" skipped="0">
  <testcase classname="Script.LargeFiles_AutomationTesting" name="Login" time="39.246"/>
  <system-out>
    <![CDATA[Scenario 01: Log into EWA
Enter valid user name into username field
Enter valid password into password field
Select a Room
Click Login button
Session message not appeared
User logged in successfully... ]]>
  </system-out>
  <testcase classname="Script.LargeFiles_AutomationTesting" name="TC_1_Upload_and_verify_Large_PDF_file" time="101.134"/>
  <system-out>
    <![CDATA[Scenario 01: Add large PDF file
Click on new document menu tab
Click on destination folder textbox
Expand cabinet
Expand drawer
Select the folder
Folder is selected for Create New Documents
Click on select folder dialog OK button
Select a document type
Enter document name
Add a file  by using auto IT
Click on create button
Click on view button
Click on save button
Click on save tab OK button
Large PDF file added successfully...
Large PDF file added successfully...]]>
  </system-out>
  <testcase classname="Script.LargeFiles_AutomationTesting" name="TC_2_Upload_and_verify_Large_TIFF_file" time="134.315"/>
  <system-out>
    <![CDATA[Scenario 02: Add large TIFF file
Scenario 01: Log into EWA
Enter valid user name into username field
Click on new document menu tab
Click on destination folder textbox
Expand cabinet
Expand drawer
Select a folder
Click on browse folder dialog OK button
Folder is selected for Create New Documents
Select document type as CVReports
Enter document name
Mouse hover on browse icon
Select browse option
Add a Large TIFF file from folder by using Auto IT script 
Click on create button
Click on view button
Click on save button
Click on save dialog OK button
Large Tiff file added successfully...]]>
  </system-out>
  <testcase classname="Script.LargeFiles_AutomationTesting" name="TC_3_Upload_and_verify_Large_DOCX_file" time="125.774"/>
  <system-out>
    <![CDATA[Scenario 03: Add Large Word(DOCX) file
Scenario 01: Log into EWA
Enter valid user name into username field
Click on new document tab
Click on destination folder textbox
Expand cabinet
Expand drawer
Select a folder
Click on Destination folder dialog OK button
select a document type
Enter a file name
Mouse hover on browse icon
Select browse option
Add large word file by using AutoIT script
Click on create button
Click on view button
Click on save button
Click on save dialog OK button
Large Docx file added successfully...]]>
  </system-out>
  <testcase classname="Script.LargeFiles_AutomationTesting" name="TC_4_Upload_and_verify_Large_XLSX_file" time="367.956"/>
  <system-out>
    <![CDATA[Scenario 04: Add Large EXCEL file
Click on new document tab
Select folder from destination folder dialog
Expand cabinet
Expand drawer
Select a folder
Folder is selected for Create New Documents
Click on destination folder dialog OK button
Click on document type dropdown
Select document type
Enter a file name
Mouse hover on browse icon
Click on browse option
Add large excel file from folder by using AutoIT script
Click on create button
Click on view button
Click on save button
Click on save dialog button
Large xlxs file added successfully...]]>
  </system-out>
</testsuite> <!-- Script.LargeFiles_AutomationTesting -->
