<?xml version="1.0" encoding="UTF-8"?>
<!-- Generated by org.testng.reporters.JUnitReportReporter -->
<testsuite skipped="0" hostname="CIPLWKT014" name="Script.TodoListAnnotationAddedPageTestedByWfUsers_AndAllUsersAcceptDocScript" tests="4" failures="0" timestamp="29 Feb 2024 10:18:50 GMT" time="320.392" errors="0">
  <testcase name="Login" time="13.456" classname="Script.TodoListAnnotationAddedPageTestedByWfUsers_AndAllUsersAcceptDocScript"/>
  <testcase name="TC_1_SendAnnotationPageToWf" time="148.637" classname="Script.TodoListAnnotationAddedPageTestedByWfUsers_AndAllUsersAcceptDocScript"/>
  <testcase name="TC_2_ThirdUSerDipakAnnotationdynamicWf" time="99.804" classname="Script.TodoListAnnotationAddedPageTestedByWfUsers_AndAllUsersAcceptDocScript"/>
  <testcase name="TC_3_UpdateAndAddOneMoreUSer" time="58.495" classname="Script.TodoListAnnotationAddedPageTestedByWfUsers_AndAllUsersAcceptDocScript"/>
</testsuite> <!-- Script.TodoListAnnotationAddedPageTestedByWfUsers_AndAllUsersAcceptDocScript -->
