<?xml version="1.0" encoding="UTF-8"?>
<!-- Generated by org.testng.reporters.JUnitReportReporter -->
<testsuite hostname="CIPLWKT014" failures="0" tests="8" name="Script.ManualWorkflow" time="454.235" errors="0" timestamp="2024-11-05T15:38:46 IST" skipped="0">
  <testcase classname="Script.ManualWorkflow" name="Login" time="39.436">
    <system-out>
      <![CDATA[Scenario 01: Log into EWA
Enter valid user name into username field
Enter valid password into password field
Select a Room
Click Login button
Session message not appeared
User logged in successfully... ]]>
    </system-out>
  </testcase> <!-- Login -->
  <testcase classname="Script.ManualWorkflow" name="TC_1_SendDoc" time="154.536">
    <system-out>
      <![CDATA[Scenario 2:Open the document and Add Redaction Annotation on the page
Click on room context menu tab
Select sendto workflow option
Select any workflow
Document send to workflow successfully dialog will be appeared...
Click confirmation dialog OK button
Document send to manual workflow successfully
Logout the current session]]>
    </system-out>
  </testcase> <!-- TC_1_SendDoc -->
  <testcase classname="Script.ManualWorkflow" name="TC_2_refrshAndLogRnishaUser" time="61.480">
    <system-out>
      <![CDATA[Click on Username option
Click on Logout option
Scenario 02: Task User Log into EWA
Enter task user name into user name field 
Click on Login Button
Login without session message...
Task user logged into EWA successfully...]]>
    </system-out>
  </testcase> <!-- TC_2_refrshAndLogRnishaUser -->
  <testcase classname="Script.ManualWorkflow" name="TC_3_SendAndNewItemsMetaDataAgree" time="25.022">
    <system-out>
      <![CDATA[Scenario 03:Task User1 Accept the workflow document
Click on Todolist tab
Select Newitems option
Expand a document metadata option
Click on Accept button
Add comment in Accept dialog
Click on Accept dialog OK button
Task user1 Accept the document successfully...
Task user1 Logout the Session...
Successfully Document  Move to Task User2
Task user1 Logout the Session...]]>
    </system-out>
  </testcase> <!-- TC_3_SendAndNewItemsMetaDataAgree -->
  <testcase classname="Script.ManualWorkflow" name="TC_4_Task2UserVidyaAccept" time="58.378">
    <system-out>
      <![CDATA[Click on Username option
Click on Logout option
Scenario 4: Task user Log into EWA 
Enter valid task name into user name field
Enter valid password into password field 
Click Login button
Login without session message
Task user Logged into EWA successfully...]]>
    </system-out>
  </testcase> <!-- TC_4_Task2UserVidyaAccept -->
  <testcase classname="Script.ManualWorkflow" name="TC_5_TaskUserVidyaAcceptTheDocument" time="24.099">
    <system-out>
      <![CDATA[Scenario 05: Task user2 Accept the workflow document
Click on Todolist tab 
Cick on New items Option
Expand workflow document metadata option
Click Reject button
Add comment in Reject dialog box
Click on Reject dialog OK button
Rejected Document  Move to Task User3 successfully...
Click on Reject dialog OK button
Task user 2 logout the session successfully...]]>
    </system-out>
  </testcase> <!-- TC_5_TaskUserVidyaAcceptTheDocument -->
  <testcase classname="Script.ManualWorkflow" name="TC_6_refrshAndLogDNishaC" time="56.687">
    <system-out>
      <![CDATA[Click on Username option
Click on Logout option
Scenario 06: Task user log into EWA
Enter valid task user name into user name field
Enter valid password into password field
Click login button
Login without session  message
Task user log into EWA successfully...
TaskUser3 Dipak Logged in successful]]>
    </system-out>
  </testcase> <!-- TC_6_refrshAndLogDNishaC -->
  <testcase classname="Script.ManualWorkflow" name="TC_8_DocEndedFromTask3NishaCUser" time="34.597">
    <system-out>
      <![CDATA[Scenario 07: Task user3 will do End workflow
Click Todo list tab
Select New items
Expand New items document metadata
Click on Endworkflow button
Enter comment in Endworkflow dialog
Click Endworkflow dialog OK button
Task user 3 successfully completed the workflow...]]>
    </system-out>
  </testcase> <!-- TC_8_DocEndedFromTask3NishaCUser -->
  <system-out>
    <![CDATA[Chrome driver launched successfull
Chrome Browser launched Successfully...
EWA URL launched successfull
Contentverse URL launched successfully...
Scenario 01: Log into EWA
Enter valid user name into username field
Enter valid password into password field
Select a Room
Click Login button
Session message not appeared
User logged in successfully... 
Scenario 2:Open the document and Add Redaction Annotation on the page
Click on room context menu tab
Select sendto workflow option
Select any workflow
Document send to workflow successfully dialog will be appeared...
Click confirmation dialog OK button
Document send to manual workflow successfully
Logout the current session
Click on Username option
Click on Logout option
Scenario 02: Task User Log into EWA
Enter task user name into user name field 
Click on Login Button
Login without session message...
Task user logged into EWA successfully...
Scenario 03:Task User1 Accept the workflow document
Click on Todolist tab
Select Newitems option
Expand a document metadata option
Click on Accept button
Add comment in Accept dialog
Click on Accept dialog OK button
Task user1 Accept the document successfully...
Task user1 Logout the Session...
Successfully Document  Move to Task User2
Task user1 Logout the Session...
Click on Username option
Click on Logout option
Scenario 4: Task user Log into EWA 
Enter valid task name into user name field
Enter valid password into password field 
Click Login button
Login without session message
Task user Logged into EWA successfully...
Scenario 05: Task user2 Accept the workflow document
Click on Todolist tab 
Cick on New items Option
Expand workflow document metadata option
Click Reject button
Add comment in Reject dialog box
Click on Reject dialog OK button
Rejected Document  Move to Task User3 successfully...
Click on Reject dialog OK button
Task user 2 logout the session successfully...
Click on Username option
Click on Logout option
Scenario 06: Task user log into EWA
Enter valid task user name into user name field
Enter valid password into password field
Click login button
Login without session  message
Task user log into EWA successfully...
TaskUser3 Dipak Logged in successful
Scenario 07: Task user3 will do End workflow
Click Todo list tab
Select New items
Expand New items document metadata
Click on Endworkflow button
Enter comment in Endworkflow dialog
Click Endworkflow dialog OK button
Task user 3 successfully completed the workflow...]]>
  </system-out>
</testsuite> <!-- Script.ManualWorkflow -->
