<?xml version="1.0" encoding="UTF-8"?>
<!-- Generated by org.testng.reporters.JUnitReportReporter -->
<testsuite skipped="0" hostname="CIPLWKT014" name="Script.Favorites" tests="3" failures="0" timestamp="26 Feb 2024 14:41:48 GMT" time="111.444" errors="0">
  <testcase name="CVSLogin" time="25.141" classname="Script.Favorites"/>
  <testcase name="TC_1_FavoriteInUserLevel" time="33.484" classname="Script.Favorites"/>
  <testcase name="TC_2_FavoriteInSystemLevel" time="52.819" classname="Script.Favorites"/>
</testsuite> <!-- Script.Favorites -->
