<?xml version="1.0" encoding="UTF-8"?>
<!-- Generated by org.testng.reporters.JUnitReportReporter -->
<testsuite skipped="2" hostname="CIPLWKT014" name="CVS_Hindi_French_Language.AdvancedViewer_Script" tests="7" failures="0" timestamp="12 Feb 2024 16:41:34 GMT" time="574.912" errors="0">
  <testcase name="Login" time="33.238" classname="CVS_Hindi_French_Language.AdvancedViewer_Script"/>
  <testcase name="AdvancedViewerOptionSelection" time="23.029" classname="CVS_Hindi_French_Language.AdvancedViewer_Script"/>
  <testcase name="AdvancedViewerWordDocument" time="55.048" classname="CVS_Hindi_French_Language.AdvancedViewer_Script">
    <skipped/>
  </testcase> <!-- AdvancedViewerWordDocument -->
  <testcase name="AdvancedViewerWordDocument" time="155.202" classname="CVS_Hindi_French_Language.AdvancedViewer_Script"/>
  <testcase name="AdvancedViewerPDfDoc" time="13.881" classname="CVS_Hindi_French_Language.AdvancedViewer_Script">
    <skipped/>
  </testcase> <!-- AdvancedViewerPDfDoc -->
  <testcase name="AdvancedViewerPDfDoc" time="189.765" classname="CVS_Hindi_French_Language.AdvancedViewer_Script"/>
  <testcase name="AdvancedViewerExcelFile" time="104.749" classname="CVS_Hindi_French_Language.AdvancedViewer_Script"/>
</testsuite> <!-- CVS_Hindi_French_Language.AdvancedViewer_Script -->
