<?xml version="1.0" encoding="UTF-8"?>
<!-- Generated by org.testng.reporters.JUnitReportReporter -->
<testsuite skipped="0" hostname="CIPLWKT014" name="Script.My_Preferences_Enable_Dashboard" tests="1" failures="0" timestamp="18 Jan 2024 04:13:16 GMT" time="83.535" errors="0">
  <testcase name="Verify_Enable_Dashboard" time="83.535" classname="Script.My_Preferences_Enable_Dashboard"/>
</testsuite> <!-- Script.My_Preferences_Enable_Dashboard -->
