<?xml version="1.0" encoding="UTF-8"?>
<!-- Generated by org.testng.reporters.JUnitReportReporter -->
<testsuite skipped="0" hostname="CIPLWKT014" name="SQL2022_DB.Search_SQL_ROOm" tests="16" failures="0" timestamp="07 Feb 2024 13:38:37 GMT" time="639.302" errors="0">
  <testcase name="BlankSearch" time="18.938" classname="SQL2022_DB.Search_SQL_ROOm"/>
  <testcase name="ExactSearchInIndexWithLoadMoreCount" time="90.540" classname="SQL2022_DB.Search_SQL_ROOm"/>
  <testcase name="ExactSearchInIndex" time="29.009" classname="SQL2022_DB.Search_SQL_ROOm"/>
  <testcase name="AtLeastOneWordSeachIndex" time="14.352" classname="SQL2022_DB.Search_SQL_ROOm"/>
  <testcase name="AllOfTheWordSearchIndex" time="26.152" classname="SQL2022_DB.Search_SQL_ROOm"/>
  <testcase name="AllVrsn_Incldcmnt_FindInHit_AppendToHit" time="89.271" classname="SQL2022_DB.Search_SQL_ROOm"/>
  <testcase name="FolderLevelSearch" time="36.972" classname="SQL2022_DB.Search_SQL_ROOm"/>
  <testcase name="DocumentDropDown" time="14.232" classname="SQL2022_DB.Search_SQL_ROOm"/>
  <testcase name="DocumentCreatorDropDown" time="19.661" classname="SQL2022_DB.Search_SQL_ROOm"/>
  <testcase name="WorkflowStatusDropdown" time="65.556" classname="SQL2022_DB.Search_SQL_ROOm"/>
  <testcase name="SavingTheSearchDoc" time="27.555" classname="SQL2022_DB.Search_SQL_ROOm"/>
  <testcase name="TextSearchWithSQLData" time="57.246" classname="SQL2022_DB.Search_SQL_ROOm"/>
  <testcase name="TextSearchWithAllOftheWords" time="66.642" classname="SQL2022_DB.Search_SQL_ROOm"/>
  <testcase name="TextSearchWithAtpartOftheWord" time="41.425" classname="SQL2022_DB.Search_SQL_ROOm"/>
  <testcase name="FolderSerchIcon" time="22.982" classname="SQL2022_DB.Search_SQL_ROOm"/>
  <testcase name="QuickSearch" time="18.769" classname="SQL2022_DB.Search_SQL_ROOm"/>
</testsuite> <!-- SQL2022_DB.Search_SQL_ROOm -->
