<?xml version="1.0" encoding="UTF-8"?>
<!-- Generated by org.testng.reporters.JUnitReportReporter -->
<testsuite skipped="0" hostname="CIPLWKT014" name="Script.My_Preferences_Load_more_count" tests="5" failures="0" timestamp="03 Jul 2024 16:39:01 GMT" time="401.616" errors="0">
  <testcase name="Login_EWA" time="116.602" classname="Script.My_Preferences_Load_more_count"/>
  <testcase name="TC_01_Verify_Load_MoreCount_On_Search" time="105.556" classname="Script.My_Preferences_Load_more_count"/>
  <testcase name="TC_02_Verify_Load_MoreCount_On_Folder" time="37.338" classname="Script.My_Preferences_Load_more_count"/>
  <testcase name="TC_03_Verify_Maximum_Load_MoreCountOn_Search" time="85.042" classname="Script.My_Preferences_Load_more_count"/>
  <testcase name="TC_04_Verify_Maximum_Load_MoreCount_On_Folder" time="57.078" classname="Script.My_Preferences_Load_more_count"/>
</testsuite> <!-- Script.My_Preferences_Load_more_count -->
