<?xml version="1.0" encoding="UTF-8"?>
<!-- Generated by org.testng.reporters.JUnitReportReporter -->
<testsuite hostname="CIPLWKT014" failures="0" tests="2" name="Script.RMC_Custom_Document_Types" time="160.557" errors="1" timestamp="2024-10-23T19:01:16 IST" skipped="0">
  <testcase classname="Script.RMC_Custom_Document_Types" name="Login" time="34.853">
    <system-out>
      <![CDATA[Log into EWA
Enter valid username into username text box
Enter valid password into password text box
Select a Room
Click on Login button
Session for user is already active.Do you want to create new session? dialog box displayed User click on OK button,
User logged in successfully...
User logged in successfully... ]]>
    </system-out>
  </testcase> <!-- Login -->
  <testcase classname="Script.RMC_Custom_Document_Types" name="TC_1_CustomDocumentTypes" time="125.704">
    <error message="Expected condition failed: waiting for visibility of [[ChromeDriver: chrome on WINDOWS (7f837b21931d1c253dde8cb1d95cf752)] -&gt; xpath: //a[@id=&#039;custmDocumentTypes&#039;]] (tried for 20 second(s) with 500 milliseconds interval)
Build info: version: &#039;3.141.59&#039;, revision: &#039;e82be7d358&#039;, time: &#039;2018-11-14T08:25:53&#039;
System info: host: &#039;CIPLWKT014&#039;, ip: &#039;10.4.8.14&#039;, os.name: &#039;Windows 10&#039;, os.arch: &#039;amd64&#039;, os.version: &#039;10.0&#039;, java.version: &#039;22.0.2&#039;
Driver info: org.openqa.selenium.chrome.ChromeDriver
Capabilities {acceptInsecureCerts: false, browserName: chrome, browserVersion: 129.0.6668.101, chrome: {chromedriverVersion: 129.0.6668.100 (cf58cba358d..., userDataDir: C:\Users\nisha.r\AppData\Lo...}, fedcm:accounts: true, goog:chromeOptions: {debuggerAddress: localhost:50681}, javascriptEnabled: true, networkConnectionEnabled: false, pageLoadStrategy: normal, platform: WINDOWS, platformName: WINDOWS, proxy: Proxy(), setWindowRect: true, strictFileInteractability: false, timeouts: {implicit: 0, pageLoad: 300000, script: 30000}, unhandledPromptBehavior: dismiss and notify, webauthn:extension:credBlob: true, webauthn:extension:largeBlob: true, webauthn:extension:minPinLength: true, webauthn:extension:prf: true, webauthn:virtualAuthenticators: true}
Session ID: 7f837b21931d1c253dde8cb1d95cf752" type="org.openqa.selenium.TimeoutException">
      <![CDATA[org.openqa.selenium.TimeoutException: Expected condition failed: waiting for visibility of [[ChromeDriver: chrome on WINDOWS (7f837b21931d1c253dde8cb1d95cf752)] -> xpath: //a[@id='custmDocumentTypes']] (tried for 20 second(s) with 500 milliseconds interval)
Build info: version: '3.141.59', revision: 'e82be7d358', time: '2018-11-14T08:25:53'
System info: host: 'CIPLWKT014', ip: '10.4.8.14', os.name: 'Windows 10', os.arch: 'amd64', os.version: '10.0', java.version: '22.0.2'
Driver info: org.openqa.selenium.chrome.ChromeDriver
Capabilities {acceptInsecureCerts: false, browserName: chrome, browserVersion: 129.0.6668.101, chrome: {chromedriverVersion: 129.0.6668.100 (cf58cba358d..., userDataDir: C:\Users\nisha.r\AppData\Lo...}, fedcm:accounts: true, goog:chromeOptions: {debuggerAddress: localhost:50681}, javascriptEnabled: true, networkConnectionEnabled: false, pageLoadStrategy: normal, platform: WINDOWS, platformName: WINDOWS, proxy: Proxy(), setWindowRect: true, strictFileInteractability: false, timeouts: {implicit: 0, pageLoad: 300000, script: 30000}, unhandledPromptBehavior: dismiss and notify, webauthn:extension:credBlob: true, webauthn:extension:largeBlob: true, webauthn:extension:minPinLength: true, webauthn:extension:prf: true, webauthn:virtualAuthenticators: true}
Session ID: 7f837b21931d1c253dde8cb1d95cf752
at org.openqa.selenium.support.ui.WebDriverWait.timeoutException(WebDriverWait.java:95)
at org.openqa.selenium.support.ui.FluentWait.until(FluentWait.java:272)
at Pom.RoomContextMenu.CustomDocTypes(RoomContextMenu.java:1405)
at Script.RMC_Custom_Document_Types.TC_1_CustomDocumentTypes(RMC_Custom_Document_Types.java:42)
at java.base/jdk.internal.reflect.DirectMethodHandleAccessor.invoke(DirectMethodHandleAccessor.java:103)
at java.base/java.lang.reflect.Method.invoke(Method.java:580)
at org.testng.internal.invokers.MethodInvocationHelper.invokeMethod(MethodInvocationHelper.java:141)
at org.testng.internal.invokers.TestInvoker.invokeMethod(TestInvoker.java:686)
at org.testng.internal.invokers.TestInvoker.invokeTestMethod(TestInvoker.java:230)
at org.testng.internal.invokers.MethodRunner.runInSequence(MethodRunner.java:63)
at org.testng.internal.invokers.TestInvoker$MethodInvocationAgent.invoke(TestInvoker.java:992)
at org.testng.internal.invokers.TestInvoker.invokeTestMethods(TestInvoker.java:203)
at org.testng.internal.invokers.TestMethodWorker.invokeTestMethods(TestMethodWorker.java:154)
at org.testng.internal.invokers.TestMethodWorker.run(TestMethodWorker.java:134)
at java.base/java.util.ArrayList.forEach(ArrayList.java:1597)
at org.testng.TestRunner.privateRun(TestRunner.java:739)
at org.testng.TestRunner.run(TestRunner.java:614)
at org.testng.SuiteRunner.runTest(SuiteRunner.java:421)
at org.testng.SuiteRunner.runSequentially(SuiteRunner.java:413)
at org.testng.SuiteRunner.privateRun(SuiteRunner.java:373)
at org.testng.SuiteRunner.run(SuiteRunner.java:312)
at org.testng.SuiteRunnerWorker.runSuite(SuiteRunnerWorker.java:52)
at org.testng.SuiteRunnerWorker.run(SuiteRunnerWorker.java:95)
at org.testng.TestNG.runSuitesSequentially(TestNG.java:1274)
at org.testng.TestNG.runSuitesLocally(TestNG.java:1208)
at org.testng.TestNG.runSuites(TestNG.java:1112)
at org.testng.TestNG.run(TestNG.java:1079)
at org.testng.remote.AbstractRemoteTestNG.run(AbstractRemoteTestNG.java:115)
at org.testng.remote.RemoteTestNG.initAndRun(RemoteTestNG.java:293)
at org.testng.remote.RemoteTestNG.main(RemoteTestNG.java:91)
]]>
    </error>
    <system-out>
      <![CDATA[Scenario 08: Verify RoomContextmenu 'CustomDocumentType' option
Verifying Cabinet Permission
Expand a Cabinet
Mousehover to Roomname Tab
Click on  Security Option
Click on  Security dialog Add button
Select CVAdmin Group
Click on Security dialog Ok button
The Selected Entry is already in the Entry List. this validation message should show
Verifying Validation message
Assign to permission to 
Click on Security dialog Apply button
Click on  Security dialog Ok button
All permission should be given for Cabinet
Select a cabinet to set custom document type
Mousehover on Roomcontextmenu tab
Select Custom DocumentType Submenu
All data types selected.
CVReports selected.
Dynamic doc type selected.
Custom Column selected.
Existing Client Quote selected.
EMP Details selected.
Click on custom document type dialog OK button
Click on new document tab
Click on 'Select DocumentType' option
It should show the saved document types
The saved document type displayed successfully
Custom document type verified successfully]]>
    </system-out>
  </testcase> <!-- TC_1_CustomDocumentTypes -->
  <system-out>
    <![CDATA[Chrome driver launched successfull
Chrome Browser launched Successfully...
EWA URL launched successfull
Contentverse URL launched successfully...
Log into EWA
Enter valid username into username text box
Enter valid password into password text box
Select a Room
Click on Login button
Session for user is already active.Do you want to create new session? dialog box displayed User click on OK button,
User logged in successfully...
User logged in successfully... 
Scenario 08: Verify RoomContextmenu 'CustomDocumentType' option
Verifying Cabinet Permission
Expand a Cabinet
Mousehover to Roomname Tab
Click on  Security Option
Click on  Security dialog Add button
Select CVAdmin Group
Click on Security dialog Ok button
The Selected Entry is already in the Entry List. this validation message should show
Verifying Validation message
Assign to permission to 
Click on Security dialog Apply button
Click on  Security dialog Ok button
All permission should be given for Cabinet
Select a cabinet to set custom document type
Mousehover on Roomcontextmenu tab
Select Custom DocumentType Submenu
All data types selected.
CVReports selected.
Dynamic doc type selected.
Custom Column selected.
Existing Client Quote selected.
EMP Details selected.
Click on custom document type dialog OK button
Click on new document tab
Click on 'Select DocumentType' option
It should show the saved document types
The saved document type displayed successfully
Custom document type verified successfully]]>
  </system-out>
</testsuite> <!-- Script.RMC_Custom_Document_Types -->
