<?xml version="1.0" encoding="UTF-8"?>
<!-- Generated by org.testng.reporters.JUnitReportReporter -->
<testsuite skipped="0" hostname="CIPLWKT014" name="Script.Document_ReferencesView" tests="5" failures="0" timestamp="03 Jul 2024 16:39:04 GMT" time="381.331" errors="0">
  <testcase name="Login_EWA" time="54.328" classname="Script.Document_ReferencesView"/>
  <testcase name="Create_PDF_Documents" time="78.460" classname="Script.Document_ReferencesView"/>
  <testcase name="Create_PDF_Documents" time="67.932" classname="Script.Document_ReferencesView"/>
  <testcase name="TC_01_Verify_CopyandPasteReferences_OnDocuments" time="125.303" classname="Script.Document_ReferencesView"/>
  <testcase name="TC_02_Verify_and_Delete_References_Documents" time="55.308" classname="Script.Document_ReferencesView"/>
</testsuite> <!-- Script.Document_ReferencesView -->
