<?xml version="1.0" encoding="UTF-8"?>
<!-- Generated by org.testng.reporters.JUnitReportReporter -->
<testsuite skipped="0" hostname="CIPLWKT014" name="Script.PrintFunctionality" tests="8" failures="0" timestamp="03 Nov 2023 07:07:42 GMT" time="353.711" errors="0">
  <testcase name="LogVCS" time="21.710" classname="Script.PrintFunctionality"/>
  <testcase name="Email_Reference" time="69.486" classname="Script.PrintFunctionality"/>
  <testcase name="Email_Copy_WithMsgBox_SubjectBox" time="46.765" classname="Script.PrintFunctionality"/>
  <testcase name="Email_ConvertPDF_WithAll_Annotations" time="56.797" classname="Script.PrintFunctionality"/>
  <testcase name="exports_with_convert_to_pdf_with_passwords" time="32.328" classname="Script.PrintFunctionality"/>
  <testcase name="exports_with_Retain" time="42.094" classname="Script.PrintFunctionality"/>
  <testcase name="exports_with_convert_to_pdf_and_best_quality" time="48.784" classname="Script.PrintFunctionality"/>
  <testcase name="exports_with_convert_to_pdf_and_include_workflow_summary" time="35.747" classname="Script.PrintFunctionality"/>
</testsuite> <!-- Script.PrintFunctionality -->
