<?xml version="1.0" encoding="UTF-8"?>
<!-- Generated by org.testng.reporters.JUnitReportReporter -->
<testsuite skipped="0" hostname="CIPLWKT014" name="Script.My_Preferences_Add_signature2" tests="1" failures="0" timestamp="17 Oct 2023 06:16:35 GMT" time="16.178" errors="0">
  <testcase name="Login_EWA" time="16.178" classname="Script.My_Preferences_Add_signature2"/>
</testsuite> <!-- Script.My_Preferences_Add_signature2 -->
