<?xml version="1.0" encoding="UTF-8"?>
<!-- Generated by org.testng.reporters.JUnitReportReporter -->
<testsuite skipped="0" hostname="CIPLWKT014" name="Script.My_Preferences_Enable_Dashboard" tests="1" failures="0" timestamp="17 Oct 2023 06:08:44 GMT" time="90.611" errors="0">
  <testcase name="Verify_Enable_Dashboard" time="90.611" classname="Script.My_Preferences_Enable_Dashboard"/>
</testsuite> <!-- Script.My_Preferences_Enable_Dashboard -->
