<?xml version="1.0" encoding="UTF-8"?>
<!-- Generated by org.testng.reporters.JUnitReportReporter -->
<testsuite skipped="0" hostname="CIPLWKT014" name="Script.Negative_Securitydialog" tests="3" failures="0" timestamp="18 Jan 2024 04:13:16 GMT" time="119.863" errors="0">
  <testcase name="Open_Security_Dialog_And_Verify_Title_and_Cancel_Button" time="45.170" classname="Script.Negative_Securitydialog"/>
  <testcase name="Verify_Already_addedUser_showing_Validation" time="39.808" classname="Script.Negative_Securitydialog"/>
  <testcase name="Verify_Already_addedGroup_showing_Validation" time="34.885" classname="Script.Negative_Securitydialog"/>
</testsuite> <!-- Script.Negative_Securitydialog -->
