<?xml version="1.0" encoding="UTF-8"?>
<!-- Generated by org.testng.reporters.JUnitReportReporter -->
<testsuite skipped="2001" hostname="CIPLWKT014" name="SQL2022_DB.AdvancedViewer_Script" tests="2002" failures="0" timestamp="13 Mar 2024 17:01:47 GMT" time="85.909" errors="1">
  <testcase name="ladBrowser" time="85.899" classname="SQL2022_DB.AdvancedViewer_Script">
    <error type="org.openqa.selenium.WebDriverException" message="chrome not reachable
Build info: version: &#039;3.141.59&#039;, revision: &#039;e82be7d358&#039;, time: &#039;2018-11-14T08:25:53&#039;
System info: host: &#039;CIPLWKT014&#039;, ip: &#039;10.4.8.14&#039;, os.name: &#039;Windows 10&#039;, os.arch: &#039;x86&#039;, os.version: &#039;10.0&#039;, java.version: &#039;1.8.0_351&#039;
Driver info: driver.version: ChromeDriver
remote stacktrace: 	GetHandleVerifier [0x0032E123+48179]
	(No symbol) [0x002B5D01]
	(No symbol) [0x0019D5F0]
	(No symbol) [0x00191743]
	(No symbol) [0x001C8449]
	(No symbol) [0x001C3EC7]
	(No symbol) [0x001C0A69]
	(No symbol) [0x001FCA51]
	(No symbol) [0x001FC5FA]
	(No symbol) [0x001F3A26]
	(No symbol) [0x001CB7BC]
	(No symbol) [0x001CC62D]
	GetHandleVerifier [0x00647C33+3299139]
	GetHandleVerifier [0x00685BF2+3553026]
	GetHandleVerifier [0x00680BCC+3532508]
	GetHandleVerifier [0x003C494E+664670]
	(No symbol) [0x002C0AB4]
	(No symbol) [0x002BBF08]
	(No symbol) [0x002BC02D]
	(No symbol) [0x002ADD00]
	BaseThreadInitThunk [0x779FFCC9+25]
	RtlGetAppContainerNamedObjectPath [0x77B67C5E+286]
	RtlGetAppContainerNamedObjectPath [0x77B67C2E+238]
	(No symbol) [0x00000000]
">
      <![CDATA[org.openqa.selenium.WebDriverException: chrome not reachable
Build info: version: '3.141.59', revision: 'e82be7d358', time: '2018-11-14T08:25:53'
System info: host: 'CIPLWKT014', ip: '10.4.8.14', os.name: 'Windows 10', os.arch: 'x86', os.version: '10.0', java.version: '1.8.0_351'
Driver info: driver.version: ChromeDriver
remote stacktrace: GetHandleVerifier [0x0032E123+48179]
(No symbol) [0x002B5D01]
(No symbol) [0x0019D5F0]
(No symbol) [0x00191743]
(No symbol) [0x001C8449]
(No symbol) [0x001C3EC7]
(No symbol) [0x001C0A69]
(No symbol) [0x001FCA51]
(No symbol) [0x001FC5FA]
(No symbol) [0x001F3A26]
(No symbol) [0x001CB7BC]
(No symbol) [0x001CC62D]
GetHandleVerifier [0x00647C33+3299139]
GetHandleVerifier [0x00685BF2+3553026]
GetHandleVerifier [0x00680BCC+3532508]
GetHandleVerifier [0x003C494E+664670]
(No symbol) [0x002C0AB4]
(No symbol) [0x002BBF08]
(No symbol) [0x002BC02D]
(No symbol) [0x002ADD00]
BaseThreadInitThunk [0x779FFCC9+25]
RtlGetAppContainerNamedObjectPath [0x77B67C5E+286]
RtlGetAppContainerNamedObjectPath [0x77B67C2E+238]
(No symbol) [0x00000000]

at sun.reflect.NativeConstructorAccessorImpl.newInstance0(Native Method)
at sun.reflect.NativeConstructorAccessorImpl.newInstance(Unknown Source)
at sun.reflect.DelegatingConstructorAccessorImpl.newInstance(Unknown Source)
at java.lang.reflect.Constructor.newInstance(Unknown Source)
at org.openqa.selenium.remote.W3CHandshakeResponse.lambda$errorHandler$0(W3CHandshakeResponse.java:62)
at org.openqa.selenium.remote.HandshakeResponse.lambda$getResponseFunction$0(HandshakeResponse.java:30)
at org.openqa.selenium.remote.ProtocolHandshake.lambda$createSession$0(ProtocolHandshake.java:126)
at java.util.stream.ReferencePipeline$3$1.accept(Unknown Source)
at java.util.Spliterators$ArraySpliterator.tryAdvance(Unknown Source)
at java.util.stream.ReferencePipeline.forEachWithCancel(Unknown Source)
at java.util.stream.AbstractPipeline.copyIntoWithCancel(Unknown Source)
at java.util.stream.AbstractPipeline.copyInto(Unknown Source)
at java.util.stream.AbstractPipeline.wrapAndCopyInto(Unknown Source)
at java.util.stream.FindOps$FindOp.evaluateSequential(Unknown Source)
at java.util.stream.AbstractPipeline.evaluate(Unknown Source)
at java.util.stream.ReferencePipeline.findFirst(Unknown Source)
at org.openqa.selenium.remote.ProtocolHandshake.createSession(ProtocolHandshake.java:128)
at org.openqa.selenium.remote.ProtocolHandshake.createSession(ProtocolHandshake.java:74)
at org.openqa.selenium.remote.HttpCommandExecutor.execute(HttpCommandExecutor.java:136)
at org.openqa.selenium.remote.service.DriverCommandExecutor.execute(DriverCommandExecutor.java:83)
at org.openqa.selenium.remote.RemoteWebDriver.execute(RemoteWebDriver.java:552)
at org.openqa.selenium.remote.RemoteWebDriver.startSession(RemoteWebDriver.java:213)
at org.openqa.selenium.remote.RemoteWebDriver.<init>(RemoteWebDriver.java:131)
at org.openqa.selenium.chrome.ChromeDriver.<init>(ChromeDriver.java:181)
at org.openqa.selenium.chrome.ChromeDriver.<init>(ChromeDriver.java:168)
at org.openqa.selenium.chrome.ChromeDriver.<init>(ChromeDriver.java:123)
at Generic.BaseClass.loadBrowser(BaseClass.java:71)
at SQL2022_DB.AdvancedViewer_Script.ladBrowser(AdvancedViewer_Script.java:15)
at sun.reflect.NativeMethodAccessorImpl.invoke0(Native Method)
at sun.reflect.NativeMethodAccessorImpl.invoke(Unknown Source)
at sun.reflect.DelegatingMethodAccessorImpl.invoke(Unknown Source)
at java.lang.reflect.Method.invoke(Unknown Source)
at org.testng.internal.MethodInvocationHelper.invokeMethod(MethodInvocationHelper.java:124)
at org.testng.internal.MethodInvocationHelper.invokeMethodConsideringTimeout(MethodInvocationHelper.java:59)
at org.testng.internal.Invoker.invokeConfigurationMethod(Invoker.java:458)
at org.testng.internal.Invoker.invokeConfigurations(Invoker.java:222)
at org.testng.internal.Invoker.invokeConfigurations(Invoker.java:142)
at org.testng.internal.TestMethodWorker.invokeBeforeClassMethods(TestMethodWorker.java:168)
at org.testng.internal.TestMethodWorker.run(TestMethodWorker.java:105)
at org.testng.TestRunner.privateRun(TestRunner.java:648)
at org.testng.TestRunner.run(TestRunner.java:505)
at org.testng.SuiteRunner.runTest(SuiteRunner.java:455)
at org.testng.SuiteRunner.runSequentially(SuiteRunner.java:450)
at org.testng.SuiteRunner.privateRun(SuiteRunner.java:415)
at org.testng.SuiteRunner.run(SuiteRunner.java:364)
at org.testng.SuiteRunnerWorker.runSuite(SuiteRunnerWorker.java:52)
at org.testng.SuiteRunnerWorker.run(SuiteRunnerWorker.java:84)
at org.testng.TestNG.runSuitesSequentially(TestNG.java:1208)
at org.testng.TestNG.runSuitesLocally(TestNG.java:1137)
at org.testng.TestNG.runSuites(TestNG.java:1049)
at org.testng.TestNG.run(TestNG.java:1017)
at org.testng.remote.AbstractRemoteTestNG.run(AbstractRemoteTestNG.java:114)
at org.testng.remote.RemoteTestNG.initAndRun(RemoteTestNG.java:251)
at org.testng.remote.RemoteTestNG.main(RemoteTestNG.java:77)
]]>
    </error>
  </testcase> <!-- ladBrowser -->
  <testcase name="Login" time="0.000" classname="SQL2022_DB.AdvancedViewer_Script">
    <skipped/>
  </testcase> <!-- Login -->
  <testcase name="AdvancedViewerWordDocument" time="0.000" classname="SQL2022_DB.AdvancedViewer_Script">
    <skipped/>
  </testcase> <!-- AdvancedViewerWordDocument -->
  <testcase name="AdvancedViewerWordDocument" time="0.000" classname="SQL2022_DB.AdvancedViewer_Script">
    <skipped/>
  </testcase> <!-- AdvancedViewerWordDocument -->
  <testcase name="AdvancedViewerWordDocument" time="0.000" classname="SQL2022_DB.AdvancedViewer_Script">
    <skipped/>
  </testcase> <!-- AdvancedViewerWordDocument -->
  <testcase name="AdvancedViewerWordDocument" time="0.000" classname="SQL2022_DB.AdvancedViewer_Script">
    <skipped/>
  </testcase> <!-- AdvancedViewerWordDocument -->
  <testcase name="AdvancedViewerWordDocument" time="0.000" classname="SQL2022_DB.AdvancedViewer_Script">
    <skipped/>
  </testcase> <!-- AdvancedViewerWordDocument -->
  <testcase name="AdvancedViewerWordDocument" time="0.000" classname="SQL2022_DB.AdvancedViewer_Script">
    <skipped/>
  </testcase> <!-- AdvancedViewerWordDocument -->
  <testcase name="AdvancedViewerWordDocument" time="0.000" classname="SQL2022_DB.AdvancedViewer_Script">
    <skipped/>
  </testcase> <!-- AdvancedViewerWordDocument -->
  <testcase name="AdvancedViewerWordDocument" time="0.000" classname="SQL2022_DB.AdvancedViewer_Script">
    <skipped/>
  </testcase> <!-- AdvancedViewerWordDocument -->
  <testcase name="AdvancedViewerWordDocument" time="0.000" classname="SQL2022_DB.AdvancedViewer_Script">
    <skipped/>
  </testcase> <!-- AdvancedViewerWordDocument -->
  <testcase name="AdvancedViewerWordDocument" time="0.000" classname="SQL2022_DB.AdvancedViewer_Script">
    <skipped/>
  </testcase> <!-- AdvancedViewerWordDocument -->
  <testcase name="AdvancedViewerWordDocument" time="0.000" classname="SQL2022_DB.AdvancedViewer_Script">
    <skipped/>
  </testcase> <!-- AdvancedViewerWordDocument -->
  <testcase name="AdvancedViewerWordDocument" time="0.000" classname="SQL2022_DB.AdvancedViewer_Script">
    <skipped/>
  </testcase> <!-- AdvancedViewerWordDocument -->
  <testcase name="AdvancedViewerWordDocument" time="0.000" classname="SQL2022_DB.AdvancedViewer_Script">
    <skipped/>
  </testcase> <!-- AdvancedViewerWordDocument -->
  <testcase name="AdvancedViewerWordDocument" time="0.000" classname="SQL2022_DB.AdvancedViewer_Script">
    <skipped/>
  </testcase> <!-- AdvancedViewerWordDocument -->
  <testcase name="AdvancedViewerWordDocument" time="0.000" classname="SQL2022_DB.AdvancedViewer_Script">
    <skipped/>
  </testcase> <!-- AdvancedViewerWordDocument -->
  <testcase name="AdvancedViewerWordDocument" time="0.000" classname="SQL2022_DB.AdvancedViewer_Script">
    <skipped/>
  </testcase> <!-- AdvancedViewerWordDocument -->
  <testcase name="AdvancedViewerWordDocument" time="0.000" classname="SQL2022_DB.AdvancedViewer_Script">
    <skipped/>
  </testcase> <!-- AdvancedViewerWordDocument -->
  <testcase name="AdvancedViewerWordDocument" time="0.000" classname="SQL2022_DB.AdvancedViewer_Script">
    <skipped/>
  </testcase> <!-- AdvancedViewerWordDocument -->
  <testcase name="AdvancedViewerWordDocument" time="0.000" classname="SQL2022_DB.AdvancedViewer_Script">
    <skipped/>
  </testcase> <!-- AdvancedViewerWordDocument -->
  <testcase name="AdvancedViewerWordDocument" time="0.000" classname="SQL2022_DB.AdvancedViewer_Script">
    <skipped/>
  </testcase> <!-- AdvancedViewerWordDocument -->
  <testcase name="AdvancedViewerWordDocument" time="0.000" classname="SQL2022_DB.AdvancedViewer_Script">
    <skipped/>
  </testcase> <!-- AdvancedViewerWordDocument -->
  <testcase name="AdvancedViewerWordDocument" time="0.000" classname="SQL2022_DB.AdvancedViewer_Script">
    <skipped/>
  </testcase> <!-- AdvancedViewerWordDocument -->
  <testcase name="AdvancedViewerWordDocument" time="0.000" classname="SQL2022_DB.AdvancedViewer_Script">
    <skipped/>
  </testcase> <!-- AdvancedViewerWordDocument -->
  <testcase name="AdvancedViewerWordDocument" time="0.000" classname="SQL2022_DB.AdvancedViewer_Script">
    <skipped/>
  </testcase> <!-- AdvancedViewerWordDocument -->
  <testcase name="AdvancedViewerWordDocument" time="0.000" classname="SQL2022_DB.AdvancedViewer_Script">
    <skipped/>
  </testcase> <!-- AdvancedViewerWordDocument -->
  <testcase name="AdvancedViewerWordDocument" time="0.000" classname="SQL2022_DB.AdvancedViewer_Script">
    <skipped/>
  </testcase> <!-- AdvancedViewerWordDocument -->
  <testcase name="AdvancedViewerWordDocument" time="0.000" classname="SQL2022_DB.AdvancedViewer_Script">
    <skipped/>
  </testcase> <!-- AdvancedViewerWordDocument -->
  <testcase name="AdvancedViewerWordDocument" time="0.000" classname="SQL2022_DB.AdvancedViewer_Script">
    <skipped/>
  </testcase> <!-- AdvancedViewerWordDocument -->
  <testcase name="AdvancedViewerWordDocument" time="0.000" classname="SQL2022_DB.AdvancedViewer_Script">
    <skipped/>
  </testcase> <!-- AdvancedViewerWordDocument -->
  <testcase name="AdvancedViewerWordDocument" time="0.000" classname="SQL2022_DB.AdvancedViewer_Script">
    <skipped/>
  </testcase> <!-- AdvancedViewerWordDocument -->
  <testcase name="AdvancedViewerWordDocument" time="0.000" classname="SQL2022_DB.AdvancedViewer_Script">
    <skipped/>
  </testcase> <!-- AdvancedViewerWordDocument -->
  <testcase name="AdvancedViewerWordDocument" time="0.000" classname="SQL2022_DB.AdvancedViewer_Script">
    <skipped/>
  </testcase> <!-- AdvancedViewerWordDocument -->
  <testcase name="AdvancedViewerWordDocument" time="0.000" classname="SQL2022_DB.AdvancedViewer_Script">
    <skipped/>
  </testcase> <!-- AdvancedViewerWordDocument -->
  <testcase name="AdvancedViewerWordDocument" time="0.000" classname="SQL2022_DB.AdvancedViewer_Script">
    <skipped/>
  </testcase> <!-- AdvancedViewerWordDocument -->
  <testcase name="AdvancedViewerWordDocument" time="0.000" classname="SQL2022_DB.AdvancedViewer_Script">
    <skipped/>
  </testcase> <!-- AdvancedViewerWordDocument -->
  <testcase name="AdvancedViewerWordDocument" time="0.000" classname="SQL2022_DB.AdvancedViewer_Script">
    <skipped/>
  </testcase> <!-- AdvancedViewerWordDocument -->
  <testcase name="AdvancedViewerWordDocument" time="0.000" classname="SQL2022_DB.AdvancedViewer_Script">
    <skipped/>
  </testcase> <!-- AdvancedViewerWordDocument -->
  <testcase name="AdvancedViewerWordDocument" time="0.000" classname="SQL2022_DB.AdvancedViewer_Script">
    <skipped/>
  </testcase> <!-- AdvancedViewerWordDocument -->
  <testcase name="AdvancedViewerWordDocument" time="0.000" classname="SQL2022_DB.AdvancedViewer_Script">
    <skipped/>
  </testcase> <!-- AdvancedViewerWordDocument -->
  <testcase name="AdvancedViewerWordDocument" time="0.000" classname="SQL2022_DB.AdvancedViewer_Script">
    <skipped/>
  </testcase> <!-- AdvancedViewerWordDocument -->
  <testcase name="AdvancedViewerWordDocument" time="0.000" classname="SQL2022_DB.AdvancedViewer_Script">
    <skipped/>
  </testcase> <!-- AdvancedViewerWordDocument -->
  <testcase name="AdvancedViewerWordDocument" time="0.000" classname="SQL2022_DB.AdvancedViewer_Script">
    <skipped/>
  </testcase> <!-- AdvancedViewerWordDocument -->
  <testcase name="AdvancedViewerWordDocument" time="0.000" classname="SQL2022_DB.AdvancedViewer_Script">
    <skipped/>
  </testcase> <!-- AdvancedViewerWordDocument -->
  <testcase name="AdvancedViewerWordDocument" time="0.000" classname="SQL2022_DB.AdvancedViewer_Script">
    <skipped/>
  </testcase> <!-- AdvancedViewerWordDocument -->
  <testcase name="AdvancedViewerWordDocument" time="0.000" classname="SQL2022_DB.AdvancedViewer_Script">
    <skipped/>
  </testcase> <!-- AdvancedViewerWordDocument -->
  <testcase name="AdvancedViewerWordDocument" time="0.000" classname="SQL2022_DB.AdvancedViewer_Script">
    <skipped/>
  </testcase> <!-- AdvancedViewerWordDocument -->
  <testcase name="AdvancedViewerWordDocument" time="0.000" classname="SQL2022_DB.AdvancedViewer_Script">
    <skipped/>
  </testcase> <!-- AdvancedViewerWordDocument -->
  <testcase name="AdvancedViewerWordDocument" time="0.000" classname="SQL2022_DB.AdvancedViewer_Script">
    <skipped/>
  </testcase> <!-- AdvancedViewerWordDocument -->
  <testcase name="AdvancedViewerWordDocument" time="0.000" classname="SQL2022_DB.AdvancedViewer_Script">
    <skipped/>
  </testcase> <!-- AdvancedViewerWordDocument -->
  <testcase name="AdvancedViewerWordDocument" time="0.000" classname="SQL2022_DB.AdvancedViewer_Script">
    <skipped/>
  </testcase> <!-- AdvancedViewerWordDocument -->
  <testcase name="AdvancedViewerWordDocument" time="0.000" classname="SQL2022_DB.AdvancedViewer_Script">
    <skipped/>
  </testcase> <!-- AdvancedViewerWordDocument -->
  <testcase name="AdvancedViewerWordDocument" time="0.000" classname="SQL2022_DB.AdvancedViewer_Script">
    <skipped/>
  </testcase> <!-- AdvancedViewerWordDocument -->
  <testcase name="AdvancedViewerWordDocument" time="0.000" classname="SQL2022_DB.AdvancedViewer_Script">
    <skipped/>
  </testcase> <!-- AdvancedViewerWordDocument -->
  <testcase name="AdvancedViewerWordDocument" time="0.000" classname="SQL2022_DB.AdvancedViewer_Script">
    <skipped/>
  </testcase> <!-- AdvancedViewerWordDocument -->
  <testcase name="AdvancedViewerWordDocument" time="0.000" classname="SQL2022_DB.AdvancedViewer_Script">
    <skipped/>
  </testcase> <!-- AdvancedViewerWordDocument -->
  <testcase name="AdvancedViewerWordDocument" time="0.000" classname="SQL2022_DB.AdvancedViewer_Script">
    <skipped/>
  </testcase> <!-- AdvancedViewerWordDocument -->
  <testcase name="AdvancedViewerWordDocument" time="0.000" classname="SQL2022_DB.AdvancedViewer_Script">
    <skipped/>
  </testcase> <!-- AdvancedViewerWordDocument -->
  <testcase name="AdvancedViewerWordDocument" time="0.000" classname="SQL2022_DB.AdvancedViewer_Script">
    <skipped/>
  </testcase> <!-- AdvancedViewerWordDocument -->
  <testcase name="AdvancedViewerWordDocument" time="0.000" classname="SQL2022_DB.AdvancedViewer_Script">
    <skipped/>
  </testcase> <!-- AdvancedViewerWordDocument -->
  <testcase name="AdvancedViewerWordDocument" time="0.000" classname="SQL2022_DB.AdvancedViewer_Script">
    <skipped/>
  </testcase> <!-- AdvancedViewerWordDocument -->
  <testcase name="AdvancedViewerWordDocument" time="0.000" classname="SQL2022_DB.AdvancedViewer_Script">
    <skipped/>
  </testcase> <!-- AdvancedViewerWordDocument -->
  <testcase name="AdvancedViewerWordDocument" time="0.000" classname="SQL2022_DB.AdvancedViewer_Script">
    <skipped/>
  </testcase> <!-- AdvancedViewerWordDocument -->
  <testcase name="AdvancedViewerWordDocument" time="0.000" classname="SQL2022_DB.AdvancedViewer_Script">
    <skipped/>
  </testcase> <!-- AdvancedViewerWordDocument -->
  <testcase name="AdvancedViewerWordDocument" time="0.000" classname="SQL2022_DB.AdvancedViewer_Script">
    <skipped/>
  </testcase> <!-- AdvancedViewerWordDocument -->
  <testcase name="AdvancedViewerWordDocument" time="0.000" classname="SQL2022_DB.AdvancedViewer_Script">
    <skipped/>
  </testcase> <!-- AdvancedViewerWordDocument -->
  <testcase name="AdvancedViewerWordDocument" time="0.000" classname="SQL2022_DB.AdvancedViewer_Script">
    <skipped/>
  </testcase> <!-- AdvancedViewerWordDocument -->
  <testcase name="AdvancedViewerWordDocument" time="0.000" classname="SQL2022_DB.AdvancedViewer_Script">
    <skipped/>
  </testcase> <!-- AdvancedViewerWordDocument -->
  <testcase name="AdvancedViewerWordDocument" time="0.000" classname="SQL2022_DB.AdvancedViewer_Script">
    <skipped/>
  </testcase> <!-- AdvancedViewerWordDocument -->
  <testcase name="AdvancedViewerWordDocument" time="0.000" classname="SQL2022_DB.AdvancedViewer_Script">
    <skipped/>
  </testcase> <!-- AdvancedViewerWordDocument -->
  <testcase name="AdvancedViewerWordDocument" time="0.000" classname="SQL2022_DB.AdvancedViewer_Script">
    <skipped/>
  </testcase> <!-- AdvancedViewerWordDocument -->
  <testcase name="AdvancedViewerWordDocument" time="0.000" classname="SQL2022_DB.AdvancedViewer_Script">
    <skipped/>
  </testcase> <!-- AdvancedViewerWordDocument -->
  <testcase name="AdvancedViewerWordDocument" time="0.000" classname="SQL2022_DB.AdvancedViewer_Script">
    <skipped/>
  </testcase> <!-- AdvancedViewerWordDocument -->
  <testcase name="AdvancedViewerWordDocument" time="0.000" classname="SQL2022_DB.AdvancedViewer_Script">
    <skipped/>
  </testcase> <!-- AdvancedViewerWordDocument -->
  <testcase name="AdvancedViewerWordDocument" time="0.000" classname="SQL2022_DB.AdvancedViewer_Script">
    <skipped/>
  </testcase> <!-- AdvancedViewerWordDocument -->
  <testcase name="AdvancedViewerWordDocument" time="0.000" classname="SQL2022_DB.AdvancedViewer_Script">
    <skipped/>
  </testcase> <!-- AdvancedViewerWordDocument -->
  <testcase name="AdvancedViewerWordDocument" time="0.000" classname="SQL2022_DB.AdvancedViewer_Script">
    <skipped/>
  </testcase> <!-- AdvancedViewerWordDocument -->
  <testcase name="AdvancedViewerWordDocument" time="0.000" classname="SQL2022_DB.AdvancedViewer_Script">
    <skipped/>
  </testcase> <!-- AdvancedViewerWordDocument -->
  <testcase name="AdvancedViewerWordDocument" time="0.000" classname="SQL2022_DB.AdvancedViewer_Script">
    <skipped/>
  </testcase> <!-- AdvancedViewerWordDocument -->
  <testcase name="AdvancedViewerWordDocument" time="0.000" classname="SQL2022_DB.AdvancedViewer_Script">
    <skipped/>
  </testcase> <!-- AdvancedViewerWordDocument -->
  <testcase name="AdvancedViewerWordDocument" time="0.000" classname="SQL2022_DB.AdvancedViewer_Script">
    <skipped/>
  </testcase> <!-- AdvancedViewerWordDocument -->
  <testcase name="AdvancedViewerWordDocument" time="0.000" classname="SQL2022_DB.AdvancedViewer_Script">
    <skipped/>
  </testcase> <!-- AdvancedViewerWordDocument -->
  <testcase name="AdvancedViewerWordDocument" time="0.000" classname="SQL2022_DB.AdvancedViewer_Script">
    <skipped/>
  </testcase> <!-- AdvancedViewerWordDocument -->
  <testcase name="AdvancedViewerWordDocument" time="0.000" classname="SQL2022_DB.AdvancedViewer_Script">
    <skipped/>
  </testcase> <!-- AdvancedViewerWordDocument -->
  <testcase name="AdvancedViewerWordDocument" time="0.000" classname="SQL2022_DB.AdvancedViewer_Script">
    <skipped/>
  </testcase> <!-- AdvancedViewerWordDocument -->
  <testcase name="AdvancedViewerWordDocument" time="0.000" classname="SQL2022_DB.AdvancedViewer_Script">
    <skipped/>
  </testcase> <!-- AdvancedViewerWordDocument -->
  <testcase name="AdvancedViewerWordDocument" time="0.000" classname="SQL2022_DB.AdvancedViewer_Script">
    <skipped/>
  </testcase> <!-- AdvancedViewerWordDocument -->
  <testcase name="AdvancedViewerWordDocument" time="0.000" classname="SQL2022_DB.AdvancedViewer_Script">
    <skipped/>
  </testcase> <!-- AdvancedViewerWordDocument -->
  <testcase name="AdvancedViewerWordDocument" time="0.000" classname="SQL2022_DB.AdvancedViewer_Script">
    <skipped/>
  </testcase> <!-- AdvancedViewerWordDocument -->
  <testcase name="AdvancedViewerWordDocument" time="0.000" classname="SQL2022_DB.AdvancedViewer_Script">
    <skipped/>
  </testcase> <!-- AdvancedViewerWordDocument -->
  <testcase name="AdvancedViewerWordDocument" time="0.000" classname="SQL2022_DB.AdvancedViewer_Script">
    <skipped/>
  </testcase> <!-- AdvancedViewerWordDocument -->
  <testcase name="AdvancedViewerWordDocument" time="0.000" classname="SQL2022_DB.AdvancedViewer_Script">
    <skipped/>
  </testcase> <!-- AdvancedViewerWordDocument -->
  <testcase name="AdvancedViewerWordDocument" time="0.000" classname="SQL2022_DB.AdvancedViewer_Script">
    <skipped/>
  </testcase> <!-- AdvancedViewerWordDocument -->
  <testcase name="AdvancedViewerWordDocument" time="0.000" classname="SQL2022_DB.AdvancedViewer_Script">
    <skipped/>
  </testcase> <!-- AdvancedViewerWordDocument -->
  <testcase name="AdvancedViewerWordDocument" time="0.000" classname="SQL2022_DB.AdvancedViewer_Script">
    <skipped/>
  </testcase> <!-- AdvancedViewerWordDocument -->
  <testcase name="AdvancedViewerWordDocument" time="0.000" classname="SQL2022_DB.AdvancedViewer_Script">
    <skipped/>
  </testcase> <!-- AdvancedViewerWordDocument -->
  <testcase name="AdvancedViewerWordDocument" time="0.000" classname="SQL2022_DB.AdvancedViewer_Script">
    <skipped/>
  </testcase> <!-- AdvancedViewerWordDocument -->
  <testcase name="AdvancedViewerWordDocument" time="0.000" classname="SQL2022_DB.AdvancedViewer_Script">
    <skipped/>
  </testcase> <!-- AdvancedViewerWordDocument -->
  <testcase name="AdvancedViewerWordDocument" time="0.000" classname="SQL2022_DB.AdvancedViewer_Script">
    <skipped/>
  </testcase> <!-- AdvancedViewerWordDocument -->
  <testcase name="AdvancedViewerWordDocument" time="0.000" classname="SQL2022_DB.AdvancedViewer_Script">
    <skipped/>
  </testcase> <!-- AdvancedViewerWordDocument -->
  <testcase name="AdvancedViewerWordDocument" time="0.000" classname="SQL2022_DB.AdvancedViewer_Script">
    <skipped/>
  </testcase> <!-- AdvancedViewerWordDocument -->
  <testcase name="AdvancedViewerWordDocument" time="0.000" classname="SQL2022_DB.AdvancedViewer_Script">
    <skipped/>
  </testcase> <!-- AdvancedViewerWordDocument -->
  <testcase name="AdvancedViewerWordDocument" time="0.000" classname="SQL2022_DB.AdvancedViewer_Script">
    <skipped/>
  </testcase> <!-- AdvancedViewerWordDocument -->
  <testcase name="AdvancedViewerWordDocument" time="0.000" classname="SQL2022_DB.AdvancedViewer_Script">
    <skipped/>
  </testcase> <!-- AdvancedViewerWordDocument -->
  <testcase name="AdvancedViewerWordDocument" time="0.000" classname="SQL2022_DB.AdvancedViewer_Script">
    <skipped/>
  </testcase> <!-- AdvancedViewerWordDocument -->
  <testcase name="AdvancedViewerWordDocument" time="0.000" classname="SQL2022_DB.AdvancedViewer_Script">
    <skipped/>
  </testcase> <!-- AdvancedViewerWordDocument -->
  <testcase name="AdvancedViewerWordDocument" time="0.000" classname="SQL2022_DB.AdvancedViewer_Script">
    <skipped/>
  </testcase> <!-- AdvancedViewerWordDocument -->
  <testcase name="AdvancedViewerWordDocument" time="0.000" classname="SQL2022_DB.AdvancedViewer_Script">
    <skipped/>
  </testcase> <!-- AdvancedViewerWordDocument -->
  <testcase name="AdvancedViewerWordDocument" time="0.000" classname="SQL2022_DB.AdvancedViewer_Script">
    <skipped/>
  </testcase> <!-- AdvancedViewerWordDocument -->
  <testcase name="AdvancedViewerWordDocument" time="0.000" classname="SQL2022_DB.AdvancedViewer_Script">
    <skipped/>
  </testcase> <!-- AdvancedViewerWordDocument -->
  <testcase name="AdvancedViewerWordDocument" time="0.000" classname="SQL2022_DB.AdvancedViewer_Script">
    <skipped/>
  </testcase> <!-- AdvancedViewerWordDocument -->
  <testcase name="AdvancedViewerWordDocument" time="0.000" classname="SQL2022_DB.AdvancedViewer_Script">
    <skipped/>
  </testcase> <!-- AdvancedViewerWordDocument -->
  <testcase name="AdvancedViewerWordDocument" time="0.000" classname="SQL2022_DB.AdvancedViewer_Script">
    <skipped/>
  </testcase> <!-- AdvancedViewerWordDocument -->
  <testcase name="AdvancedViewerWordDocument" time="0.000" classname="SQL2022_DB.AdvancedViewer_Script">
    <skipped/>
  </testcase> <!-- AdvancedViewerWordDocument -->
  <testcase name="AdvancedViewerWordDocument" time="0.000" classname="SQL2022_DB.AdvancedViewer_Script">
    <skipped/>
  </testcase> <!-- AdvancedViewerWordDocument -->
  <testcase name="AdvancedViewerWordDocument" time="0.000" classname="SQL2022_DB.AdvancedViewer_Script">
    <skipped/>
  </testcase> <!-- AdvancedViewerWordDocument -->
  <testcase name="AdvancedViewerWordDocument" time="0.000" classname="SQL2022_DB.AdvancedViewer_Script">
    <skipped/>
  </testcase> <!-- AdvancedViewerWordDocument -->
  <testcase name="AdvancedViewerWordDocument" time="0.000" classname="SQL2022_DB.AdvancedViewer_Script">
    <skipped/>
  </testcase> <!-- AdvancedViewerWordDocument -->
  <testcase name="AdvancedViewerWordDocument" time="0.000" classname="SQL2022_DB.AdvancedViewer_Script">
    <skipped/>
  </testcase> <!-- AdvancedViewerWordDocument -->
  <testcase name="AdvancedViewerWordDocument" time="0.000" classname="SQL2022_DB.AdvancedViewer_Script">
    <skipped/>
  </testcase> <!-- AdvancedViewerWordDocument -->
  <testcase name="AdvancedViewerWordDocument" time="0.000" classname="SQL2022_DB.AdvancedViewer_Script">
    <skipped/>
  </testcase> <!-- AdvancedViewerWordDocument -->
  <testcase name="AdvancedViewerWordDocument" time="0.000" classname="SQL2022_DB.AdvancedViewer_Script">
    <skipped/>
  </testcase> <!-- AdvancedViewerWordDocument -->
  <testcase name="AdvancedViewerWordDocument" time="0.000" classname="SQL2022_DB.AdvancedViewer_Script">
    <skipped/>
  </testcase> <!-- AdvancedViewerWordDocument -->
  <testcase name="AdvancedViewerWordDocument" time="0.000" classname="SQL2022_DB.AdvancedViewer_Script">
    <skipped/>
  </testcase> <!-- AdvancedViewerWordDocument -->
  <testcase name="AdvancedViewerWordDocument" time="0.000" classname="SQL2022_DB.AdvancedViewer_Script">
    <skipped/>
  </testcase> <!-- AdvancedViewerWordDocument -->
  <testcase name="AdvancedViewerWordDocument" time="0.000" classname="SQL2022_DB.AdvancedViewer_Script">
    <skipped/>
  </testcase> <!-- AdvancedViewerWordDocument -->
  <testcase name="AdvancedViewerWordDocument" time="0.000" classname="SQL2022_DB.AdvancedViewer_Script">
    <skipped/>
  </testcase> <!-- AdvancedViewerWordDocument -->
  <testcase name="AdvancedViewerWordDocument" time="0.000" classname="SQL2022_DB.AdvancedViewer_Script">
    <skipped/>
  </testcase> <!-- AdvancedViewerWordDocument -->
  <testcase name="AdvancedViewerWordDocument" time="0.000" classname="SQL2022_DB.AdvancedViewer_Script">
    <skipped/>
  </testcase> <!-- AdvancedViewerWordDocument -->
  <testcase name="AdvancedViewerWordDocument" time="0.000" classname="SQL2022_DB.AdvancedViewer_Script">
    <skipped/>
  </testcase> <!-- AdvancedViewerWordDocument -->
  <testcase name="AdvancedViewerWordDocument" time="0.000" classname="SQL2022_DB.AdvancedViewer_Script">
    <skipped/>
  </testcase> <!-- AdvancedViewerWordDocument -->
  <testcase name="AdvancedViewerWordDocument" time="0.000" classname="SQL2022_DB.AdvancedViewer_Script">
    <skipped/>
  </testcase> <!-- AdvancedViewerWordDocument -->
  <testcase name="AdvancedViewerWordDocument" time="0.000" classname="SQL2022_DB.AdvancedViewer_Script">
    <skipped/>
  </testcase> <!-- AdvancedViewerWordDocument -->
  <testcase name="AdvancedViewerWordDocument" time="0.000" classname="SQL2022_DB.AdvancedViewer_Script">
    <skipped/>
  </testcase> <!-- AdvancedViewerWordDocument -->
  <testcase name="AdvancedViewerWordDocument" time="0.000" classname="SQL2022_DB.AdvancedViewer_Script">
    <skipped/>
  </testcase> <!-- AdvancedViewerWordDocument -->
  <testcase name="AdvancedViewerWordDocument" time="0.000" classname="SQL2022_DB.AdvancedViewer_Script">
    <skipped/>
  </testcase> <!-- AdvancedViewerWordDocument -->
  <testcase name="AdvancedViewerWordDocument" time="0.000" classname="SQL2022_DB.AdvancedViewer_Script">
    <skipped/>
  </testcase> <!-- AdvancedViewerWordDocument -->
  <testcase name="AdvancedViewerWordDocument" time="0.000" classname="SQL2022_DB.AdvancedViewer_Script">
    <skipped/>
  </testcase> <!-- AdvancedViewerWordDocument -->
  <testcase name="AdvancedViewerWordDocument" time="0.000" classname="SQL2022_DB.AdvancedViewer_Script">
    <skipped/>
  </testcase> <!-- AdvancedViewerWordDocument -->
  <testcase name="AdvancedViewerWordDocument" time="0.000" classname="SQL2022_DB.AdvancedViewer_Script">
    <skipped/>
  </testcase> <!-- AdvancedViewerWordDocument -->
  <testcase name="AdvancedViewerWordDocument" time="0.000" classname="SQL2022_DB.AdvancedViewer_Script">
    <skipped/>
  </testcase> <!-- AdvancedViewerWordDocument -->
  <testcase name="AdvancedViewerWordDocument" time="0.000" classname="SQL2022_DB.AdvancedViewer_Script">
    <skipped/>
  </testcase> <!-- AdvancedViewerWordDocument -->
  <testcase name="AdvancedViewerWordDocument" time="0.000" classname="SQL2022_DB.AdvancedViewer_Script">
    <skipped/>
  </testcase> <!-- AdvancedViewerWordDocument -->
  <testcase name="AdvancedViewerWordDocument" time="0.000" classname="SQL2022_DB.AdvancedViewer_Script">
    <skipped/>
  </testcase> <!-- AdvancedViewerWordDocument -->
  <testcase name="AdvancedViewerWordDocument" time="0.000" classname="SQL2022_DB.AdvancedViewer_Script">
    <skipped/>
  </testcase> <!-- AdvancedViewerWordDocument -->
  <testcase name="AdvancedViewerWordDocument" time="0.000" classname="SQL2022_DB.AdvancedViewer_Script">
    <skipped/>
  </testcase> <!-- AdvancedViewerWordDocument -->
  <testcase name="AdvancedViewerWordDocument" time="0.000" classname="SQL2022_DB.AdvancedViewer_Script">
    <skipped/>
  </testcase> <!-- AdvancedViewerWordDocument -->
  <testcase name="AdvancedViewerWordDocument" time="0.000" classname="SQL2022_DB.AdvancedViewer_Script">
    <skipped/>
  </testcase> <!-- AdvancedViewerWordDocument -->
  <testcase name="AdvancedViewerWordDocument" time="0.000" classname="SQL2022_DB.AdvancedViewer_Script">
    <skipped/>
  </testcase> <!-- AdvancedViewerWordDocument -->
  <testcase name="AdvancedViewerWordDocument" time="0.000" classname="SQL2022_DB.AdvancedViewer_Script">
    <skipped/>
  </testcase> <!-- AdvancedViewerWordDocument -->
  <testcase name="AdvancedViewerWordDocument" time="0.000" classname="SQL2022_DB.AdvancedViewer_Script">
    <skipped/>
  </testcase> <!-- AdvancedViewerWordDocument -->
  <testcase name="AdvancedViewerWordDocument" time="0.000" classname="SQL2022_DB.AdvancedViewer_Script">
    <skipped/>
  </testcase> <!-- AdvancedViewerWordDocument -->
  <testcase name="AdvancedViewerWordDocument" time="0.000" classname="SQL2022_DB.AdvancedViewer_Script">
    <skipped/>
  </testcase> <!-- AdvancedViewerWordDocument -->
  <testcase name="AdvancedViewerWordDocument" time="0.000" classname="SQL2022_DB.AdvancedViewer_Script">
    <skipped/>
  </testcase> <!-- AdvancedViewerWordDocument -->
  <testcase name="AdvancedViewerWordDocument" time="0.000" classname="SQL2022_DB.AdvancedViewer_Script">
    <skipped/>
  </testcase> <!-- AdvancedViewerWordDocument -->
  <testcase name="AdvancedViewerWordDocument" time="0.000" classname="SQL2022_DB.AdvancedViewer_Script">
    <skipped/>
  </testcase> <!-- AdvancedViewerWordDocument -->
  <testcase name="AdvancedViewerWordDocument" time="0.000" classname="SQL2022_DB.AdvancedViewer_Script">
    <skipped/>
  </testcase> <!-- AdvancedViewerWordDocument -->
  <testcase name="AdvancedViewerWordDocument" time="0.000" classname="SQL2022_DB.AdvancedViewer_Script">
    <skipped/>
  </testcase> <!-- AdvancedViewerWordDocument -->
  <testcase name="AdvancedViewerWordDocument" time="0.000" classname="SQL2022_DB.AdvancedViewer_Script">
    <skipped/>
  </testcase> <!-- AdvancedViewerWordDocument -->
  <testcase name="AdvancedViewerWordDocument" time="0.000" classname="SQL2022_DB.AdvancedViewer_Script">
    <skipped/>
  </testcase> <!-- AdvancedViewerWordDocument -->
  <testcase name="AdvancedViewerWordDocument" time="0.000" classname="SQL2022_DB.AdvancedViewer_Script">
    <skipped/>
  </testcase> <!-- AdvancedViewerWordDocument -->
  <testcase name="AdvancedViewerWordDocument" time="0.000" classname="SQL2022_DB.AdvancedViewer_Script">
    <skipped/>
  </testcase> <!-- AdvancedViewerWordDocument -->
  <testcase name="AdvancedViewerWordDocument" time="0.000" classname="SQL2022_DB.AdvancedViewer_Script">
    <skipped/>
  </testcase> <!-- AdvancedViewerWordDocument -->
  <testcase name="AdvancedViewerWordDocument" time="0.000" classname="SQL2022_DB.AdvancedViewer_Script">
    <skipped/>
  </testcase> <!-- AdvancedViewerWordDocument -->
  <testcase name="AdvancedViewerWordDocument" time="0.000" classname="SQL2022_DB.AdvancedViewer_Script">
    <skipped/>
  </testcase> <!-- AdvancedViewerWordDocument -->
  <testcase name="AdvancedViewerWordDocument" time="0.000" classname="SQL2022_DB.AdvancedViewer_Script">
    <skipped/>
  </testcase> <!-- AdvancedViewerWordDocument -->
  <testcase name="AdvancedViewerWordDocument" time="0.000" classname="SQL2022_DB.AdvancedViewer_Script">
    <skipped/>
  </testcase> <!-- AdvancedViewerWordDocument -->
  <testcase name="AdvancedViewerWordDocument" time="0.000" classname="SQL2022_DB.AdvancedViewer_Script">
    <skipped/>
  </testcase> <!-- AdvancedViewerWordDocument -->
  <testcase name="AdvancedViewerWordDocument" time="0.000" classname="SQL2022_DB.AdvancedViewer_Script">
    <skipped/>
  </testcase> <!-- AdvancedViewerWordDocument -->
  <testcase name="AdvancedViewerWordDocument" time="0.000" classname="SQL2022_DB.AdvancedViewer_Script">
    <skipped/>
  </testcase> <!-- AdvancedViewerWordDocument -->
  <testcase name="AdvancedViewerWordDocument" time="0.000" classname="SQL2022_DB.AdvancedViewer_Script">
    <skipped/>
  </testcase> <!-- AdvancedViewerWordDocument -->
  <testcase name="AdvancedViewerWordDocument" time="0.000" classname="SQL2022_DB.AdvancedViewer_Script">
    <skipped/>
  </testcase> <!-- AdvancedViewerWordDocument -->
  <testcase name="AdvancedViewerWordDocument" time="0.000" classname="SQL2022_DB.AdvancedViewer_Script">
    <skipped/>
  </testcase> <!-- AdvancedViewerWordDocument -->
  <testcase name="AdvancedViewerWordDocument" time="0.000" classname="SQL2022_DB.AdvancedViewer_Script">
    <skipped/>
  </testcase> <!-- AdvancedViewerWordDocument -->
  <testcase name="AdvancedViewerWordDocument" time="0.000" classname="SQL2022_DB.AdvancedViewer_Script">
    <skipped/>
  </testcase> <!-- AdvancedViewerWordDocument -->
  <testcase name="AdvancedViewerWordDocument" time="0.000" classname="SQL2022_DB.AdvancedViewer_Script">
    <skipped/>
  </testcase> <!-- AdvancedViewerWordDocument -->
  <testcase name="AdvancedViewerWordDocument" time="0.000" classname="SQL2022_DB.AdvancedViewer_Script">
    <skipped/>
  </testcase> <!-- AdvancedViewerWordDocument -->
  <testcase name="AdvancedViewerWordDocument" time="0.000" classname="SQL2022_DB.AdvancedViewer_Script">
    <skipped/>
  </testcase> <!-- AdvancedViewerWordDocument -->
  <testcase name="AdvancedViewerWordDocument" time="0.000" classname="SQL2022_DB.AdvancedViewer_Script">
    <skipped/>
  </testcase> <!-- AdvancedViewerWordDocument -->
  <testcase name="AdvancedViewerWordDocument" time="0.000" classname="SQL2022_DB.AdvancedViewer_Script">
    <skipped/>
  </testcase> <!-- AdvancedViewerWordDocument -->
  <testcase name="AdvancedViewerWordDocument" time="0.000" classname="SQL2022_DB.AdvancedViewer_Script">
    <skipped/>
  </testcase> <!-- AdvancedViewerWordDocument -->
  <testcase name="AdvancedViewerWordDocument" time="0.000" classname="SQL2022_DB.AdvancedViewer_Script">
    <skipped/>
  </testcase> <!-- AdvancedViewerWordDocument -->
  <testcase name="AdvancedViewerWordDocument" time="0.000" classname="SQL2022_DB.AdvancedViewer_Script">
    <skipped/>
  </testcase> <!-- AdvancedViewerWordDocument -->
  <testcase name="AdvancedViewerWordDocument" time="0.000" classname="SQL2022_DB.AdvancedViewer_Script">
    <skipped/>
  </testcase> <!-- AdvancedViewerWordDocument -->
  <testcase name="AdvancedViewerWordDocument" time="0.000" classname="SQL2022_DB.AdvancedViewer_Script">
    <skipped/>
  </testcase> <!-- AdvancedViewerWordDocument -->
  <testcase name="AdvancedViewerWordDocument" time="0.000" classname="SQL2022_DB.AdvancedViewer_Script">
    <skipped/>
  </testcase> <!-- AdvancedViewerWordDocument -->
  <testcase name="AdvancedViewerWordDocument" time="0.000" classname="SQL2022_DB.AdvancedViewer_Script">
    <skipped/>
  </testcase> <!-- AdvancedViewerWordDocument -->
  <testcase name="AdvancedViewerWordDocument" time="0.000" classname="SQL2022_DB.AdvancedViewer_Script">
    <skipped/>
  </testcase> <!-- AdvancedViewerWordDocument -->
  <testcase name="AdvancedViewerWordDocument" time="0.000" classname="SQL2022_DB.AdvancedViewer_Script">
    <skipped/>
  </testcase> <!-- AdvancedViewerWordDocument -->
  <testcase name="AdvancedViewerWordDocument" time="0.000" classname="SQL2022_DB.AdvancedViewer_Script">
    <skipped/>
  </testcase> <!-- AdvancedViewerWordDocument -->
  <testcase name="AdvancedViewerWordDocument" time="0.000" classname="SQL2022_DB.AdvancedViewer_Script">
    <skipped/>
  </testcase> <!-- AdvancedViewerWordDocument -->
  <testcase name="AdvancedViewerWordDocument" time="0.000" classname="SQL2022_DB.AdvancedViewer_Script">
    <skipped/>
  </testcase> <!-- AdvancedViewerWordDocument -->
  <testcase name="AdvancedViewerWordDocument" time="0.000" classname="SQL2022_DB.AdvancedViewer_Script">
    <skipped/>
  </testcase> <!-- AdvancedViewerWordDocument -->
  <testcase name="AdvancedViewerWordDocument" time="0.000" classname="SQL2022_DB.AdvancedViewer_Script">
    <skipped/>
  </testcase> <!-- AdvancedViewerWordDocument -->
  <testcase name="AdvancedViewerWordDocument" time="0.000" classname="SQL2022_DB.AdvancedViewer_Script">
    <skipped/>
  </testcase> <!-- AdvancedViewerWordDocument -->
  <testcase name="AdvancedViewerWordDocument" time="0.000" classname="SQL2022_DB.AdvancedViewer_Script">
    <skipped/>
  </testcase> <!-- AdvancedViewerWordDocument -->
  <testcase name="AdvancedViewerWordDocument" time="0.000" classname="SQL2022_DB.AdvancedViewer_Script">
    <skipped/>
  </testcase> <!-- AdvancedViewerWordDocument -->
  <testcase name="AdvancedViewerWordDocument" time="0.000" classname="SQL2022_DB.AdvancedViewer_Script">
    <skipped/>
  </testcase> <!-- AdvancedViewerWordDocument -->
  <testcase name="AdvancedViewerWordDocument" time="0.000" classname="SQL2022_DB.AdvancedViewer_Script">
    <skipped/>
  </testcase> <!-- AdvancedViewerWordDocument -->
  <testcase name="AdvancedViewerWordDocument" time="0.000" classname="SQL2022_DB.AdvancedViewer_Script">
    <skipped/>
  </testcase> <!-- AdvancedViewerWordDocument -->
  <testcase name="AdvancedViewerWordDocument" time="0.000" classname="SQL2022_DB.AdvancedViewer_Script">
    <skipped/>
  </testcase> <!-- AdvancedViewerWordDocument -->
  <testcase name="AdvancedViewerWordDocument" time="0.000" classname="SQL2022_DB.AdvancedViewer_Script">
    <skipped/>
  </testcase> <!-- AdvancedViewerWordDocument -->
  <testcase name="AdvancedViewerWordDocument" time="0.000" classname="SQL2022_DB.AdvancedViewer_Script">
    <skipped/>
  </testcase> <!-- AdvancedViewerWordDocument -->
  <testcase name="AdvancedViewerWordDocument" time="0.000" classname="SQL2022_DB.AdvancedViewer_Script">
    <skipped/>
  </testcase> <!-- AdvancedViewerWordDocument -->
  <testcase name="AdvancedViewerWordDocument" time="0.000" classname="SQL2022_DB.AdvancedViewer_Script">
    <skipped/>
  </testcase> <!-- AdvancedViewerWordDocument -->
  <testcase name="AdvancedViewerWordDocument" time="0.000" classname="SQL2022_DB.AdvancedViewer_Script">
    <skipped/>
  </testcase> <!-- AdvancedViewerWordDocument -->
  <testcase name="AdvancedViewerWordDocument" time="0.000" classname="SQL2022_DB.AdvancedViewer_Script">
    <skipped/>
  </testcase> <!-- AdvancedViewerWordDocument -->
  <testcase name="AdvancedViewerWordDocument" time="0.000" classname="SQL2022_DB.AdvancedViewer_Script">
    <skipped/>
  </testcase> <!-- AdvancedViewerWordDocument -->
  <testcase name="AdvancedViewerWordDocument" time="0.000" classname="SQL2022_DB.AdvancedViewer_Script">
    <skipped/>
  </testcase> <!-- AdvancedViewerWordDocument -->
  <testcase name="AdvancedViewerWordDocument" time="0.000" classname="SQL2022_DB.AdvancedViewer_Script">
    <skipped/>
  </testcase> <!-- AdvancedViewerWordDocument -->
  <testcase name="AdvancedViewerWordDocument" time="0.000" classname="SQL2022_DB.AdvancedViewer_Script">
    <skipped/>
  </testcase> <!-- AdvancedViewerWordDocument -->
  <testcase name="AdvancedViewerWordDocument" time="0.000" classname="SQL2022_DB.AdvancedViewer_Script">
    <skipped/>
  </testcase> <!-- AdvancedViewerWordDocument -->
  <testcase name="AdvancedViewerWordDocument" time="0.000" classname="SQL2022_DB.AdvancedViewer_Script">
    <skipped/>
  </testcase> <!-- AdvancedViewerWordDocument -->
  <testcase name="AdvancedViewerWordDocument" time="0.000" classname="SQL2022_DB.AdvancedViewer_Script">
    <skipped/>
  </testcase> <!-- AdvancedViewerWordDocument -->
  <testcase name="AdvancedViewerWordDocument" time="0.000" classname="SQL2022_DB.AdvancedViewer_Script">
    <skipped/>
  </testcase> <!-- AdvancedViewerWordDocument -->
  <testcase name="AdvancedViewerWordDocument" time="0.000" classname="SQL2022_DB.AdvancedViewer_Script">
    <skipped/>
  </testcase> <!-- AdvancedViewerWordDocument -->
  <testcase name="AdvancedViewerWordDocument" time="0.000" classname="SQL2022_DB.AdvancedViewer_Script">
    <skipped/>
  </testcase> <!-- AdvancedViewerWordDocument -->
  <testcase name="AdvancedViewerWordDocument" time="0.000" classname="SQL2022_DB.AdvancedViewer_Script">
    <skipped/>
  </testcase> <!-- AdvancedViewerWordDocument -->
  <testcase name="AdvancedViewerWordDocument" time="0.000" classname="SQL2022_DB.AdvancedViewer_Script">
    <skipped/>
  </testcase> <!-- AdvancedViewerWordDocument -->
  <testcase name="AdvancedViewerWordDocument" time="0.000" classname="SQL2022_DB.AdvancedViewer_Script">
    <skipped/>
  </testcase> <!-- AdvancedViewerWordDocument -->
  <testcase name="AdvancedViewerWordDocument" time="0.000" classname="SQL2022_DB.AdvancedViewer_Script">
    <skipped/>
  </testcase> <!-- AdvancedViewerWordDocument -->
  <testcase name="AdvancedViewerWordDocument" time="0.000" classname="SQL2022_DB.AdvancedViewer_Script">
    <skipped/>
  </testcase> <!-- AdvancedViewerWordDocument -->
  <testcase name="AdvancedViewerWordDocument" time="0.000" classname="SQL2022_DB.AdvancedViewer_Script">
    <skipped/>
  </testcase> <!-- AdvancedViewerWordDocument -->
  <testcase name="AdvancedViewerWordDocument" time="0.000" classname="SQL2022_DB.AdvancedViewer_Script">
    <skipped/>
  </testcase> <!-- AdvancedViewerWordDocument -->
  <testcase name="AdvancedViewerWordDocument" time="0.000" classname="SQL2022_DB.AdvancedViewer_Script">
    <skipped/>
  </testcase> <!-- AdvancedViewerWordDocument -->
  <testcase name="AdvancedViewerWordDocument" time="0.000" classname="SQL2022_DB.AdvancedViewer_Script">
    <skipped/>
  </testcase> <!-- AdvancedViewerWordDocument -->
  <testcase name="AdvancedViewerWordDocument" time="0.000" classname="SQL2022_DB.AdvancedViewer_Script">
    <skipped/>
  </testcase> <!-- AdvancedViewerWordDocument -->
  <testcase name="AdvancedViewerWordDocument" time="0.000" classname="SQL2022_DB.AdvancedViewer_Script">
    <skipped/>
  </testcase> <!-- AdvancedViewerWordDocument -->
  <testcase name="AdvancedViewerWordDocument" time="0.000" classname="SQL2022_DB.AdvancedViewer_Script">
    <skipped/>
  </testcase> <!-- AdvancedViewerWordDocument -->
  <testcase name="AdvancedViewerWordDocument" time="0.000" classname="SQL2022_DB.AdvancedViewer_Script">
    <skipped/>
  </testcase> <!-- AdvancedViewerWordDocument -->
  <testcase name="AdvancedViewerWordDocument" time="0.000" classname="SQL2022_DB.AdvancedViewer_Script">
    <skipped/>
  </testcase> <!-- AdvancedViewerWordDocument -->
  <testcase name="AdvancedViewerWordDocument" time="0.000" classname="SQL2022_DB.AdvancedViewer_Script">
    <skipped/>
  </testcase> <!-- AdvancedViewerWordDocument -->
  <testcase name="AdvancedViewerWordDocument" time="0.000" classname="SQL2022_DB.AdvancedViewer_Script">
    <skipped/>
  </testcase> <!-- AdvancedViewerWordDocument -->
  <testcase name="AdvancedViewerWordDocument" time="0.000" classname="SQL2022_DB.AdvancedViewer_Script">
    <skipped/>
  </testcase> <!-- AdvancedViewerWordDocument -->
  <testcase name="AdvancedViewerWordDocument" time="0.000" classname="SQL2022_DB.AdvancedViewer_Script">
    <skipped/>
  </testcase> <!-- AdvancedViewerWordDocument -->
  <testcase name="AdvancedViewerWordDocument" time="0.000" classname="SQL2022_DB.AdvancedViewer_Script">
    <skipped/>
  </testcase> <!-- AdvancedViewerWordDocument -->
  <testcase name="AdvancedViewerWordDocument" time="0.000" classname="SQL2022_DB.AdvancedViewer_Script">
    <skipped/>
  </testcase> <!-- AdvancedViewerWordDocument -->
  <testcase name="AdvancedViewerWordDocument" time="0.000" classname="SQL2022_DB.AdvancedViewer_Script">
    <skipped/>
  </testcase> <!-- AdvancedViewerWordDocument -->
  <testcase name="AdvancedViewerWordDocument" time="0.000" classname="SQL2022_DB.AdvancedViewer_Script">
    <skipped/>
  </testcase> <!-- AdvancedViewerWordDocument -->
  <testcase name="AdvancedViewerWordDocument" time="0.000" classname="SQL2022_DB.AdvancedViewer_Script">
    <skipped/>
  </testcase> <!-- AdvancedViewerWordDocument -->
  <testcase name="AdvancedViewerWordDocument" time="0.000" classname="SQL2022_DB.AdvancedViewer_Script">
    <skipped/>
  </testcase> <!-- AdvancedViewerWordDocument -->
  <testcase name="AdvancedViewerWordDocument" time="0.000" classname="SQL2022_DB.AdvancedViewer_Script">
    <skipped/>
  </testcase> <!-- AdvancedViewerWordDocument -->
  <testcase name="AdvancedViewerWordDocument" time="0.000" classname="SQL2022_DB.AdvancedViewer_Script">
    <skipped/>
  </testcase> <!-- AdvancedViewerWordDocument -->
  <testcase name="AdvancedViewerWordDocument" time="0.000" classname="SQL2022_DB.AdvancedViewer_Script">
    <skipped/>
  </testcase> <!-- AdvancedViewerWordDocument -->
  <testcase name="AdvancedViewerWordDocument" time="0.000" classname="SQL2022_DB.AdvancedViewer_Script">
    <skipped/>
  </testcase> <!-- AdvancedViewerWordDocument -->
  <testcase name="AdvancedViewerWordDocument" time="0.000" classname="SQL2022_DB.AdvancedViewer_Script">
    <skipped/>
  </testcase> <!-- AdvancedViewerWordDocument -->
  <testcase name="AdvancedViewerWordDocument" time="0.000" classname="SQL2022_DB.AdvancedViewer_Script">
    <skipped/>
  </testcase> <!-- AdvancedViewerWordDocument -->
  <testcase name="AdvancedViewerWordDocument" time="0.000" classname="SQL2022_DB.AdvancedViewer_Script">
    <skipped/>
  </testcase> <!-- AdvancedViewerWordDocument -->
  <testcase name="AdvancedViewerWordDocument" time="0.000" classname="SQL2022_DB.AdvancedViewer_Script">
    <skipped/>
  </testcase> <!-- AdvancedViewerWordDocument -->
  <testcase name="AdvancedViewerWordDocument" time="0.000" classname="SQL2022_DB.AdvancedViewer_Script">
    <skipped/>
  </testcase> <!-- AdvancedViewerWordDocument -->
  <testcase name="AdvancedViewerWordDocument" time="0.000" classname="SQL2022_DB.AdvancedViewer_Script">
    <skipped/>
  </testcase> <!-- AdvancedViewerWordDocument -->
  <testcase name="AdvancedViewerWordDocument" time="0.000" classname="SQL2022_DB.AdvancedViewer_Script">
    <skipped/>
  </testcase> <!-- AdvancedViewerWordDocument -->
  <testcase name="AdvancedViewerWordDocument" time="0.000" classname="SQL2022_DB.AdvancedViewer_Script">
    <skipped/>
  </testcase> <!-- AdvancedViewerWordDocument -->
  <testcase name="AdvancedViewerWordDocument" time="0.000" classname="SQL2022_DB.AdvancedViewer_Script">
    <skipped/>
  </testcase> <!-- AdvancedViewerWordDocument -->
  <testcase name="AdvancedViewerWordDocument" time="0.000" classname="SQL2022_DB.AdvancedViewer_Script">
    <skipped/>
  </testcase> <!-- AdvancedViewerWordDocument -->
  <testcase name="AdvancedViewerWordDocument" time="0.000" classname="SQL2022_DB.AdvancedViewer_Script">
    <skipped/>
  </testcase> <!-- AdvancedViewerWordDocument -->
  <testcase name="AdvancedViewerWordDocument" time="0.000" classname="SQL2022_DB.AdvancedViewer_Script">
    <skipped/>
  </testcase> <!-- AdvancedViewerWordDocument -->
  <testcase name="AdvancedViewerWordDocument" time="0.000" classname="SQL2022_DB.AdvancedViewer_Script">
    <skipped/>
  </testcase> <!-- AdvancedViewerWordDocument -->
  <testcase name="AdvancedViewerWordDocument" time="0.000" classname="SQL2022_DB.AdvancedViewer_Script">
    <skipped/>
  </testcase> <!-- AdvancedViewerWordDocument -->
  <testcase name="AdvancedViewerWordDocument" time="0.000" classname="SQL2022_DB.AdvancedViewer_Script">
    <skipped/>
  </testcase> <!-- AdvancedViewerWordDocument -->
  <testcase name="AdvancedViewerWordDocument" time="0.000" classname="SQL2022_DB.AdvancedViewer_Script">
    <skipped/>
  </testcase> <!-- AdvancedViewerWordDocument -->
  <testcase name="AdvancedViewerWordDocument" time="0.000" classname="SQL2022_DB.AdvancedViewer_Script">
    <skipped/>
  </testcase> <!-- AdvancedViewerWordDocument -->
  <testcase name="AdvancedViewerWordDocument" time="0.000" classname="SQL2022_DB.AdvancedViewer_Script">
    <skipped/>
  </testcase> <!-- AdvancedViewerWordDocument -->
  <testcase name="AdvancedViewerWordDocument" time="0.000" classname="SQL2022_DB.AdvancedViewer_Script">
    <skipped/>
  </testcase> <!-- AdvancedViewerWordDocument -->
  <testcase name="AdvancedViewerWordDocument" time="0.000" classname="SQL2022_DB.AdvancedViewer_Script">
    <skipped/>
  </testcase> <!-- AdvancedViewerWordDocument -->
  <testcase name="AdvancedViewerWordDocument" time="0.000" classname="SQL2022_DB.AdvancedViewer_Script">
    <skipped/>
  </testcase> <!-- AdvancedViewerWordDocument -->
  <testcase name="AdvancedViewerWordDocument" time="0.000" classname="SQL2022_DB.AdvancedViewer_Script">
    <skipped/>
  </testcase> <!-- AdvancedViewerWordDocument -->
  <testcase name="AdvancedViewerWordDocument" time="0.000" classname="SQL2022_DB.AdvancedViewer_Script">
    <skipped/>
  </testcase> <!-- AdvancedViewerWordDocument -->
  <testcase name="AdvancedViewerWordDocument" time="0.000" classname="SQL2022_DB.AdvancedViewer_Script">
    <skipped/>
  </testcase> <!-- AdvancedViewerWordDocument -->
  <testcase name="AdvancedViewerWordDocument" time="0.000" classname="SQL2022_DB.AdvancedViewer_Script">
    <skipped/>
  </testcase> <!-- AdvancedViewerWordDocument -->
  <testcase name="AdvancedViewerWordDocument" time="0.000" classname="SQL2022_DB.AdvancedViewer_Script">
    <skipped/>
  </testcase> <!-- AdvancedViewerWordDocument -->
  <testcase name="AdvancedViewerWordDocument" time="0.000" classname="SQL2022_DB.AdvancedViewer_Script">
    <skipped/>
  </testcase> <!-- AdvancedViewerWordDocument -->
  <testcase name="AdvancedViewerWordDocument" time="0.000" classname="SQL2022_DB.AdvancedViewer_Script">
    <skipped/>
  </testcase> <!-- AdvancedViewerWordDocument -->
  <testcase name="AdvancedViewerWordDocument" time="0.000" classname="SQL2022_DB.AdvancedViewer_Script">
    <skipped/>
  </testcase> <!-- AdvancedViewerWordDocument -->
  <testcase name="AdvancedViewerWordDocument" time="0.000" classname="SQL2022_DB.AdvancedViewer_Script">
    <skipped/>
  </testcase> <!-- AdvancedViewerWordDocument -->
  <testcase name="AdvancedViewerWordDocument" time="0.000" classname="SQL2022_DB.AdvancedViewer_Script">
    <skipped/>
  </testcase> <!-- AdvancedViewerWordDocument -->
  <testcase name="AdvancedViewerWordDocument" time="0.000" classname="SQL2022_DB.AdvancedViewer_Script">
    <skipped/>
  </testcase> <!-- AdvancedViewerWordDocument -->
  <testcase name="AdvancedViewerWordDocument" time="0.000" classname="SQL2022_DB.AdvancedViewer_Script">
    <skipped/>
  </testcase> <!-- AdvancedViewerWordDocument -->
  <testcase name="AdvancedViewerWordDocument" time="0.000" classname="SQL2022_DB.AdvancedViewer_Script">
    <skipped/>
  </testcase> <!-- AdvancedViewerWordDocument -->
  <testcase name="AdvancedViewerWordDocument" time="0.000" classname="SQL2022_DB.AdvancedViewer_Script">
    <skipped/>
  </testcase> <!-- AdvancedViewerWordDocument -->
  <testcase name="AdvancedViewerWordDocument" time="0.000" classname="SQL2022_DB.AdvancedViewer_Script">
    <skipped/>
  </testcase> <!-- AdvancedViewerWordDocument -->
  <testcase name="AdvancedViewerWordDocument" time="0.000" classname="SQL2022_DB.AdvancedViewer_Script">
    <skipped/>
  </testcase> <!-- AdvancedViewerWordDocument -->
  <testcase name="AdvancedViewerWordDocument" time="0.000" classname="SQL2022_DB.AdvancedViewer_Script">
    <skipped/>
  </testcase> <!-- AdvancedViewerWordDocument -->
  <testcase name="AdvancedViewerWordDocument" time="0.000" classname="SQL2022_DB.AdvancedViewer_Script">
    <skipped/>
  </testcase> <!-- AdvancedViewerWordDocument -->
  <testcase name="AdvancedViewerWordDocument" time="0.000" classname="SQL2022_DB.AdvancedViewer_Script">
    <skipped/>
  </testcase> <!-- AdvancedViewerWordDocument -->
  <testcase name="AdvancedViewerWordDocument" time="0.000" classname="SQL2022_DB.AdvancedViewer_Script">
    <skipped/>
  </testcase> <!-- AdvancedViewerWordDocument -->
  <testcase name="AdvancedViewerWordDocument" time="0.000" classname="SQL2022_DB.AdvancedViewer_Script">
    <skipped/>
  </testcase> <!-- AdvancedViewerWordDocument -->
  <testcase name="AdvancedViewerWordDocument" time="0.000" classname="SQL2022_DB.AdvancedViewer_Script">
    <skipped/>
  </testcase> <!-- AdvancedViewerWordDocument -->
  <testcase name="AdvancedViewerWordDocument" time="0.000" classname="SQL2022_DB.AdvancedViewer_Script">
    <skipped/>
  </testcase> <!-- AdvancedViewerWordDocument -->
  <testcase name="AdvancedViewerWordDocument" time="0.000" classname="SQL2022_DB.AdvancedViewer_Script">
    <skipped/>
  </testcase> <!-- AdvancedViewerWordDocument -->
  <testcase name="AdvancedViewerWordDocument" time="0.000" classname="SQL2022_DB.AdvancedViewer_Script">
    <skipped/>
  </testcase> <!-- AdvancedViewerWordDocument -->
  <testcase name="AdvancedViewerWordDocument" time="0.000" classname="SQL2022_DB.AdvancedViewer_Script">
    <skipped/>
  </testcase> <!-- AdvancedViewerWordDocument -->
  <testcase name="AdvancedViewerWordDocument" time="0.000" classname="SQL2022_DB.AdvancedViewer_Script">
    <skipped/>
  </testcase> <!-- AdvancedViewerWordDocument -->
  <testcase name="AdvancedViewerWordDocument" time="0.000" classname="SQL2022_DB.AdvancedViewer_Script">
    <skipped/>
  </testcase> <!-- AdvancedViewerWordDocument -->
  <testcase name="AdvancedViewerWordDocument" time="0.000" classname="SQL2022_DB.AdvancedViewer_Script">
    <skipped/>
  </testcase> <!-- AdvancedViewerWordDocument -->
  <testcase name="AdvancedViewerWordDocument" time="0.000" classname="SQL2022_DB.AdvancedViewer_Script">
    <skipped/>
  </testcase> <!-- AdvancedViewerWordDocument -->
  <testcase name="AdvancedViewerWordDocument" time="0.000" classname="SQL2022_DB.AdvancedViewer_Script">
    <skipped/>
  </testcase> <!-- AdvancedViewerWordDocument -->
  <testcase name="AdvancedViewerWordDocument" time="0.000" classname="SQL2022_DB.AdvancedViewer_Script">
    <skipped/>
  </testcase> <!-- AdvancedViewerWordDocument -->
  <testcase name="AdvancedViewerWordDocument" time="0.000" classname="SQL2022_DB.AdvancedViewer_Script">
    <skipped/>
  </testcase> <!-- AdvancedViewerWordDocument -->
  <testcase name="AdvancedViewerWordDocument" time="0.000" classname="SQL2022_DB.AdvancedViewer_Script">
    <skipped/>
  </testcase> <!-- AdvancedViewerWordDocument -->
  <testcase name="AdvancedViewerWordDocument" time="0.000" classname="SQL2022_DB.AdvancedViewer_Script">
    <skipped/>
  </testcase> <!-- AdvancedViewerWordDocument -->
  <testcase name="AdvancedViewerWordDocument" time="0.000" classname="SQL2022_DB.AdvancedViewer_Script">
    <skipped/>
  </testcase> <!-- AdvancedViewerWordDocument -->
  <testcase name="AdvancedViewerWordDocument" time="0.000" classname="SQL2022_DB.AdvancedViewer_Script">
    <skipped/>
  </testcase> <!-- AdvancedViewerWordDocument -->
  <testcase name="AdvancedViewerWordDocument" time="0.000" classname="SQL2022_DB.AdvancedViewer_Script">
    <skipped/>
  </testcase> <!-- AdvancedViewerWordDocument -->
  <testcase name="AdvancedViewerWordDocument" time="0.000" classname="SQL2022_DB.AdvancedViewer_Script">
    <skipped/>
  </testcase> <!-- AdvancedViewerWordDocument -->
  <testcase name="AdvancedViewerWordDocument" time="0.000" classname="SQL2022_DB.AdvancedViewer_Script">
    <skipped/>
  </testcase> <!-- AdvancedViewerWordDocument -->
  <testcase name="AdvancedViewerWordDocument" time="0.000" classname="SQL2022_DB.AdvancedViewer_Script">
    <skipped/>
  </testcase> <!-- AdvancedViewerWordDocument -->
  <testcase name="AdvancedViewerWordDocument" time="0.000" classname="SQL2022_DB.AdvancedViewer_Script">
    <skipped/>
  </testcase> <!-- AdvancedViewerWordDocument -->
  <testcase name="AdvancedViewerWordDocument" time="0.000" classname="SQL2022_DB.AdvancedViewer_Script">
    <skipped/>
  </testcase> <!-- AdvancedViewerWordDocument -->
  <testcase name="AdvancedViewerWordDocument" time="0.000" classname="SQL2022_DB.AdvancedViewer_Script">
    <skipped/>
  </testcase> <!-- AdvancedViewerWordDocument -->
  <testcase name="AdvancedViewerWordDocument" time="0.000" classname="SQL2022_DB.AdvancedViewer_Script">
    <skipped/>
  </testcase> <!-- AdvancedViewerWordDocument -->
  <testcase name="AdvancedViewerWordDocument" time="0.000" classname="SQL2022_DB.AdvancedViewer_Script">
    <skipped/>
  </testcase> <!-- AdvancedViewerWordDocument -->
  <testcase name="AdvancedViewerWordDocument" time="0.000" classname="SQL2022_DB.AdvancedViewer_Script">
    <skipped/>
  </testcase> <!-- AdvancedViewerWordDocument -->
  <testcase name="AdvancedViewerWordDocument" time="0.000" classname="SQL2022_DB.AdvancedViewer_Script">
    <skipped/>
  </testcase> <!-- AdvancedViewerWordDocument -->
  <testcase name="AdvancedViewerWordDocument" time="0.000" classname="SQL2022_DB.AdvancedViewer_Script">
    <skipped/>
  </testcase> <!-- AdvancedViewerWordDocument -->
  <testcase name="AdvancedViewerWordDocument" time="0.000" classname="SQL2022_DB.AdvancedViewer_Script">
    <skipped/>
  </testcase> <!-- AdvancedViewerWordDocument -->
  <testcase name="AdvancedViewerWordDocument" time="0.000" classname="SQL2022_DB.AdvancedViewer_Script">
    <skipped/>
  </testcase> <!-- AdvancedViewerWordDocument -->
  <testcase name="AdvancedViewerWordDocument" time="0.000" classname="SQL2022_DB.AdvancedViewer_Script">
    <skipped/>
  </testcase> <!-- AdvancedViewerWordDocument -->
  <testcase name="AdvancedViewerWordDocument" time="0.000" classname="SQL2022_DB.AdvancedViewer_Script">
    <skipped/>
  </testcase> <!-- AdvancedViewerWordDocument -->
  <testcase name="AdvancedViewerWordDocument" time="0.000" classname="SQL2022_DB.AdvancedViewer_Script">
    <skipped/>
  </testcase> <!-- AdvancedViewerWordDocument -->
  <testcase name="AdvancedViewerWordDocument" time="0.000" classname="SQL2022_DB.AdvancedViewer_Script">
    <skipped/>
  </testcase> <!-- AdvancedViewerWordDocument -->
  <testcase name="AdvancedViewerWordDocument" time="0.000" classname="SQL2022_DB.AdvancedViewer_Script">
    <skipped/>
  </testcase> <!-- AdvancedViewerWordDocument -->
  <testcase name="AdvancedViewerWordDocument" time="0.000" classname="SQL2022_DB.AdvancedViewer_Script">
    <skipped/>
  </testcase> <!-- AdvancedViewerWordDocument -->
  <testcase name="AdvancedViewerWordDocument" time="0.000" classname="SQL2022_DB.AdvancedViewer_Script">
    <skipped/>
  </testcase> <!-- AdvancedViewerWordDocument -->
  <testcase name="AdvancedViewerWordDocument" time="0.000" classname="SQL2022_DB.AdvancedViewer_Script">
    <skipped/>
  </testcase> <!-- AdvancedViewerWordDocument -->
  <testcase name="AdvancedViewerWordDocument" time="0.000" classname="SQL2022_DB.AdvancedViewer_Script">
    <skipped/>
  </testcase> <!-- AdvancedViewerWordDocument -->
  <testcase name="AdvancedViewerWordDocument" time="0.000" classname="SQL2022_DB.AdvancedViewer_Script">
    <skipped/>
  </testcase> <!-- AdvancedViewerWordDocument -->
  <testcase name="AdvancedViewerWordDocument" time="0.000" classname="SQL2022_DB.AdvancedViewer_Script">
    <skipped/>
  </testcase> <!-- AdvancedViewerWordDocument -->
  <testcase name="AdvancedViewerWordDocument" time="0.000" classname="SQL2022_DB.AdvancedViewer_Script">
    <skipped/>
  </testcase> <!-- AdvancedViewerWordDocument -->
  <testcase name="AdvancedViewerWordDocument" time="0.000" classname="SQL2022_DB.AdvancedViewer_Script">
    <skipped/>
  </testcase> <!-- AdvancedViewerWordDocument -->
  <testcase name="AdvancedViewerWordDocument" time="0.000" classname="SQL2022_DB.AdvancedViewer_Script">
    <skipped/>
  </testcase> <!-- AdvancedViewerWordDocument -->
  <testcase name="AdvancedViewerWordDocument" time="0.000" classname="SQL2022_DB.AdvancedViewer_Script">
    <skipped/>
  </testcase> <!-- AdvancedViewerWordDocument -->
  <testcase name="AdvancedViewerWordDocument" time="0.000" classname="SQL2022_DB.AdvancedViewer_Script">
    <skipped/>
  </testcase> <!-- AdvancedViewerWordDocument -->
  <testcase name="AdvancedViewerWordDocument" time="0.000" classname="SQL2022_DB.AdvancedViewer_Script">
    <skipped/>
  </testcase> <!-- AdvancedViewerWordDocument -->
  <testcase name="AdvancedViewerWordDocument" time="0.000" classname="SQL2022_DB.AdvancedViewer_Script">
    <skipped/>
  </testcase> <!-- AdvancedViewerWordDocument -->
  <testcase name="AdvancedViewerWordDocument" time="0.000" classname="SQL2022_DB.AdvancedViewer_Script">
    <skipped/>
  </testcase> <!-- AdvancedViewerWordDocument -->
  <testcase name="AdvancedViewerWordDocument" time="0.000" classname="SQL2022_DB.AdvancedViewer_Script">
    <skipped/>
  </testcase> <!-- AdvancedViewerWordDocument -->
  <testcase name="AdvancedViewerWordDocument" time="0.000" classname="SQL2022_DB.AdvancedViewer_Script">
    <skipped/>
  </testcase> <!-- AdvancedViewerWordDocument -->
  <testcase name="AdvancedViewerWordDocument" time="0.000" classname="SQL2022_DB.AdvancedViewer_Script">
    <skipped/>
  </testcase> <!-- AdvancedViewerWordDocument -->
  <testcase name="AdvancedViewerWordDocument" time="0.000" classname="SQL2022_DB.AdvancedViewer_Script">
    <skipped/>
  </testcase> <!-- AdvancedViewerWordDocument -->
  <testcase name="AdvancedViewerWordDocument" time="0.000" classname="SQL2022_DB.AdvancedViewer_Script">
    <skipped/>
  </testcase> <!-- AdvancedViewerWordDocument -->
  <testcase name="AdvancedViewerWordDocument" time="0.000" classname="SQL2022_DB.AdvancedViewer_Script">
    <skipped/>
  </testcase> <!-- AdvancedViewerWordDocument -->
  <testcase name="AdvancedViewerWordDocument" time="0.000" classname="SQL2022_DB.AdvancedViewer_Script">
    <skipped/>
  </testcase> <!-- AdvancedViewerWordDocument -->
  <testcase name="AdvancedViewerWordDocument" time="0.000" classname="SQL2022_DB.AdvancedViewer_Script">
    <skipped/>
  </testcase> <!-- AdvancedViewerWordDocument -->
  <testcase name="AdvancedViewerWordDocument" time="0.000" classname="SQL2022_DB.AdvancedViewer_Script">
    <skipped/>
  </testcase> <!-- AdvancedViewerWordDocument -->
  <testcase name="AdvancedViewerWordDocument" time="0.000" classname="SQL2022_DB.AdvancedViewer_Script">
    <skipped/>
  </testcase> <!-- AdvancedViewerWordDocument -->
  <testcase name="AdvancedViewerWordDocument" time="0.000" classname="SQL2022_DB.AdvancedViewer_Script">
    <skipped/>
  </testcase> <!-- AdvancedViewerWordDocument -->
  <testcase name="AdvancedViewerWordDocument" time="0.000" classname="SQL2022_DB.AdvancedViewer_Script">
    <skipped/>
  </testcase> <!-- AdvancedViewerWordDocument -->
  <testcase name="AdvancedViewerWordDocument" time="0.000" classname="SQL2022_DB.AdvancedViewer_Script">
    <skipped/>
  </testcase> <!-- AdvancedViewerWordDocument -->
  <testcase name="AdvancedViewerWordDocument" time="0.000" classname="SQL2022_DB.AdvancedViewer_Script">
    <skipped/>
  </testcase> <!-- AdvancedViewerWordDocument -->
  <testcase name="AdvancedViewerWordDocument" time="0.000" classname="SQL2022_DB.AdvancedViewer_Script">
    <skipped/>
  </testcase> <!-- AdvancedViewerWordDocument -->
  <testcase name="AdvancedViewerWordDocument" time="0.000" classname="SQL2022_DB.AdvancedViewer_Script">
    <skipped/>
  </testcase> <!-- AdvancedViewerWordDocument -->
  <testcase name="AdvancedViewerWordDocument" time="0.000" classname="SQL2022_DB.AdvancedViewer_Script">
    <skipped/>
  </testcase> <!-- AdvancedViewerWordDocument -->
  <testcase name="AdvancedViewerWordDocument" time="0.000" classname="SQL2022_DB.AdvancedViewer_Script">
    <skipped/>
  </testcase> <!-- AdvancedViewerWordDocument -->
  <testcase name="AdvancedViewerWordDocument" time="0.000" classname="SQL2022_DB.AdvancedViewer_Script">
    <skipped/>
  </testcase> <!-- AdvancedViewerWordDocument -->
  <testcase name="AdvancedViewerWordDocument" time="0.000" classname="SQL2022_DB.AdvancedViewer_Script">
    <skipped/>
  </testcase> <!-- AdvancedViewerWordDocument -->
  <testcase name="AdvancedViewerWordDocument" time="0.000" classname="SQL2022_DB.AdvancedViewer_Script">
    <skipped/>
  </testcase> <!-- AdvancedViewerWordDocument -->
  <testcase name="AdvancedViewerWordDocument" time="0.000" classname="SQL2022_DB.AdvancedViewer_Script">
    <skipped/>
  </testcase> <!-- AdvancedViewerWordDocument -->
  <testcase name="AdvancedViewerWordDocument" time="0.000" classname="SQL2022_DB.AdvancedViewer_Script">
    <skipped/>
  </testcase> <!-- AdvancedViewerWordDocument -->
  <testcase name="AdvancedViewerWordDocument" time="0.000" classname="SQL2022_DB.AdvancedViewer_Script">
    <skipped/>
  </testcase> <!-- AdvancedViewerWordDocument -->
  <testcase name="AdvancedViewerWordDocument" time="0.000" classname="SQL2022_DB.AdvancedViewer_Script">
    <skipped/>
  </testcase> <!-- AdvancedViewerWordDocument -->
  <testcase name="AdvancedViewerWordDocument" time="0.000" classname="SQL2022_DB.AdvancedViewer_Script">
    <skipped/>
  </testcase> <!-- AdvancedViewerWordDocument -->
  <testcase name="AdvancedViewerWordDocument" time="0.000" classname="SQL2022_DB.AdvancedViewer_Script">
    <skipped/>
  </testcase> <!-- AdvancedViewerWordDocument -->
  <testcase name="AdvancedViewerWordDocument" time="0.000" classname="SQL2022_DB.AdvancedViewer_Script">
    <skipped/>
  </testcase> <!-- AdvancedViewerWordDocument -->
  <testcase name="AdvancedViewerWordDocument" time="0.000" classname="SQL2022_DB.AdvancedViewer_Script">
    <skipped/>
  </testcase> <!-- AdvancedViewerWordDocument -->
  <testcase name="AdvancedViewerWordDocument" time="0.000" classname="SQL2022_DB.AdvancedViewer_Script">
    <skipped/>
  </testcase> <!-- AdvancedViewerWordDocument -->
  <testcase name="AdvancedViewerWordDocument" time="0.000" classname="SQL2022_DB.AdvancedViewer_Script">
    <skipped/>
  </testcase> <!-- AdvancedViewerWordDocument -->
  <testcase name="AdvancedViewerWordDocument" time="0.000" classname="SQL2022_DB.AdvancedViewer_Script">
    <skipped/>
  </testcase> <!-- AdvancedViewerWordDocument -->
  <testcase name="AdvancedViewerWordDocument" time="0.000" classname="SQL2022_DB.AdvancedViewer_Script">
    <skipped/>
  </testcase> <!-- AdvancedViewerWordDocument -->
  <testcase name="AdvancedViewerWordDocument" time="0.000" classname="SQL2022_DB.AdvancedViewer_Script">
    <skipped/>
  </testcase> <!-- AdvancedViewerWordDocument -->
  <testcase name="AdvancedViewerWordDocument" time="0.000" classname="SQL2022_DB.AdvancedViewer_Script">
    <skipped/>
  </testcase> <!-- AdvancedViewerWordDocument -->
  <testcase name="AdvancedViewerWordDocument" time="0.000" classname="SQL2022_DB.AdvancedViewer_Script">
    <skipped/>
  </testcase> <!-- AdvancedViewerWordDocument -->
  <testcase name="AdvancedViewerWordDocument" time="0.000" classname="SQL2022_DB.AdvancedViewer_Script">
    <skipped/>
  </testcase> <!-- AdvancedViewerWordDocument -->
  <testcase name="AdvancedViewerWordDocument" time="0.000" classname="SQL2022_DB.AdvancedViewer_Script">
    <skipped/>
  </testcase> <!-- AdvancedViewerWordDocument -->
  <testcase name="AdvancedViewerWordDocument" time="0.000" classname="SQL2022_DB.AdvancedViewer_Script">
    <skipped/>
  </testcase> <!-- AdvancedViewerWordDocument -->
  <testcase name="AdvancedViewerWordDocument" time="0.000" classname="SQL2022_DB.AdvancedViewer_Script">
    <skipped/>
  </testcase> <!-- AdvancedViewerWordDocument -->
  <testcase name="AdvancedViewerWordDocument" time="0.000" classname="SQL2022_DB.AdvancedViewer_Script">
    <skipped/>
  </testcase> <!-- AdvancedViewerWordDocument -->
  <testcase name="AdvancedViewerWordDocument" time="0.000" classname="SQL2022_DB.AdvancedViewer_Script">
    <skipped/>
  </testcase> <!-- AdvancedViewerWordDocument -->
  <testcase name="AdvancedViewerWordDocument" time="0.000" classname="SQL2022_DB.AdvancedViewer_Script">
    <skipped/>
  </testcase> <!-- AdvancedViewerWordDocument -->
  <testcase name="AdvancedViewerWordDocument" time="0.000" classname="SQL2022_DB.AdvancedViewer_Script">
    <skipped/>
  </testcase> <!-- AdvancedViewerWordDocument -->
  <testcase name="AdvancedViewerWordDocument" time="0.000" classname="SQL2022_DB.AdvancedViewer_Script">
    <skipped/>
  </testcase> <!-- AdvancedViewerWordDocument -->
  <testcase name="AdvancedViewerWordDocument" time="0.000" classname="SQL2022_DB.AdvancedViewer_Script">
    <skipped/>
  </testcase> <!-- AdvancedViewerWordDocument -->
  <testcase name="AdvancedViewerWordDocument" time="0.000" classname="SQL2022_DB.AdvancedViewer_Script">
    <skipped/>
  </testcase> <!-- AdvancedViewerWordDocument -->
  <testcase name="AdvancedViewerWordDocument" time="0.000" classname="SQL2022_DB.AdvancedViewer_Script">
    <skipped/>
  </testcase> <!-- AdvancedViewerWordDocument -->
  <testcase name="AdvancedViewerWordDocument" time="0.000" classname="SQL2022_DB.AdvancedViewer_Script">
    <skipped/>
  </testcase> <!-- AdvancedViewerWordDocument -->
  <testcase name="AdvancedViewerWordDocument" time="0.000" classname="SQL2022_DB.AdvancedViewer_Script">
    <skipped/>
  </testcase> <!-- AdvancedViewerWordDocument -->
  <testcase name="AdvancedViewerWordDocument" time="0.000" classname="SQL2022_DB.AdvancedViewer_Script">
    <skipped/>
  </testcase> <!-- AdvancedViewerWordDocument -->
  <testcase name="AdvancedViewerWordDocument" time="0.000" classname="SQL2022_DB.AdvancedViewer_Script">
    <skipped/>
  </testcase> <!-- AdvancedViewerWordDocument -->
  <testcase name="AdvancedViewerWordDocument" time="0.000" classname="SQL2022_DB.AdvancedViewer_Script">
    <skipped/>
  </testcase> <!-- AdvancedViewerWordDocument -->
  <testcase name="AdvancedViewerWordDocument" time="0.000" classname="SQL2022_DB.AdvancedViewer_Script">
    <skipped/>
  </testcase> <!-- AdvancedViewerWordDocument -->
  <testcase name="AdvancedViewerWordDocument" time="0.000" classname="SQL2022_DB.AdvancedViewer_Script">
    <skipped/>
  </testcase> <!-- AdvancedViewerWordDocument -->
  <testcase name="AdvancedViewerWordDocument" time="0.000" classname="SQL2022_DB.AdvancedViewer_Script">
    <skipped/>
  </testcase> <!-- AdvancedViewerWordDocument -->
  <testcase name="AdvancedViewerWordDocument" time="0.000" classname="SQL2022_DB.AdvancedViewer_Script">
    <skipped/>
  </testcase> <!-- AdvancedViewerWordDocument -->
  <testcase name="AdvancedViewerWordDocument" time="0.000" classname="SQL2022_DB.AdvancedViewer_Script">
    <skipped/>
  </testcase> <!-- AdvancedViewerWordDocument -->
  <testcase name="AdvancedViewerWordDocument" time="0.000" classname="SQL2022_DB.AdvancedViewer_Script">
    <skipped/>
  </testcase> <!-- AdvancedViewerWordDocument -->
  <testcase name="AdvancedViewerWordDocument" time="0.000" classname="SQL2022_DB.AdvancedViewer_Script">
    <skipped/>
  </testcase> <!-- AdvancedViewerWordDocument -->
  <testcase name="AdvancedViewerWordDocument" time="0.000" classname="SQL2022_DB.AdvancedViewer_Script">
    <skipped/>
  </testcase> <!-- AdvancedViewerWordDocument -->
  <testcase name="AdvancedViewerWordDocument" time="0.000" classname="SQL2022_DB.AdvancedViewer_Script">
    <skipped/>
  </testcase> <!-- AdvancedViewerWordDocument -->
  <testcase name="AdvancedViewerWordDocument" time="0.000" classname="SQL2022_DB.AdvancedViewer_Script">
    <skipped/>
  </testcase> <!-- AdvancedViewerWordDocument -->
  <testcase name="AdvancedViewerWordDocument" time="0.000" classname="SQL2022_DB.AdvancedViewer_Script">
    <skipped/>
  </testcase> <!-- AdvancedViewerWordDocument -->
  <testcase name="AdvancedViewerWordDocument" time="0.000" classname="SQL2022_DB.AdvancedViewer_Script">
    <skipped/>
  </testcase> <!-- AdvancedViewerWordDocument -->
  <testcase name="AdvancedViewerWordDocument" time="0.000" classname="SQL2022_DB.AdvancedViewer_Script">
    <skipped/>
  </testcase> <!-- AdvancedViewerWordDocument -->
  <testcase name="AdvancedViewerWordDocument" time="0.000" classname="SQL2022_DB.AdvancedViewer_Script">
    <skipped/>
  </testcase> <!-- AdvancedViewerWordDocument -->
  <testcase name="AdvancedViewerWordDocument" time="0.000" classname="SQL2022_DB.AdvancedViewer_Script">
    <skipped/>
  </testcase> <!-- AdvancedViewerWordDocument -->
  <testcase name="AdvancedViewerWordDocument" time="0.000" classname="SQL2022_DB.AdvancedViewer_Script">
    <skipped/>
  </testcase> <!-- AdvancedViewerWordDocument -->
  <testcase name="AdvancedViewerWordDocument" time="0.000" classname="SQL2022_DB.AdvancedViewer_Script">
    <skipped/>
  </testcase> <!-- AdvancedViewerWordDocument -->
  <testcase name="AdvancedViewerWordDocument" time="0.000" classname="SQL2022_DB.AdvancedViewer_Script">
    <skipped/>
  </testcase> <!-- AdvancedViewerWordDocument -->
  <testcase name="AdvancedViewerWordDocument" time="0.000" classname="SQL2022_DB.AdvancedViewer_Script">
    <skipped/>
  </testcase> <!-- AdvancedViewerWordDocument -->
  <testcase name="AdvancedViewerWordDocument" time="0.000" classname="SQL2022_DB.AdvancedViewer_Script">
    <skipped/>
  </testcase> <!-- AdvancedViewerWordDocument -->
  <testcase name="AdvancedViewerWordDocument" time="0.000" classname="SQL2022_DB.AdvancedViewer_Script">
    <skipped/>
  </testcase> <!-- AdvancedViewerWordDocument -->
  <testcase name="AdvancedViewerWordDocument" time="0.000" classname="SQL2022_DB.AdvancedViewer_Script">
    <skipped/>
  </testcase> <!-- AdvancedViewerWordDocument -->
  <testcase name="AdvancedViewerWordDocument" time="0.000" classname="SQL2022_DB.AdvancedViewer_Script">
    <skipped/>
  </testcase> <!-- AdvancedViewerWordDocument -->
  <testcase name="AdvancedViewerWordDocument" time="0.000" classname="SQL2022_DB.AdvancedViewer_Script">
    <skipped/>
  </testcase> <!-- AdvancedViewerWordDocument -->
  <testcase name="AdvancedViewerWordDocument" time="0.000" classname="SQL2022_DB.AdvancedViewer_Script">
    <skipped/>
  </testcase> <!-- AdvancedViewerWordDocument -->
  <testcase name="AdvancedViewerWordDocument" time="0.000" classname="SQL2022_DB.AdvancedViewer_Script">
    <skipped/>
  </testcase> <!-- AdvancedViewerWordDocument -->
  <testcase name="AdvancedViewerWordDocument" time="0.000" classname="SQL2022_DB.AdvancedViewer_Script">
    <skipped/>
  </testcase> <!-- AdvancedViewerWordDocument -->
  <testcase name="AdvancedViewerWordDocument" time="0.000" classname="SQL2022_DB.AdvancedViewer_Script">
    <skipped/>
  </testcase> <!-- AdvancedViewerWordDocument -->
  <testcase name="AdvancedViewerWordDocument" time="0.000" classname="SQL2022_DB.AdvancedViewer_Script">
    <skipped/>
  </testcase> <!-- AdvancedViewerWordDocument -->
  <testcase name="AdvancedViewerWordDocument" time="0.000" classname="SQL2022_DB.AdvancedViewer_Script">
    <skipped/>
  </testcase> <!-- AdvancedViewerWordDocument -->
  <testcase name="AdvancedViewerWordDocument" time="0.000" classname="SQL2022_DB.AdvancedViewer_Script">
    <skipped/>
  </testcase> <!-- AdvancedViewerWordDocument -->
  <testcase name="AdvancedViewerWordDocument" time="0.000" classname="SQL2022_DB.AdvancedViewer_Script">
    <skipped/>
  </testcase> <!-- AdvancedViewerWordDocument -->
  <testcase name="AdvancedViewerWordDocument" time="0.000" classname="SQL2022_DB.AdvancedViewer_Script">
    <skipped/>
  </testcase> <!-- AdvancedViewerWordDocument -->
  <testcase name="AdvancedViewerWordDocument" time="0.000" classname="SQL2022_DB.AdvancedViewer_Script">
    <skipped/>
  </testcase> <!-- AdvancedViewerWordDocument -->
  <testcase name="AdvancedViewerWordDocument" time="0.000" classname="SQL2022_DB.AdvancedViewer_Script">
    <skipped/>
  </testcase> <!-- AdvancedViewerWordDocument -->
  <testcase name="AdvancedViewerWordDocument" time="0.000" classname="SQL2022_DB.AdvancedViewer_Script">
    <skipped/>
  </testcase> <!-- AdvancedViewerWordDocument -->
  <testcase name="AdvancedViewerWordDocument" time="0.000" classname="SQL2022_DB.AdvancedViewer_Script">
    <skipped/>
  </testcase> <!-- AdvancedViewerWordDocument -->
  <testcase name="AdvancedViewerWordDocument" time="0.000" classname="SQL2022_DB.AdvancedViewer_Script">
    <skipped/>
  </testcase> <!-- AdvancedViewerWordDocument -->
  <testcase name="AdvancedViewerWordDocument" time="0.000" classname="SQL2022_DB.AdvancedViewer_Script">
    <skipped/>
  </testcase> <!-- AdvancedViewerWordDocument -->
  <testcase name="AdvancedViewerWordDocument" time="0.000" classname="SQL2022_DB.AdvancedViewer_Script">
    <skipped/>
  </testcase> <!-- AdvancedViewerWordDocument -->
  <testcase name="AdvancedViewerWordDocument" time="0.000" classname="SQL2022_DB.AdvancedViewer_Script">
    <skipped/>
  </testcase> <!-- AdvancedViewerWordDocument -->
  <testcase name="AdvancedViewerWordDocument" time="0.000" classname="SQL2022_DB.AdvancedViewer_Script">
    <skipped/>
  </testcase> <!-- AdvancedViewerWordDocument -->
  <testcase name="AdvancedViewerWordDocument" time="0.000" classname="SQL2022_DB.AdvancedViewer_Script">
    <skipped/>
  </testcase> <!-- AdvancedViewerWordDocument -->
  <testcase name="AdvancedViewerWordDocument" time="0.000" classname="SQL2022_DB.AdvancedViewer_Script">
    <skipped/>
  </testcase> <!-- AdvancedViewerWordDocument -->
  <testcase name="AdvancedViewerWordDocument" time="0.000" classname="SQL2022_DB.AdvancedViewer_Script">
    <skipped/>
  </testcase> <!-- AdvancedViewerWordDocument -->
  <testcase name="AdvancedViewerWordDocument" time="0.000" classname="SQL2022_DB.AdvancedViewer_Script">
    <skipped/>
  </testcase> <!-- AdvancedViewerWordDocument -->
  <testcase name="AdvancedViewerWordDocument" time="0.000" classname="SQL2022_DB.AdvancedViewer_Script">
    <skipped/>
  </testcase> <!-- AdvancedViewerWordDocument -->
  <testcase name="AdvancedViewerWordDocument" time="0.000" classname="SQL2022_DB.AdvancedViewer_Script">
    <skipped/>
  </testcase> <!-- AdvancedViewerWordDocument -->
  <testcase name="AdvancedViewerWordDocument" time="0.000" classname="SQL2022_DB.AdvancedViewer_Script">
    <skipped/>
  </testcase> <!-- AdvancedViewerWordDocument -->
  <testcase name="AdvancedViewerWordDocument" time="0.000" classname="SQL2022_DB.AdvancedViewer_Script">
    <skipped/>
  </testcase> <!-- AdvancedViewerWordDocument -->
  <testcase name="AdvancedViewerWordDocument" time="0.000" classname="SQL2022_DB.AdvancedViewer_Script">
    <skipped/>
  </testcase> <!-- AdvancedViewerWordDocument -->
  <testcase name="AdvancedViewerWordDocument" time="0.000" classname="SQL2022_DB.AdvancedViewer_Script">
    <skipped/>
  </testcase> <!-- AdvancedViewerWordDocument -->
  <testcase name="AdvancedViewerWordDocument" time="0.000" classname="SQL2022_DB.AdvancedViewer_Script">
    <skipped/>
  </testcase> <!-- AdvancedViewerWordDocument -->
  <testcase name="AdvancedViewerWordDocument" time="0.000" classname="SQL2022_DB.AdvancedViewer_Script">
    <skipped/>
  </testcase> <!-- AdvancedViewerWordDocument -->
  <testcase name="AdvancedViewerWordDocument" time="0.000" classname="SQL2022_DB.AdvancedViewer_Script">
    <skipped/>
  </testcase> <!-- AdvancedViewerWordDocument -->
  <testcase name="AdvancedViewerWordDocument" time="0.000" classname="SQL2022_DB.AdvancedViewer_Script">
    <skipped/>
  </testcase> <!-- AdvancedViewerWordDocument -->
  <testcase name="AdvancedViewerWordDocument" time="0.000" classname="SQL2022_DB.AdvancedViewer_Script">
    <skipped/>
  </testcase> <!-- AdvancedViewerWordDocument -->
  <testcase name="AdvancedViewerWordDocument" time="0.000" classname="SQL2022_DB.AdvancedViewer_Script">
    <skipped/>
  </testcase> <!-- AdvancedViewerWordDocument -->
  <testcase name="AdvancedViewerWordDocument" time="0.000" classname="SQL2022_DB.AdvancedViewer_Script">
    <skipped/>
  </testcase> <!-- AdvancedViewerWordDocument -->
  <testcase name="AdvancedViewerWordDocument" time="0.000" classname="SQL2022_DB.AdvancedViewer_Script">
    <skipped/>
  </testcase> <!-- AdvancedViewerWordDocument -->
  <testcase name="AdvancedViewerWordDocument" time="0.000" classname="SQL2022_DB.AdvancedViewer_Script">
    <skipped/>
  </testcase> <!-- AdvancedViewerWordDocument -->
  <testcase name="AdvancedViewerWordDocument" time="0.000" classname="SQL2022_DB.AdvancedViewer_Script">
    <skipped/>
  </testcase> <!-- AdvancedViewerWordDocument -->
  <testcase name="AdvancedViewerWordDocument" time="0.000" classname="SQL2022_DB.AdvancedViewer_Script">
    <skipped/>
  </testcase> <!-- AdvancedViewerWordDocument -->
  <testcase name="AdvancedViewerWordDocument" time="0.000" classname="SQL2022_DB.AdvancedViewer_Script">
    <skipped/>
  </testcase> <!-- AdvancedViewerWordDocument -->
  <testcase name="AdvancedViewerWordDocument" time="0.000" classname="SQL2022_DB.AdvancedViewer_Script">
    <skipped/>
  </testcase> <!-- AdvancedViewerWordDocument -->
  <testcase name="AdvancedViewerWordDocument" time="0.000" classname="SQL2022_DB.AdvancedViewer_Script">
    <skipped/>
  </testcase> <!-- AdvancedViewerWordDocument -->
  <testcase name="AdvancedViewerWordDocument" time="0.000" classname="SQL2022_DB.AdvancedViewer_Script">
    <skipped/>
  </testcase> <!-- AdvancedViewerWordDocument -->
  <testcase name="AdvancedViewerWordDocument" time="0.000" classname="SQL2022_DB.AdvancedViewer_Script">
    <skipped/>
  </testcase> <!-- AdvancedViewerWordDocument -->
  <testcase name="AdvancedViewerWordDocument" time="0.000" classname="SQL2022_DB.AdvancedViewer_Script">
    <skipped/>
  </testcase> <!-- AdvancedViewerWordDocument -->
  <testcase name="AdvancedViewerWordDocument" time="0.000" classname="SQL2022_DB.AdvancedViewer_Script">
    <skipped/>
  </testcase> <!-- AdvancedViewerWordDocument -->
  <testcase name="AdvancedViewerWordDocument" time="0.000" classname="SQL2022_DB.AdvancedViewer_Script">
    <skipped/>
  </testcase> <!-- AdvancedViewerWordDocument -->
  <testcase name="AdvancedViewerWordDocument" time="0.000" classname="SQL2022_DB.AdvancedViewer_Script">
    <skipped/>
  </testcase> <!-- AdvancedViewerWordDocument -->
  <testcase name="AdvancedViewerWordDocument" time="0.000" classname="SQL2022_DB.AdvancedViewer_Script">
    <skipped/>
  </testcase> <!-- AdvancedViewerWordDocument -->
  <testcase name="AdvancedViewerWordDocument" time="0.000" classname="SQL2022_DB.AdvancedViewer_Script">
    <skipped/>
  </testcase> <!-- AdvancedViewerWordDocument -->
  <testcase name="AdvancedViewerWordDocument" time="0.000" classname="SQL2022_DB.AdvancedViewer_Script">
    <skipped/>
  </testcase> <!-- AdvancedViewerWordDocument -->
  <testcase name="AdvancedViewerWordDocument" time="0.000" classname="SQL2022_DB.AdvancedViewer_Script">
    <skipped/>
  </testcase> <!-- AdvancedViewerWordDocument -->
  <testcase name="AdvancedViewerWordDocument" time="0.000" classname="SQL2022_DB.AdvancedViewer_Script">
    <skipped/>
  </testcase> <!-- AdvancedViewerWordDocument -->
  <testcase name="AdvancedViewerWordDocument" time="0.000" classname="SQL2022_DB.AdvancedViewer_Script">
    <skipped/>
  </testcase> <!-- AdvancedViewerWordDocument -->
  <testcase name="AdvancedViewerWordDocument" time="0.000" classname="SQL2022_DB.AdvancedViewer_Script">
    <skipped/>
  </testcase> <!-- AdvancedViewerWordDocument -->
  <testcase name="AdvancedViewerWordDocument" time="0.000" classname="SQL2022_DB.AdvancedViewer_Script">
    <skipped/>
  </testcase> <!-- AdvancedViewerWordDocument -->
  <testcase name="AdvancedViewerWordDocument" time="0.000" classname="SQL2022_DB.AdvancedViewer_Script">
    <skipped/>
  </testcase> <!-- AdvancedViewerWordDocument -->
  <testcase name="AdvancedViewerWordDocument" time="0.000" classname="SQL2022_DB.AdvancedViewer_Script">
    <skipped/>
  </testcase> <!-- AdvancedViewerWordDocument -->
  <testcase name="AdvancedViewerWordDocument" time="0.000" classname="SQL2022_DB.AdvancedViewer_Script">
    <skipped/>
  </testcase> <!-- AdvancedViewerWordDocument -->
  <testcase name="AdvancedViewerWordDocument" time="0.000" classname="SQL2022_DB.AdvancedViewer_Script">
    <skipped/>
  </testcase> <!-- AdvancedViewerWordDocument -->
  <testcase name="AdvancedViewerWordDocument" time="0.000" classname="SQL2022_DB.AdvancedViewer_Script">
    <skipped/>
  </testcase> <!-- AdvancedViewerWordDocument -->
  <testcase name="AdvancedViewerWordDocument" time="0.000" classname="SQL2022_DB.AdvancedViewer_Script">
    <skipped/>
  </testcase> <!-- AdvancedViewerWordDocument -->
  <testcase name="AdvancedViewerWordDocument" time="0.000" classname="SQL2022_DB.AdvancedViewer_Script">
    <skipped/>
  </testcase> <!-- AdvancedViewerWordDocument -->
  <testcase name="AdvancedViewerWordDocument" time="0.000" classname="SQL2022_DB.AdvancedViewer_Script">
    <skipped/>
  </testcase> <!-- AdvancedViewerWordDocument -->
  <testcase name="AdvancedViewerWordDocument" time="0.000" classname="SQL2022_DB.AdvancedViewer_Script">
    <skipped/>
  </testcase> <!-- AdvancedViewerWordDocument -->
  <testcase name="AdvancedViewerWordDocument" time="0.000" classname="SQL2022_DB.AdvancedViewer_Script">
    <skipped/>
  </testcase> <!-- AdvancedViewerWordDocument -->
  <testcase name="AdvancedViewerWordDocument" time="0.000" classname="SQL2022_DB.AdvancedViewer_Script">
    <skipped/>
  </testcase> <!-- AdvancedViewerWordDocument -->
  <testcase name="AdvancedViewerWordDocument" time="0.000" classname="SQL2022_DB.AdvancedViewer_Script">
    <skipped/>
  </testcase> <!-- AdvancedViewerWordDocument -->
  <testcase name="AdvancedViewerWordDocument" time="0.000" classname="SQL2022_DB.AdvancedViewer_Script">
    <skipped/>
  </testcase> <!-- AdvancedViewerWordDocument -->
  <testcase name="AdvancedViewerWordDocument" time="0.000" classname="SQL2022_DB.AdvancedViewer_Script">
    <skipped/>
  </testcase> <!-- AdvancedViewerWordDocument -->
  <testcase name="AdvancedViewerWordDocument" time="0.000" classname="SQL2022_DB.AdvancedViewer_Script">
    <skipped/>
  </testcase> <!-- AdvancedViewerWordDocument -->
  <testcase name="AdvancedViewerWordDocument" time="0.000" classname="SQL2022_DB.AdvancedViewer_Script">
    <skipped/>
  </testcase> <!-- AdvancedViewerWordDocument -->
  <testcase name="AdvancedViewerWordDocument" time="0.000" classname="SQL2022_DB.AdvancedViewer_Script">
    <skipped/>
  </testcase> <!-- AdvancedViewerWordDocument -->
  <testcase name="AdvancedViewerWordDocument" time="0.000" classname="SQL2022_DB.AdvancedViewer_Script">
    <skipped/>
  </testcase> <!-- AdvancedViewerWordDocument -->
  <testcase name="AdvancedViewerWordDocument" time="0.000" classname="SQL2022_DB.AdvancedViewer_Script">
    <skipped/>
  </testcase> <!-- AdvancedViewerWordDocument -->
  <testcase name="AdvancedViewerWordDocument" time="0.000" classname="SQL2022_DB.AdvancedViewer_Script">
    <skipped/>
  </testcase> <!-- AdvancedViewerWordDocument -->
  <testcase name="AdvancedViewerWordDocument" time="0.000" classname="SQL2022_DB.AdvancedViewer_Script">
    <skipped/>
  </testcase> <!-- AdvancedViewerWordDocument -->
  <testcase name="AdvancedViewerWordDocument" time="0.000" classname="SQL2022_DB.AdvancedViewer_Script">
    <skipped/>
  </testcase> <!-- AdvancedViewerWordDocument -->
  <testcase name="AdvancedViewerWordDocument" time="0.000" classname="SQL2022_DB.AdvancedViewer_Script">
    <skipped/>
  </testcase> <!-- AdvancedViewerWordDocument -->
  <testcase name="AdvancedViewerWordDocument" time="0.000" classname="SQL2022_DB.AdvancedViewer_Script">
    <skipped/>
  </testcase> <!-- AdvancedViewerWordDocument -->
  <testcase name="AdvancedViewerWordDocument" time="0.000" classname="SQL2022_DB.AdvancedViewer_Script">
    <skipped/>
  </testcase> <!-- AdvancedViewerWordDocument -->
  <testcase name="AdvancedViewerWordDocument" time="0.000" classname="SQL2022_DB.AdvancedViewer_Script">
    <skipped/>
  </testcase> <!-- AdvancedViewerWordDocument -->
  <testcase name="AdvancedViewerWordDocument" time="0.000" classname="SQL2022_DB.AdvancedViewer_Script">
    <skipped/>
  </testcase> <!-- AdvancedViewerWordDocument -->
  <testcase name="AdvancedViewerWordDocument" time="0.000" classname="SQL2022_DB.AdvancedViewer_Script">
    <skipped/>
  </testcase> <!-- AdvancedViewerWordDocument -->
  <testcase name="AdvancedViewerWordDocument" time="0.000" classname="SQL2022_DB.AdvancedViewer_Script">
    <skipped/>
  </testcase> <!-- AdvancedViewerWordDocument -->
  <testcase name="AdvancedViewerWordDocument" time="0.000" classname="SQL2022_DB.AdvancedViewer_Script">
    <skipped/>
  </testcase> <!-- AdvancedViewerWordDocument -->
  <testcase name="AdvancedViewerWordDocument" time="0.000" classname="SQL2022_DB.AdvancedViewer_Script">
    <skipped/>
  </testcase> <!-- AdvancedViewerWordDocument -->
  <testcase name="AdvancedViewerWordDocument" time="0.000" classname="SQL2022_DB.AdvancedViewer_Script">
    <skipped/>
  </testcase> <!-- AdvancedViewerWordDocument -->
  <testcase name="AdvancedViewerWordDocument" time="0.000" classname="SQL2022_DB.AdvancedViewer_Script">
    <skipped/>
  </testcase> <!-- AdvancedViewerWordDocument -->
  <testcase name="AdvancedViewerWordDocument" time="0.000" classname="SQL2022_DB.AdvancedViewer_Script">
    <skipped/>
  </testcase> <!-- AdvancedViewerWordDocument -->
  <testcase name="AdvancedViewerWordDocument" time="0.000" classname="SQL2022_DB.AdvancedViewer_Script">
    <skipped/>
  </testcase> <!-- AdvancedViewerWordDocument -->
  <testcase name="AdvancedViewerWordDocument" time="0.000" classname="SQL2022_DB.AdvancedViewer_Script">
    <skipped/>
  </testcase> <!-- AdvancedViewerWordDocument -->
  <testcase name="AdvancedViewerWordDocument" time="0.000" classname="SQL2022_DB.AdvancedViewer_Script">
    <skipped/>
  </testcase> <!-- AdvancedViewerWordDocument -->
  <testcase name="AdvancedViewerWordDocument" time="0.000" classname="SQL2022_DB.AdvancedViewer_Script">
    <skipped/>
  </testcase> <!-- AdvancedViewerWordDocument -->
  <testcase name="AdvancedViewerWordDocument" time="0.000" classname="SQL2022_DB.AdvancedViewer_Script">
    <skipped/>
  </testcase> <!-- AdvancedViewerWordDocument -->
  <testcase name="AdvancedViewerWordDocument" time="0.000" classname="SQL2022_DB.AdvancedViewer_Script">
    <skipped/>
  </testcase> <!-- AdvancedViewerWordDocument -->
  <testcase name="AdvancedViewerWordDocument" time="0.000" classname="SQL2022_DB.AdvancedViewer_Script">
    <skipped/>
  </testcase> <!-- AdvancedViewerWordDocument -->
  <testcase name="AdvancedViewerWordDocument" time="0.000" classname="SQL2022_DB.AdvancedViewer_Script">
    <skipped/>
  </testcase> <!-- AdvancedViewerWordDocument -->
  <testcase name="AdvancedViewerWordDocument" time="0.000" classname="SQL2022_DB.AdvancedViewer_Script">
    <skipped/>
  </testcase> <!-- AdvancedViewerWordDocument -->
  <testcase name="AdvancedViewerWordDocument" time="0.000" classname="SQL2022_DB.AdvancedViewer_Script">
    <skipped/>
  </testcase> <!-- AdvancedViewerWordDocument -->
  <testcase name="AdvancedViewerWordDocument" time="0.000" classname="SQL2022_DB.AdvancedViewer_Script">
    <skipped/>
  </testcase> <!-- AdvancedViewerWordDocument -->
  <testcase name="AdvancedViewerWordDocument" time="0.000" classname="SQL2022_DB.AdvancedViewer_Script">
    <skipped/>
  </testcase> <!-- AdvancedViewerWordDocument -->
  <testcase name="AdvancedViewerWordDocument" time="0.000" classname="SQL2022_DB.AdvancedViewer_Script">
    <skipped/>
  </testcase> <!-- AdvancedViewerWordDocument -->
  <testcase name="AdvancedViewerWordDocument" time="0.000" classname="SQL2022_DB.AdvancedViewer_Script">
    <skipped/>
  </testcase> <!-- AdvancedViewerWordDocument -->
  <testcase name="AdvancedViewerWordDocument" time="0.000" classname="SQL2022_DB.AdvancedViewer_Script">
    <skipped/>
  </testcase> <!-- AdvancedViewerWordDocument -->
  <testcase name="AdvancedViewerWordDocument" time="0.000" classname="SQL2022_DB.AdvancedViewer_Script">
    <skipped/>
  </testcase> <!-- AdvancedViewerWordDocument -->
  <testcase name="AdvancedViewerWordDocument" time="0.000" classname="SQL2022_DB.AdvancedViewer_Script">
    <skipped/>
  </testcase> <!-- AdvancedViewerWordDocument -->
  <testcase name="AdvancedViewerWordDocument" time="0.000" classname="SQL2022_DB.AdvancedViewer_Script">
    <skipped/>
  </testcase> <!-- AdvancedViewerWordDocument -->
  <testcase name="AdvancedViewerWordDocument" time="0.000" classname="SQL2022_DB.AdvancedViewer_Script">
    <skipped/>
  </testcase> <!-- AdvancedViewerWordDocument -->
  <testcase name="AdvancedViewerWordDocument" time="0.000" classname="SQL2022_DB.AdvancedViewer_Script">
    <skipped/>
  </testcase> <!-- AdvancedViewerWordDocument -->
  <testcase name="AdvancedViewerWordDocument" time="0.000" classname="SQL2022_DB.AdvancedViewer_Script">
    <skipped/>
  </testcase> <!-- AdvancedViewerWordDocument -->
  <testcase name="AdvancedViewerWordDocument" time="0.000" classname="SQL2022_DB.AdvancedViewer_Script">
    <skipped/>
  </testcase> <!-- AdvancedViewerWordDocument -->
  <testcase name="AdvancedViewerWordDocument" time="0.000" classname="SQL2022_DB.AdvancedViewer_Script">
    <skipped/>
  </testcase> <!-- AdvancedViewerWordDocument -->
  <testcase name="AdvancedViewerWordDocument" time="0.000" classname="SQL2022_DB.AdvancedViewer_Script">
    <skipped/>
  </testcase> <!-- AdvancedViewerWordDocument -->
  <testcase name="AdvancedViewerWordDocument" time="0.000" classname="SQL2022_DB.AdvancedViewer_Script">
    <skipped/>
  </testcase> <!-- AdvancedViewerWordDocument -->
  <testcase name="AdvancedViewerWordDocument" time="0.000" classname="SQL2022_DB.AdvancedViewer_Script">
    <skipped/>
  </testcase> <!-- AdvancedViewerWordDocument -->
  <testcase name="AdvancedViewerWordDocument" time="0.000" classname="SQL2022_DB.AdvancedViewer_Script">
    <skipped/>
  </testcase> <!-- AdvancedViewerWordDocument -->
  <testcase name="AdvancedViewerWordDocument" time="0.000" classname="SQL2022_DB.AdvancedViewer_Script">
    <skipped/>
  </testcase> <!-- AdvancedViewerWordDocument -->
  <testcase name="AdvancedViewerWordDocument" time="0.000" classname="SQL2022_DB.AdvancedViewer_Script">
    <skipped/>
  </testcase> <!-- AdvancedViewerWordDocument -->
  <testcase name="AdvancedViewerWordDocument" time="0.000" classname="SQL2022_DB.AdvancedViewer_Script">
    <skipped/>
  </testcase> <!-- AdvancedViewerWordDocument -->
  <testcase name="AdvancedViewerWordDocument" time="0.000" classname="SQL2022_DB.AdvancedViewer_Script">
    <skipped/>
  </testcase> <!-- AdvancedViewerWordDocument -->
  <testcase name="AdvancedViewerWordDocument" time="0.000" classname="SQL2022_DB.AdvancedViewer_Script">
    <skipped/>
  </testcase> <!-- AdvancedViewerWordDocument -->
  <testcase name="AdvancedViewerWordDocument" time="0.000" classname="SQL2022_DB.AdvancedViewer_Script">
    <skipped/>
  </testcase> <!-- AdvancedViewerWordDocument -->
  <testcase name="AdvancedViewerWordDocument" time="0.000" classname="SQL2022_DB.AdvancedViewer_Script">
    <skipped/>
  </testcase> <!-- AdvancedViewerWordDocument -->
  <testcase name="AdvancedViewerWordDocument" time="0.000" classname="SQL2022_DB.AdvancedViewer_Script">
    <skipped/>
  </testcase> <!-- AdvancedViewerWordDocument -->
  <testcase name="AdvancedViewerWordDocument" time="0.000" classname="SQL2022_DB.AdvancedViewer_Script">
    <skipped/>
  </testcase> <!-- AdvancedViewerWordDocument -->
  <testcase name="AdvancedViewerWordDocument" time="0.000" classname="SQL2022_DB.AdvancedViewer_Script">
    <skipped/>
  </testcase> <!-- AdvancedViewerWordDocument -->
  <testcase name="AdvancedViewerWordDocument" time="0.000" classname="SQL2022_DB.AdvancedViewer_Script">
    <skipped/>
  </testcase> <!-- AdvancedViewerWordDocument -->
  <testcase name="AdvancedViewerWordDocument" time="0.000" classname="SQL2022_DB.AdvancedViewer_Script">
    <skipped/>
  </testcase> <!-- AdvancedViewerWordDocument -->
  <testcase name="AdvancedViewerWordDocument" time="0.000" classname="SQL2022_DB.AdvancedViewer_Script">
    <skipped/>
  </testcase> <!-- AdvancedViewerWordDocument -->
  <testcase name="AdvancedViewerWordDocument" time="0.000" classname="SQL2022_DB.AdvancedViewer_Script">
    <skipped/>
  </testcase> <!-- AdvancedViewerWordDocument -->
  <testcase name="AdvancedViewerWordDocument" time="0.000" classname="SQL2022_DB.AdvancedViewer_Script">
    <skipped/>
  </testcase> <!-- AdvancedViewerWordDocument -->
  <testcase name="AdvancedViewerWordDocument" time="0.000" classname="SQL2022_DB.AdvancedViewer_Script">
    <skipped/>
  </testcase> <!-- AdvancedViewerWordDocument -->
  <testcase name="AdvancedViewerWordDocument" time="0.000" classname="SQL2022_DB.AdvancedViewer_Script">
    <skipped/>
  </testcase> <!-- AdvancedViewerWordDocument -->
  <testcase name="AdvancedViewerWordDocument" time="0.000" classname="SQL2022_DB.AdvancedViewer_Script">
    <skipped/>
  </testcase> <!-- AdvancedViewerWordDocument -->
  <testcase name="AdvancedViewerWordDocument" time="0.000" classname="SQL2022_DB.AdvancedViewer_Script">
    <skipped/>
  </testcase> <!-- AdvancedViewerWordDocument -->
  <testcase name="AdvancedViewerWordDocument" time="0.000" classname="SQL2022_DB.AdvancedViewer_Script">
    <skipped/>
  </testcase> <!-- AdvancedViewerWordDocument -->
  <testcase name="AdvancedViewerWordDocument" time="0.000" classname="SQL2022_DB.AdvancedViewer_Script">
    <skipped/>
  </testcase> <!-- AdvancedViewerWordDocument -->
  <testcase name="AdvancedViewerWordDocument" time="0.000" classname="SQL2022_DB.AdvancedViewer_Script">
    <skipped/>
  </testcase> <!-- AdvancedViewerWordDocument -->
  <testcase name="AdvancedViewerWordDocument" time="0.000" classname="SQL2022_DB.AdvancedViewer_Script">
    <skipped/>
  </testcase> <!-- AdvancedViewerWordDocument -->
  <testcase name="AdvancedViewerWordDocument" time="0.000" classname="SQL2022_DB.AdvancedViewer_Script">
    <skipped/>
  </testcase> <!-- AdvancedViewerWordDocument -->
  <testcase name="AdvancedViewerWordDocument" time="0.000" classname="SQL2022_DB.AdvancedViewer_Script">
    <skipped/>
  </testcase> <!-- AdvancedViewerWordDocument -->
  <testcase name="AdvancedViewerWordDocument" time="0.000" classname="SQL2022_DB.AdvancedViewer_Script">
    <skipped/>
  </testcase> <!-- AdvancedViewerWordDocument -->
  <testcase name="AdvancedViewerWordDocument" time="0.000" classname="SQL2022_DB.AdvancedViewer_Script">
    <skipped/>
  </testcase> <!-- AdvancedViewerWordDocument -->
  <testcase name="AdvancedViewerWordDocument" time="0.000" classname="SQL2022_DB.AdvancedViewer_Script">
    <skipped/>
  </testcase> <!-- AdvancedViewerWordDocument -->
  <testcase name="AdvancedViewerWordDocument" time="0.000" classname="SQL2022_DB.AdvancedViewer_Script">
    <skipped/>
  </testcase> <!-- AdvancedViewerWordDocument -->
  <testcase name="AdvancedViewerWordDocument" time="0.000" classname="SQL2022_DB.AdvancedViewer_Script">
    <skipped/>
  </testcase> <!-- AdvancedViewerWordDocument -->
  <testcase name="AdvancedViewerWordDocument" time="0.000" classname="SQL2022_DB.AdvancedViewer_Script">
    <skipped/>
  </testcase> <!-- AdvancedViewerWordDocument -->
  <testcase name="AdvancedViewerWordDocument" time="0.000" classname="SQL2022_DB.AdvancedViewer_Script">
    <skipped/>
  </testcase> <!-- AdvancedViewerWordDocument -->
  <testcase name="AdvancedViewerWordDocument" time="0.000" classname="SQL2022_DB.AdvancedViewer_Script">
    <skipped/>
  </testcase> <!-- AdvancedViewerWordDocument -->
  <testcase name="AdvancedViewerWordDocument" time="0.000" classname="SQL2022_DB.AdvancedViewer_Script">
    <skipped/>
  </testcase> <!-- AdvancedViewerWordDocument -->
  <testcase name="AdvancedViewerWordDocument" time="0.000" classname="SQL2022_DB.AdvancedViewer_Script">
    <skipped/>
  </testcase> <!-- AdvancedViewerWordDocument -->
  <testcase name="AdvancedViewerWordDocument" time="0.000" classname="SQL2022_DB.AdvancedViewer_Script">
    <skipped/>
  </testcase> <!-- AdvancedViewerWordDocument -->
  <testcase name="AdvancedViewerWordDocument" time="0.000" classname="SQL2022_DB.AdvancedViewer_Script">
    <skipped/>
  </testcase> <!-- AdvancedViewerWordDocument -->
  <testcase name="AdvancedViewerWordDocument" time="0.000" classname="SQL2022_DB.AdvancedViewer_Script">
    <skipped/>
  </testcase> <!-- AdvancedViewerWordDocument -->
  <testcase name="AdvancedViewerWordDocument" time="0.000" classname="SQL2022_DB.AdvancedViewer_Script">
    <skipped/>
  </testcase> <!-- AdvancedViewerWordDocument -->
  <testcase name="AdvancedViewerWordDocument" time="0.000" classname="SQL2022_DB.AdvancedViewer_Script">
    <skipped/>
  </testcase> <!-- AdvancedViewerWordDocument -->
  <testcase name="AdvancedViewerWordDocument" time="0.000" classname="SQL2022_DB.AdvancedViewer_Script">
    <skipped/>
  </testcase> <!-- AdvancedViewerWordDocument -->
  <testcase name="AdvancedViewerWordDocument" time="0.000" classname="SQL2022_DB.AdvancedViewer_Script">
    <skipped/>
  </testcase> <!-- AdvancedViewerWordDocument -->
  <testcase name="AdvancedViewerWordDocument" time="0.000" classname="SQL2022_DB.AdvancedViewer_Script">
    <skipped/>
  </testcase> <!-- AdvancedViewerWordDocument -->
  <testcase name="AdvancedViewerWordDocument" time="0.000" classname="SQL2022_DB.AdvancedViewer_Script">
    <skipped/>
  </testcase> <!-- AdvancedViewerWordDocument -->
  <testcase name="AdvancedViewerWordDocument" time="0.000" classname="SQL2022_DB.AdvancedViewer_Script">
    <skipped/>
  </testcase> <!-- AdvancedViewerWordDocument -->
  <testcase name="AdvancedViewerWordDocument" time="0.000" classname="SQL2022_DB.AdvancedViewer_Script">
    <skipped/>
  </testcase> <!-- AdvancedViewerWordDocument -->
  <testcase name="AdvancedViewerWordDocument" time="0.000" classname="SQL2022_DB.AdvancedViewer_Script">
    <skipped/>
  </testcase> <!-- AdvancedViewerWordDocument -->
  <testcase name="AdvancedViewerWordDocument" time="0.000" classname="SQL2022_DB.AdvancedViewer_Script">
    <skipped/>
  </testcase> <!-- AdvancedViewerWordDocument -->
  <testcase name="AdvancedViewerWordDocument" time="0.000" classname="SQL2022_DB.AdvancedViewer_Script">
    <skipped/>
  </testcase> <!-- AdvancedViewerWordDocument -->
  <testcase name="AdvancedViewerWordDocument" time="0.000" classname="SQL2022_DB.AdvancedViewer_Script">
    <skipped/>
  </testcase> <!-- AdvancedViewerWordDocument -->
  <testcase name="AdvancedViewerWordDocument" time="0.000" classname="SQL2022_DB.AdvancedViewer_Script">
    <skipped/>
  </testcase> <!-- AdvancedViewerWordDocument -->
  <testcase name="AdvancedViewerWordDocument" time="0.000" classname="SQL2022_DB.AdvancedViewer_Script">
    <skipped/>
  </testcase> <!-- AdvancedViewerWordDocument -->
  <testcase name="AdvancedViewerWordDocument" time="0.000" classname="SQL2022_DB.AdvancedViewer_Script">
    <skipped/>
  </testcase> <!-- AdvancedViewerWordDocument -->
  <testcase name="AdvancedViewerWordDocument" time="0.000" classname="SQL2022_DB.AdvancedViewer_Script">
    <skipped/>
  </testcase> <!-- AdvancedViewerWordDocument -->
  <testcase name="AdvancedViewerWordDocument" time="0.000" classname="SQL2022_DB.AdvancedViewer_Script">
    <skipped/>
  </testcase> <!-- AdvancedViewerWordDocument -->
  <testcase name="AdvancedViewerWordDocument" time="0.000" classname="SQL2022_DB.AdvancedViewer_Script">
    <skipped/>
  </testcase> <!-- AdvancedViewerWordDocument -->
  <testcase name="AdvancedViewerWordDocument" time="0.000" classname="SQL2022_DB.AdvancedViewer_Script">
    <skipped/>
  </testcase> <!-- AdvancedViewerWordDocument -->
  <testcase name="AdvancedViewerWordDocument" time="0.000" classname="SQL2022_DB.AdvancedViewer_Script">
    <skipped/>
  </testcase> <!-- AdvancedViewerWordDocument -->
  <testcase name="AdvancedViewerWordDocument" time="0.000" classname="SQL2022_DB.AdvancedViewer_Script">
    <skipped/>
  </testcase> <!-- AdvancedViewerWordDocument -->
  <testcase name="AdvancedViewerWordDocument" time="0.000" classname="SQL2022_DB.AdvancedViewer_Script">
    <skipped/>
  </testcase> <!-- AdvancedViewerWordDocument -->
  <testcase name="AdvancedViewerWordDocument" time="0.000" classname="SQL2022_DB.AdvancedViewer_Script">
    <skipped/>
  </testcase> <!-- AdvancedViewerWordDocument -->
  <testcase name="AdvancedViewerWordDocument" time="0.000" classname="SQL2022_DB.AdvancedViewer_Script">
    <skipped/>
  </testcase> <!-- AdvancedViewerWordDocument -->
  <testcase name="AdvancedViewerWordDocument" time="0.000" classname="SQL2022_DB.AdvancedViewer_Script">
    <skipped/>
  </testcase> <!-- AdvancedViewerWordDocument -->
  <testcase name="AdvancedViewerWordDocument" time="0.000" classname="SQL2022_DB.AdvancedViewer_Script">
    <skipped/>
  </testcase> <!-- AdvancedViewerWordDocument -->
  <testcase name="AdvancedViewerWordDocument" time="0.000" classname="SQL2022_DB.AdvancedViewer_Script">
    <skipped/>
  </testcase> <!-- AdvancedViewerWordDocument -->
  <testcase name="AdvancedViewerWordDocument" time="0.000" classname="SQL2022_DB.AdvancedViewer_Script">
    <skipped/>
  </testcase> <!-- AdvancedViewerWordDocument -->
  <testcase name="AdvancedViewerWordDocument" time="0.000" classname="SQL2022_DB.AdvancedViewer_Script">
    <skipped/>
  </testcase> <!-- AdvancedViewerWordDocument -->
  <testcase name="AdvancedViewerWordDocument" time="0.000" classname="SQL2022_DB.AdvancedViewer_Script">
    <skipped/>
  </testcase> <!-- AdvancedViewerWordDocument -->
  <testcase name="AdvancedViewerWordDocument" time="0.000" classname="SQL2022_DB.AdvancedViewer_Script">
    <skipped/>
  </testcase> <!-- AdvancedViewerWordDocument -->
  <testcase name="AdvancedViewerWordDocument" time="0.000" classname="SQL2022_DB.AdvancedViewer_Script">
    <skipped/>
  </testcase> <!-- AdvancedViewerWordDocument -->
  <testcase name="AdvancedViewerWordDocument" time="0.000" classname="SQL2022_DB.AdvancedViewer_Script">
    <skipped/>
  </testcase> <!-- AdvancedViewerWordDocument -->
  <testcase name="AdvancedViewerWordDocument" time="0.000" classname="SQL2022_DB.AdvancedViewer_Script">
    <skipped/>
  </testcase> <!-- AdvancedViewerWordDocument -->
  <testcase name="AdvancedViewerWordDocument" time="0.000" classname="SQL2022_DB.AdvancedViewer_Script">
    <skipped/>
  </testcase> <!-- AdvancedViewerWordDocument -->
  <testcase name="AdvancedViewerWordDocument" time="0.000" classname="SQL2022_DB.AdvancedViewer_Script">
    <skipped/>
  </testcase> <!-- AdvancedViewerWordDocument -->
  <testcase name="AdvancedViewerWordDocument" time="0.000" classname="SQL2022_DB.AdvancedViewer_Script">
    <skipped/>
  </testcase> <!-- AdvancedViewerWordDocument -->
  <testcase name="AdvancedViewerWordDocument" time="0.000" classname="SQL2022_DB.AdvancedViewer_Script">
    <skipped/>
  </testcase> <!-- AdvancedViewerWordDocument -->
  <testcase name="AdvancedViewerWordDocument" time="0.000" classname="SQL2022_DB.AdvancedViewer_Script">
    <skipped/>
  </testcase> <!-- AdvancedViewerWordDocument -->
  <testcase name="AdvancedViewerWordDocument" time="0.000" classname="SQL2022_DB.AdvancedViewer_Script">
    <skipped/>
  </testcase> <!-- AdvancedViewerWordDocument -->
  <testcase name="AdvancedViewerWordDocument" time="0.000" classname="SQL2022_DB.AdvancedViewer_Script">
    <skipped/>
  </testcase> <!-- AdvancedViewerWordDocument -->
  <testcase name="AdvancedViewerWordDocument" time="0.000" classname="SQL2022_DB.AdvancedViewer_Script">
    <skipped/>
  </testcase> <!-- AdvancedViewerWordDocument -->
  <testcase name="AdvancedViewerWordDocument" time="0.000" classname="SQL2022_DB.AdvancedViewer_Script">
    <skipped/>
  </testcase> <!-- AdvancedViewerWordDocument -->
  <testcase name="AdvancedViewerWordDocument" time="0.000" classname="SQL2022_DB.AdvancedViewer_Script">
    <skipped/>
  </testcase> <!-- AdvancedViewerWordDocument -->
  <testcase name="AdvancedViewerWordDocument" time="0.000" classname="SQL2022_DB.AdvancedViewer_Script">
    <skipped/>
  </testcase> <!-- AdvancedViewerWordDocument -->
  <testcase name="AdvancedViewerWordDocument" time="0.000" classname="SQL2022_DB.AdvancedViewer_Script">
    <skipped/>
  </testcase> <!-- AdvancedViewerWordDocument -->
  <testcase name="AdvancedViewerWordDocument" time="0.000" classname="SQL2022_DB.AdvancedViewer_Script">
    <skipped/>
  </testcase> <!-- AdvancedViewerWordDocument -->
  <testcase name="AdvancedViewerWordDocument" time="0.000" classname="SQL2022_DB.AdvancedViewer_Script">
    <skipped/>
  </testcase> <!-- AdvancedViewerWordDocument -->
  <testcase name="AdvancedViewerWordDocument" time="0.000" classname="SQL2022_DB.AdvancedViewer_Script">
    <skipped/>
  </testcase> <!-- AdvancedViewerWordDocument -->
  <testcase name="AdvancedViewerWordDocument" time="0.000" classname="SQL2022_DB.AdvancedViewer_Script">
    <skipped/>
  </testcase> <!-- AdvancedViewerWordDocument -->
  <testcase name="AdvancedViewerWordDocument" time="0.000" classname="SQL2022_DB.AdvancedViewer_Script">
    <skipped/>
  </testcase> <!-- AdvancedViewerWordDocument -->
  <testcase name="AdvancedViewerWordDocument" time="0.000" classname="SQL2022_DB.AdvancedViewer_Script">
    <skipped/>
  </testcase> <!-- AdvancedViewerWordDocument -->
  <testcase name="AdvancedViewerWordDocument" time="0.000" classname="SQL2022_DB.AdvancedViewer_Script">
    <skipped/>
  </testcase> <!-- AdvancedViewerWordDocument -->
  <testcase name="AdvancedViewerWordDocument" time="0.000" classname="SQL2022_DB.AdvancedViewer_Script">
    <skipped/>
  </testcase> <!-- AdvancedViewerWordDocument -->
  <testcase name="AdvancedViewerWordDocument" time="0.000" classname="SQL2022_DB.AdvancedViewer_Script">
    <skipped/>
  </testcase> <!-- AdvancedViewerWordDocument -->
  <testcase name="AdvancedViewerWordDocument" time="0.000" classname="SQL2022_DB.AdvancedViewer_Script">
    <skipped/>
  </testcase> <!-- AdvancedViewerWordDocument -->
  <testcase name="AdvancedViewerWordDocument" time="0.000" classname="SQL2022_DB.AdvancedViewer_Script">
    <skipped/>
  </testcase> <!-- AdvancedViewerWordDocument -->
  <testcase name="AdvancedViewerWordDocument" time="0.000" classname="SQL2022_DB.AdvancedViewer_Script">
    <skipped/>
  </testcase> <!-- AdvancedViewerWordDocument -->
  <testcase name="AdvancedViewerWordDocument" time="0.000" classname="SQL2022_DB.AdvancedViewer_Script">
    <skipped/>
  </testcase> <!-- AdvancedViewerWordDocument -->
  <testcase name="AdvancedViewerWordDocument" time="0.000" classname="SQL2022_DB.AdvancedViewer_Script">
    <skipped/>
  </testcase> <!-- AdvancedViewerWordDocument -->
  <testcase name="AdvancedViewerWordDocument" time="0.000" classname="SQL2022_DB.AdvancedViewer_Script">
    <skipped/>
  </testcase> <!-- AdvancedViewerWordDocument -->
  <testcase name="AdvancedViewerWordDocument" time="0.000" classname="SQL2022_DB.AdvancedViewer_Script">
    <skipped/>
  </testcase> <!-- AdvancedViewerWordDocument -->
  <testcase name="AdvancedViewerWordDocument" time="0.000" classname="SQL2022_DB.AdvancedViewer_Script">
    <skipped/>
  </testcase> <!-- AdvancedViewerWordDocument -->
  <testcase name="AdvancedViewerWordDocument" time="0.000" classname="SQL2022_DB.AdvancedViewer_Script">
    <skipped/>
  </testcase> <!-- AdvancedViewerWordDocument -->
  <testcase name="AdvancedViewerWordDocument" time="0.000" classname="SQL2022_DB.AdvancedViewer_Script">
    <skipped/>
  </testcase> <!-- AdvancedViewerWordDocument -->
  <testcase name="AdvancedViewerWordDocument" time="0.000" classname="SQL2022_DB.AdvancedViewer_Script">
    <skipped/>
  </testcase> <!-- AdvancedViewerWordDocument -->
  <testcase name="AdvancedViewerWordDocument" time="0.000" classname="SQL2022_DB.AdvancedViewer_Script">
    <skipped/>
  </testcase> <!-- AdvancedViewerWordDocument -->
  <testcase name="AdvancedViewerWordDocument" time="0.000" classname="SQL2022_DB.AdvancedViewer_Script">
    <skipped/>
  </testcase> <!-- AdvancedViewerWordDocument -->
  <testcase name="AdvancedViewerWordDocument" time="0.000" classname="SQL2022_DB.AdvancedViewer_Script">
    <skipped/>
  </testcase> <!-- AdvancedViewerWordDocument -->
  <testcase name="AdvancedViewerWordDocument" time="0.000" classname="SQL2022_DB.AdvancedViewer_Script">
    <skipped/>
  </testcase> <!-- AdvancedViewerWordDocument -->
  <testcase name="AdvancedViewerWordDocument" time="0.000" classname="SQL2022_DB.AdvancedViewer_Script">
    <skipped/>
  </testcase> <!-- AdvancedViewerWordDocument -->
  <testcase name="AdvancedViewerWordDocument" time="0.000" classname="SQL2022_DB.AdvancedViewer_Script">
    <skipped/>
  </testcase> <!-- AdvancedViewerWordDocument -->
  <testcase name="AdvancedViewerWordDocument" time="0.000" classname="SQL2022_DB.AdvancedViewer_Script">
    <skipped/>
  </testcase> <!-- AdvancedViewerWordDocument -->
  <testcase name="AdvancedViewerWordDocument" time="0.000" classname="SQL2022_DB.AdvancedViewer_Script">
    <skipped/>
  </testcase> <!-- AdvancedViewerWordDocument -->
  <testcase name="AdvancedViewerWordDocument" time="0.000" classname="SQL2022_DB.AdvancedViewer_Script">
    <skipped/>
  </testcase> <!-- AdvancedViewerWordDocument -->
  <testcase name="AdvancedViewerWordDocument" time="0.000" classname="SQL2022_DB.AdvancedViewer_Script">
    <skipped/>
  </testcase> <!-- AdvancedViewerWordDocument -->
  <testcase name="AdvancedViewerWordDocument" time="0.000" classname="SQL2022_DB.AdvancedViewer_Script">
    <skipped/>
  </testcase> <!-- AdvancedViewerWordDocument -->
  <testcase name="AdvancedViewerWordDocument" time="0.000" classname="SQL2022_DB.AdvancedViewer_Script">
    <skipped/>
  </testcase> <!-- AdvancedViewerWordDocument -->
  <testcase name="AdvancedViewerWordDocument" time="0.000" classname="SQL2022_DB.AdvancedViewer_Script">
    <skipped/>
  </testcase> <!-- AdvancedViewerWordDocument -->
  <testcase name="AdvancedViewerWordDocument" time="0.000" classname="SQL2022_DB.AdvancedViewer_Script">
    <skipped/>
  </testcase> <!-- AdvancedViewerWordDocument -->
  <testcase name="AdvancedViewerWordDocument" time="0.000" classname="SQL2022_DB.AdvancedViewer_Script">
    <skipped/>
  </testcase> <!-- AdvancedViewerWordDocument -->
  <testcase name="AdvancedViewerWordDocument" time="0.000" classname="SQL2022_DB.AdvancedViewer_Script">
    <skipped/>
  </testcase> <!-- AdvancedViewerWordDocument -->
  <testcase name="AdvancedViewerWordDocument" time="0.000" classname="SQL2022_DB.AdvancedViewer_Script">
    <skipped/>
  </testcase> <!-- AdvancedViewerWordDocument -->
  <testcase name="AdvancedViewerWordDocument" time="0.000" classname="SQL2022_DB.AdvancedViewer_Script">
    <skipped/>
  </testcase> <!-- AdvancedViewerWordDocument -->
  <testcase name="AdvancedViewerWordDocument" time="0.000" classname="SQL2022_DB.AdvancedViewer_Script">
    <skipped/>
  </testcase> <!-- AdvancedViewerWordDocument -->
  <testcase name="AdvancedViewerWordDocument" time="0.000" classname="SQL2022_DB.AdvancedViewer_Script">
    <skipped/>
  </testcase> <!-- AdvancedViewerWordDocument -->
  <testcase name="AdvancedViewerWordDocument" time="0.000" classname="SQL2022_DB.AdvancedViewer_Script">
    <skipped/>
  </testcase> <!-- AdvancedViewerWordDocument -->
  <testcase name="AdvancedViewerWordDocument" time="0.000" classname="SQL2022_DB.AdvancedViewer_Script">
    <skipped/>
  </testcase> <!-- AdvancedViewerWordDocument -->
  <testcase name="AdvancedViewerWordDocument" time="0.000" classname="SQL2022_DB.AdvancedViewer_Script">
    <skipped/>
  </testcase> <!-- AdvancedViewerWordDocument -->
  <testcase name="AdvancedViewerWordDocument" time="0.000" classname="SQL2022_DB.AdvancedViewer_Script">
    <skipped/>
  </testcase> <!-- AdvancedViewerWordDocument -->
  <testcase name="AdvancedViewerWordDocument" time="0.000" classname="SQL2022_DB.AdvancedViewer_Script">
    <skipped/>
  </testcase> <!-- AdvancedViewerWordDocument -->
  <testcase name="AdvancedViewerWordDocument" time="0.000" classname="SQL2022_DB.AdvancedViewer_Script">
    <skipped/>
  </testcase> <!-- AdvancedViewerWordDocument -->
  <testcase name="AdvancedViewerWordDocument" time="0.000" classname="SQL2022_DB.AdvancedViewer_Script">
    <skipped/>
  </testcase> <!-- AdvancedViewerWordDocument -->
  <testcase name="AdvancedViewerWordDocument" time="0.000" classname="SQL2022_DB.AdvancedViewer_Script">
    <skipped/>
  </testcase> <!-- AdvancedViewerWordDocument -->
  <testcase name="AdvancedViewerWordDocument" time="0.000" classname="SQL2022_DB.AdvancedViewer_Script">
    <skipped/>
  </testcase> <!-- AdvancedViewerWordDocument -->
  <testcase name="AdvancedViewerWordDocument" time="0.000" classname="SQL2022_DB.AdvancedViewer_Script">
    <skipped/>
  </testcase> <!-- AdvancedViewerWordDocument -->
  <testcase name="AdvancedViewerWordDocument" time="0.000" classname="SQL2022_DB.AdvancedViewer_Script">
    <skipped/>
  </testcase> <!-- AdvancedViewerWordDocument -->
  <testcase name="AdvancedViewerWordDocument" time="0.000" classname="SQL2022_DB.AdvancedViewer_Script">
    <skipped/>
  </testcase> <!-- AdvancedViewerWordDocument -->
  <testcase name="AdvancedViewerWordDocument" time="0.000" classname="SQL2022_DB.AdvancedViewer_Script">
    <skipped/>
  </testcase> <!-- AdvancedViewerWordDocument -->
  <testcase name="AdvancedViewerWordDocument" time="0.000" classname="SQL2022_DB.AdvancedViewer_Script">
    <skipped/>
  </testcase> <!-- AdvancedViewerWordDocument -->
  <testcase name="AdvancedViewerWordDocument" time="0.000" classname="SQL2022_DB.AdvancedViewer_Script">
    <skipped/>
  </testcase> <!-- AdvancedViewerWordDocument -->
  <testcase name="AdvancedViewerWordDocument" time="0.000" classname="SQL2022_DB.AdvancedViewer_Script">
    <skipped/>
  </testcase> <!-- AdvancedViewerWordDocument -->
  <testcase name="AdvancedViewerWordDocument" time="0.000" classname="SQL2022_DB.AdvancedViewer_Script">
    <skipped/>
  </testcase> <!-- AdvancedViewerWordDocument -->
  <testcase name="AdvancedViewerWordDocument" time="0.000" classname="SQL2022_DB.AdvancedViewer_Script">
    <skipped/>
  </testcase> <!-- AdvancedViewerWordDocument -->
  <testcase name="AdvancedViewerWordDocument" time="0.000" classname="SQL2022_DB.AdvancedViewer_Script">
    <skipped/>
  </testcase> <!-- AdvancedViewerWordDocument -->
  <testcase name="AdvancedViewerWordDocument" time="0.000" classname="SQL2022_DB.AdvancedViewer_Script">
    <skipped/>
  </testcase> <!-- AdvancedViewerWordDocument -->
  <testcase name="AdvancedViewerWordDocument" time="0.000" classname="SQL2022_DB.AdvancedViewer_Script">
    <skipped/>
  </testcase> <!-- AdvancedViewerWordDocument -->
  <testcase name="AdvancedViewerWordDocument" time="0.000" classname="SQL2022_DB.AdvancedViewer_Script">
    <skipped/>
  </testcase> <!-- AdvancedViewerWordDocument -->
  <testcase name="AdvancedViewerWordDocument" time="0.000" classname="SQL2022_DB.AdvancedViewer_Script">
    <skipped/>
  </testcase> <!-- AdvancedViewerWordDocument -->
  <testcase name="AdvancedViewerWordDocument" time="0.000" classname="SQL2022_DB.AdvancedViewer_Script">
    <skipped/>
  </testcase> <!-- AdvancedViewerWordDocument -->
  <testcase name="AdvancedViewerWordDocument" time="0.000" classname="SQL2022_DB.AdvancedViewer_Script">
    <skipped/>
  </testcase> <!-- AdvancedViewerWordDocument -->
  <testcase name="AdvancedViewerWordDocument" time="0.000" classname="SQL2022_DB.AdvancedViewer_Script">
    <skipped/>
  </testcase> <!-- AdvancedViewerWordDocument -->
  <testcase name="AdvancedViewerWordDocument" time="0.000" classname="SQL2022_DB.AdvancedViewer_Script">
    <skipped/>
  </testcase> <!-- AdvancedViewerWordDocument -->
  <testcase name="AdvancedViewerWordDocument" time="0.000" classname="SQL2022_DB.AdvancedViewer_Script">
    <skipped/>
  </testcase> <!-- AdvancedViewerWordDocument -->
  <testcase name="AdvancedViewerWordDocument" time="0.000" classname="SQL2022_DB.AdvancedViewer_Script">
    <skipped/>
  </testcase> <!-- AdvancedViewerWordDocument -->
  <testcase name="AdvancedViewerWordDocument" time="0.000" classname="SQL2022_DB.AdvancedViewer_Script">
    <skipped/>
  </testcase> <!-- AdvancedViewerWordDocument -->
  <testcase name="AdvancedViewerWordDocument" time="0.000" classname="SQL2022_DB.AdvancedViewer_Script">
    <skipped/>
  </testcase> <!-- AdvancedViewerWordDocument -->
  <testcase name="AdvancedViewerWordDocument" time="0.000" classname="SQL2022_DB.AdvancedViewer_Script">
    <skipped/>
  </testcase> <!-- AdvancedViewerWordDocument -->
  <testcase name="AdvancedViewerWordDocument" time="0.000" classname="SQL2022_DB.AdvancedViewer_Script">
    <skipped/>
  </testcase> <!-- AdvancedViewerWordDocument -->
  <testcase name="AdvancedViewerWordDocument" time="0.000" classname="SQL2022_DB.AdvancedViewer_Script">
    <skipped/>
  </testcase> <!-- AdvancedViewerWordDocument -->
  <testcase name="AdvancedViewerWordDocument" time="0.000" classname="SQL2022_DB.AdvancedViewer_Script">
    <skipped/>
  </testcase> <!-- AdvancedViewerWordDocument -->
  <testcase name="AdvancedViewerWordDocument" time="0.000" classname="SQL2022_DB.AdvancedViewer_Script">
    <skipped/>
  </testcase> <!-- AdvancedViewerWordDocument -->
  <testcase name="AdvancedViewerWordDocument" time="0.000" classname="SQL2022_DB.AdvancedViewer_Script">
    <skipped/>
  </testcase> <!-- AdvancedViewerWordDocument -->
  <testcase name="AdvancedViewerWordDocument" time="0.000" classname="SQL2022_DB.AdvancedViewer_Script">
    <skipped/>
  </testcase> <!-- AdvancedViewerWordDocument -->
  <testcase name="AdvancedViewerWordDocument" time="0.000" classname="SQL2022_DB.AdvancedViewer_Script">
    <skipped/>
  </testcase> <!-- AdvancedViewerWordDocument -->
  <testcase name="AdvancedViewerWordDocument" time="0.000" classname="SQL2022_DB.AdvancedViewer_Script">
    <skipped/>
  </testcase> <!-- AdvancedViewerWordDocument -->
  <testcase name="AdvancedViewerWordDocument" time="0.000" classname="SQL2022_DB.AdvancedViewer_Script">
    <skipped/>
  </testcase> <!-- AdvancedViewerWordDocument -->
  <testcase name="AdvancedViewerWordDocument" time="0.000" classname="SQL2022_DB.AdvancedViewer_Script">
    <skipped/>
  </testcase> <!-- AdvancedViewerWordDocument -->
  <testcase name="AdvancedViewerWordDocument" time="0.000" classname="SQL2022_DB.AdvancedViewer_Script">
    <skipped/>
  </testcase> <!-- AdvancedViewerWordDocument -->
  <testcase name="AdvancedViewerWordDocument" time="0.000" classname="SQL2022_DB.AdvancedViewer_Script">
    <skipped/>
  </testcase> <!-- AdvancedViewerWordDocument -->
  <testcase name="AdvancedViewerWordDocument" time="0.000" classname="SQL2022_DB.AdvancedViewer_Script">
    <skipped/>
  </testcase> <!-- AdvancedViewerWordDocument -->
  <testcase name="AdvancedViewerWordDocument" time="0.000" classname="SQL2022_DB.AdvancedViewer_Script">
    <skipped/>
  </testcase> <!-- AdvancedViewerWordDocument -->
  <testcase name="AdvancedViewerWordDocument" time="0.000" classname="SQL2022_DB.AdvancedViewer_Script">
    <skipped/>
  </testcase> <!-- AdvancedViewerWordDocument -->
  <testcase name="AdvancedViewerWordDocument" time="0.000" classname="SQL2022_DB.AdvancedViewer_Script">
    <skipped/>
  </testcase> <!-- AdvancedViewerWordDocument -->
  <testcase name="AdvancedViewerWordDocument" time="0.000" classname="SQL2022_DB.AdvancedViewer_Script">
    <skipped/>
  </testcase> <!-- AdvancedViewerWordDocument -->
  <testcase name="AdvancedViewerWordDocument" time="0.000" classname="SQL2022_DB.AdvancedViewer_Script">
    <skipped/>
  </testcase> <!-- AdvancedViewerWordDocument -->
  <testcase name="AdvancedViewerWordDocument" time="0.000" classname="SQL2022_DB.AdvancedViewer_Script">
    <skipped/>
  </testcase> <!-- AdvancedViewerWordDocument -->
  <testcase name="AdvancedViewerWordDocument" time="0.000" classname="SQL2022_DB.AdvancedViewer_Script">
    <skipped/>
  </testcase> <!-- AdvancedViewerWordDocument -->
  <testcase name="AdvancedViewerWordDocument" time="0.000" classname="SQL2022_DB.AdvancedViewer_Script">
    <skipped/>
  </testcase> <!-- AdvancedViewerWordDocument -->
  <testcase name="AdvancedViewerWordDocument" time="0.000" classname="SQL2022_DB.AdvancedViewer_Script">
    <skipped/>
  </testcase> <!-- AdvancedViewerWordDocument -->
  <testcase name="AdvancedViewerWordDocument" time="0.000" classname="SQL2022_DB.AdvancedViewer_Script">
    <skipped/>
  </testcase> <!-- AdvancedViewerWordDocument -->
  <testcase name="AdvancedViewerWordDocument" time="0.000" classname="SQL2022_DB.AdvancedViewer_Script">
    <skipped/>
  </testcase> <!-- AdvancedViewerWordDocument -->
  <testcase name="AdvancedViewerWordDocument" time="0.000" classname="SQL2022_DB.AdvancedViewer_Script">
    <skipped/>
  </testcase> <!-- AdvancedViewerWordDocument -->
  <testcase name="AdvancedViewerWordDocument" time="0.000" classname="SQL2022_DB.AdvancedViewer_Script">
    <skipped/>
  </testcase> <!-- AdvancedViewerWordDocument -->
  <testcase name="AdvancedViewerWordDocument" time="0.000" classname="SQL2022_DB.AdvancedViewer_Script">
    <skipped/>
  </testcase> <!-- AdvancedViewerWordDocument -->
  <testcase name="AdvancedViewerWordDocument" time="0.000" classname="SQL2022_DB.AdvancedViewer_Script">
    <skipped/>
  </testcase> <!-- AdvancedViewerWordDocument -->
  <testcase name="AdvancedViewerWordDocument" time="0.000" classname="SQL2022_DB.AdvancedViewer_Script">
    <skipped/>
  </testcase> <!-- AdvancedViewerWordDocument -->
  <testcase name="AdvancedViewerWordDocument" time="0.000" classname="SQL2022_DB.AdvancedViewer_Script">
    <skipped/>
  </testcase> <!-- AdvancedViewerWordDocument -->
  <testcase name="AdvancedViewerWordDocument" time="0.000" classname="SQL2022_DB.AdvancedViewer_Script">
    <skipped/>
  </testcase> <!-- AdvancedViewerWordDocument -->
  <testcase name="AdvancedViewerWordDocument" time="0.000" classname="SQL2022_DB.AdvancedViewer_Script">
    <skipped/>
  </testcase> <!-- AdvancedViewerWordDocument -->
  <testcase name="AdvancedViewerWordDocument" time="0.000" classname="SQL2022_DB.AdvancedViewer_Script">
    <skipped/>
  </testcase> <!-- AdvancedViewerWordDocument -->
  <testcase name="AdvancedViewerWordDocument" time="0.000" classname="SQL2022_DB.AdvancedViewer_Script">
    <skipped/>
  </testcase> <!-- AdvancedViewerWordDocument -->
  <testcase name="AdvancedViewerWordDocument" time="0.000" classname="SQL2022_DB.AdvancedViewer_Script">
    <skipped/>
  </testcase> <!-- AdvancedViewerWordDocument -->
  <testcase name="AdvancedViewerWordDocument" time="0.000" classname="SQL2022_DB.AdvancedViewer_Script">
    <skipped/>
  </testcase> <!-- AdvancedViewerWordDocument -->
  <testcase name="AdvancedViewerWordDocument" time="0.000" classname="SQL2022_DB.AdvancedViewer_Script">
    <skipped/>
  </testcase> <!-- AdvancedViewerWordDocument -->
  <testcase name="AdvancedViewerWordDocument" time="0.000" classname="SQL2022_DB.AdvancedViewer_Script">
    <skipped/>
  </testcase> <!-- AdvancedViewerWordDocument -->
  <testcase name="AdvancedViewerWordDocument" time="0.000" classname="SQL2022_DB.AdvancedViewer_Script">
    <skipped/>
  </testcase> <!-- AdvancedViewerWordDocument -->
  <testcase name="AdvancedViewerWordDocument" time="0.000" classname="SQL2022_DB.AdvancedViewer_Script">
    <skipped/>
  </testcase> <!-- AdvancedViewerWordDocument -->
  <testcase name="AdvancedViewerWordDocument" time="0.000" classname="SQL2022_DB.AdvancedViewer_Script">
    <skipped/>
  </testcase> <!-- AdvancedViewerWordDocument -->
  <testcase name="AdvancedViewerWordDocument" time="0.000" classname="SQL2022_DB.AdvancedViewer_Script">
    <skipped/>
  </testcase> <!-- AdvancedViewerWordDocument -->
  <testcase name="AdvancedViewerWordDocument" time="0.000" classname="SQL2022_DB.AdvancedViewer_Script">
    <skipped/>
  </testcase> <!-- AdvancedViewerWordDocument -->
  <testcase name="AdvancedViewerWordDocument" time="0.000" classname="SQL2022_DB.AdvancedViewer_Script">
    <skipped/>
  </testcase> <!-- AdvancedViewerWordDocument -->
  <testcase name="AdvancedViewerWordDocument" time="0.000" classname="SQL2022_DB.AdvancedViewer_Script">
    <skipped/>
  </testcase> <!-- AdvancedViewerWordDocument -->
  <testcase name="AdvancedViewerWordDocument" time="0.000" classname="SQL2022_DB.AdvancedViewer_Script">
    <skipped/>
  </testcase> <!-- AdvancedViewerWordDocument -->
  <testcase name="AdvancedViewerWordDocument" time="0.000" classname="SQL2022_DB.AdvancedViewer_Script">
    <skipped/>
  </testcase> <!-- AdvancedViewerWordDocument -->
  <testcase name="AdvancedViewerWordDocument" time="0.000" classname="SQL2022_DB.AdvancedViewer_Script">
    <skipped/>
  </testcase> <!-- AdvancedViewerWordDocument -->
  <testcase name="AdvancedViewerWordDocument" time="0.000" classname="SQL2022_DB.AdvancedViewer_Script">
    <skipped/>
  </testcase> <!-- AdvancedViewerWordDocument -->
  <testcase name="AdvancedViewerWordDocument" time="0.000" classname="SQL2022_DB.AdvancedViewer_Script">
    <skipped/>
  </testcase> <!-- AdvancedViewerWordDocument -->
  <testcase name="AdvancedViewerWordDocument" time="0.000" classname="SQL2022_DB.AdvancedViewer_Script">
    <skipped/>
  </testcase> <!-- AdvancedViewerWordDocument -->
  <testcase name="AdvancedViewerWordDocument" time="0.000" classname="SQL2022_DB.AdvancedViewer_Script">
    <skipped/>
  </testcase> <!-- AdvancedViewerWordDocument -->
  <testcase name="AdvancedViewerWordDocument" time="0.000" classname="SQL2022_DB.AdvancedViewer_Script">
    <skipped/>
  </testcase> <!-- AdvancedViewerWordDocument -->
  <testcase name="AdvancedViewerWordDocument" time="0.000" classname="SQL2022_DB.AdvancedViewer_Script">
    <skipped/>
  </testcase> <!-- AdvancedViewerWordDocument -->
  <testcase name="AdvancedViewerWordDocument" time="0.000" classname="SQL2022_DB.AdvancedViewer_Script">
    <skipped/>
  </testcase> <!-- AdvancedViewerWordDocument -->
  <testcase name="AdvancedViewerWordDocument" time="0.000" classname="SQL2022_DB.AdvancedViewer_Script">
    <skipped/>
  </testcase> <!-- AdvancedViewerWordDocument -->
  <testcase name="AdvancedViewerWordDocument" time="0.000" classname="SQL2022_DB.AdvancedViewer_Script">
    <skipped/>
  </testcase> <!-- AdvancedViewerWordDocument -->
  <testcase name="AdvancedViewerWordDocument" time="0.000" classname="SQL2022_DB.AdvancedViewer_Script">
    <skipped/>
  </testcase> <!-- AdvancedViewerWordDocument -->
  <testcase name="AdvancedViewerWordDocument" time="0.000" classname="SQL2022_DB.AdvancedViewer_Script">
    <skipped/>
  </testcase> <!-- AdvancedViewerWordDocument -->
  <testcase name="AdvancedViewerWordDocument" time="0.000" classname="SQL2022_DB.AdvancedViewer_Script">
    <skipped/>
  </testcase> <!-- AdvancedViewerWordDocument -->
  <testcase name="AdvancedViewerWordDocument" time="0.000" classname="SQL2022_DB.AdvancedViewer_Script">
    <skipped/>
  </testcase> <!-- AdvancedViewerWordDocument -->
  <testcase name="AdvancedViewerWordDocument" time="0.000" classname="SQL2022_DB.AdvancedViewer_Script">
    <skipped/>
  </testcase> <!-- AdvancedViewerWordDocument -->
  <testcase name="AdvancedViewerWordDocument" time="0.000" classname="SQL2022_DB.AdvancedViewer_Script">
    <skipped/>
  </testcase> <!-- AdvancedViewerWordDocument -->
  <testcase name="AdvancedViewerWordDocument" time="0.000" classname="SQL2022_DB.AdvancedViewer_Script">
    <skipped/>
  </testcase> <!-- AdvancedViewerWordDocument -->
  <testcase name="AdvancedViewerWordDocument" time="0.000" classname="SQL2022_DB.AdvancedViewer_Script">
    <skipped/>
  </testcase> <!-- AdvancedViewerWordDocument -->
  <testcase name="AdvancedViewerWordDocument" time="0.000" classname="SQL2022_DB.AdvancedViewer_Script">
    <skipped/>
  </testcase> <!-- AdvancedViewerWordDocument -->
  <testcase name="AdvancedViewerWordDocument" time="0.000" classname="SQL2022_DB.AdvancedViewer_Script">
    <skipped/>
  </testcase> <!-- AdvancedViewerWordDocument -->
  <testcase name="AdvancedViewerWordDocument" time="0.000" classname="SQL2022_DB.AdvancedViewer_Script">
    <skipped/>
  </testcase> <!-- AdvancedViewerWordDocument -->
  <testcase name="AdvancedViewerWordDocument" time="0.000" classname="SQL2022_DB.AdvancedViewer_Script">
    <skipped/>
  </testcase> <!-- AdvancedViewerWordDocument -->
  <testcase name="AdvancedViewerWordDocument" time="0.000" classname="SQL2022_DB.AdvancedViewer_Script">
    <skipped/>
  </testcase> <!-- AdvancedViewerWordDocument -->
  <testcase name="AdvancedViewerWordDocument" time="0.000" classname="SQL2022_DB.AdvancedViewer_Script">
    <skipped/>
  </testcase> <!-- AdvancedViewerWordDocument -->
  <testcase name="AdvancedViewerWordDocument" time="0.000" classname="SQL2022_DB.AdvancedViewer_Script">
    <skipped/>
  </testcase> <!-- AdvancedViewerWordDocument -->
  <testcase name="AdvancedViewerWordDocument" time="0.000" classname="SQL2022_DB.AdvancedViewer_Script">
    <skipped/>
  </testcase> <!-- AdvancedViewerWordDocument -->
  <testcase name="AdvancedViewerWordDocument" time="0.000" classname="SQL2022_DB.AdvancedViewer_Script">
    <skipped/>
  </testcase> <!-- AdvancedViewerWordDocument -->
  <testcase name="AdvancedViewerWordDocument" time="0.000" classname="SQL2022_DB.AdvancedViewer_Script">
    <skipped/>
  </testcase> <!-- AdvancedViewerWordDocument -->
  <testcase name="AdvancedViewerWordDocument" time="0.000" classname="SQL2022_DB.AdvancedViewer_Script">
    <skipped/>
  </testcase> <!-- AdvancedViewerWordDocument -->
  <testcase name="AdvancedViewerWordDocument" time="0.000" classname="SQL2022_DB.AdvancedViewer_Script">
    <skipped/>
  </testcase> <!-- AdvancedViewerWordDocument -->
  <testcase name="AdvancedViewerWordDocument" time="0.000" classname="SQL2022_DB.AdvancedViewer_Script">
    <skipped/>
  </testcase> <!-- AdvancedViewerWordDocument -->
  <testcase name="AdvancedViewerWordDocument" time="0.000" classname="SQL2022_DB.AdvancedViewer_Script">
    <skipped/>
  </testcase> <!-- AdvancedViewerWordDocument -->
  <testcase name="AdvancedViewerWordDocument" time="0.000" classname="SQL2022_DB.AdvancedViewer_Script">
    <skipped/>
  </testcase> <!-- AdvancedViewerWordDocument -->
  <testcase name="AdvancedViewerWordDocument" time="0.000" classname="SQL2022_DB.AdvancedViewer_Script">
    <skipped/>
  </testcase> <!-- AdvancedViewerWordDocument -->
  <testcase name="AdvancedViewerWordDocument" time="0.000" classname="SQL2022_DB.AdvancedViewer_Script">
    <skipped/>
  </testcase> <!-- AdvancedViewerWordDocument -->
  <testcase name="AdvancedViewerWordDocument" time="0.000" classname="SQL2022_DB.AdvancedViewer_Script">
    <skipped/>
  </testcase> <!-- AdvancedViewerWordDocument -->
  <testcase name="AdvancedViewerWordDocument" time="0.000" classname="SQL2022_DB.AdvancedViewer_Script">
    <skipped/>
  </testcase> <!-- AdvancedViewerWordDocument -->
  <testcase name="AdvancedViewerWordDocument" time="0.000" classname="SQL2022_DB.AdvancedViewer_Script">
    <skipped/>
  </testcase> <!-- AdvancedViewerWordDocument -->
  <testcase name="AdvancedViewerWordDocument" time="0.000" classname="SQL2022_DB.AdvancedViewer_Script">
    <skipped/>
  </testcase> <!-- AdvancedViewerWordDocument -->
  <testcase name="AdvancedViewerWordDocument" time="0.000" classname="SQL2022_DB.AdvancedViewer_Script">
    <skipped/>
  </testcase> <!-- AdvancedViewerWordDocument -->
  <testcase name="AdvancedViewerWordDocument" time="0.000" classname="SQL2022_DB.AdvancedViewer_Script">
    <skipped/>
  </testcase> <!-- AdvancedViewerWordDocument -->
  <testcase name="AdvancedViewerWordDocument" time="0.000" classname="SQL2022_DB.AdvancedViewer_Script">
    <skipped/>
  </testcase> <!-- AdvancedViewerWordDocument -->
  <testcase name="AdvancedViewerWordDocument" time="0.000" classname="SQL2022_DB.AdvancedViewer_Script">
    <skipped/>
  </testcase> <!-- AdvancedViewerWordDocument -->
  <testcase name="AdvancedViewerWordDocument" time="0.000" classname="SQL2022_DB.AdvancedViewer_Script">
    <skipped/>
  </testcase> <!-- AdvancedViewerWordDocument -->
  <testcase name="AdvancedViewerWordDocument" time="0.000" classname="SQL2022_DB.AdvancedViewer_Script">
    <skipped/>
  </testcase> <!-- AdvancedViewerWordDocument -->
  <testcase name="AdvancedViewerWordDocument" time="0.000" classname="SQL2022_DB.AdvancedViewer_Script">
    <skipped/>
  </testcase> <!-- AdvancedViewerWordDocument -->
  <testcase name="AdvancedViewerWordDocument" time="0.000" classname="SQL2022_DB.AdvancedViewer_Script">
    <skipped/>
  </testcase> <!-- AdvancedViewerWordDocument -->
  <testcase name="AdvancedViewerWordDocument" time="0.000" classname="SQL2022_DB.AdvancedViewer_Script">
    <skipped/>
  </testcase> <!-- AdvancedViewerWordDocument -->
  <testcase name="AdvancedViewerWordDocument" time="0.000" classname="SQL2022_DB.AdvancedViewer_Script">
    <skipped/>
  </testcase> <!-- AdvancedViewerWordDocument -->
  <testcase name="AdvancedViewerWordDocument" time="0.000" classname="SQL2022_DB.AdvancedViewer_Script">
    <skipped/>
  </testcase> <!-- AdvancedViewerWordDocument -->
  <testcase name="AdvancedViewerWordDocument" time="0.000" classname="SQL2022_DB.AdvancedViewer_Script">
    <skipped/>
  </testcase> <!-- AdvancedViewerWordDocument -->
  <testcase name="AdvancedViewerWordDocument" time="0.000" classname="SQL2022_DB.AdvancedViewer_Script">
    <skipped/>
  </testcase> <!-- AdvancedViewerWordDocument -->
  <testcase name="AdvancedViewerWordDocument" time="0.000" classname="SQL2022_DB.AdvancedViewer_Script">
    <skipped/>
  </testcase> <!-- AdvancedViewerWordDocument -->
  <testcase name="AdvancedViewerWordDocument" time="0.000" classname="SQL2022_DB.AdvancedViewer_Script">
    <skipped/>
  </testcase> <!-- AdvancedViewerWordDocument -->
  <testcase name="AdvancedViewerWordDocument" time="0.000" classname="SQL2022_DB.AdvancedViewer_Script">
    <skipped/>
  </testcase> <!-- AdvancedViewerWordDocument -->
  <testcase name="AdvancedViewerWordDocument" time="0.000" classname="SQL2022_DB.AdvancedViewer_Script">
    <skipped/>
  </testcase> <!-- AdvancedViewerWordDocument -->
  <testcase name="AdvancedViewerWordDocument" time="0.000" classname="SQL2022_DB.AdvancedViewer_Script">
    <skipped/>
  </testcase> <!-- AdvancedViewerWordDocument -->
  <testcase name="AdvancedViewerWordDocument" time="0.000" classname="SQL2022_DB.AdvancedViewer_Script">
    <skipped/>
  </testcase> <!-- AdvancedViewerWordDocument -->
  <testcase name="AdvancedViewerWordDocument" time="0.000" classname="SQL2022_DB.AdvancedViewer_Script">
    <skipped/>
  </testcase> <!-- AdvancedViewerWordDocument -->
  <testcase name="AdvancedViewerWordDocument" time="0.000" classname="SQL2022_DB.AdvancedViewer_Script">
    <skipped/>
  </testcase> <!-- AdvancedViewerWordDocument -->
  <testcase name="AdvancedViewerWordDocument" time="0.000" classname="SQL2022_DB.AdvancedViewer_Script">
    <skipped/>
  </testcase> <!-- AdvancedViewerWordDocument -->
  <testcase name="AdvancedViewerWordDocument" time="0.000" classname="SQL2022_DB.AdvancedViewer_Script">
    <skipped/>
  </testcase> <!-- AdvancedViewerWordDocument -->
  <testcase name="AdvancedViewerWordDocument" time="0.000" classname="SQL2022_DB.AdvancedViewer_Script">
    <skipped/>
  </testcase> <!-- AdvancedViewerWordDocument -->
  <testcase name="AdvancedViewerWordDocument" time="0.000" classname="SQL2022_DB.AdvancedViewer_Script">
    <skipped/>
  </testcase> <!-- AdvancedViewerWordDocument -->
  <testcase name="AdvancedViewerWordDocument" time="0.000" classname="SQL2022_DB.AdvancedViewer_Script">
    <skipped/>
  </testcase> <!-- AdvancedViewerWordDocument -->
  <testcase name="AdvancedViewerWordDocument" time="0.000" classname="SQL2022_DB.AdvancedViewer_Script">
    <skipped/>
  </testcase> <!-- AdvancedViewerWordDocument -->
  <testcase name="AdvancedViewerWordDocument" time="0.000" classname="SQL2022_DB.AdvancedViewer_Script">
    <skipped/>
  </testcase> <!-- AdvancedViewerWordDocument -->
  <testcase name="AdvancedViewerWordDocument" time="0.000" classname="SQL2022_DB.AdvancedViewer_Script">
    <skipped/>
  </testcase> <!-- AdvancedViewerWordDocument -->
  <testcase name="AdvancedViewerWordDocument" time="0.000" classname="SQL2022_DB.AdvancedViewer_Script">
    <skipped/>
  </testcase> <!-- AdvancedViewerWordDocument -->
  <testcase name="AdvancedViewerWordDocument" time="0.000" classname="SQL2022_DB.AdvancedViewer_Script">
    <skipped/>
  </testcase> <!-- AdvancedViewerWordDocument -->
  <testcase name="AdvancedViewerWordDocument" time="0.000" classname="SQL2022_DB.AdvancedViewer_Script">
    <skipped/>
  </testcase> <!-- AdvancedViewerWordDocument -->
  <testcase name="AdvancedViewerWordDocument" time="0.000" classname="SQL2022_DB.AdvancedViewer_Script">
    <skipped/>
  </testcase> <!-- AdvancedViewerWordDocument -->
  <testcase name="AdvancedViewerWordDocument" time="0.000" classname="SQL2022_DB.AdvancedViewer_Script">
    <skipped/>
  </testcase> <!-- AdvancedViewerWordDocument -->
  <testcase name="AdvancedViewerWordDocument" time="0.000" classname="SQL2022_DB.AdvancedViewer_Script">
    <skipped/>
  </testcase> <!-- AdvancedViewerWordDocument -->
  <testcase name="AdvancedViewerWordDocument" time="0.000" classname="SQL2022_DB.AdvancedViewer_Script">
    <skipped/>
  </testcase> <!-- AdvancedViewerWordDocument -->
  <testcase name="AdvancedViewerWordDocument" time="0.000" classname="SQL2022_DB.AdvancedViewer_Script">
    <skipped/>
  </testcase> <!-- AdvancedViewerWordDocument -->
  <testcase name="AdvancedViewerWordDocument" time="0.000" classname="SQL2022_DB.AdvancedViewer_Script">
    <skipped/>
  </testcase> <!-- AdvancedViewerWordDocument -->
  <testcase name="AdvancedViewerWordDocument" time="0.000" classname="SQL2022_DB.AdvancedViewer_Script">
    <skipped/>
  </testcase> <!-- AdvancedViewerWordDocument -->
  <testcase name="AdvancedViewerWordDocument" time="0.000" classname="SQL2022_DB.AdvancedViewer_Script">
    <skipped/>
  </testcase> <!-- AdvancedViewerWordDocument -->
  <testcase name="AdvancedViewerWordDocument" time="0.000" classname="SQL2022_DB.AdvancedViewer_Script">
    <skipped/>
  </testcase> <!-- AdvancedViewerWordDocument -->
  <testcase name="AdvancedViewerWordDocument" time="0.000" classname="SQL2022_DB.AdvancedViewer_Script">
    <skipped/>
  </testcase> <!-- AdvancedViewerWordDocument -->
  <testcase name="AdvancedViewerWordDocument" time="0.000" classname="SQL2022_DB.AdvancedViewer_Script">
    <skipped/>
  </testcase> <!-- AdvancedViewerWordDocument -->
  <testcase name="AdvancedViewerWordDocument" time="0.000" classname="SQL2022_DB.AdvancedViewer_Script">
    <skipped/>
  </testcase> <!-- AdvancedViewerWordDocument -->
  <testcase name="AdvancedViewerWordDocument" time="0.000" classname="SQL2022_DB.AdvancedViewer_Script">
    <skipped/>
  </testcase> <!-- AdvancedViewerWordDocument -->
  <testcase name="AdvancedViewerWordDocument" time="0.000" classname="SQL2022_DB.AdvancedViewer_Script">
    <skipped/>
  </testcase> <!-- AdvancedViewerWordDocument -->
  <testcase name="AdvancedViewerWordDocument" time="0.000" classname="SQL2022_DB.AdvancedViewer_Script">
    <skipped/>
  </testcase> <!-- AdvancedViewerWordDocument -->
  <testcase name="AdvancedViewerWordDocument" time="0.000" classname="SQL2022_DB.AdvancedViewer_Script">
    <skipped/>
  </testcase> <!-- AdvancedViewerWordDocument -->
  <testcase name="AdvancedViewerWordDocument" time="0.000" classname="SQL2022_DB.AdvancedViewer_Script">
    <skipped/>
  </testcase> <!-- AdvancedViewerWordDocument -->
  <testcase name="AdvancedViewerWordDocument" time="0.000" classname="SQL2022_DB.AdvancedViewer_Script">
    <skipped/>
  </testcase> <!-- AdvancedViewerWordDocument -->
  <testcase name="AdvancedViewerWordDocument" time="0.000" classname="SQL2022_DB.AdvancedViewer_Script">
    <skipped/>
  </testcase> <!-- AdvancedViewerWordDocument -->
  <testcase name="AdvancedViewerWordDocument" time="0.000" classname="SQL2022_DB.AdvancedViewer_Script">
    <skipped/>
  </testcase> <!-- AdvancedViewerWordDocument -->
  <testcase name="AdvancedViewerWordDocument" time="0.000" classname="SQL2022_DB.AdvancedViewer_Script">
    <skipped/>
  </testcase> <!-- AdvancedViewerWordDocument -->
  <testcase name="AdvancedViewerWordDocument" time="0.000" classname="SQL2022_DB.AdvancedViewer_Script">
    <skipped/>
  </testcase> <!-- AdvancedViewerWordDocument -->
  <testcase name="AdvancedViewerWordDocument" time="0.000" classname="SQL2022_DB.AdvancedViewer_Script">
    <skipped/>
  </testcase> <!-- AdvancedViewerWordDocument -->
  <testcase name="AdvancedViewerWordDocument" time="0.000" classname="SQL2022_DB.AdvancedViewer_Script">
    <skipped/>
  </testcase> <!-- AdvancedViewerWordDocument -->
  <testcase name="AdvancedViewerWordDocument" time="0.000" classname="SQL2022_DB.AdvancedViewer_Script">
    <skipped/>
  </testcase> <!-- AdvancedViewerWordDocument -->
  <testcase name="AdvancedViewerWordDocument" time="0.000" classname="SQL2022_DB.AdvancedViewer_Script">
    <skipped/>
  </testcase> <!-- AdvancedViewerWordDocument -->
  <testcase name="AdvancedViewerWordDocument" time="0.000" classname="SQL2022_DB.AdvancedViewer_Script">
    <skipped/>
  </testcase> <!-- AdvancedViewerWordDocument -->
  <testcase name="AdvancedViewerWordDocument" time="0.000" classname="SQL2022_DB.AdvancedViewer_Script">
    <skipped/>
  </testcase> <!-- AdvancedViewerWordDocument -->
  <testcase name="AdvancedViewerWordDocument" time="0.000" classname="SQL2022_DB.AdvancedViewer_Script">
    <skipped/>
  </testcase> <!-- AdvancedViewerWordDocument -->
  <testcase name="AdvancedViewerWordDocument" time="0.000" classname="SQL2022_DB.AdvancedViewer_Script">
    <skipped/>
  </testcase> <!-- AdvancedViewerWordDocument -->
  <testcase name="AdvancedViewerWordDocument" time="0.000" classname="SQL2022_DB.AdvancedViewer_Script">
    <skipped/>
  </testcase> <!-- AdvancedViewerWordDocument -->
  <testcase name="AdvancedViewerWordDocument" time="0.000" classname="SQL2022_DB.AdvancedViewer_Script">
    <skipped/>
  </testcase> <!-- AdvancedViewerWordDocument -->
  <testcase name="AdvancedViewerWordDocument" time="0.000" classname="SQL2022_DB.AdvancedViewer_Script">
    <skipped/>
  </testcase> <!-- AdvancedViewerWordDocument -->
  <testcase name="AdvancedViewerWordDocument" time="0.000" classname="SQL2022_DB.AdvancedViewer_Script">
    <skipped/>
  </testcase> <!-- AdvancedViewerWordDocument -->
  <testcase name="AdvancedViewerWordDocument" time="0.000" classname="SQL2022_DB.AdvancedViewer_Script">
    <skipped/>
  </testcase> <!-- AdvancedViewerWordDocument -->
  <testcase name="AdvancedViewerWordDocument" time="0.000" classname="SQL2022_DB.AdvancedViewer_Script">
    <skipped/>
  </testcase> <!-- AdvancedViewerWordDocument -->
  <testcase name="AdvancedViewerWordDocument" time="0.000" classname="SQL2022_DB.AdvancedViewer_Script">
    <skipped/>
  </testcase> <!-- AdvancedViewerWordDocument -->
  <testcase name="AdvancedViewerWordDocument" time="0.000" classname="SQL2022_DB.AdvancedViewer_Script">
    <skipped/>
  </testcase> <!-- AdvancedViewerWordDocument -->
  <testcase name="AdvancedViewerWordDocument" time="0.000" classname="SQL2022_DB.AdvancedViewer_Script">
    <skipped/>
  </testcase> <!-- AdvancedViewerWordDocument -->
  <testcase name="AdvancedViewerWordDocument" time="0.000" classname="SQL2022_DB.AdvancedViewer_Script">
    <skipped/>
  </testcase> <!-- AdvancedViewerWordDocument -->
  <testcase name="AdvancedViewerWordDocument" time="0.000" classname="SQL2022_DB.AdvancedViewer_Script">
    <skipped/>
  </testcase> <!-- AdvancedViewerWordDocument -->
  <testcase name="AdvancedViewerWordDocument" time="0.000" classname="SQL2022_DB.AdvancedViewer_Script">
    <skipped/>
  </testcase> <!-- AdvancedViewerWordDocument -->
  <testcase name="AdvancedViewerWordDocument" time="0.000" classname="SQL2022_DB.AdvancedViewer_Script">
    <skipped/>
  </testcase> <!-- AdvancedViewerWordDocument -->
  <testcase name="AdvancedViewerWordDocument" time="0.000" classname="SQL2022_DB.AdvancedViewer_Script">
    <skipped/>
  </testcase> <!-- AdvancedViewerWordDocument -->
  <testcase name="AdvancedViewerWordDocument" time="0.000" classname="SQL2022_DB.AdvancedViewer_Script">
    <skipped/>
  </testcase> <!-- AdvancedViewerWordDocument -->
  <testcase name="AdvancedViewerWordDocument" time="0.000" classname="SQL2022_DB.AdvancedViewer_Script">
    <skipped/>
  </testcase> <!-- AdvancedViewerWordDocument -->
  <testcase name="AdvancedViewerWordDocument" time="0.000" classname="SQL2022_DB.AdvancedViewer_Script">
    <skipped/>
  </testcase> <!-- AdvancedViewerWordDocument -->
  <testcase name="AdvancedViewerWordDocument" time="0.000" classname="SQL2022_DB.AdvancedViewer_Script">
    <skipped/>
  </testcase> <!-- AdvancedViewerWordDocument -->
  <testcase name="AdvancedViewerWordDocument" time="0.000" classname="SQL2022_DB.AdvancedViewer_Script">
    <skipped/>
  </testcase> <!-- AdvancedViewerWordDocument -->
  <testcase name="AdvancedViewerWordDocument" time="0.000" classname="SQL2022_DB.AdvancedViewer_Script">
    <skipped/>
  </testcase> <!-- AdvancedViewerWordDocument -->
  <testcase name="AdvancedViewerWordDocument" time="0.000" classname="SQL2022_DB.AdvancedViewer_Script">
    <skipped/>
  </testcase> <!-- AdvancedViewerWordDocument -->
  <testcase name="AdvancedViewerWordDocument" time="0.000" classname="SQL2022_DB.AdvancedViewer_Script">
    <skipped/>
  </testcase> <!-- AdvancedViewerWordDocument -->
  <testcase name="AdvancedViewerWordDocument" time="0.000" classname="SQL2022_DB.AdvancedViewer_Script">
    <skipped/>
  </testcase> <!-- AdvancedViewerWordDocument -->
  <testcase name="AdvancedViewerWordDocument" time="0.000" classname="SQL2022_DB.AdvancedViewer_Script">
    <skipped/>
  </testcase> <!-- AdvancedViewerWordDocument -->
  <testcase name="AdvancedViewerWordDocument" time="0.000" classname="SQL2022_DB.AdvancedViewer_Script">
    <skipped/>
  </testcase> <!-- AdvancedViewerWordDocument -->
  <testcase name="AdvancedViewerWordDocument" time="0.000" classname="SQL2022_DB.AdvancedViewer_Script">
    <skipped/>
  </testcase> <!-- AdvancedViewerWordDocument -->
  <testcase name="AdvancedViewerWordDocument" time="0.000" classname="SQL2022_DB.AdvancedViewer_Script">
    <skipped/>
  </testcase> <!-- AdvancedViewerWordDocument -->
  <testcase name="AdvancedViewerWordDocument" time="0.000" classname="SQL2022_DB.AdvancedViewer_Script">
    <skipped/>
  </testcase> <!-- AdvancedViewerWordDocument -->
  <testcase name="AdvancedViewerWordDocument" time="0.000" classname="SQL2022_DB.AdvancedViewer_Script">
    <skipped/>
  </testcase> <!-- AdvancedViewerWordDocument -->
  <testcase name="AdvancedViewerWordDocument" time="0.000" classname="SQL2022_DB.AdvancedViewer_Script">
    <skipped/>
  </testcase> <!-- AdvancedViewerWordDocument -->
  <testcase name="AdvancedViewerWordDocument" time="0.000" classname="SQL2022_DB.AdvancedViewer_Script">
    <skipped/>
  </testcase> <!-- AdvancedViewerWordDocument -->
  <testcase name="AdvancedViewerWordDocument" time="0.000" classname="SQL2022_DB.AdvancedViewer_Script">
    <skipped/>
  </testcase> <!-- AdvancedViewerWordDocument -->
  <testcase name="AdvancedViewerWordDocument" time="0.000" classname="SQL2022_DB.AdvancedViewer_Script">
    <skipped/>
  </testcase> <!-- AdvancedViewerWordDocument -->
  <testcase name="AdvancedViewerWordDocument" time="0.000" classname="SQL2022_DB.AdvancedViewer_Script">
    <skipped/>
  </testcase> <!-- AdvancedViewerWordDocument -->
  <testcase name="AdvancedViewerWordDocument" time="0.000" classname="SQL2022_DB.AdvancedViewer_Script">
    <skipped/>
  </testcase> <!-- AdvancedViewerWordDocument -->
  <testcase name="AdvancedViewerWordDocument" time="0.000" classname="SQL2022_DB.AdvancedViewer_Script">
    <skipped/>
  </testcase> <!-- AdvancedViewerWordDocument -->
  <testcase name="AdvancedViewerWordDocument" time="0.000" classname="SQL2022_DB.AdvancedViewer_Script">
    <skipped/>
  </testcase> <!-- AdvancedViewerWordDocument -->
  <testcase name="AdvancedViewerWordDocument" time="0.000" classname="SQL2022_DB.AdvancedViewer_Script">
    <skipped/>
  </testcase> <!-- AdvancedViewerWordDocument -->
  <testcase name="AdvancedViewerWordDocument" time="0.000" classname="SQL2022_DB.AdvancedViewer_Script">
    <skipped/>
  </testcase> <!-- AdvancedViewerWordDocument -->
  <testcase name="AdvancedViewerWordDocument" time="0.000" classname="SQL2022_DB.AdvancedViewer_Script">
    <skipped/>
  </testcase> <!-- AdvancedViewerWordDocument -->
  <testcase name="AdvancedViewerWordDocument" time="0.000" classname="SQL2022_DB.AdvancedViewer_Script">
    <skipped/>
  </testcase> <!-- AdvancedViewerWordDocument -->
  <testcase name="AdvancedViewerWordDocument" time="0.000" classname="SQL2022_DB.AdvancedViewer_Script">
    <skipped/>
  </testcase> <!-- AdvancedViewerWordDocument -->
  <testcase name="AdvancedViewerWordDocument" time="0.000" classname="SQL2022_DB.AdvancedViewer_Script">
    <skipped/>
  </testcase> <!-- AdvancedViewerWordDocument -->
  <testcase name="AdvancedViewerWordDocument" time="0.000" classname="SQL2022_DB.AdvancedViewer_Script">
    <skipped/>
  </testcase> <!-- AdvancedViewerWordDocument -->
  <testcase name="AdvancedViewerWordDocument" time="0.000" classname="SQL2022_DB.AdvancedViewer_Script">
    <skipped/>
  </testcase> <!-- AdvancedViewerWordDocument -->
  <testcase name="AdvancedViewerWordDocument" time="0.000" classname="SQL2022_DB.AdvancedViewer_Script">
    <skipped/>
  </testcase> <!-- AdvancedViewerWordDocument -->
  <testcase name="AdvancedViewerWordDocument" time="0.000" classname="SQL2022_DB.AdvancedViewer_Script">
    <skipped/>
  </testcase> <!-- AdvancedViewerWordDocument -->
  <testcase name="AdvancedViewerWordDocument" time="0.000" classname="SQL2022_DB.AdvancedViewer_Script">
    <skipped/>
  </testcase> <!-- AdvancedViewerWordDocument -->
  <testcase name="AdvancedViewerWordDocument" time="0.000" classname="SQL2022_DB.AdvancedViewer_Script">
    <skipped/>
  </testcase> <!-- AdvancedViewerWordDocument -->
  <testcase name="AdvancedViewerWordDocument" time="0.000" classname="SQL2022_DB.AdvancedViewer_Script">
    <skipped/>
  </testcase> <!-- AdvancedViewerWordDocument -->
  <testcase name="AdvancedViewerWordDocument" time="0.000" classname="SQL2022_DB.AdvancedViewer_Script">
    <skipped/>
  </testcase> <!-- AdvancedViewerWordDocument -->
  <testcase name="AdvancedViewerWordDocument" time="0.000" classname="SQL2022_DB.AdvancedViewer_Script">
    <skipped/>
  </testcase> <!-- AdvancedViewerWordDocument -->
  <testcase name="AdvancedViewerWordDocument" time="0.000" classname="SQL2022_DB.AdvancedViewer_Script">
    <skipped/>
  </testcase> <!-- AdvancedViewerWordDocument -->
  <testcase name="AdvancedViewerWordDocument" time="0.000" classname="SQL2022_DB.AdvancedViewer_Script">
    <skipped/>
  </testcase> <!-- AdvancedViewerWordDocument -->
  <testcase name="AdvancedViewerWordDocument" time="0.000" classname="SQL2022_DB.AdvancedViewer_Script">
    <skipped/>
  </testcase> <!-- AdvancedViewerWordDocument -->
  <testcase name="AdvancedViewerWordDocument" time="0.000" classname="SQL2022_DB.AdvancedViewer_Script">
    <skipped/>
  </testcase> <!-- AdvancedViewerWordDocument -->
  <testcase name="AdvancedViewerWordDocument" time="0.000" classname="SQL2022_DB.AdvancedViewer_Script">
    <skipped/>
  </testcase> <!-- AdvancedViewerWordDocument -->
  <testcase name="AdvancedViewerWordDocument" time="0.000" classname="SQL2022_DB.AdvancedViewer_Script">
    <skipped/>
  </testcase> <!-- AdvancedViewerWordDocument -->
  <testcase name="AdvancedViewerWordDocument" time="0.000" classname="SQL2022_DB.AdvancedViewer_Script">
    <skipped/>
  </testcase> <!-- AdvancedViewerWordDocument -->
  <testcase name="AdvancedViewerWordDocument" time="0.000" classname="SQL2022_DB.AdvancedViewer_Script">
    <skipped/>
  </testcase> <!-- AdvancedViewerWordDocument -->
  <testcase name="AdvancedViewerWordDocument" time="0.000" classname="SQL2022_DB.AdvancedViewer_Script">
    <skipped/>
  </testcase> <!-- AdvancedViewerWordDocument -->
  <testcase name="AdvancedViewerWordDocument" time="0.000" classname="SQL2022_DB.AdvancedViewer_Script">
    <skipped/>
  </testcase> <!-- AdvancedViewerWordDocument -->
  <testcase name="AdvancedViewerWordDocument" time="0.000" classname="SQL2022_DB.AdvancedViewer_Script">
    <skipped/>
  </testcase> <!-- AdvancedViewerWordDocument -->
  <testcase name="AdvancedViewerWordDocument" time="0.000" classname="SQL2022_DB.AdvancedViewer_Script">
    <skipped/>
  </testcase> <!-- AdvancedViewerWordDocument -->
  <testcase name="AdvancedViewerWordDocument" time="0.000" classname="SQL2022_DB.AdvancedViewer_Script">
    <skipped/>
  </testcase> <!-- AdvancedViewerWordDocument -->
  <testcase name="AdvancedViewerWordDocument" time="0.000" classname="SQL2022_DB.AdvancedViewer_Script">
    <skipped/>
  </testcase> <!-- AdvancedViewerWordDocument -->
  <testcase name="AdvancedViewerWordDocument" time="0.000" classname="SQL2022_DB.AdvancedViewer_Script">
    <skipped/>
  </testcase> <!-- AdvancedViewerWordDocument -->
  <testcase name="AdvancedViewerWordDocument" time="0.000" classname="SQL2022_DB.AdvancedViewer_Script">
    <skipped/>
  </testcase> <!-- AdvancedViewerWordDocument -->
  <testcase name="AdvancedViewerWordDocument" time="0.000" classname="SQL2022_DB.AdvancedViewer_Script">
    <skipped/>
  </testcase> <!-- AdvancedViewerWordDocument -->
  <testcase name="AdvancedViewerWordDocument" time="0.000" classname="SQL2022_DB.AdvancedViewer_Script">
    <skipped/>
  </testcase> <!-- AdvancedViewerWordDocument -->
  <testcase name="AdvancedViewerWordDocument" time="0.000" classname="SQL2022_DB.AdvancedViewer_Script">
    <skipped/>
  </testcase> <!-- AdvancedViewerWordDocument -->
  <testcase name="AdvancedViewerWordDocument" time="0.000" classname="SQL2022_DB.AdvancedViewer_Script">
    <skipped/>
  </testcase> <!-- AdvancedViewerWordDocument -->
  <testcase name="AdvancedViewerWordDocument" time="0.000" classname="SQL2022_DB.AdvancedViewer_Script">
    <skipped/>
  </testcase> <!-- AdvancedViewerWordDocument -->
  <testcase name="AdvancedViewerWordDocument" time="0.000" classname="SQL2022_DB.AdvancedViewer_Script">
    <skipped/>
  </testcase> <!-- AdvancedViewerWordDocument -->
  <testcase name="AdvancedViewerWordDocument" time="0.000" classname="SQL2022_DB.AdvancedViewer_Script">
    <skipped/>
  </testcase> <!-- AdvancedViewerWordDocument -->
  <testcase name="AdvancedViewerWordDocument" time="0.000" classname="SQL2022_DB.AdvancedViewer_Script">
    <skipped/>
  </testcase> <!-- AdvancedViewerWordDocument -->
  <testcase name="AdvancedViewerWordDocument" time="0.000" classname="SQL2022_DB.AdvancedViewer_Script">
    <skipped/>
  </testcase> <!-- AdvancedViewerWordDocument -->
  <testcase name="AdvancedViewerWordDocument" time="0.000" classname="SQL2022_DB.AdvancedViewer_Script">
    <skipped/>
  </testcase> <!-- AdvancedViewerWordDocument -->
  <testcase name="AdvancedViewerWordDocument" time="0.000" classname="SQL2022_DB.AdvancedViewer_Script">
    <skipped/>
  </testcase> <!-- AdvancedViewerWordDocument -->
  <testcase name="AdvancedViewerWordDocument" time="0.000" classname="SQL2022_DB.AdvancedViewer_Script">
    <skipped/>
  </testcase> <!-- AdvancedViewerWordDocument -->
  <testcase name="AdvancedViewerWordDocument" time="0.000" classname="SQL2022_DB.AdvancedViewer_Script">
    <skipped/>
  </testcase> <!-- AdvancedViewerWordDocument -->
  <testcase name="AdvancedViewerWordDocument" time="0.000" classname="SQL2022_DB.AdvancedViewer_Script">
    <skipped/>
  </testcase> <!-- AdvancedViewerWordDocument -->
  <testcase name="AdvancedViewerWordDocument" time="0.000" classname="SQL2022_DB.AdvancedViewer_Script">
    <skipped/>
  </testcase> <!-- AdvancedViewerWordDocument -->
  <testcase name="AdvancedViewerWordDocument" time="0.000" classname="SQL2022_DB.AdvancedViewer_Script">
    <skipped/>
  </testcase> <!-- AdvancedViewerWordDocument -->
  <testcase name="AdvancedViewerWordDocument" time="0.000" classname="SQL2022_DB.AdvancedViewer_Script">
    <skipped/>
  </testcase> <!-- AdvancedViewerWordDocument -->
  <testcase name="AdvancedViewerWordDocument" time="0.000" classname="SQL2022_DB.AdvancedViewer_Script">
    <skipped/>
  </testcase> <!-- AdvancedViewerWordDocument -->
  <testcase name="AdvancedViewerWordDocument" time="0.000" classname="SQL2022_DB.AdvancedViewer_Script">
    <skipped/>
  </testcase> <!-- AdvancedViewerWordDocument -->
  <testcase name="AdvancedViewerWordDocument" time="0.000" classname="SQL2022_DB.AdvancedViewer_Script">
    <skipped/>
  </testcase> <!-- AdvancedViewerWordDocument -->
  <testcase name="AdvancedViewerWordDocument" time="0.000" classname="SQL2022_DB.AdvancedViewer_Script">
    <skipped/>
  </testcase> <!-- AdvancedViewerWordDocument -->
  <testcase name="AdvancedViewerWordDocument" time="0.000" classname="SQL2022_DB.AdvancedViewer_Script">
    <skipped/>
  </testcase> <!-- AdvancedViewerWordDocument -->
  <testcase name="AdvancedViewerWordDocument" time="0.000" classname="SQL2022_DB.AdvancedViewer_Script">
    <skipped/>
  </testcase> <!-- AdvancedViewerWordDocument -->
  <testcase name="AdvancedViewerWordDocument" time="0.000" classname="SQL2022_DB.AdvancedViewer_Script">
    <skipped/>
  </testcase> <!-- AdvancedViewerWordDocument -->
  <testcase name="AdvancedViewerWordDocument" time="0.000" classname="SQL2022_DB.AdvancedViewer_Script">
    <skipped/>
  </testcase> <!-- AdvancedViewerWordDocument -->
  <testcase name="AdvancedViewerWordDocument" time="0.000" classname="SQL2022_DB.AdvancedViewer_Script">
    <skipped/>
  </testcase> <!-- AdvancedViewerWordDocument -->
  <testcase name="AdvancedViewerWordDocument" time="0.000" classname="SQL2022_DB.AdvancedViewer_Script">
    <skipped/>
  </testcase> <!-- AdvancedViewerWordDocument -->
  <testcase name="AdvancedViewerWordDocument" time="0.000" classname="SQL2022_DB.AdvancedViewer_Script">
    <skipped/>
  </testcase> <!-- AdvancedViewerWordDocument -->
  <testcase name="AdvancedViewerWordDocument" time="0.000" classname="SQL2022_DB.AdvancedViewer_Script">
    <skipped/>
  </testcase> <!-- AdvancedViewerWordDocument -->
  <testcase name="AdvancedViewerWordDocument" time="0.000" classname="SQL2022_DB.AdvancedViewer_Script">
    <skipped/>
  </testcase> <!-- AdvancedViewerWordDocument -->
  <testcase name="AdvancedViewerWordDocument" time="0.000" classname="SQL2022_DB.AdvancedViewer_Script">
    <skipped/>
  </testcase> <!-- AdvancedViewerWordDocument -->
  <testcase name="AdvancedViewerWordDocument" time="0.000" classname="SQL2022_DB.AdvancedViewer_Script">
    <skipped/>
  </testcase> <!-- AdvancedViewerWordDocument -->
  <testcase name="AdvancedViewerWordDocument" time="0.000" classname="SQL2022_DB.AdvancedViewer_Script">
    <skipped/>
  </testcase> <!-- AdvancedViewerWordDocument -->
  <testcase name="AdvancedViewerWordDocument" time="0.000" classname="SQL2022_DB.AdvancedViewer_Script">
    <skipped/>
  </testcase> <!-- AdvancedViewerWordDocument -->
  <testcase name="AdvancedViewerWordDocument" time="0.000" classname="SQL2022_DB.AdvancedViewer_Script">
    <skipped/>
  </testcase> <!-- AdvancedViewerWordDocument -->
  <testcase name="AdvancedViewerWordDocument" time="0.000" classname="SQL2022_DB.AdvancedViewer_Script">
    <skipped/>
  </testcase> <!-- AdvancedViewerWordDocument -->
  <testcase name="AdvancedViewerWordDocument" time="0.000" classname="SQL2022_DB.AdvancedViewer_Script">
    <skipped/>
  </testcase> <!-- AdvancedViewerWordDocument -->
  <testcase name="AdvancedViewerWordDocument" time="0.000" classname="SQL2022_DB.AdvancedViewer_Script">
    <skipped/>
  </testcase> <!-- AdvancedViewerWordDocument -->
  <testcase name="AdvancedViewerWordDocument" time="0.000" classname="SQL2022_DB.AdvancedViewer_Script">
    <skipped/>
  </testcase> <!-- AdvancedViewerWordDocument -->
  <testcase name="AdvancedViewerWordDocument" time="0.000" classname="SQL2022_DB.AdvancedViewer_Script">
    <skipped/>
  </testcase> <!-- AdvancedViewerWordDocument -->
  <testcase name="AdvancedViewerWordDocument" time="0.000" classname="SQL2022_DB.AdvancedViewer_Script">
    <skipped/>
  </testcase> <!-- AdvancedViewerWordDocument -->
  <testcase name="AdvancedViewerWordDocument" time="0.000" classname="SQL2022_DB.AdvancedViewer_Script">
    <skipped/>
  </testcase> <!-- AdvancedViewerWordDocument -->
  <testcase name="AdvancedViewerWordDocument" time="0.000" classname="SQL2022_DB.AdvancedViewer_Script">
    <skipped/>
  </testcase> <!-- AdvancedViewerWordDocument -->
  <testcase name="AdvancedViewerWordDocument" time="0.000" classname="SQL2022_DB.AdvancedViewer_Script">
    <skipped/>
  </testcase> <!-- AdvancedViewerWordDocument -->
  <testcase name="AdvancedViewerWordDocument" time="0.000" classname="SQL2022_DB.AdvancedViewer_Script">
    <skipped/>
  </testcase> <!-- AdvancedViewerWordDocument -->
  <testcase name="AdvancedViewerWordDocument" time="0.000" classname="SQL2022_DB.AdvancedViewer_Script">
    <skipped/>
  </testcase> <!-- AdvancedViewerWordDocument -->
  <testcase name="AdvancedViewerWordDocument" time="0.000" classname="SQL2022_DB.AdvancedViewer_Script">
    <skipped/>
  </testcase> <!-- AdvancedViewerWordDocument -->
  <testcase name="AdvancedViewerWordDocument" time="0.000" classname="SQL2022_DB.AdvancedViewer_Script">
    <skipped/>
  </testcase> <!-- AdvancedViewerWordDocument -->
  <testcase name="AdvancedViewerWordDocument" time="0.000" classname="SQL2022_DB.AdvancedViewer_Script">
    <skipped/>
  </testcase> <!-- AdvancedViewerWordDocument -->
  <testcase name="AdvancedViewerWordDocument" time="0.000" classname="SQL2022_DB.AdvancedViewer_Script">
    <skipped/>
  </testcase> <!-- AdvancedViewerWordDocument -->
  <testcase name="AdvancedViewerWordDocument" time="0.000" classname="SQL2022_DB.AdvancedViewer_Script">
    <skipped/>
  </testcase> <!-- AdvancedViewerWordDocument -->
  <testcase name="AdvancedViewerWordDocument" time="0.000" classname="SQL2022_DB.AdvancedViewer_Script">
    <skipped/>
  </testcase> <!-- AdvancedViewerWordDocument -->
  <testcase name="AdvancedViewerWordDocument" time="0.000" classname="SQL2022_DB.AdvancedViewer_Script">
    <skipped/>
  </testcase> <!-- AdvancedViewerWordDocument -->
  <testcase name="AdvancedViewerWordDocument" time="0.000" classname="SQL2022_DB.AdvancedViewer_Script">
    <skipped/>
  </testcase> <!-- AdvancedViewerWordDocument -->
  <testcase name="AdvancedViewerWordDocument" time="0.000" classname="SQL2022_DB.AdvancedViewer_Script">
    <skipped/>
  </testcase> <!-- AdvancedViewerWordDocument -->
  <testcase name="AdvancedViewerWordDocument" time="0.000" classname="SQL2022_DB.AdvancedViewer_Script">
    <skipped/>
  </testcase> <!-- AdvancedViewerWordDocument -->
  <testcase name="AdvancedViewerWordDocument" time="0.000" classname="SQL2022_DB.AdvancedViewer_Script">
    <skipped/>
  </testcase> <!-- AdvancedViewerWordDocument -->
  <testcase name="AdvancedViewerWordDocument" time="0.000" classname="SQL2022_DB.AdvancedViewer_Script">
    <skipped/>
  </testcase> <!-- AdvancedViewerWordDocument -->
  <testcase name="AdvancedViewerWordDocument" time="0.000" classname="SQL2022_DB.AdvancedViewer_Script">
    <skipped/>
  </testcase> <!-- AdvancedViewerWordDocument -->
  <testcase name="AdvancedViewerWordDocument" time="0.000" classname="SQL2022_DB.AdvancedViewer_Script">
    <skipped/>
  </testcase> <!-- AdvancedViewerWordDocument -->
  <testcase name="AdvancedViewerWordDocument" time="0.000" classname="SQL2022_DB.AdvancedViewer_Script">
    <skipped/>
  </testcase> <!-- AdvancedViewerWordDocument -->
  <testcase name="AdvancedViewerWordDocument" time="0.000" classname="SQL2022_DB.AdvancedViewer_Script">
    <skipped/>
  </testcase> <!-- AdvancedViewerWordDocument -->
  <testcase name="AdvancedViewerWordDocument" time="0.000" classname="SQL2022_DB.AdvancedViewer_Script">
    <skipped/>
  </testcase> <!-- AdvancedViewerWordDocument -->
  <testcase name="AdvancedViewerWordDocument" time="0.000" classname="SQL2022_DB.AdvancedViewer_Script">
    <skipped/>
  </testcase> <!-- AdvancedViewerWordDocument -->
  <testcase name="AdvancedViewerWordDocument" time="0.000" classname="SQL2022_DB.AdvancedViewer_Script">
    <skipped/>
  </testcase> <!-- AdvancedViewerWordDocument -->
  <testcase name="AdvancedViewerWordDocument" time="0.000" classname="SQL2022_DB.AdvancedViewer_Script">
    <skipped/>
  </testcase> <!-- AdvancedViewerWordDocument -->
  <testcase name="AdvancedViewerWordDocument" time="0.000" classname="SQL2022_DB.AdvancedViewer_Script">
    <skipped/>
  </testcase> <!-- AdvancedViewerWordDocument -->
  <testcase name="AdvancedViewerWordDocument" time="0.000" classname="SQL2022_DB.AdvancedViewer_Script">
    <skipped/>
  </testcase> <!-- AdvancedViewerWordDocument -->
  <testcase name="AdvancedViewerWordDocument" time="0.000" classname="SQL2022_DB.AdvancedViewer_Script">
    <skipped/>
  </testcase> <!-- AdvancedViewerWordDocument -->
  <testcase name="AdvancedViewerWordDocument" time="0.000" classname="SQL2022_DB.AdvancedViewer_Script">
    <skipped/>
  </testcase> <!-- AdvancedViewerWordDocument -->
  <testcase name="AdvancedViewerWordDocument" time="0.000" classname="SQL2022_DB.AdvancedViewer_Script">
    <skipped/>
  </testcase> <!-- AdvancedViewerWordDocument -->
  <testcase name="AdvancedViewerWordDocument" time="0.000" classname="SQL2022_DB.AdvancedViewer_Script">
    <skipped/>
  </testcase> <!-- AdvancedViewerWordDocument -->
  <testcase name="AdvancedViewerWordDocument" time="0.000" classname="SQL2022_DB.AdvancedViewer_Script">
    <skipped/>
  </testcase> <!-- AdvancedViewerWordDocument -->
  <testcase name="AdvancedViewerWordDocument" time="0.000" classname="SQL2022_DB.AdvancedViewer_Script">
    <skipped/>
  </testcase> <!-- AdvancedViewerWordDocument -->
  <testcase name="AdvancedViewerWordDocument" time="0.000" classname="SQL2022_DB.AdvancedViewer_Script">
    <skipped/>
  </testcase> <!-- AdvancedViewerWordDocument -->
  <testcase name="AdvancedViewerWordDocument" time="0.000" classname="SQL2022_DB.AdvancedViewer_Script">
    <skipped/>
  </testcase> <!-- AdvancedViewerWordDocument -->
  <testcase name="AdvancedViewerWordDocument" time="0.000" classname="SQL2022_DB.AdvancedViewer_Script">
    <skipped/>
  </testcase> <!-- AdvancedViewerWordDocument -->
  <testcase name="AdvancedViewerWordDocument" time="0.000" classname="SQL2022_DB.AdvancedViewer_Script">
    <skipped/>
  </testcase> <!-- AdvancedViewerWordDocument -->
  <testcase name="AdvancedViewerWordDocument" time="0.000" classname="SQL2022_DB.AdvancedViewer_Script">
    <skipped/>
  </testcase> <!-- AdvancedViewerWordDocument -->
  <testcase name="AdvancedViewerWordDocument" time="0.000" classname="SQL2022_DB.AdvancedViewer_Script">
    <skipped/>
  </testcase> <!-- AdvancedViewerWordDocument -->
  <testcase name="AdvancedViewerWordDocument" time="0.000" classname="SQL2022_DB.AdvancedViewer_Script">
    <skipped/>
  </testcase> <!-- AdvancedViewerWordDocument -->
  <testcase name="AdvancedViewerWordDocument" time="0.000" classname="SQL2022_DB.AdvancedViewer_Script">
    <skipped/>
  </testcase> <!-- AdvancedViewerWordDocument -->
  <testcase name="AdvancedViewerWordDocument" time="0.000" classname="SQL2022_DB.AdvancedViewer_Script">
    <skipped/>
  </testcase> <!-- AdvancedViewerWordDocument -->
  <testcase name="AdvancedViewerWordDocument" time="0.000" classname="SQL2022_DB.AdvancedViewer_Script">
    <skipped/>
  </testcase> <!-- AdvancedViewerWordDocument -->
  <testcase name="AdvancedViewerWordDocument" time="0.000" classname="SQL2022_DB.AdvancedViewer_Script">
    <skipped/>
  </testcase> <!-- AdvancedViewerWordDocument -->
  <testcase name="AdvancedViewerWordDocument" time="0.000" classname="SQL2022_DB.AdvancedViewer_Script">
    <skipped/>
  </testcase> <!-- AdvancedViewerWordDocument -->
  <testcase name="AdvancedViewerWordDocument" time="0.000" classname="SQL2022_DB.AdvancedViewer_Script">
    <skipped/>
  </testcase> <!-- AdvancedViewerWordDocument -->
  <testcase name="AdvancedViewerWordDocument" time="0.000" classname="SQL2022_DB.AdvancedViewer_Script">
    <skipped/>
  </testcase> <!-- AdvancedViewerWordDocument -->
  <testcase name="AdvancedViewerWordDocument" time="0.000" classname="SQL2022_DB.AdvancedViewer_Script">
    <skipped/>
  </testcase> <!-- AdvancedViewerWordDocument -->
  <testcase name="AdvancedViewerWordDocument" time="0.000" classname="SQL2022_DB.AdvancedViewer_Script">
    <skipped/>
  </testcase> <!-- AdvancedViewerWordDocument -->
  <testcase name="AdvancedViewerWordDocument" time="0.000" classname="SQL2022_DB.AdvancedViewer_Script">
    <skipped/>
  </testcase> <!-- AdvancedViewerWordDocument -->
  <testcase name="AdvancedViewerWordDocument" time="0.000" classname="SQL2022_DB.AdvancedViewer_Script">
    <skipped/>
  </testcase> <!-- AdvancedViewerWordDocument -->
  <testcase name="AdvancedViewerWordDocument" time="0.000" classname="SQL2022_DB.AdvancedViewer_Script">
    <skipped/>
  </testcase> <!-- AdvancedViewerWordDocument -->
  <testcase name="AdvancedViewerWordDocument" time="0.000" classname="SQL2022_DB.AdvancedViewer_Script">
    <skipped/>
  </testcase> <!-- AdvancedViewerWordDocument -->
  <testcase name="AdvancedViewerWordDocument" time="0.000" classname="SQL2022_DB.AdvancedViewer_Script">
    <skipped/>
  </testcase> <!-- AdvancedViewerWordDocument -->
  <testcase name="AdvancedViewerWordDocument" time="0.000" classname="SQL2022_DB.AdvancedViewer_Script">
    <skipped/>
  </testcase> <!-- AdvancedViewerWordDocument -->
  <testcase name="AdvancedViewerWordDocument" time="0.000" classname="SQL2022_DB.AdvancedViewer_Script">
    <skipped/>
  </testcase> <!-- AdvancedViewerWordDocument -->
  <testcase name="AdvancedViewerWordDocument" time="0.000" classname="SQL2022_DB.AdvancedViewer_Script">
    <skipped/>
  </testcase> <!-- AdvancedViewerWordDocument -->
  <testcase name="AdvancedViewerWordDocument" time="0.000" classname="SQL2022_DB.AdvancedViewer_Script">
    <skipped/>
  </testcase> <!-- AdvancedViewerWordDocument -->
  <testcase name="AdvancedViewerWordDocument" time="0.000" classname="SQL2022_DB.AdvancedViewer_Script">
    <skipped/>
  </testcase> <!-- AdvancedViewerWordDocument -->
  <testcase name="AdvancedViewerWordDocument" time="0.000" classname="SQL2022_DB.AdvancedViewer_Script">
    <skipped/>
  </testcase> <!-- AdvancedViewerWordDocument -->
  <testcase name="AdvancedViewerWordDocument" time="0.000" classname="SQL2022_DB.AdvancedViewer_Script">
    <skipped/>
  </testcase> <!-- AdvancedViewerWordDocument -->
  <testcase name="AdvancedViewerWordDocument" time="0.000" classname="SQL2022_DB.AdvancedViewer_Script">
    <skipped/>
  </testcase> <!-- AdvancedViewerWordDocument -->
  <testcase name="AdvancedViewerWordDocument" time="0.000" classname="SQL2022_DB.AdvancedViewer_Script">
    <skipped/>
  </testcase> <!-- AdvancedViewerWordDocument -->
  <testcase name="AdvancedViewerWordDocument" time="0.000" classname="SQL2022_DB.AdvancedViewer_Script">
    <skipped/>
  </testcase> <!-- AdvancedViewerWordDocument -->
  <testcase name="AdvancedViewerWordDocument" time="0.000" classname="SQL2022_DB.AdvancedViewer_Script">
    <skipped/>
  </testcase> <!-- AdvancedViewerWordDocument -->
  <testcase name="AdvancedViewerWordDocument" time="0.000" classname="SQL2022_DB.AdvancedViewer_Script">
    <skipped/>
  </testcase> <!-- AdvancedViewerWordDocument -->
  <testcase name="AdvancedViewerWordDocument" time="0.000" classname="SQL2022_DB.AdvancedViewer_Script">
    <skipped/>
  </testcase> <!-- AdvancedViewerWordDocument -->
  <testcase name="AdvancedViewerWordDocument" time="0.000" classname="SQL2022_DB.AdvancedViewer_Script">
    <skipped/>
  </testcase> <!-- AdvancedViewerWordDocument -->
  <testcase name="AdvancedViewerWordDocument" time="0.000" classname="SQL2022_DB.AdvancedViewer_Script">
    <skipped/>
  </testcase> <!-- AdvancedViewerWordDocument -->
  <testcase name="AdvancedViewerWordDocument" time="0.000" classname="SQL2022_DB.AdvancedViewer_Script">
    <skipped/>
  </testcase> <!-- AdvancedViewerWordDocument -->
  <testcase name="AdvancedViewerWordDocument" time="0.000" classname="SQL2022_DB.AdvancedViewer_Script">
    <skipped/>
  </testcase> <!-- AdvancedViewerWordDocument -->
  <testcase name="AdvancedViewerWordDocument" time="0.000" classname="SQL2022_DB.AdvancedViewer_Script">
    <skipped/>
  </testcase> <!-- AdvancedViewerWordDocument -->
  <testcase name="AdvancedViewerWordDocument" time="0.000" classname="SQL2022_DB.AdvancedViewer_Script">
    <skipped/>
  </testcase> <!-- AdvancedViewerWordDocument -->
  <testcase name="AdvancedViewerWordDocument" time="0.000" classname="SQL2022_DB.AdvancedViewer_Script">
    <skipped/>
  </testcase> <!-- AdvancedViewerWordDocument -->
  <testcase name="AdvancedViewerWordDocument" time="0.000" classname="SQL2022_DB.AdvancedViewer_Script">
    <skipped/>
  </testcase> <!-- AdvancedViewerWordDocument -->
  <testcase name="AdvancedViewerWordDocument" time="0.000" classname="SQL2022_DB.AdvancedViewer_Script">
    <skipped/>
  </testcase> <!-- AdvancedViewerWordDocument -->
  <testcase name="AdvancedViewerWordDocument" time="0.000" classname="SQL2022_DB.AdvancedViewer_Script">
    <skipped/>
  </testcase> <!-- AdvancedViewerWordDocument -->
  <testcase name="AdvancedViewerWordDocument" time="0.000" classname="SQL2022_DB.AdvancedViewer_Script">
    <skipped/>
  </testcase> <!-- AdvancedViewerWordDocument -->
  <testcase name="AdvancedViewerWordDocument" time="0.000" classname="SQL2022_DB.AdvancedViewer_Script">
    <skipped/>
  </testcase> <!-- AdvancedViewerWordDocument -->
  <testcase name="AdvancedViewerWordDocument" time="0.000" classname="SQL2022_DB.AdvancedViewer_Script">
    <skipped/>
  </testcase> <!-- AdvancedViewerWordDocument -->
  <testcase name="AdvancedViewerWordDocument" time="0.000" classname="SQL2022_DB.AdvancedViewer_Script">
    <skipped/>
  </testcase> <!-- AdvancedViewerWordDocument -->
  <testcase name="AdvancedViewerWordDocument" time="0.000" classname="SQL2022_DB.AdvancedViewer_Script">
    <skipped/>
  </testcase> <!-- AdvancedViewerWordDocument -->
  <testcase name="AdvancedViewerWordDocument" time="0.000" classname="SQL2022_DB.AdvancedViewer_Script">
    <skipped/>
  </testcase> <!-- AdvancedViewerWordDocument -->
  <testcase name="AdvancedViewerWordDocument" time="0.000" classname="SQL2022_DB.AdvancedViewer_Script">
    <skipped/>
  </testcase> <!-- AdvancedViewerWordDocument -->
  <testcase name="AdvancedViewerWordDocument" time="0.000" classname="SQL2022_DB.AdvancedViewer_Script">
    <skipped/>
  </testcase> <!-- AdvancedViewerWordDocument -->
  <testcase name="AdvancedViewerWordDocument" time="0.000" classname="SQL2022_DB.AdvancedViewer_Script">
    <skipped/>
  </testcase> <!-- AdvancedViewerWordDocument -->
  <testcase name="AdvancedViewerWordDocument" time="0.000" classname="SQL2022_DB.AdvancedViewer_Script">
    <skipped/>
  </testcase> <!-- AdvancedViewerWordDocument -->
  <testcase name="AdvancedViewerWordDocument" time="0.000" classname="SQL2022_DB.AdvancedViewer_Script">
    <skipped/>
  </testcase> <!-- AdvancedViewerWordDocument -->
  <testcase name="AdvancedViewerWordDocument" time="0.000" classname="SQL2022_DB.AdvancedViewer_Script">
    <skipped/>
  </testcase> <!-- AdvancedViewerWordDocument -->
  <testcase name="AdvancedViewerWordDocument" time="0.000" classname="SQL2022_DB.AdvancedViewer_Script">
    <skipped/>
  </testcase> <!-- AdvancedViewerWordDocument -->
  <testcase name="AdvancedViewerWordDocument" time="0.000" classname="SQL2022_DB.AdvancedViewer_Script">
    <skipped/>
  </testcase> <!-- AdvancedViewerWordDocument -->
  <testcase name="AdvancedViewerWordDocument" time="0.000" classname="SQL2022_DB.AdvancedViewer_Script">
    <skipped/>
  </testcase> <!-- AdvancedViewerWordDocument -->
  <testcase name="AdvancedViewerWordDocument" time="0.000" classname="SQL2022_DB.AdvancedViewer_Script">
    <skipped/>
  </testcase> <!-- AdvancedViewerWordDocument -->
  <testcase name="AdvancedViewerWordDocument" time="0.000" classname="SQL2022_DB.AdvancedViewer_Script">
    <skipped/>
  </testcase> <!-- AdvancedViewerWordDocument -->
  <testcase name="AdvancedViewerWordDocument" time="0.000" classname="SQL2022_DB.AdvancedViewer_Script">
    <skipped/>
  </testcase> <!-- AdvancedViewerWordDocument -->
  <testcase name="AdvancedViewerWordDocument" time="0.000" classname="SQL2022_DB.AdvancedViewer_Script">
    <skipped/>
  </testcase> <!-- AdvancedViewerWordDocument -->
  <testcase name="AdvancedViewerWordDocument" time="0.000" classname="SQL2022_DB.AdvancedViewer_Script">
    <skipped/>
  </testcase> <!-- AdvancedViewerWordDocument -->
  <testcase name="AdvancedViewerWordDocument" time="0.000" classname="SQL2022_DB.AdvancedViewer_Script">
    <skipped/>
  </testcase> <!-- AdvancedViewerWordDocument -->
  <testcase name="AdvancedViewerWordDocument" time="0.000" classname="SQL2022_DB.AdvancedViewer_Script">
    <skipped/>
  </testcase> <!-- AdvancedViewerWordDocument -->
  <testcase name="AdvancedViewerWordDocument" time="0.000" classname="SQL2022_DB.AdvancedViewer_Script">
    <skipped/>
  </testcase> <!-- AdvancedViewerWordDocument -->
  <testcase name="AdvancedViewerWordDocument" time="0.000" classname="SQL2022_DB.AdvancedViewer_Script">
    <skipped/>
  </testcase> <!-- AdvancedViewerWordDocument -->
  <testcase name="AdvancedViewerWordDocument" time="0.000" classname="SQL2022_DB.AdvancedViewer_Script">
    <skipped/>
  </testcase> <!-- AdvancedViewerWordDocument -->
  <testcase name="AdvancedViewerWordDocument" time="0.000" classname="SQL2022_DB.AdvancedViewer_Script">
    <skipped/>
  </testcase> <!-- AdvancedViewerWordDocument -->
  <testcase name="AdvancedViewerWordDocument" time="0.000" classname="SQL2022_DB.AdvancedViewer_Script">
    <skipped/>
  </testcase> <!-- AdvancedViewerWordDocument -->
  <testcase name="AdvancedViewerWordDocument" time="0.000" classname="SQL2022_DB.AdvancedViewer_Script">
    <skipped/>
  </testcase> <!-- AdvancedViewerWordDocument -->
  <testcase name="AdvancedViewerWordDocument" time="0.000" classname="SQL2022_DB.AdvancedViewer_Script">
    <skipped/>
  </testcase> <!-- AdvancedViewerWordDocument -->
  <testcase name="AdvancedViewerWordDocument" time="0.000" classname="SQL2022_DB.AdvancedViewer_Script">
    <skipped/>
  </testcase> <!-- AdvancedViewerWordDocument -->
  <testcase name="AdvancedViewerWordDocument" time="0.000" classname="SQL2022_DB.AdvancedViewer_Script">
    <skipped/>
  </testcase> <!-- AdvancedViewerWordDocument -->
  <testcase name="AdvancedViewerWordDocument" time="0.000" classname="SQL2022_DB.AdvancedViewer_Script">
    <skipped/>
  </testcase> <!-- AdvancedViewerWordDocument -->
  <testcase name="AdvancedViewerWordDocument" time="0.000" classname="SQL2022_DB.AdvancedViewer_Script">
    <skipped/>
  </testcase> <!-- AdvancedViewerWordDocument -->
  <testcase name="AdvancedViewerWordDocument" time="0.000" classname="SQL2022_DB.AdvancedViewer_Script">
    <skipped/>
  </testcase> <!-- AdvancedViewerWordDocument -->
  <testcase name="AdvancedViewerWordDocument" time="0.000" classname="SQL2022_DB.AdvancedViewer_Script">
    <skipped/>
  </testcase> <!-- AdvancedViewerWordDocument -->
  <testcase name="AdvancedViewerWordDocument" time="0.000" classname="SQL2022_DB.AdvancedViewer_Script">
    <skipped/>
  </testcase> <!-- AdvancedViewerWordDocument -->
  <testcase name="AdvancedViewerWordDocument" time="0.000" classname="SQL2022_DB.AdvancedViewer_Script">
    <skipped/>
  </testcase> <!-- AdvancedViewerWordDocument -->
  <testcase name="AdvancedViewerWordDocument" time="0.000" classname="SQL2022_DB.AdvancedViewer_Script">
    <skipped/>
  </testcase> <!-- AdvancedViewerWordDocument -->
  <testcase name="AdvancedViewerWordDocument" time="0.000" classname="SQL2022_DB.AdvancedViewer_Script">
    <skipped/>
  </testcase> <!-- AdvancedViewerWordDocument -->
  <testcase name="AdvancedViewerWordDocument" time="0.000" classname="SQL2022_DB.AdvancedViewer_Script">
    <skipped/>
  </testcase> <!-- AdvancedViewerWordDocument -->
  <testcase name="AdvancedViewerWordDocument" time="0.000" classname="SQL2022_DB.AdvancedViewer_Script">
    <skipped/>
  </testcase> <!-- AdvancedViewerWordDocument -->
  <testcase name="AdvancedViewerWordDocument" time="0.000" classname="SQL2022_DB.AdvancedViewer_Script">
    <skipped/>
  </testcase> <!-- AdvancedViewerWordDocument -->
  <testcase name="AdvancedViewerWordDocument" time="0.000" classname="SQL2022_DB.AdvancedViewer_Script">
    <skipped/>
  </testcase> <!-- AdvancedViewerWordDocument -->
  <testcase name="AdvancedViewerWordDocument" time="0.000" classname="SQL2022_DB.AdvancedViewer_Script">
    <skipped/>
  </testcase> <!-- AdvancedViewerWordDocument -->
  <testcase name="AdvancedViewerWordDocument" time="0.000" classname="SQL2022_DB.AdvancedViewer_Script">
    <skipped/>
  </testcase> <!-- AdvancedViewerWordDocument -->
  <testcase name="AdvancedViewerWordDocument" time="0.000" classname="SQL2022_DB.AdvancedViewer_Script">
    <skipped/>
  </testcase> <!-- AdvancedViewerWordDocument -->
  <testcase name="AdvancedViewerWordDocument" time="0.000" classname="SQL2022_DB.AdvancedViewer_Script">
    <skipped/>
  </testcase> <!-- AdvancedViewerWordDocument -->
  <testcase name="AdvancedViewerWordDocument" time="0.000" classname="SQL2022_DB.AdvancedViewer_Script">
    <skipped/>
  </testcase> <!-- AdvancedViewerWordDocument -->
  <testcase name="AdvancedViewerWordDocument" time="0.000" classname="SQL2022_DB.AdvancedViewer_Script">
    <skipped/>
  </testcase> <!-- AdvancedViewerWordDocument -->
  <testcase name="AdvancedViewerWordDocument" time="0.000" classname="SQL2022_DB.AdvancedViewer_Script">
    <skipped/>
  </testcase> <!-- AdvancedViewerWordDocument -->
  <testcase name="AdvancedViewerWordDocument" time="0.000" classname="SQL2022_DB.AdvancedViewer_Script">
    <skipped/>
  </testcase> <!-- AdvancedViewerWordDocument -->
  <testcase name="AdvancedViewerWordDocument" time="0.000" classname="SQL2022_DB.AdvancedViewer_Script">
    <skipped/>
  </testcase> <!-- AdvancedViewerWordDocument -->
  <testcase name="AdvancedViewerWordDocument" time="0.000" classname="SQL2022_DB.AdvancedViewer_Script">
    <skipped/>
  </testcase> <!-- AdvancedViewerWordDocument -->
  <testcase name="AdvancedViewerWordDocument" time="0.000" classname="SQL2022_DB.AdvancedViewer_Script">
    <skipped/>
  </testcase> <!-- AdvancedViewerWordDocument -->
  <testcase name="AdvancedViewerWordDocument" time="0.000" classname="SQL2022_DB.AdvancedViewer_Script">
    <skipped/>
  </testcase> <!-- AdvancedViewerWordDocument -->
  <testcase name="AdvancedViewerWordDocument" time="0.000" classname="SQL2022_DB.AdvancedViewer_Script">
    <skipped/>
  </testcase> <!-- AdvancedViewerWordDocument -->
  <testcase name="AdvancedViewerWordDocument" time="0.000" classname="SQL2022_DB.AdvancedViewer_Script">
    <skipped/>
  </testcase> <!-- AdvancedViewerWordDocument -->
  <testcase name="AdvancedViewerWordDocument" time="0.000" classname="SQL2022_DB.AdvancedViewer_Script">
    <skipped/>
  </testcase> <!-- AdvancedViewerWordDocument -->
  <testcase name="AdvancedViewerWordDocument" time="0.000" classname="SQL2022_DB.AdvancedViewer_Script">
    <skipped/>
  </testcase> <!-- AdvancedViewerWordDocument -->
  <testcase name="AdvancedViewerWordDocument" time="0.000" classname="SQL2022_DB.AdvancedViewer_Script">
    <skipped/>
  </testcase> <!-- AdvancedViewerWordDocument -->
  <testcase name="AdvancedViewerWordDocument" time="0.000" classname="SQL2022_DB.AdvancedViewer_Script">
    <skipped/>
  </testcase> <!-- AdvancedViewerWordDocument -->
  <testcase name="AdvancedViewerWordDocument" time="0.000" classname="SQL2022_DB.AdvancedViewer_Script">
    <skipped/>
  </testcase> <!-- AdvancedViewerWordDocument -->
  <testcase name="AdvancedViewerWordDocument" time="0.000" classname="SQL2022_DB.AdvancedViewer_Script">
    <skipped/>
  </testcase> <!-- AdvancedViewerWordDocument -->
  <testcase name="AdvancedViewerWordDocument" time="0.000" classname="SQL2022_DB.AdvancedViewer_Script">
    <skipped/>
  </testcase> <!-- AdvancedViewerWordDocument -->
  <testcase name="AdvancedViewerWordDocument" time="0.000" classname="SQL2022_DB.AdvancedViewer_Script">
    <skipped/>
  </testcase> <!-- AdvancedViewerWordDocument -->
  <testcase name="AdvancedViewerWordDocument" time="0.000" classname="SQL2022_DB.AdvancedViewer_Script">
    <skipped/>
  </testcase> <!-- AdvancedViewerWordDocument -->
  <testcase name="AdvancedViewerWordDocument" time="0.000" classname="SQL2022_DB.AdvancedViewer_Script">
    <skipped/>
  </testcase> <!-- AdvancedViewerWordDocument -->
  <testcase name="AdvancedViewerWordDocument" time="0.000" classname="SQL2022_DB.AdvancedViewer_Script">
    <skipped/>
  </testcase> <!-- AdvancedViewerWordDocument -->
  <testcase name="AdvancedViewerWordDocument" time="0.000" classname="SQL2022_DB.AdvancedViewer_Script">
    <skipped/>
  </testcase> <!-- AdvancedViewerWordDocument -->
  <testcase name="AdvancedViewerWordDocument" time="0.000" classname="SQL2022_DB.AdvancedViewer_Script">
    <skipped/>
  </testcase> <!-- AdvancedViewerWordDocument -->
  <testcase name="AdvancedViewerWordDocument" time="0.000" classname="SQL2022_DB.AdvancedViewer_Script">
    <skipped/>
  </testcase> <!-- AdvancedViewerWordDocument -->
  <testcase name="AdvancedViewerWordDocument" time="0.000" classname="SQL2022_DB.AdvancedViewer_Script">
    <skipped/>
  </testcase> <!-- AdvancedViewerWordDocument -->
  <testcase name="AdvancedViewerWordDocument" time="0.000" classname="SQL2022_DB.AdvancedViewer_Script">
    <skipped/>
  </testcase> <!-- AdvancedViewerWordDocument -->
  <testcase name="AdvancedViewerWordDocument" time="0.000" classname="SQL2022_DB.AdvancedViewer_Script">
    <skipped/>
  </testcase> <!-- AdvancedViewerWordDocument -->
  <testcase name="AdvancedViewerWordDocument" time="0.000" classname="SQL2022_DB.AdvancedViewer_Script">
    <skipped/>
  </testcase> <!-- AdvancedViewerWordDocument -->
  <testcase name="AdvancedViewerWordDocument" time="0.000" classname="SQL2022_DB.AdvancedViewer_Script">
    <skipped/>
  </testcase> <!-- AdvancedViewerWordDocument -->
  <testcase name="AdvancedViewerWordDocument" time="0.000" classname="SQL2022_DB.AdvancedViewer_Script">
    <skipped/>
  </testcase> <!-- AdvancedViewerWordDocument -->
  <testcase name="AdvancedViewerWordDocument" time="0.000" classname="SQL2022_DB.AdvancedViewer_Script">
    <skipped/>
  </testcase> <!-- AdvancedViewerWordDocument -->
  <testcase name="AdvancedViewerWordDocument" time="0.000" classname="SQL2022_DB.AdvancedViewer_Script">
    <skipped/>
  </testcase> <!-- AdvancedViewerWordDocument -->
  <testcase name="AdvancedViewerWordDocument" time="0.000" classname="SQL2022_DB.AdvancedViewer_Script">
    <skipped/>
  </testcase> <!-- AdvancedViewerWordDocument -->
  <testcase name="AdvancedViewerWordDocument" time="0.000" classname="SQL2022_DB.AdvancedViewer_Script">
    <skipped/>
  </testcase> <!-- AdvancedViewerWordDocument -->
  <testcase name="AdvancedViewerWordDocument" time="0.000" classname="SQL2022_DB.AdvancedViewer_Script">
    <skipped/>
  </testcase> <!-- AdvancedViewerWordDocument -->
  <testcase name="AdvancedViewerWordDocument" time="0.000" classname="SQL2022_DB.AdvancedViewer_Script">
    <skipped/>
  </testcase> <!-- AdvancedViewerWordDocument -->
  <testcase name="AdvancedViewerWordDocument" time="0.000" classname="SQL2022_DB.AdvancedViewer_Script">
    <skipped/>
  </testcase> <!-- AdvancedViewerWordDocument -->
  <testcase name="AdvancedViewerWordDocument" time="0.000" classname="SQL2022_DB.AdvancedViewer_Script">
    <skipped/>
  </testcase> <!-- AdvancedViewerWordDocument -->
  <testcase name="AdvancedViewerWordDocument" time="0.000" classname="SQL2022_DB.AdvancedViewer_Script">
    <skipped/>
  </testcase> <!-- AdvancedViewerWordDocument -->
  <testcase name="AdvancedViewerWordDocument" time="0.000" classname="SQL2022_DB.AdvancedViewer_Script">
    <skipped/>
  </testcase> <!-- AdvancedViewerWordDocument -->
  <testcase name="AdvancedViewerWordDocument" time="0.000" classname="SQL2022_DB.AdvancedViewer_Script">
    <skipped/>
  </testcase> <!-- AdvancedViewerWordDocument -->
  <testcase name="AdvancedViewerWordDocument" time="0.000" classname="SQL2022_DB.AdvancedViewer_Script">
    <skipped/>
  </testcase> <!-- AdvancedViewerWordDocument -->
  <testcase name="AdvancedViewerWordDocument" time="0.000" classname="SQL2022_DB.AdvancedViewer_Script">
    <skipped/>
  </testcase> <!-- AdvancedViewerWordDocument -->
  <testcase name="AdvancedViewerWordDocument" time="0.000" classname="SQL2022_DB.AdvancedViewer_Script">
    <skipped/>
  </testcase> <!-- AdvancedViewerWordDocument -->
  <testcase name="AdvancedViewerWordDocument" time="0.000" classname="SQL2022_DB.AdvancedViewer_Script">
    <skipped/>
  </testcase> <!-- AdvancedViewerWordDocument -->
  <testcase name="AdvancedViewerWordDocument" time="0.000" classname="SQL2022_DB.AdvancedViewer_Script">
    <skipped/>
  </testcase> <!-- AdvancedViewerWordDocument -->
  <testcase name="AdvancedViewerWordDocument" time="0.000" classname="SQL2022_DB.AdvancedViewer_Script">
    <skipped/>
  </testcase> <!-- AdvancedViewerWordDocument -->
  <testcase name="AdvancedViewerWordDocument" time="0.000" classname="SQL2022_DB.AdvancedViewer_Script">
    <skipped/>
  </testcase> <!-- AdvancedViewerWordDocument -->
  <testcase name="AdvancedViewerWordDocument" time="0.000" classname="SQL2022_DB.AdvancedViewer_Script">
    <skipped/>
  </testcase> <!-- AdvancedViewerWordDocument -->
  <testcase name="AdvancedViewerWordDocument" time="0.000" classname="SQL2022_DB.AdvancedViewer_Script">
    <skipped/>
  </testcase> <!-- AdvancedViewerWordDocument -->
  <testcase name="AdvancedViewerWordDocument" time="0.000" classname="SQL2022_DB.AdvancedViewer_Script">
    <skipped/>
  </testcase> <!-- AdvancedViewerWordDocument -->
  <testcase name="AdvancedViewerWordDocument" time="0.000" classname="SQL2022_DB.AdvancedViewer_Script">
    <skipped/>
  </testcase> <!-- AdvancedViewerWordDocument -->
  <testcase name="AdvancedViewerWordDocument" time="0.000" classname="SQL2022_DB.AdvancedViewer_Script">
    <skipped/>
  </testcase> <!-- AdvancedViewerWordDocument -->
  <testcase name="AdvancedViewerWordDocument" time="0.000" classname="SQL2022_DB.AdvancedViewer_Script">
    <skipped/>
  </testcase> <!-- AdvancedViewerWordDocument -->
  <testcase name="AdvancedViewerWordDocument" time="0.000" classname="SQL2022_DB.AdvancedViewer_Script">
    <skipped/>
  </testcase> <!-- AdvancedViewerWordDocument -->
  <testcase name="AdvancedViewerWordDocument" time="0.000" classname="SQL2022_DB.AdvancedViewer_Script">
    <skipped/>
  </testcase> <!-- AdvancedViewerWordDocument -->
  <testcase name="AdvancedViewerWordDocument" time="0.000" classname="SQL2022_DB.AdvancedViewer_Script">
    <skipped/>
  </testcase> <!-- AdvancedViewerWordDocument -->
  <testcase name="AdvancedViewerWordDocument" time="0.000" classname="SQL2022_DB.AdvancedViewer_Script">
    <skipped/>
  </testcase> <!-- AdvancedViewerWordDocument -->
  <testcase name="AdvancedViewerWordDocument" time="0.000" classname="SQL2022_DB.AdvancedViewer_Script">
    <skipped/>
  </testcase> <!-- AdvancedViewerWordDocument -->
  <testcase name="AdvancedViewerWordDocument" time="0.000" classname="SQL2022_DB.AdvancedViewer_Script">
    <skipped/>
  </testcase> <!-- AdvancedViewerWordDocument -->
  <testcase name="AdvancedViewerWordDocument" time="0.000" classname="SQL2022_DB.AdvancedViewer_Script">
    <skipped/>
  </testcase> <!-- AdvancedViewerWordDocument -->
  <testcase name="AdvancedViewerWordDocument" time="0.000" classname="SQL2022_DB.AdvancedViewer_Script">
    <skipped/>
  </testcase> <!-- AdvancedViewerWordDocument -->
  <testcase name="AdvancedViewerWordDocument" time="0.000" classname="SQL2022_DB.AdvancedViewer_Script">
    <skipped/>
  </testcase> <!-- AdvancedViewerWordDocument -->
  <testcase name="AdvancedViewerWordDocument" time="0.000" classname="SQL2022_DB.AdvancedViewer_Script">
    <skipped/>
  </testcase> <!-- AdvancedViewerWordDocument -->
  <testcase name="AdvancedViewerWordDocument" time="0.000" classname="SQL2022_DB.AdvancedViewer_Script">
    <skipped/>
  </testcase> <!-- AdvancedViewerWordDocument -->
  <testcase name="AdvancedViewerWordDocument" time="0.009" classname="SQL2022_DB.AdvancedViewer_Script">
    <skipped/>
  </testcase> <!-- AdvancedViewerWordDocument -->
  <testcase name="AdvancedViewerWordDocument" time="0.000" classname="SQL2022_DB.AdvancedViewer_Script">
    <skipped/>
  </testcase> <!-- AdvancedViewerWordDocument -->
  <testcase name="AdvancedViewerWordDocument" time="0.000" classname="SQL2022_DB.AdvancedViewer_Script">
    <skipped/>
  </testcase> <!-- AdvancedViewerWordDocument -->
  <testcase name="AdvancedViewerWordDocument" time="0.000" classname="SQL2022_DB.AdvancedViewer_Script">
    <skipped/>
  </testcase> <!-- AdvancedViewerWordDocument -->
  <testcase name="AdvancedViewerWordDocument" time="0.000" classname="SQL2022_DB.AdvancedViewer_Script">
    <skipped/>
  </testcase> <!-- AdvancedViewerWordDocument -->
  <testcase name="AdvancedViewerWordDocument" time="0.000" classname="SQL2022_DB.AdvancedViewer_Script">
    <skipped/>
  </testcase> <!-- AdvancedViewerWordDocument -->
  <testcase name="AdvancedViewerWordDocument" time="0.000" classname="SQL2022_DB.AdvancedViewer_Script">
    <skipped/>
  </testcase> <!-- AdvancedViewerWordDocument -->
  <testcase name="AdvancedViewerWordDocument" time="0.000" classname="SQL2022_DB.AdvancedViewer_Script">
    <skipped/>
  </testcase> <!-- AdvancedViewerWordDocument -->
  <testcase name="AdvancedViewerWordDocument" time="0.000" classname="SQL2022_DB.AdvancedViewer_Script">
    <skipped/>
  </testcase> <!-- AdvancedViewerWordDocument -->
  <testcase name="AdvancedViewerWordDocument" time="0.000" classname="SQL2022_DB.AdvancedViewer_Script">
    <skipped/>
  </testcase> <!-- AdvancedViewerWordDocument -->
  <testcase name="AdvancedViewerWordDocument" time="0.000" classname="SQL2022_DB.AdvancedViewer_Script">
    <skipped/>
  </testcase> <!-- AdvancedViewerWordDocument -->
  <testcase name="AdvancedViewerWordDocument" time="0.000" classname="SQL2022_DB.AdvancedViewer_Script">
    <skipped/>
  </testcase> <!-- AdvancedViewerWordDocument -->
  <testcase name="AdvancedViewerWordDocument" time="0.000" classname="SQL2022_DB.AdvancedViewer_Script">
    <skipped/>
  </testcase> <!-- AdvancedViewerWordDocument -->
  <testcase name="AdvancedViewerWordDocument" time="0.000" classname="SQL2022_DB.AdvancedViewer_Script">
    <skipped/>
  </testcase> <!-- AdvancedViewerWordDocument -->
  <testcase name="AdvancedViewerWordDocument" time="0.000" classname="SQL2022_DB.AdvancedViewer_Script">
    <skipped/>
  </testcase> <!-- AdvancedViewerWordDocument -->
  <testcase name="AdvancedViewerWordDocument" time="0.000" classname="SQL2022_DB.AdvancedViewer_Script">
    <skipped/>
  </testcase> <!-- AdvancedViewerWordDocument -->
  <testcase name="AdvancedViewerWordDocument" time="0.000" classname="SQL2022_DB.AdvancedViewer_Script">
    <skipped/>
  </testcase> <!-- AdvancedViewerWordDocument -->
  <testcase name="AdvancedViewerWordDocument" time="0.000" classname="SQL2022_DB.AdvancedViewer_Script">
    <skipped/>
  </testcase> <!-- AdvancedViewerWordDocument -->
  <testcase name="AdvancedViewerWordDocument" time="0.000" classname="SQL2022_DB.AdvancedViewer_Script">
    <skipped/>
  </testcase> <!-- AdvancedViewerWordDocument -->
  <testcase name="AdvancedViewerWordDocument" time="0.000" classname="SQL2022_DB.AdvancedViewer_Script">
    <skipped/>
  </testcase> <!-- AdvancedViewerWordDocument -->
  <testcase name="AdvancedViewerWordDocument" time="0.000" classname="SQL2022_DB.AdvancedViewer_Script">
    <skipped/>
  </testcase> <!-- AdvancedViewerWordDocument -->
  <testcase name="AdvancedViewerWordDocument" time="0.000" classname="SQL2022_DB.AdvancedViewer_Script">
    <skipped/>
  </testcase> <!-- AdvancedViewerWordDocument -->
  <testcase name="AdvancedViewerWordDocument" time="0.000" classname="SQL2022_DB.AdvancedViewer_Script">
    <skipped/>
  </testcase> <!-- AdvancedViewerWordDocument -->
  <testcase name="AdvancedViewerWordDocument" time="0.000" classname="SQL2022_DB.AdvancedViewer_Script">
    <skipped/>
  </testcase> <!-- AdvancedViewerWordDocument -->
  <testcase name="AdvancedViewerWordDocument" time="0.000" classname="SQL2022_DB.AdvancedViewer_Script">
    <skipped/>
  </testcase> <!-- AdvancedViewerWordDocument -->
  <testcase name="AdvancedViewerWordDocument" time="0.000" classname="SQL2022_DB.AdvancedViewer_Script">
    <skipped/>
  </testcase> <!-- AdvancedViewerWordDocument -->
  <testcase name="AdvancedViewerWordDocument" time="0.000" classname="SQL2022_DB.AdvancedViewer_Script">
    <skipped/>
  </testcase> <!-- AdvancedViewerWordDocument -->
  <testcase name="AdvancedViewerWordDocument" time="0.000" classname="SQL2022_DB.AdvancedViewer_Script">
    <skipped/>
  </testcase> <!-- AdvancedViewerWordDocument -->
  <testcase name="AdvancedViewerWordDocument" time="0.000" classname="SQL2022_DB.AdvancedViewer_Script">
    <skipped/>
  </testcase> <!-- AdvancedViewerWordDocument -->
  <testcase name="AdvancedViewerWordDocument" time="0.000" classname="SQL2022_DB.AdvancedViewer_Script">
    <skipped/>
  </testcase> <!-- AdvancedViewerWordDocument -->
  <testcase name="AdvancedViewerWordDocument" time="0.000" classname="SQL2022_DB.AdvancedViewer_Script">
    <skipped/>
  </testcase> <!-- AdvancedViewerWordDocument -->
  <testcase name="AdvancedViewerWordDocument" time="0.000" classname="SQL2022_DB.AdvancedViewer_Script">
    <skipped/>
  </testcase> <!-- AdvancedViewerWordDocument -->
  <testcase name="AdvancedViewerWordDocument" time="0.000" classname="SQL2022_DB.AdvancedViewer_Script">
    <skipped/>
  </testcase> <!-- AdvancedViewerWordDocument -->
  <testcase name="AdvancedViewerWordDocument" time="0.000" classname="SQL2022_DB.AdvancedViewer_Script">
    <skipped/>
  </testcase> <!-- AdvancedViewerWordDocument -->
  <testcase name="AdvancedViewerWordDocument" time="0.000" classname="SQL2022_DB.AdvancedViewer_Script">
    <skipped/>
  </testcase> <!-- AdvancedViewerWordDocument -->
  <testcase name="AdvancedViewerWordDocument" time="0.000" classname="SQL2022_DB.AdvancedViewer_Script">
    <skipped/>
  </testcase> <!-- AdvancedViewerWordDocument -->
  <testcase name="AdvancedViewerWordDocument" time="0.000" classname="SQL2022_DB.AdvancedViewer_Script">
    <skipped/>
  </testcase> <!-- AdvancedViewerWordDocument -->
  <testcase name="AdvancedViewerWordDocument" time="0.000" classname="SQL2022_DB.AdvancedViewer_Script">
    <skipped/>
  </testcase> <!-- AdvancedViewerWordDocument -->
  <testcase name="AdvancedViewerWordDocument" time="0.000" classname="SQL2022_DB.AdvancedViewer_Script">
    <skipped/>
  </testcase> <!-- AdvancedViewerWordDocument -->
  <testcase name="AdvancedViewerWordDocument" time="0.000" classname="SQL2022_DB.AdvancedViewer_Script">
    <skipped/>
  </testcase> <!-- AdvancedViewerWordDocument -->
  <testcase name="AdvancedViewerWordDocument" time="0.000" classname="SQL2022_DB.AdvancedViewer_Script">
    <skipped/>
  </testcase> <!-- AdvancedViewerWordDocument -->
  <testcase name="AdvancedViewerWordDocument" time="0.000" classname="SQL2022_DB.AdvancedViewer_Script">
    <skipped/>
  </testcase> <!-- AdvancedViewerWordDocument -->
  <testcase name="AdvancedViewerWordDocument" time="0.000" classname="SQL2022_DB.AdvancedViewer_Script">
    <skipped/>
  </testcase> <!-- AdvancedViewerWordDocument -->
  <testcase name="AdvancedViewerWordDocument" time="0.000" classname="SQL2022_DB.AdvancedViewer_Script">
    <skipped/>
  </testcase> <!-- AdvancedViewerWordDocument -->
  <testcase name="AdvancedViewerWordDocument" time="0.000" classname="SQL2022_DB.AdvancedViewer_Script">
    <skipped/>
  </testcase> <!-- AdvancedViewerWordDocument -->
  <testcase name="AdvancedViewerWordDocument" time="0.000" classname="SQL2022_DB.AdvancedViewer_Script">
    <skipped/>
  </testcase> <!-- AdvancedViewerWordDocument -->
  <testcase name="AdvancedViewerWordDocument" time="0.000" classname="SQL2022_DB.AdvancedViewer_Script">
    <skipped/>
  </testcase> <!-- AdvancedViewerWordDocument -->
  <testcase name="AdvancedViewerWordDocument" time="0.000" classname="SQL2022_DB.AdvancedViewer_Script">
    <skipped/>
  </testcase> <!-- AdvancedViewerWordDocument -->
  <testcase name="AdvancedViewerWordDocument" time="0.000" classname="SQL2022_DB.AdvancedViewer_Script">
    <skipped/>
  </testcase> <!-- AdvancedViewerWordDocument -->
  <testcase name="AdvancedViewerWordDocument" time="0.000" classname="SQL2022_DB.AdvancedViewer_Script">
    <skipped/>
  </testcase> <!-- AdvancedViewerWordDocument -->
  <testcase name="AdvancedViewerWordDocument" time="0.000" classname="SQL2022_DB.AdvancedViewer_Script">
    <skipped/>
  </testcase> <!-- AdvancedViewerWordDocument -->
  <testcase name="AdvancedViewerWordDocument" time="0.000" classname="SQL2022_DB.AdvancedViewer_Script">
    <skipped/>
  </testcase> <!-- AdvancedViewerWordDocument -->
  <testcase name="AdvancedViewerWordDocument" time="0.000" classname="SQL2022_DB.AdvancedViewer_Script">
    <skipped/>
  </testcase> <!-- AdvancedViewerWordDocument -->
  <testcase name="AdvancedViewerWordDocument" time="0.000" classname="SQL2022_DB.AdvancedViewer_Script">
    <skipped/>
  </testcase> <!-- AdvancedViewerWordDocument -->
  <testcase name="AdvancedViewerWordDocument" time="0.000" classname="SQL2022_DB.AdvancedViewer_Script">
    <skipped/>
  </testcase> <!-- AdvancedViewerWordDocument -->
  <testcase name="AdvancedViewerWordDocument" time="0.000" classname="SQL2022_DB.AdvancedViewer_Script">
    <skipped/>
  </testcase> <!-- AdvancedViewerWordDocument -->
  <testcase name="AdvancedViewerWordDocument" time="0.000" classname="SQL2022_DB.AdvancedViewer_Script">
    <skipped/>
  </testcase> <!-- AdvancedViewerWordDocument -->
  <testcase name="AdvancedViewerWordDocument" time="0.000" classname="SQL2022_DB.AdvancedViewer_Script">
    <skipped/>
  </testcase> <!-- AdvancedViewerWordDocument -->
  <testcase name="AdvancedViewerWordDocument" time="0.000" classname="SQL2022_DB.AdvancedViewer_Script">
    <skipped/>
  </testcase> <!-- AdvancedViewerWordDocument -->
  <testcase name="AdvancedViewerWordDocument" time="0.000" classname="SQL2022_DB.AdvancedViewer_Script">
    <skipped/>
  </testcase> <!-- AdvancedViewerWordDocument -->
  <testcase name="AdvancedViewerWordDocument" time="0.000" classname="SQL2022_DB.AdvancedViewer_Script">
    <skipped/>
  </testcase> <!-- AdvancedViewerWordDocument -->
  <testcase name="AdvancedViewerWordDocument" time="0.000" classname="SQL2022_DB.AdvancedViewer_Script">
    <skipped/>
  </testcase> <!-- AdvancedViewerWordDocument -->
  <testcase name="AdvancedViewerWordDocument" time="0.000" classname="SQL2022_DB.AdvancedViewer_Script">
    <skipped/>
  </testcase> <!-- AdvancedViewerWordDocument -->
  <testcase name="AdvancedViewerWordDocument" time="0.000" classname="SQL2022_DB.AdvancedViewer_Script">
    <skipped/>
  </testcase> <!-- AdvancedViewerWordDocument -->
  <testcase name="AdvancedViewerWordDocument" time="0.000" classname="SQL2022_DB.AdvancedViewer_Script">
    <skipped/>
  </testcase> <!-- AdvancedViewerWordDocument -->
  <testcase name="AdvancedViewerWordDocument" time="0.000" classname="SQL2022_DB.AdvancedViewer_Script">
    <skipped/>
  </testcase> <!-- AdvancedViewerWordDocument -->
  <testcase name="AdvancedViewerWordDocument" time="0.000" classname="SQL2022_DB.AdvancedViewer_Script">
    <skipped/>
  </testcase> <!-- AdvancedViewerWordDocument -->
  <testcase name="AdvancedViewerWordDocument" time="0.000" classname="SQL2022_DB.AdvancedViewer_Script">
    <skipped/>
  </testcase> <!-- AdvancedViewerWordDocument -->
  <testcase name="AdvancedViewerWordDocument" time="0.000" classname="SQL2022_DB.AdvancedViewer_Script">
    <skipped/>
  </testcase> <!-- AdvancedViewerWordDocument -->
  <testcase name="AdvancedViewerWordDocument" time="0.000" classname="SQL2022_DB.AdvancedViewer_Script">
    <skipped/>
  </testcase> <!-- AdvancedViewerWordDocument -->
  <testcase name="AdvancedViewerWordDocument" time="0.000" classname="SQL2022_DB.AdvancedViewer_Script">
    <skipped/>
  </testcase> <!-- AdvancedViewerWordDocument -->
  <testcase name="AdvancedViewerWordDocument" time="0.000" classname="SQL2022_DB.AdvancedViewer_Script">
    <skipped/>
  </testcase> <!-- AdvancedViewerWordDocument -->
  <testcase name="AdvancedViewerWordDocument" time="0.000" classname="SQL2022_DB.AdvancedViewer_Script">
    <skipped/>
  </testcase> <!-- AdvancedViewerWordDocument -->
  <testcase name="AdvancedViewerWordDocument" time="0.000" classname="SQL2022_DB.AdvancedViewer_Script">
    <skipped/>
  </testcase> <!-- AdvancedViewerWordDocument -->
  <testcase name="AdvancedViewerWordDocument" time="0.000" classname="SQL2022_DB.AdvancedViewer_Script">
    <skipped/>
  </testcase> <!-- AdvancedViewerWordDocument -->
  <testcase name="AdvancedViewerWordDocument" time="0.000" classname="SQL2022_DB.AdvancedViewer_Script">
    <skipped/>
  </testcase> <!-- AdvancedViewerWordDocument -->
  <testcase name="AdvancedViewerWordDocument" time="0.000" classname="SQL2022_DB.AdvancedViewer_Script">
    <skipped/>
  </testcase> <!-- AdvancedViewerWordDocument -->
  <testcase name="AdvancedViewerWordDocument" time="0.000" classname="SQL2022_DB.AdvancedViewer_Script">
    <skipped/>
  </testcase> <!-- AdvancedViewerWordDocument -->
  <testcase name="AdvancedViewerWordDocument" time="0.000" classname="SQL2022_DB.AdvancedViewer_Script">
    <skipped/>
  </testcase> <!-- AdvancedViewerWordDocument -->
  <testcase name="AdvancedViewerWordDocument" time="0.000" classname="SQL2022_DB.AdvancedViewer_Script">
    <skipped/>
  </testcase> <!-- AdvancedViewerWordDocument -->
  <testcase name="AdvancedViewerWordDocument" time="0.000" classname="SQL2022_DB.AdvancedViewer_Script">
    <skipped/>
  </testcase> <!-- AdvancedViewerWordDocument -->
  <testcase name="AdvancedViewerWordDocument" time="0.000" classname="SQL2022_DB.AdvancedViewer_Script">
    <skipped/>
  </testcase> <!-- AdvancedViewerWordDocument -->
  <testcase name="AdvancedViewerWordDocument" time="0.000" classname="SQL2022_DB.AdvancedViewer_Script">
    <skipped/>
  </testcase> <!-- AdvancedViewerWordDocument -->
  <testcase name="AdvancedViewerWordDocument" time="0.000" classname="SQL2022_DB.AdvancedViewer_Script">
    <skipped/>
  </testcase> <!-- AdvancedViewerWordDocument -->
  <testcase name="AdvancedViewerWordDocument" time="0.000" classname="SQL2022_DB.AdvancedViewer_Script">
    <skipped/>
  </testcase> <!-- AdvancedViewerWordDocument -->
  <testcase name="AdvancedViewerWordDocument" time="0.000" classname="SQL2022_DB.AdvancedViewer_Script">
    <skipped/>
  </testcase> <!-- AdvancedViewerWordDocument -->
  <testcase name="AdvancedViewerWordDocument" time="0.000" classname="SQL2022_DB.AdvancedViewer_Script">
    <skipped/>
  </testcase> <!-- AdvancedViewerWordDocument -->
  <testcase name="AdvancedViewerWordDocument" time="0.000" classname="SQL2022_DB.AdvancedViewer_Script">
    <skipped/>
  </testcase> <!-- AdvancedViewerWordDocument -->
  <testcase name="AdvancedViewerWordDocument" time="0.000" classname="SQL2022_DB.AdvancedViewer_Script">
    <skipped/>
  </testcase> <!-- AdvancedViewerWordDocument -->
  <testcase name="AdvancedViewerWordDocument" time="0.000" classname="SQL2022_DB.AdvancedViewer_Script">
    <skipped/>
  </testcase> <!-- AdvancedViewerWordDocument -->
  <testcase name="AdvancedViewerWordDocument" time="0.000" classname="SQL2022_DB.AdvancedViewer_Script">
    <skipped/>
  </testcase> <!-- AdvancedViewerWordDocument -->
  <testcase name="AdvancedViewerWordDocument" time="0.000" classname="SQL2022_DB.AdvancedViewer_Script">
    <skipped/>
  </testcase> <!-- AdvancedViewerWordDocument -->
  <testcase name="AdvancedViewerWordDocument" time="0.000" classname="SQL2022_DB.AdvancedViewer_Script">
    <skipped/>
  </testcase> <!-- AdvancedViewerWordDocument -->
  <testcase name="AdvancedViewerWordDocument" time="0.000" classname="SQL2022_DB.AdvancedViewer_Script">
    <skipped/>
  </testcase> <!-- AdvancedViewerWordDocument -->
  <testcase name="AdvancedViewerWordDocument" time="0.000" classname="SQL2022_DB.AdvancedViewer_Script">
    <skipped/>
  </testcase> <!-- AdvancedViewerWordDocument -->
  <testcase name="AdvancedViewerWordDocument" time="0.000" classname="SQL2022_DB.AdvancedViewer_Script">
    <skipped/>
  </testcase> <!-- AdvancedViewerWordDocument -->
  <testcase name="AdvancedViewerWordDocument" time="0.000" classname="SQL2022_DB.AdvancedViewer_Script">
    <skipped/>
  </testcase> <!-- AdvancedViewerWordDocument -->
  <testcase name="AdvancedViewerWordDocument" time="0.000" classname="SQL2022_DB.AdvancedViewer_Script">
    <skipped/>
  </testcase> <!-- AdvancedViewerWordDocument -->
  <testcase name="AdvancedViewerWordDocument" time="0.000" classname="SQL2022_DB.AdvancedViewer_Script">
    <skipped/>
  </testcase> <!-- AdvancedViewerWordDocument -->
  <testcase name="AdvancedViewerWordDocument" time="0.000" classname="SQL2022_DB.AdvancedViewer_Script">
    <skipped/>
  </testcase> <!-- AdvancedViewerWordDocument -->
  <testcase name="AdvancedViewerWordDocument" time="0.000" classname="SQL2022_DB.AdvancedViewer_Script">
    <skipped/>
  </testcase> <!-- AdvancedViewerWordDocument -->
  <testcase name="AdvancedViewerWordDocument" time="0.000" classname="SQL2022_DB.AdvancedViewer_Script">
    <skipped/>
  </testcase> <!-- AdvancedViewerWordDocument -->
  <testcase name="AdvancedViewerWordDocument" time="0.000" classname="SQL2022_DB.AdvancedViewer_Script">
    <skipped/>
  </testcase> <!-- AdvancedViewerWordDocument -->
  <testcase name="AdvancedViewerWordDocument" time="0.000" classname="SQL2022_DB.AdvancedViewer_Script">
    <skipped/>
  </testcase> <!-- AdvancedViewerWordDocument -->
  <testcase name="AdvancedViewerWordDocument" time="0.000" classname="SQL2022_DB.AdvancedViewer_Script">
    <skipped/>
  </testcase> <!-- AdvancedViewerWordDocument -->
  <testcase name="AdvancedViewerWordDocument" time="0.000" classname="SQL2022_DB.AdvancedViewer_Script">
    <skipped/>
  </testcase> <!-- AdvancedViewerWordDocument -->
  <testcase name="AdvancedViewerWordDocument" time="0.000" classname="SQL2022_DB.AdvancedViewer_Script">
    <skipped/>
  </testcase> <!-- AdvancedViewerWordDocument -->
  <testcase name="AdvancedViewerWordDocument" time="0.000" classname="SQL2022_DB.AdvancedViewer_Script">
    <skipped/>
  </testcase> <!-- AdvancedViewerWordDocument -->
  <testcase name="AdvancedViewerWordDocument" time="0.000" classname="SQL2022_DB.AdvancedViewer_Script">
    <skipped/>
  </testcase> <!-- AdvancedViewerWordDocument -->
  <testcase name="AdvancedViewerWordDocument" time="0.000" classname="SQL2022_DB.AdvancedViewer_Script">
    <skipped/>
  </testcase> <!-- AdvancedViewerWordDocument -->
  <testcase name="AdvancedViewerWordDocument" time="0.000" classname="SQL2022_DB.AdvancedViewer_Script">
    <skipped/>
  </testcase> <!-- AdvancedViewerWordDocument -->
  <testcase name="AdvancedViewerWordDocument" time="0.000" classname="SQL2022_DB.AdvancedViewer_Script">
    <skipped/>
  </testcase> <!-- AdvancedViewerWordDocument -->
  <testcase name="AdvancedViewerWordDocument" time="0.000" classname="SQL2022_DB.AdvancedViewer_Script">
    <skipped/>
  </testcase> <!-- AdvancedViewerWordDocument -->
  <testcase name="AdvancedViewerWordDocument" time="0.000" classname="SQL2022_DB.AdvancedViewer_Script">
    <skipped/>
  </testcase> <!-- AdvancedViewerWordDocument -->
  <testcase name="AdvancedViewerWordDocument" time="0.000" classname="SQL2022_DB.AdvancedViewer_Script">
    <skipped/>
  </testcase> <!-- AdvancedViewerWordDocument -->
  <testcase name="AdvancedViewerWordDocument" time="0.000" classname="SQL2022_DB.AdvancedViewer_Script">
    <skipped/>
  </testcase> <!-- AdvancedViewerWordDocument -->
  <testcase name="AdvancedViewerWordDocument" time="0.000" classname="SQL2022_DB.AdvancedViewer_Script">
    <skipped/>
  </testcase> <!-- AdvancedViewerWordDocument -->
  <testcase name="AdvancedViewerWordDocument" time="0.000" classname="SQL2022_DB.AdvancedViewer_Script">
    <skipped/>
  </testcase> <!-- AdvancedViewerWordDocument -->
  <testcase name="AdvancedViewerWordDocument" time="0.000" classname="SQL2022_DB.AdvancedViewer_Script">
    <skipped/>
  </testcase> <!-- AdvancedViewerWordDocument -->
  <testcase name="AdvancedViewerWordDocument" time="0.000" classname="SQL2022_DB.AdvancedViewer_Script">
    <skipped/>
  </testcase> <!-- AdvancedViewerWordDocument -->
  <testcase name="AdvancedViewerWordDocument" time="0.000" classname="SQL2022_DB.AdvancedViewer_Script">
    <skipped/>
  </testcase> <!-- AdvancedViewerWordDocument -->
  <testcase name="AdvancedViewerWordDocument" time="0.000" classname="SQL2022_DB.AdvancedViewer_Script">
    <skipped/>
  </testcase> <!-- AdvancedViewerWordDocument -->
  <testcase name="AdvancedViewerWordDocument" time="0.000" classname="SQL2022_DB.AdvancedViewer_Script">
    <skipped/>
  </testcase> <!-- AdvancedViewerWordDocument -->
  <testcase name="AdvancedViewerWordDocument" time="0.000" classname="SQL2022_DB.AdvancedViewer_Script">
    <skipped/>
  </testcase> <!-- AdvancedViewerWordDocument -->
  <testcase name="AdvancedViewerWordDocument" time="0.000" classname="SQL2022_DB.AdvancedViewer_Script">
    <skipped/>
  </testcase> <!-- AdvancedViewerWordDocument -->
  <testcase name="AdvancedViewerWordDocument" time="0.000" classname="SQL2022_DB.AdvancedViewer_Script">
    <skipped/>
  </testcase> <!-- AdvancedViewerWordDocument -->
  <testcase name="AdvancedViewerWordDocument" time="0.000" classname="SQL2022_DB.AdvancedViewer_Script">
    <skipped/>
  </testcase> <!-- AdvancedViewerWordDocument -->
  <testcase name="AdvancedViewerWordDocument" time="0.000" classname="SQL2022_DB.AdvancedViewer_Script">
    <skipped/>
  </testcase> <!-- AdvancedViewerWordDocument -->
  <testcase name="AdvancedViewerWordDocument" time="0.000" classname="SQL2022_DB.AdvancedViewer_Script">
    <skipped/>
  </testcase> <!-- AdvancedViewerWordDocument -->
  <testcase name="AdvancedViewerWordDocument" time="0.000" classname="SQL2022_DB.AdvancedViewer_Script">
    <skipped/>
  </testcase> <!-- AdvancedViewerWordDocument -->
  <testcase name="AdvancedViewerWordDocument" time="0.000" classname="SQL2022_DB.AdvancedViewer_Script">
    <skipped/>
  </testcase> <!-- AdvancedViewerWordDocument -->
  <testcase name="AdvancedViewerWordDocument" time="0.000" classname="SQL2022_DB.AdvancedViewer_Script">
    <skipped/>
  </testcase> <!-- AdvancedViewerWordDocument -->
  <testcase name="AdvancedViewerWordDocument" time="0.000" classname="SQL2022_DB.AdvancedViewer_Script">
    <skipped/>
  </testcase> <!-- AdvancedViewerWordDocument -->
  <testcase name="AdvancedViewerWordDocument" time="0.000" classname="SQL2022_DB.AdvancedViewer_Script">
    <skipped/>
  </testcase> <!-- AdvancedViewerWordDocument -->
  <testcase name="AdvancedViewerWordDocument" time="0.000" classname="SQL2022_DB.AdvancedViewer_Script">
    <skipped/>
  </testcase> <!-- AdvancedViewerWordDocument -->
  <testcase name="AdvancedViewerWordDocument" time="0.000" classname="SQL2022_DB.AdvancedViewer_Script">
    <skipped/>
  </testcase> <!-- AdvancedViewerWordDocument -->
  <testcase name="AdvancedViewerWordDocument" time="0.000" classname="SQL2022_DB.AdvancedViewer_Script">
    <skipped/>
  </testcase> <!-- AdvancedViewerWordDocument -->
  <testcase name="AdvancedViewerWordDocument" time="0.000" classname="SQL2022_DB.AdvancedViewer_Script">
    <skipped/>
  </testcase> <!-- AdvancedViewerWordDocument -->
  <testcase name="AdvancedViewerWordDocument" time="0.000" classname="SQL2022_DB.AdvancedViewer_Script">
    <skipped/>
  </testcase> <!-- AdvancedViewerWordDocument -->
  <testcase name="AdvancedViewerWordDocument" time="0.000" classname="SQL2022_DB.AdvancedViewer_Script">
    <skipped/>
  </testcase> <!-- AdvancedViewerWordDocument -->
  <testcase name="AdvancedViewerWordDocument" time="0.000" classname="SQL2022_DB.AdvancedViewer_Script">
    <skipped/>
  </testcase> <!-- AdvancedViewerWordDocument -->
  <testcase name="AdvancedViewerWordDocument" time="0.000" classname="SQL2022_DB.AdvancedViewer_Script">
    <skipped/>
  </testcase> <!-- AdvancedViewerWordDocument -->
  <testcase name="AdvancedViewerWordDocument" time="0.000" classname="SQL2022_DB.AdvancedViewer_Script">
    <skipped/>
  </testcase> <!-- AdvancedViewerWordDocument -->
  <testcase name="AdvancedViewerWordDocument" time="0.000" classname="SQL2022_DB.AdvancedViewer_Script">
    <skipped/>
  </testcase> <!-- AdvancedViewerWordDocument -->
  <testcase name="AdvancedViewerWordDocument" time="0.000" classname="SQL2022_DB.AdvancedViewer_Script">
    <skipped/>
  </testcase> <!-- AdvancedViewerWordDocument -->
  <testcase name="AdvancedViewerWordDocument" time="0.000" classname="SQL2022_DB.AdvancedViewer_Script">
    <skipped/>
  </testcase> <!-- AdvancedViewerWordDocument -->
  <testcase name="AdvancedViewerWordDocument" time="0.000" classname="SQL2022_DB.AdvancedViewer_Script">
    <skipped/>
  </testcase> <!-- AdvancedViewerWordDocument -->
  <testcase name="AdvancedViewerWordDocument" time="0.000" classname="SQL2022_DB.AdvancedViewer_Script">
    <skipped/>
  </testcase> <!-- AdvancedViewerWordDocument -->
  <testcase name="AdvancedViewerWordDocument" time="0.000" classname="SQL2022_DB.AdvancedViewer_Script">
    <skipped/>
  </testcase> <!-- AdvancedViewerWordDocument -->
  <testcase name="AdvancedViewerWordDocument" time="0.000" classname="SQL2022_DB.AdvancedViewer_Script">
    <skipped/>
  </testcase> <!-- AdvancedViewerWordDocument -->
  <testcase name="AdvancedViewerWordDocument" time="0.000" classname="SQL2022_DB.AdvancedViewer_Script">
    <skipped/>
  </testcase> <!-- AdvancedViewerWordDocument -->
  <testcase name="AdvancedViewerWordDocument" time="0.000" classname="SQL2022_DB.AdvancedViewer_Script">
    <skipped/>
  </testcase> <!-- AdvancedViewerWordDocument -->
  <testcase name="AdvancedViewerWordDocument" time="0.000" classname="SQL2022_DB.AdvancedViewer_Script">
    <skipped/>
  </testcase> <!-- AdvancedViewerWordDocument -->
  <testcase name="AdvancedViewerWordDocument" time="0.000" classname="SQL2022_DB.AdvancedViewer_Script">
    <skipped/>
  </testcase> <!-- AdvancedViewerWordDocument -->
  <testcase name="AdvancedViewerWordDocument" time="0.000" classname="SQL2022_DB.AdvancedViewer_Script">
    <skipped/>
  </testcase> <!-- AdvancedViewerWordDocument -->
  <testcase name="AdvancedViewerWordDocument" time="0.000" classname="SQL2022_DB.AdvancedViewer_Script">
    <skipped/>
  </testcase> <!-- AdvancedViewerWordDocument -->
  <testcase name="AdvancedViewerWordDocument" time="0.000" classname="SQL2022_DB.AdvancedViewer_Script">
    <skipped/>
  </testcase> <!-- AdvancedViewerWordDocument -->
  <testcase name="AdvancedViewerWordDocument" time="0.000" classname="SQL2022_DB.AdvancedViewer_Script">
    <skipped/>
  </testcase> <!-- AdvancedViewerWordDocument -->
  <testcase name="AdvancedViewerWordDocument" time="0.000" classname="SQL2022_DB.AdvancedViewer_Script">
    <skipped/>
  </testcase> <!-- AdvancedViewerWordDocument -->
  <testcase name="AdvancedViewerWordDocument" time="0.000" classname="SQL2022_DB.AdvancedViewer_Script">
    <skipped/>
  </testcase> <!-- AdvancedViewerWordDocument -->
  <testcase name="AdvancedViewerWordDocument" time="0.000" classname="SQL2022_DB.AdvancedViewer_Script">
    <skipped/>
  </testcase> <!-- AdvancedViewerWordDocument -->
  <testcase name="AdvancedViewerWordDocument" time="0.000" classname="SQL2022_DB.AdvancedViewer_Script">
    <skipped/>
  </testcase> <!-- AdvancedViewerWordDocument -->
  <testcase name="AdvancedViewerWordDocument" time="0.000" classname="SQL2022_DB.AdvancedViewer_Script">
    <skipped/>
  </testcase> <!-- AdvancedViewerWordDocument -->
  <testcase name="AdvancedViewerWordDocument" time="0.000" classname="SQL2022_DB.AdvancedViewer_Script">
    <skipped/>
  </testcase> <!-- AdvancedViewerWordDocument -->
  <testcase name="AdvancedViewerWordDocument" time="0.000" classname="SQL2022_DB.AdvancedViewer_Script">
    <skipped/>
  </testcase> <!-- AdvancedViewerWordDocument -->
  <testcase name="AdvancedViewerWordDocument" time="0.000" classname="SQL2022_DB.AdvancedViewer_Script">
    <skipped/>
  </testcase> <!-- AdvancedViewerWordDocument -->
  <testcase name="AdvancedViewerWordDocument" time="0.000" classname="SQL2022_DB.AdvancedViewer_Script">
    <skipped/>
  </testcase> <!-- AdvancedViewerWordDocument -->
  <testcase name="AdvancedViewerWordDocument" time="0.000" classname="SQL2022_DB.AdvancedViewer_Script">
    <skipped/>
  </testcase> <!-- AdvancedViewerWordDocument -->
  <testcase name="AdvancedViewerWordDocument" time="0.000" classname="SQL2022_DB.AdvancedViewer_Script">
    <skipped/>
  </testcase> <!-- AdvancedViewerWordDocument -->
  <testcase name="AdvancedViewerWordDocument" time="0.000" classname="SQL2022_DB.AdvancedViewer_Script">
    <skipped/>
  </testcase> <!-- AdvancedViewerWordDocument -->
  <testcase name="AdvancedViewerWordDocument" time="0.000" classname="SQL2022_DB.AdvancedViewer_Script">
    <skipped/>
  </testcase> <!-- AdvancedViewerWordDocument -->
  <testcase name="AdvancedViewerWordDocument" time="0.000" classname="SQL2022_DB.AdvancedViewer_Script">
    <skipped/>
  </testcase> <!-- AdvancedViewerWordDocument -->
  <testcase name="AdvancedViewerWordDocument" time="0.000" classname="SQL2022_DB.AdvancedViewer_Script">
    <skipped/>
  </testcase> <!-- AdvancedViewerWordDocument -->
  <testcase name="AdvancedViewerWordDocument" time="0.000" classname="SQL2022_DB.AdvancedViewer_Script">
    <skipped/>
  </testcase> <!-- AdvancedViewerWordDocument -->
  <testcase name="AdvancedViewerWordDocument" time="0.000" classname="SQL2022_DB.AdvancedViewer_Script">
    <skipped/>
  </testcase> <!-- AdvancedViewerWordDocument -->
  <testcase name="AdvancedViewerWordDocument" time="0.000" classname="SQL2022_DB.AdvancedViewer_Script">
    <skipped/>
  </testcase> <!-- AdvancedViewerWordDocument -->
  <testcase name="AdvancedViewerWordDocument" time="0.000" classname="SQL2022_DB.AdvancedViewer_Script">
    <skipped/>
  </testcase> <!-- AdvancedViewerWordDocument -->
  <testcase name="AdvancedViewerWordDocument" time="0.000" classname="SQL2022_DB.AdvancedViewer_Script">
    <skipped/>
  </testcase> <!-- AdvancedViewerWordDocument -->
  <testcase name="AdvancedViewerWordDocument" time="0.000" classname="SQL2022_DB.AdvancedViewer_Script">
    <skipped/>
  </testcase> <!-- AdvancedViewerWordDocument -->
  <testcase name="AdvancedViewerWordDocument" time="0.000" classname="SQL2022_DB.AdvancedViewer_Script">
    <skipped/>
  </testcase> <!-- AdvancedViewerWordDocument -->
  <testcase name="AdvancedViewerWordDocument" time="0.000" classname="SQL2022_DB.AdvancedViewer_Script">
    <skipped/>
  </testcase> <!-- AdvancedViewerWordDocument -->
  <testcase name="AdvancedViewerWordDocument" time="0.000" classname="SQL2022_DB.AdvancedViewer_Script">
    <skipped/>
  </testcase> <!-- AdvancedViewerWordDocument -->
  <testcase name="AdvancedViewerWordDocument" time="0.000" classname="SQL2022_DB.AdvancedViewer_Script">
    <skipped/>
  </testcase> <!-- AdvancedViewerWordDocument -->
  <testcase name="AdvancedViewerWordDocument" time="0.000" classname="SQL2022_DB.AdvancedViewer_Script">
    <skipped/>
  </testcase> <!-- AdvancedViewerWordDocument -->
  <testcase name="AdvancedViewerWordDocument" time="0.000" classname="SQL2022_DB.AdvancedViewer_Script">
    <skipped/>
  </testcase> <!-- AdvancedViewerWordDocument -->
  <testcase name="AdvancedViewerWordDocument" time="0.000" classname="SQL2022_DB.AdvancedViewer_Script">
    <skipped/>
  </testcase> <!-- AdvancedViewerWordDocument -->
  <testcase name="AdvancedViewerWordDocument" time="0.000" classname="SQL2022_DB.AdvancedViewer_Script">
    <skipped/>
  </testcase> <!-- AdvancedViewerWordDocument -->
  <testcase name="AdvancedViewerWordDocument" time="0.000" classname="SQL2022_DB.AdvancedViewer_Script">
    <skipped/>
  </testcase> <!-- AdvancedViewerWordDocument -->
  <testcase name="AdvancedViewerWordDocument" time="0.000" classname="SQL2022_DB.AdvancedViewer_Script">
    <skipped/>
  </testcase> <!-- AdvancedViewerWordDocument -->
  <testcase name="AdvancedViewerWordDocument" time="0.000" classname="SQL2022_DB.AdvancedViewer_Script">
    <skipped/>
  </testcase> <!-- AdvancedViewerWordDocument -->
  <testcase name="AdvancedViewerWordDocument" time="0.000" classname="SQL2022_DB.AdvancedViewer_Script">
    <skipped/>
  </testcase> <!-- AdvancedViewerWordDocument -->
  <testcase name="AdvancedViewerWordDocument" time="0.000" classname="SQL2022_DB.AdvancedViewer_Script">
    <skipped/>
  </testcase> <!-- AdvancedViewerWordDocument -->
  <testcase name="AdvancedViewerWordDocument" time="0.000" classname="SQL2022_DB.AdvancedViewer_Script">
    <skipped/>
  </testcase> <!-- AdvancedViewerWordDocument -->
  <testcase name="AdvancedViewerWordDocument" time="0.000" classname="SQL2022_DB.AdvancedViewer_Script">
    <skipped/>
  </testcase> <!-- AdvancedViewerWordDocument -->
  <testcase name="AdvancedViewerWordDocument" time="0.000" classname="SQL2022_DB.AdvancedViewer_Script">
    <skipped/>
  </testcase> <!-- AdvancedViewerWordDocument -->
  <testcase name="AdvancedViewerWordDocument" time="0.000" classname="SQL2022_DB.AdvancedViewer_Script">
    <skipped/>
  </testcase> <!-- AdvancedViewerWordDocument -->
  <testcase name="AdvancedViewerWordDocument" time="0.000" classname="SQL2022_DB.AdvancedViewer_Script">
    <skipped/>
  </testcase> <!-- AdvancedViewerWordDocument -->
  <testcase name="AdvancedViewerWordDocument" time="0.000" classname="SQL2022_DB.AdvancedViewer_Script">
    <skipped/>
  </testcase> <!-- AdvancedViewerWordDocument -->
  <testcase name="AdvancedViewerWordDocument" time="0.000" classname="SQL2022_DB.AdvancedViewer_Script">
    <skipped/>
  </testcase> <!-- AdvancedViewerWordDocument -->
  <testcase name="AdvancedViewerWordDocument" time="0.000" classname="SQL2022_DB.AdvancedViewer_Script">
    <skipped/>
  </testcase> <!-- AdvancedViewerWordDocument -->
  <testcase name="AdvancedViewerWordDocument" time="0.000" classname="SQL2022_DB.AdvancedViewer_Script">
    <skipped/>
  </testcase> <!-- AdvancedViewerWordDocument -->
  <testcase name="AdvancedViewerWordDocument" time="0.000" classname="SQL2022_DB.AdvancedViewer_Script">
    <skipped/>
  </testcase> <!-- AdvancedViewerWordDocument -->
  <testcase name="AdvancedViewerWordDocument" time="0.000" classname="SQL2022_DB.AdvancedViewer_Script">
    <skipped/>
  </testcase> <!-- AdvancedViewerWordDocument -->
  <testcase name="AdvancedViewerWordDocument" time="0.000" classname="SQL2022_DB.AdvancedViewer_Script">
    <skipped/>
  </testcase> <!-- AdvancedViewerWordDocument -->
  <testcase name="AdvancedViewerWordDocument" time="0.000" classname="SQL2022_DB.AdvancedViewer_Script">
    <skipped/>
  </testcase> <!-- AdvancedViewerWordDocument -->
  <testcase name="AdvancedViewerWordDocument" time="0.000" classname="SQL2022_DB.AdvancedViewer_Script">
    <skipped/>
  </testcase> <!-- AdvancedViewerWordDocument -->
  <testcase name="AdvancedViewerWordDocument" time="0.000" classname="SQL2022_DB.AdvancedViewer_Script">
    <skipped/>
  </testcase> <!-- AdvancedViewerWordDocument -->
  <testcase name="AdvancedViewerWordDocument" time="0.000" classname="SQL2022_DB.AdvancedViewer_Script">
    <skipped/>
  </testcase> <!-- AdvancedViewerWordDocument -->
  <testcase name="AdvancedViewerWordDocument" time="0.000" classname="SQL2022_DB.AdvancedViewer_Script">
    <skipped/>
  </testcase> <!-- AdvancedViewerWordDocument -->
  <testcase name="AdvancedViewerWordDocument" time="0.000" classname="SQL2022_DB.AdvancedViewer_Script">
    <skipped/>
  </testcase> <!-- AdvancedViewerWordDocument -->
  <testcase name="AdvancedViewerWordDocument" time="0.000" classname="SQL2022_DB.AdvancedViewer_Script">
    <skipped/>
  </testcase> <!-- AdvancedViewerWordDocument -->
  <testcase name="AdvancedViewerWordDocument" time="0.000" classname="SQL2022_DB.AdvancedViewer_Script">
    <skipped/>
  </testcase> <!-- AdvancedViewerWordDocument -->
  <testcase name="AdvancedViewerWordDocument" time="0.000" classname="SQL2022_DB.AdvancedViewer_Script">
    <skipped/>
  </testcase> <!-- AdvancedViewerWordDocument -->
  <testcase name="AdvancedViewerWordDocument" time="0.000" classname="SQL2022_DB.AdvancedViewer_Script">
    <skipped/>
  </testcase> <!-- AdvancedViewerWordDocument -->
  <testcase name="AdvancedViewerWordDocument" time="0.000" classname="SQL2022_DB.AdvancedViewer_Script">
    <skipped/>
  </testcase> <!-- AdvancedViewerWordDocument -->
  <testcase name="AdvancedViewerWordDocument" time="0.000" classname="SQL2022_DB.AdvancedViewer_Script">
    <skipped/>
  </testcase> <!-- AdvancedViewerWordDocument -->
  <testcase name="AdvancedViewerWordDocument" time="0.000" classname="SQL2022_DB.AdvancedViewer_Script">
    <skipped/>
  </testcase> <!-- AdvancedViewerWordDocument -->
  <testcase name="AdvancedViewerWordDocument" time="0.000" classname="SQL2022_DB.AdvancedViewer_Script">
    <skipped/>
  </testcase> <!-- AdvancedViewerWordDocument -->
  <testcase name="AdvancedViewerWordDocument" time="0.000" classname="SQL2022_DB.AdvancedViewer_Script">
    <skipped/>
  </testcase> <!-- AdvancedViewerWordDocument -->
  <testcase name="AdvancedViewerWordDocument" time="0.000" classname="SQL2022_DB.AdvancedViewer_Script">
    <skipped/>
  </testcase> <!-- AdvancedViewerWordDocument -->
  <testcase name="AdvancedViewerWordDocument" time="0.000" classname="SQL2022_DB.AdvancedViewer_Script">
    <skipped/>
  </testcase> <!-- AdvancedViewerWordDocument -->
  <testcase name="AdvancedViewerWordDocument" time="0.000" classname="SQL2022_DB.AdvancedViewer_Script">
    <skipped/>
  </testcase> <!-- AdvancedViewerWordDocument -->
  <testcase name="AdvancedViewerWordDocument" time="0.000" classname="SQL2022_DB.AdvancedViewer_Script">
    <skipped/>
  </testcase> <!-- AdvancedViewerWordDocument -->
  <testcase name="AdvancedViewerWordDocument" time="0.000" classname="SQL2022_DB.AdvancedViewer_Script">
    <skipped/>
  </testcase> <!-- AdvancedViewerWordDocument -->
  <testcase name="AdvancedViewerWordDocument" time="0.000" classname="SQL2022_DB.AdvancedViewer_Script">
    <skipped/>
  </testcase> <!-- AdvancedViewerWordDocument -->
  <testcase name="AdvancedViewerWordDocument" time="0.000" classname="SQL2022_DB.AdvancedViewer_Script">
    <skipped/>
  </testcase> <!-- AdvancedViewerWordDocument -->
  <testcase name="AdvancedViewerWordDocument" time="0.000" classname="SQL2022_DB.AdvancedViewer_Script">
    <skipped/>
  </testcase> <!-- AdvancedViewerWordDocument -->
  <testcase name="AdvancedViewerWordDocument" time="0.000" classname="SQL2022_DB.AdvancedViewer_Script">
    <skipped/>
  </testcase> <!-- AdvancedViewerWordDocument -->
  <testcase name="AdvancedViewerWordDocument" time="0.000" classname="SQL2022_DB.AdvancedViewer_Script">
    <skipped/>
  </testcase> <!-- AdvancedViewerWordDocument -->
  <testcase name="AdvancedViewerWordDocument" time="0.000" classname="SQL2022_DB.AdvancedViewer_Script">
    <skipped/>
  </testcase> <!-- AdvancedViewerWordDocument -->
  <testcase name="AdvancedViewerWordDocument" time="0.000" classname="SQL2022_DB.AdvancedViewer_Script">
    <skipped/>
  </testcase> <!-- AdvancedViewerWordDocument -->
  <testcase name="AdvancedViewerWordDocument" time="0.000" classname="SQL2022_DB.AdvancedViewer_Script">
    <skipped/>
  </testcase> <!-- AdvancedViewerWordDocument -->
  <testcase name="AdvancedViewerWordDocument" time="0.000" classname="SQL2022_DB.AdvancedViewer_Script">
    <skipped/>
  </testcase> <!-- AdvancedViewerWordDocument -->
  <testcase name="AdvancedViewerWordDocument" time="0.000" classname="SQL2022_DB.AdvancedViewer_Script">
    <skipped/>
  </testcase> <!-- AdvancedViewerWordDocument -->
  <testcase name="AdvancedViewerWordDocument" time="0.000" classname="SQL2022_DB.AdvancedViewer_Script">
    <skipped/>
  </testcase> <!-- AdvancedViewerWordDocument -->
  <testcase name="AdvancedViewerWordDocument" time="0.000" classname="SQL2022_DB.AdvancedViewer_Script">
    <skipped/>
  </testcase> <!-- AdvancedViewerWordDocument -->
  <testcase name="AdvancedViewerWordDocument" time="0.000" classname="SQL2022_DB.AdvancedViewer_Script">
    <skipped/>
  </testcase> <!-- AdvancedViewerWordDocument -->
  <testcase name="AdvancedViewerWordDocument" time="0.000" classname="SQL2022_DB.AdvancedViewer_Script">
    <skipped/>
  </testcase> <!-- AdvancedViewerWordDocument -->
  <testcase name="AdvancedViewerWordDocument" time="0.000" classname="SQL2022_DB.AdvancedViewer_Script">
    <skipped/>
  </testcase> <!-- AdvancedViewerWordDocument -->
  <testcase name="AdvancedViewerWordDocument" time="0.000" classname="SQL2022_DB.AdvancedViewer_Script">
    <skipped/>
  </testcase> <!-- AdvancedViewerWordDocument -->
  <testcase name="AdvancedViewerWordDocument" time="0.000" classname="SQL2022_DB.AdvancedViewer_Script">
    <skipped/>
  </testcase> <!-- AdvancedViewerWordDocument -->
  <testcase name="AdvancedViewerWordDocument" time="0.000" classname="SQL2022_DB.AdvancedViewer_Script">
    <skipped/>
  </testcase> <!-- AdvancedViewerWordDocument -->
  <testcase name="AdvancedViewerWordDocument" time="0.000" classname="SQL2022_DB.AdvancedViewer_Script">
    <skipped/>
  </testcase> <!-- AdvancedViewerWordDocument -->
  <testcase name="AdvancedViewerWordDocument" time="0.000" classname="SQL2022_DB.AdvancedViewer_Script">
    <skipped/>
  </testcase> <!-- AdvancedViewerWordDocument -->
  <testcase name="AdvancedViewerWordDocument" time="0.000" classname="SQL2022_DB.AdvancedViewer_Script">
    <skipped/>
  </testcase> <!-- AdvancedViewerWordDocument -->
  <testcase name="AdvancedViewerWordDocument" time="0.000" classname="SQL2022_DB.AdvancedViewer_Script">
    <skipped/>
  </testcase> <!-- AdvancedViewerWordDocument -->
  <testcase name="AdvancedViewerWordDocument" time="0.000" classname="SQL2022_DB.AdvancedViewer_Script">
    <skipped/>
  </testcase> <!-- AdvancedViewerWordDocument -->
  <testcase name="AdvancedViewerWordDocument" time="0.000" classname="SQL2022_DB.AdvancedViewer_Script">
    <skipped/>
  </testcase> <!-- AdvancedViewerWordDocument -->
  <testcase name="AdvancedViewerWordDocument" time="0.000" classname="SQL2022_DB.AdvancedViewer_Script">
    <skipped/>
  </testcase> <!-- AdvancedViewerWordDocument -->
  <testcase name="AdvancedViewerWordDocument" time="0.000" classname="SQL2022_DB.AdvancedViewer_Script">
    <skipped/>
  </testcase> <!-- AdvancedViewerWordDocument -->
  <testcase name="AdvancedViewerWordDocument" time="0.000" classname="SQL2022_DB.AdvancedViewer_Script">
    <skipped/>
  </testcase> <!-- AdvancedViewerWordDocument -->
  <testcase name="AdvancedViewerWordDocument" time="0.000" classname="SQL2022_DB.AdvancedViewer_Script">
    <skipped/>
  </testcase> <!-- AdvancedViewerWordDocument -->
  <testcase name="AdvancedViewerWordDocument" time="0.000" classname="SQL2022_DB.AdvancedViewer_Script">
    <skipped/>
  </testcase> <!-- AdvancedViewerWordDocument -->
  <testcase name="AdvancedViewerWordDocument" time="0.000" classname="SQL2022_DB.AdvancedViewer_Script">
    <skipped/>
  </testcase> <!-- AdvancedViewerWordDocument -->
  <testcase name="AdvancedViewerWordDocument" time="0.000" classname="SQL2022_DB.AdvancedViewer_Script">
    <skipped/>
  </testcase> <!-- AdvancedViewerWordDocument -->
  <testcase name="AdvancedViewerWordDocument" time="0.000" classname="SQL2022_DB.AdvancedViewer_Script">
    <skipped/>
  </testcase> <!-- AdvancedViewerWordDocument -->
  <testcase name="AdvancedViewerWordDocument" time="0.000" classname="SQL2022_DB.AdvancedViewer_Script">
    <skipped/>
  </testcase> <!-- AdvancedViewerWordDocument -->
  <testcase name="AdvancedViewerWordDocument" time="0.000" classname="SQL2022_DB.AdvancedViewer_Script">
    <skipped/>
  </testcase> <!-- AdvancedViewerWordDocument -->
  <testcase name="AdvancedViewerWordDocument" time="0.000" classname="SQL2022_DB.AdvancedViewer_Script">
    <skipped/>
  </testcase> <!-- AdvancedViewerWordDocument -->
  <testcase name="AdvancedViewerWordDocument" time="0.000" classname="SQL2022_DB.AdvancedViewer_Script">
    <skipped/>
  </testcase> <!-- AdvancedViewerWordDocument -->
  <testcase name="AdvancedViewerWordDocument" time="0.000" classname="SQL2022_DB.AdvancedViewer_Script">
    <skipped/>
  </testcase> <!-- AdvancedViewerWordDocument -->
  <testcase name="AdvancedViewerWordDocument" time="0.000" classname="SQL2022_DB.AdvancedViewer_Script">
    <skipped/>
  </testcase> <!-- AdvancedViewerWordDocument -->
  <testcase name="AdvancedViewerWordDocument" time="0.000" classname="SQL2022_DB.AdvancedViewer_Script">
    <skipped/>
  </testcase> <!-- AdvancedViewerWordDocument -->
  <testcase name="AdvancedViewerWordDocument" time="0.000" classname="SQL2022_DB.AdvancedViewer_Script">
    <skipped/>
  </testcase> <!-- AdvancedViewerWordDocument -->
  <testcase name="AdvancedViewerWordDocument" time="0.000" classname="SQL2022_DB.AdvancedViewer_Script">
    <skipped/>
  </testcase> <!-- AdvancedViewerWordDocument -->
  <testcase name="AdvancedViewerWordDocument" time="0.000" classname="SQL2022_DB.AdvancedViewer_Script">
    <skipped/>
  </testcase> <!-- AdvancedViewerWordDocument -->
  <testcase name="AdvancedViewerWordDocument" time="0.000" classname="SQL2022_DB.AdvancedViewer_Script">
    <skipped/>
  </testcase> <!-- AdvancedViewerWordDocument -->
  <testcase name="AdvancedViewerWordDocument" time="0.000" classname="SQL2022_DB.AdvancedViewer_Script">
    <skipped/>
  </testcase> <!-- AdvancedViewerWordDocument -->
  <testcase name="AdvancedViewerWordDocument" time="0.000" classname="SQL2022_DB.AdvancedViewer_Script">
    <skipped/>
  </testcase> <!-- AdvancedViewerWordDocument -->
  <testcase name="AdvancedViewerWordDocument" time="0.000" classname="SQL2022_DB.AdvancedViewer_Script">
    <skipped/>
  </testcase> <!-- AdvancedViewerWordDocument -->
  <testcase name="AdvancedViewerWordDocument" time="0.000" classname="SQL2022_DB.AdvancedViewer_Script">
    <skipped/>
  </testcase> <!-- AdvancedViewerWordDocument -->
  <testcase name="AdvancedViewerWordDocument" time="0.000" classname="SQL2022_DB.AdvancedViewer_Script">
    <skipped/>
  </testcase> <!-- AdvancedViewerWordDocument -->
  <testcase name="AdvancedViewerWordDocument" time="0.000" classname="SQL2022_DB.AdvancedViewer_Script">
    <skipped/>
  </testcase> <!-- AdvancedViewerWordDocument -->
  <testcase name="AdvancedViewerWordDocument" time="0.000" classname="SQL2022_DB.AdvancedViewer_Script">
    <skipped/>
  </testcase> <!-- AdvancedViewerWordDocument -->
  <testcase name="AdvancedViewerWordDocument" time="0.000" classname="SQL2022_DB.AdvancedViewer_Script">
    <skipped/>
  </testcase> <!-- AdvancedViewerWordDocument -->
  <testcase name="AdvancedViewerWordDocument" time="0.000" classname="SQL2022_DB.AdvancedViewer_Script">
    <skipped/>
  </testcase> <!-- AdvancedViewerWordDocument -->
  <testcase name="AdvancedViewerWordDocument" time="0.000" classname="SQL2022_DB.AdvancedViewer_Script">
    <skipped/>
  </testcase> <!-- AdvancedViewerWordDocument -->
  <testcase name="AdvancedViewerWordDocument" time="0.000" classname="SQL2022_DB.AdvancedViewer_Script">
    <skipped/>
  </testcase> <!-- AdvancedViewerWordDocument -->
  <testcase name="AdvancedViewerWordDocument" time="0.000" classname="SQL2022_DB.AdvancedViewer_Script">
    <skipped/>
  </testcase> <!-- AdvancedViewerWordDocument -->
  <testcase name="AdvancedViewerWordDocument" time="0.000" classname="SQL2022_DB.AdvancedViewer_Script">
    <skipped/>
  </testcase> <!-- AdvancedViewerWordDocument -->
  <testcase name="AdvancedViewerWordDocument" time="0.000" classname="SQL2022_DB.AdvancedViewer_Script">
    <skipped/>
  </testcase> <!-- AdvancedViewerWordDocument -->
  <testcase name="AdvancedViewerWordDocument" time="0.000" classname="SQL2022_DB.AdvancedViewer_Script">
    <skipped/>
  </testcase> <!-- AdvancedViewerWordDocument -->
  <testcase name="AdvancedViewerWordDocument" time="0.000" classname="SQL2022_DB.AdvancedViewer_Script">
    <skipped/>
  </testcase> <!-- AdvancedViewerWordDocument -->
  <testcase name="AdvancedViewerWordDocument" time="0.000" classname="SQL2022_DB.AdvancedViewer_Script">
    <skipped/>
  </testcase> <!-- AdvancedViewerWordDocument -->
  <testcase name="AdvancedViewerWordDocument" time="0.000" classname="SQL2022_DB.AdvancedViewer_Script">
    <skipped/>
  </testcase> <!-- AdvancedViewerWordDocument -->
  <testcase name="AdvancedViewerWordDocument" time="0.000" classname="SQL2022_DB.AdvancedViewer_Script">
    <skipped/>
  </testcase> <!-- AdvancedViewerWordDocument -->
  <testcase name="AdvancedViewerWordDocument" time="0.000" classname="SQL2022_DB.AdvancedViewer_Script">
    <skipped/>
  </testcase> <!-- AdvancedViewerWordDocument -->
  <testcase name="AdvancedViewerWordDocument" time="0.000" classname="SQL2022_DB.AdvancedViewer_Script">
    <skipped/>
  </testcase> <!-- AdvancedViewerWordDocument -->
  <testcase name="AdvancedViewerWordDocument" time="0.000" classname="SQL2022_DB.AdvancedViewer_Script">
    <skipped/>
  </testcase> <!-- AdvancedViewerWordDocument -->
  <testcase name="AdvancedViewerWordDocument" time="0.000" classname="SQL2022_DB.AdvancedViewer_Script">
    <skipped/>
  </testcase> <!-- AdvancedViewerWordDocument -->
  <testcase name="AdvancedViewerWordDocument" time="0.000" classname="SQL2022_DB.AdvancedViewer_Script">
    <skipped/>
  </testcase> <!-- AdvancedViewerWordDocument -->
  <testcase name="AdvancedViewerWordDocument" time="0.000" classname="SQL2022_DB.AdvancedViewer_Script">
    <skipped/>
  </testcase> <!-- AdvancedViewerWordDocument -->
  <testcase name="AdvancedViewerWordDocument" time="0.000" classname="SQL2022_DB.AdvancedViewer_Script">
    <skipped/>
  </testcase> <!-- AdvancedViewerWordDocument -->
  <testcase name="AdvancedViewerWordDocument" time="0.000" classname="SQL2022_DB.AdvancedViewer_Script">
    <skipped/>
  </testcase> <!-- AdvancedViewerWordDocument -->
  <testcase name="AdvancedViewerWordDocument" time="0.000" classname="SQL2022_DB.AdvancedViewer_Script">
    <skipped/>
  </testcase> <!-- AdvancedViewerWordDocument -->
  <testcase name="AdvancedViewerWordDocument" time="0.000" classname="SQL2022_DB.AdvancedViewer_Script">
    <skipped/>
  </testcase> <!-- AdvancedViewerWordDocument -->
  <testcase name="AdvancedViewerWordDocument" time="0.000" classname="SQL2022_DB.AdvancedViewer_Script">
    <skipped/>
  </testcase> <!-- AdvancedViewerWordDocument -->
  <testcase name="AdvancedViewerWordDocument" time="0.000" classname="SQL2022_DB.AdvancedViewer_Script">
    <skipped/>
  </testcase> <!-- AdvancedViewerWordDocument -->
  <testcase name="AdvancedViewerWordDocument" time="0.000" classname="SQL2022_DB.AdvancedViewer_Script">
    <skipped/>
  </testcase> <!-- AdvancedViewerWordDocument -->
  <testcase name="AdvancedViewerWordDocument" time="0.000" classname="SQL2022_DB.AdvancedViewer_Script">
    <skipped/>
  </testcase> <!-- AdvancedViewerWordDocument -->
  <testcase name="AdvancedViewerWordDocument" time="0.000" classname="SQL2022_DB.AdvancedViewer_Script">
    <skipped/>
  </testcase> <!-- AdvancedViewerWordDocument -->
  <testcase name="AdvancedViewerWordDocument" time="0.000" classname="SQL2022_DB.AdvancedViewer_Script">
    <skipped/>
  </testcase> <!-- AdvancedViewerWordDocument -->
  <testcase name="AdvancedViewerWordDocument" time="0.000" classname="SQL2022_DB.AdvancedViewer_Script">
    <skipped/>
  </testcase> <!-- AdvancedViewerWordDocument -->
  <testcase name="AdvancedViewerWordDocument" time="0.000" classname="SQL2022_DB.AdvancedViewer_Script">
    <skipped/>
  </testcase> <!-- AdvancedViewerWordDocument -->
  <testcase name="AdvancedViewerWordDocument" time="0.000" classname="SQL2022_DB.AdvancedViewer_Script">
    <skipped/>
  </testcase> <!-- AdvancedViewerWordDocument -->
  <testcase name="AdvancedViewerWordDocument" time="0.000" classname="SQL2022_DB.AdvancedViewer_Script">
    <skipped/>
  </testcase> <!-- AdvancedViewerWordDocument -->
  <testcase name="AdvancedViewerWordDocument" time="0.000" classname="SQL2022_DB.AdvancedViewer_Script">
    <skipped/>
  </testcase> <!-- AdvancedViewerWordDocument -->
  <testcase name="AdvancedViewerWordDocument" time="0.000" classname="SQL2022_DB.AdvancedViewer_Script">
    <skipped/>
  </testcase> <!-- AdvancedViewerWordDocument -->
  <testcase name="AdvancedViewerWordDocument" time="0.000" classname="SQL2022_DB.AdvancedViewer_Script">
    <skipped/>
  </testcase> <!-- AdvancedViewerWordDocument -->
  <testcase name="AdvancedViewerWordDocument" time="0.000" classname="SQL2022_DB.AdvancedViewer_Script">
    <skipped/>
  </testcase> <!-- AdvancedViewerWordDocument -->
  <testcase name="AdvancedViewerWordDocument" time="0.000" classname="SQL2022_DB.AdvancedViewer_Script">
    <skipped/>
  </testcase> <!-- AdvancedViewerWordDocument -->
  <testcase name="AdvancedViewerWordDocument" time="0.000" classname="SQL2022_DB.AdvancedViewer_Script">
    <skipped/>
  </testcase> <!-- AdvancedViewerWordDocument -->
  <testcase name="AdvancedViewerWordDocument" time="0.000" classname="SQL2022_DB.AdvancedViewer_Script">
    <skipped/>
  </testcase> <!-- AdvancedViewerWordDocument -->
  <testcase name="AdvancedViewerWordDocument" time="0.000" classname="SQL2022_DB.AdvancedViewer_Script">
    <skipped/>
  </testcase> <!-- AdvancedViewerWordDocument -->
  <testcase name="AdvancedViewerWordDocument" time="0.000" classname="SQL2022_DB.AdvancedViewer_Script">
    <skipped/>
  </testcase> <!-- AdvancedViewerWordDocument -->
  <testcase name="AdvancedViewerWordDocument" time="0.000" classname="SQL2022_DB.AdvancedViewer_Script">
    <skipped/>
  </testcase> <!-- AdvancedViewerWordDocument -->
  <testcase name="AdvancedViewerWordDocument" time="0.000" classname="SQL2022_DB.AdvancedViewer_Script">
    <skipped/>
  </testcase> <!-- AdvancedViewerWordDocument -->
  <testcase name="AdvancedViewerWordDocument" time="0.000" classname="SQL2022_DB.AdvancedViewer_Script">
    <skipped/>
  </testcase> <!-- AdvancedViewerWordDocument -->
  <testcase name="AdvancedViewerWordDocument" time="0.000" classname="SQL2022_DB.AdvancedViewer_Script">
    <skipped/>
  </testcase> <!-- AdvancedViewerWordDocument -->
  <testcase name="AdvancedViewerWordDocument" time="0.000" classname="SQL2022_DB.AdvancedViewer_Script">
    <skipped/>
  </testcase> <!-- AdvancedViewerWordDocument -->
  <testcase name="AdvancedViewerWordDocument" time="0.000" classname="SQL2022_DB.AdvancedViewer_Script">
    <skipped/>
  </testcase> <!-- AdvancedViewerWordDocument -->
  <testcase name="AdvancedViewerWordDocument" time="0.000" classname="SQL2022_DB.AdvancedViewer_Script">
    <skipped/>
  </testcase> <!-- AdvancedViewerWordDocument -->
  <testcase name="AdvancedViewerWordDocument" time="0.000" classname="SQL2022_DB.AdvancedViewer_Script">
    <skipped/>
  </testcase> <!-- AdvancedViewerWordDocument -->
  <testcase name="AdvancedViewerWordDocument" time="0.000" classname="SQL2022_DB.AdvancedViewer_Script">
    <skipped/>
  </testcase> <!-- AdvancedViewerWordDocument -->
  <testcase name="AdvancedViewerWordDocument" time="0.000" classname="SQL2022_DB.AdvancedViewer_Script">
    <skipped/>
  </testcase> <!-- AdvancedViewerWordDocument -->
  <testcase name="AdvancedViewerWordDocument" time="0.000" classname="SQL2022_DB.AdvancedViewer_Script">
    <skipped/>
  </testcase> <!-- AdvancedViewerWordDocument -->
  <testcase name="AdvancedViewerWordDocument" time="0.000" classname="SQL2022_DB.AdvancedViewer_Script">
    <skipped/>
  </testcase> <!-- AdvancedViewerWordDocument -->
  <testcase name="AdvancedViewerWordDocument" time="0.000" classname="SQL2022_DB.AdvancedViewer_Script">
    <skipped/>
  </testcase> <!-- AdvancedViewerWordDocument -->
  <testcase name="AdvancedViewerWordDocument" time="0.000" classname="SQL2022_DB.AdvancedViewer_Script">
    <skipped/>
  </testcase> <!-- AdvancedViewerWordDocument -->
  <testcase name="AdvancedViewerWordDocument" time="0.000" classname="SQL2022_DB.AdvancedViewer_Script">
    <skipped/>
  </testcase> <!-- AdvancedViewerWordDocument -->
  <testcase name="AdvancedViewerWordDocument" time="0.000" classname="SQL2022_DB.AdvancedViewer_Script">
    <skipped/>
  </testcase> <!-- AdvancedViewerWordDocument -->
  <testcase name="AdvancedViewerWordDocument" time="0.000" classname="SQL2022_DB.AdvancedViewer_Script">
    <skipped/>
  </testcase> <!-- AdvancedViewerWordDocument -->
  <testcase name="AdvancedViewerWordDocument" time="0.000" classname="SQL2022_DB.AdvancedViewer_Script">
    <skipped/>
  </testcase> <!-- AdvancedViewerWordDocument -->
  <testcase name="AdvancedViewerWordDocument" time="0.000" classname="SQL2022_DB.AdvancedViewer_Script">
    <skipped/>
  </testcase> <!-- AdvancedViewerWordDocument -->
  <testcase name="AdvancedViewerWordDocument" time="0.000" classname="SQL2022_DB.AdvancedViewer_Script">
    <skipped/>
  </testcase> <!-- AdvancedViewerWordDocument -->
  <testcase name="AdvancedViewerWordDocument" time="0.000" classname="SQL2022_DB.AdvancedViewer_Script">
    <skipped/>
  </testcase> <!-- AdvancedViewerWordDocument -->
  <testcase name="AdvancedViewerWordDocument" time="0.000" classname="SQL2022_DB.AdvancedViewer_Script">
    <skipped/>
  </testcase> <!-- AdvancedViewerWordDocument -->
  <testcase name="AdvancedViewerWordDocument" time="0.000" classname="SQL2022_DB.AdvancedViewer_Script">
    <skipped/>
  </testcase> <!-- AdvancedViewerWordDocument -->
  <testcase name="AdvancedViewerWordDocument" time="0.000" classname="SQL2022_DB.AdvancedViewer_Script">
    <skipped/>
  </testcase> <!-- AdvancedViewerWordDocument -->
  <testcase name="AdvancedViewerWordDocument" time="0.000" classname="SQL2022_DB.AdvancedViewer_Script">
    <skipped/>
  </testcase> <!-- AdvancedViewerWordDocument -->
  <testcase name="AdvancedViewerWordDocument" time="0.000" classname="SQL2022_DB.AdvancedViewer_Script">
    <skipped/>
  </testcase> <!-- AdvancedViewerWordDocument -->
  <testcase name="AdvancedViewerWordDocument" time="0.000" classname="SQL2022_DB.AdvancedViewer_Script">
    <skipped/>
  </testcase> <!-- AdvancedViewerWordDocument -->
  <testcase name="AdvancedViewerWordDocument" time="0.000" classname="SQL2022_DB.AdvancedViewer_Script">
    <skipped/>
  </testcase> <!-- AdvancedViewerWordDocument -->
  <testcase name="AdvancedViewerWordDocument" time="0.000" classname="SQL2022_DB.AdvancedViewer_Script">
    <skipped/>
  </testcase> <!-- AdvancedViewerWordDocument -->
  <testcase name="AdvancedViewerWordDocument" time="0.000" classname="SQL2022_DB.AdvancedViewer_Script">
    <skipped/>
  </testcase> <!-- AdvancedViewerWordDocument -->
  <testcase name="AdvancedViewerWordDocument" time="0.000" classname="SQL2022_DB.AdvancedViewer_Script">
    <skipped/>
  </testcase> <!-- AdvancedViewerWordDocument -->
  <testcase name="AdvancedViewerWordDocument" time="0.000" classname="SQL2022_DB.AdvancedViewer_Script">
    <skipped/>
  </testcase> <!-- AdvancedViewerWordDocument -->
  <testcase name="AdvancedViewerWordDocument" time="0.000" classname="SQL2022_DB.AdvancedViewer_Script">
    <skipped/>
  </testcase> <!-- AdvancedViewerWordDocument -->
  <testcase name="AdvancedViewerWordDocument" time="0.000" classname="SQL2022_DB.AdvancedViewer_Script">
    <skipped/>
  </testcase> <!-- AdvancedViewerWordDocument -->
  <testcase name="AdvancedViewerWordDocument" time="0.000" classname="SQL2022_DB.AdvancedViewer_Script">
    <skipped/>
  </testcase> <!-- AdvancedViewerWordDocument -->
  <testcase name="AdvancedViewerWordDocument" time="0.000" classname="SQL2022_DB.AdvancedViewer_Script">
    <skipped/>
  </testcase> <!-- AdvancedViewerWordDocument -->
  <testcase name="AdvancedViewerWordDocument" time="0.000" classname="SQL2022_DB.AdvancedViewer_Script">
    <skipped/>
  </testcase> <!-- AdvancedViewerWordDocument -->
  <testcase name="AdvancedViewerWordDocument" time="0.000" classname="SQL2022_DB.AdvancedViewer_Script">
    <skipped/>
  </testcase> <!-- AdvancedViewerWordDocument -->
  <testcase name="AdvancedViewerWordDocument" time="0.000" classname="SQL2022_DB.AdvancedViewer_Script">
    <skipped/>
  </testcase> <!-- AdvancedViewerWordDocument -->
  <testcase name="AdvancedViewerWordDocument" time="0.000" classname="SQL2022_DB.AdvancedViewer_Script">
    <skipped/>
  </testcase> <!-- AdvancedViewerWordDocument -->
  <testcase name="AdvancedViewerWordDocument" time="0.000" classname="SQL2022_DB.AdvancedViewer_Script">
    <skipped/>
  </testcase> <!-- AdvancedViewerWordDocument -->
  <testcase name="AdvancedViewerWordDocument" time="0.000" classname="SQL2022_DB.AdvancedViewer_Script">
    <skipped/>
  </testcase> <!-- AdvancedViewerWordDocument -->
  <testcase name="AdvancedViewerWordDocument" time="0.000" classname="SQL2022_DB.AdvancedViewer_Script">
    <skipped/>
  </testcase> <!-- AdvancedViewerWordDocument -->
  <testcase name="AdvancedViewerWordDocument" time="0.000" classname="SQL2022_DB.AdvancedViewer_Script">
    <skipped/>
  </testcase> <!-- AdvancedViewerWordDocument -->
  <testcase name="AdvancedViewerWordDocument" time="0.000" classname="SQL2022_DB.AdvancedViewer_Script">
    <skipped/>
  </testcase> <!-- AdvancedViewerWordDocument -->
  <testcase name="AdvancedViewerWordDocument" time="0.000" classname="SQL2022_DB.AdvancedViewer_Script">
    <skipped/>
  </testcase> <!-- AdvancedViewerWordDocument -->
  <testcase name="AdvancedViewerWordDocument" time="0.000" classname="SQL2022_DB.AdvancedViewer_Script">
    <skipped/>
  </testcase> <!-- AdvancedViewerWordDocument -->
  <testcase name="AdvancedViewerWordDocument" time="0.000" classname="SQL2022_DB.AdvancedViewer_Script">
    <skipped/>
  </testcase> <!-- AdvancedViewerWordDocument -->
  <testcase name="AdvancedViewerWordDocument" time="0.000" classname="SQL2022_DB.AdvancedViewer_Script">
    <skipped/>
  </testcase> <!-- AdvancedViewerWordDocument -->
  <testcase name="AdvancedViewerWordDocument" time="0.000" classname="SQL2022_DB.AdvancedViewer_Script">
    <skipped/>
  </testcase> <!-- AdvancedViewerWordDocument -->
  <testcase name="AdvancedViewerWordDocument" time="0.000" classname="SQL2022_DB.AdvancedViewer_Script">
    <skipped/>
  </testcase> <!-- AdvancedViewerWordDocument -->
  <testcase name="AdvancedViewerWordDocument" time="0.000" classname="SQL2022_DB.AdvancedViewer_Script">
    <skipped/>
  </testcase> <!-- AdvancedViewerWordDocument -->
  <testcase name="AdvancedViewerWordDocument" time="0.000" classname="SQL2022_DB.AdvancedViewer_Script">
    <skipped/>
  </testcase> <!-- AdvancedViewerWordDocument -->
  <testcase name="AdvancedViewerWordDocument" time="0.000" classname="SQL2022_DB.AdvancedViewer_Script">
    <skipped/>
  </testcase> <!-- AdvancedViewerWordDocument -->
  <testcase name="AdvancedViewerWordDocument" time="0.000" classname="SQL2022_DB.AdvancedViewer_Script">
    <skipped/>
  </testcase> <!-- AdvancedViewerWordDocument -->
  <testcase name="AdvancedViewerWordDocument" time="0.000" classname="SQL2022_DB.AdvancedViewer_Script">
    <skipped/>
  </testcase> <!-- AdvancedViewerWordDocument -->
  <testcase name="AdvancedViewerWordDocument" time="0.000" classname="SQL2022_DB.AdvancedViewer_Script">
    <skipped/>
  </testcase> <!-- AdvancedViewerWordDocument -->
  <testcase name="AdvancedViewerWordDocument" time="0.000" classname="SQL2022_DB.AdvancedViewer_Script">
    <skipped/>
  </testcase> <!-- AdvancedViewerWordDocument -->
  <testcase name="AdvancedViewerWordDocument" time="0.000" classname="SQL2022_DB.AdvancedViewer_Script">
    <skipped/>
  </testcase> <!-- AdvancedViewerWordDocument -->
  <testcase name="AdvancedViewerWordDocument" time="0.000" classname="SQL2022_DB.AdvancedViewer_Script">
    <skipped/>
  </testcase> <!-- AdvancedViewerWordDocument -->
  <testcase name="AdvancedViewerWordDocument" time="0.000" classname="SQL2022_DB.AdvancedViewer_Script">
    <skipped/>
  </testcase> <!-- AdvancedViewerWordDocument -->
  <testcase name="AdvancedViewerWordDocument" time="0.000" classname="SQL2022_DB.AdvancedViewer_Script">
    <skipped/>
  </testcase> <!-- AdvancedViewerWordDocument -->
  <testcase name="AdvancedViewerWordDocument" time="0.000" classname="SQL2022_DB.AdvancedViewer_Script">
    <skipped/>
  </testcase> <!-- AdvancedViewerWordDocument -->
  <testcase name="AdvancedViewerWordDocument" time="0.000" classname="SQL2022_DB.AdvancedViewer_Script">
    <skipped/>
  </testcase> <!-- AdvancedViewerWordDocument -->
  <testcase name="AdvancedViewerWordDocument" time="0.000" classname="SQL2022_DB.AdvancedViewer_Script">
    <skipped/>
  </testcase> <!-- AdvancedViewerWordDocument -->
  <testcase name="AdvancedViewerWordDocument" time="0.000" classname="SQL2022_DB.AdvancedViewer_Script">
    <skipped/>
  </testcase> <!-- AdvancedViewerWordDocument -->
  <testcase name="AdvancedViewerWordDocument" time="0.000" classname="SQL2022_DB.AdvancedViewer_Script">
    <skipped/>
  </testcase> <!-- AdvancedViewerWordDocument -->
  <testcase name="AdvancedViewerWordDocument" time="0.000" classname="SQL2022_DB.AdvancedViewer_Script">
    <skipped/>
  </testcase> <!-- AdvancedViewerWordDocument -->
  <testcase name="AdvancedViewerWordDocument" time="0.000" classname="SQL2022_DB.AdvancedViewer_Script">
    <skipped/>
  </testcase> <!-- AdvancedViewerWordDocument -->
  <testcase name="AdvancedViewerWordDocument" time="0.000" classname="SQL2022_DB.AdvancedViewer_Script">
    <skipped/>
  </testcase> <!-- AdvancedViewerWordDocument -->
  <testcase name="AdvancedViewerWordDocument" time="0.000" classname="SQL2022_DB.AdvancedViewer_Script">
    <skipped/>
  </testcase> <!-- AdvancedViewerWordDocument -->
  <testcase name="AdvancedViewerWordDocument" time="0.000" classname="SQL2022_DB.AdvancedViewer_Script">
    <skipped/>
  </testcase> <!-- AdvancedViewerWordDocument -->
  <testcase name="AdvancedViewerWordDocument" time="0.000" classname="SQL2022_DB.AdvancedViewer_Script">
    <skipped/>
  </testcase> <!-- AdvancedViewerWordDocument -->
  <testcase name="AdvancedViewerWordDocument" time="0.000" classname="SQL2022_DB.AdvancedViewer_Script">
    <skipped/>
  </testcase> <!-- AdvancedViewerWordDocument -->
  <testcase name="AdvancedViewerWordDocument" time="0.000" classname="SQL2022_DB.AdvancedViewer_Script">
    <skipped/>
  </testcase> <!-- AdvancedViewerWordDocument -->
  <testcase name="AdvancedViewerWordDocument" time="0.000" classname="SQL2022_DB.AdvancedViewer_Script">
    <skipped/>
  </testcase> <!-- AdvancedViewerWordDocument -->
  <testcase name="AdvancedViewerWordDocument" time="0.000" classname="SQL2022_DB.AdvancedViewer_Script">
    <skipped/>
  </testcase> <!-- AdvancedViewerWordDocument -->
  <testcase name="AdvancedViewerWordDocument" time="0.000" classname="SQL2022_DB.AdvancedViewer_Script">
    <skipped/>
  </testcase> <!-- AdvancedViewerWordDocument -->
  <testcase name="AdvancedViewerWordDocument" time="0.000" classname="SQL2022_DB.AdvancedViewer_Script">
    <skipped/>
  </testcase> <!-- AdvancedViewerWordDocument -->
  <testcase name="AdvancedViewerWordDocument" time="0.000" classname="SQL2022_DB.AdvancedViewer_Script">
    <skipped/>
  </testcase> <!-- AdvancedViewerWordDocument -->
  <testcase name="AdvancedViewerWordDocument" time="0.000" classname="SQL2022_DB.AdvancedViewer_Script">
    <skipped/>
  </testcase> <!-- AdvancedViewerWordDocument -->
  <testcase name="AdvancedViewerWordDocument" time="0.000" classname="SQL2022_DB.AdvancedViewer_Script">
    <skipped/>
  </testcase> <!-- AdvancedViewerWordDocument -->
  <testcase name="AdvancedViewerWordDocument" time="0.000" classname="SQL2022_DB.AdvancedViewer_Script">
    <skipped/>
  </testcase> <!-- AdvancedViewerWordDocument -->
  <testcase name="AdvancedViewerWordDocument" time="0.000" classname="SQL2022_DB.AdvancedViewer_Script">
    <skipped/>
  </testcase> <!-- AdvancedViewerWordDocument -->
  <testcase name="AdvancedViewerWordDocument" time="0.000" classname="SQL2022_DB.AdvancedViewer_Script">
    <skipped/>
  </testcase> <!-- AdvancedViewerWordDocument -->
  <testcase name="AdvancedViewerWordDocument" time="0.000" classname="SQL2022_DB.AdvancedViewer_Script">
    <skipped/>
  </testcase> <!-- AdvancedViewerWordDocument -->
  <testcase name="AdvancedViewerWordDocument" time="0.000" classname="SQL2022_DB.AdvancedViewer_Script">
    <skipped/>
  </testcase> <!-- AdvancedViewerWordDocument -->
  <testcase name="AdvancedViewerWordDocument" time="0.000" classname="SQL2022_DB.AdvancedViewer_Script">
    <skipped/>
  </testcase> <!-- AdvancedViewerWordDocument -->
  <testcase name="AdvancedViewerWordDocument" time="0.000" classname="SQL2022_DB.AdvancedViewer_Script">
    <skipped/>
  </testcase> <!-- AdvancedViewerWordDocument -->
  <testcase name="AdvancedViewerWordDocument" time="0.000" classname="SQL2022_DB.AdvancedViewer_Script">
    <skipped/>
  </testcase> <!-- AdvancedViewerWordDocument -->
  <testcase name="AdvancedViewerWordDocument" time="0.000" classname="SQL2022_DB.AdvancedViewer_Script">
    <skipped/>
  </testcase> <!-- AdvancedViewerWordDocument -->
  <testcase name="AdvancedViewerWordDocument" time="0.000" classname="SQL2022_DB.AdvancedViewer_Script">
    <skipped/>
  </testcase> <!-- AdvancedViewerWordDocument -->
  <testcase name="AdvancedViewerWordDocument" time="0.000" classname="SQL2022_DB.AdvancedViewer_Script">
    <skipped/>
  </testcase> <!-- AdvancedViewerWordDocument -->
  <testcase name="AdvancedViewerWordDocument" time="0.000" classname="SQL2022_DB.AdvancedViewer_Script">
    <skipped/>
  </testcase> <!-- AdvancedViewerWordDocument -->
  <testcase name="AdvancedViewerWordDocument" time="0.000" classname="SQL2022_DB.AdvancedViewer_Script">
    <skipped/>
  </testcase> <!-- AdvancedViewerWordDocument -->
  <testcase name="AdvancedViewerWordDocument" time="0.000" classname="SQL2022_DB.AdvancedViewer_Script">
    <skipped/>
  </testcase> <!-- AdvancedViewerWordDocument -->
  <testcase name="AdvancedViewerWordDocument" time="0.000" classname="SQL2022_DB.AdvancedViewer_Script">
    <skipped/>
  </testcase> <!-- AdvancedViewerWordDocument -->
  <testcase name="AdvancedViewerWordDocument" time="0.000" classname="SQL2022_DB.AdvancedViewer_Script">
    <skipped/>
  </testcase> <!-- AdvancedViewerWordDocument -->
  <testcase name="AdvancedViewerWordDocument" time="0.000" classname="SQL2022_DB.AdvancedViewer_Script">
    <skipped/>
  </testcase> <!-- AdvancedViewerWordDocument -->
  <testcase name="AdvancedViewerWordDocument" time="0.000" classname="SQL2022_DB.AdvancedViewer_Script">
    <skipped/>
  </testcase> <!-- AdvancedViewerWordDocument -->
  <testcase name="AdvancedViewerWordDocument" time="0.000" classname="SQL2022_DB.AdvancedViewer_Script">
    <skipped/>
  </testcase> <!-- AdvancedViewerWordDocument -->
  <testcase name="AdvancedViewerWordDocument" time="0.000" classname="SQL2022_DB.AdvancedViewer_Script">
    <skipped/>
  </testcase> <!-- AdvancedViewerWordDocument -->
  <testcase name="AdvancedViewerWordDocument" time="0.000" classname="SQL2022_DB.AdvancedViewer_Script">
    <skipped/>
  </testcase> <!-- AdvancedViewerWordDocument -->
  <testcase name="AdvancedViewerWordDocument" time="0.000" classname="SQL2022_DB.AdvancedViewer_Script">
    <skipped/>
  </testcase> <!-- AdvancedViewerWordDocument -->
  <testcase name="AdvancedViewerWordDocument" time="0.000" classname="SQL2022_DB.AdvancedViewer_Script">
    <skipped/>
  </testcase> <!-- AdvancedViewerWordDocument -->
  <testcase name="AdvancedViewerWordDocument" time="0.000" classname="SQL2022_DB.AdvancedViewer_Script">
    <skipped/>
  </testcase> <!-- AdvancedViewerWordDocument -->
  <testcase name="AdvancedViewerWordDocument" time="0.000" classname="SQL2022_DB.AdvancedViewer_Script">
    <skipped/>
  </testcase> <!-- AdvancedViewerWordDocument -->
  <testcase name="AdvancedViewerWordDocument" time="0.000" classname="SQL2022_DB.AdvancedViewer_Script">
    <skipped/>
  </testcase> <!-- AdvancedViewerWordDocument -->
  <testcase name="AdvancedViewerWordDocument" time="0.000" classname="SQL2022_DB.AdvancedViewer_Script">
    <skipped/>
  </testcase> <!-- AdvancedViewerWordDocument -->
  <testcase name="AdvancedViewerWordDocument" time="0.000" classname="SQL2022_DB.AdvancedViewer_Script">
    <skipped/>
  </testcase> <!-- AdvancedViewerWordDocument -->
  <testcase name="AdvancedViewerWordDocument" time="0.000" classname="SQL2022_DB.AdvancedViewer_Script">
    <skipped/>
  </testcase> <!-- AdvancedViewerWordDocument -->
  <testcase name="AdvancedViewerWordDocument" time="0.000" classname="SQL2022_DB.AdvancedViewer_Script">
    <skipped/>
  </testcase> <!-- AdvancedViewerWordDocument -->
  <testcase name="AdvancedViewerWordDocument" time="0.000" classname="SQL2022_DB.AdvancedViewer_Script">
    <skipped/>
  </testcase> <!-- AdvancedViewerWordDocument -->
  <testcase name="AdvancedViewerWordDocument" time="0.000" classname="SQL2022_DB.AdvancedViewer_Script">
    <skipped/>
  </testcase> <!-- AdvancedViewerWordDocument -->
  <testcase name="AdvancedViewerWordDocument" time="0.000" classname="SQL2022_DB.AdvancedViewer_Script">
    <skipped/>
  </testcase> <!-- AdvancedViewerWordDocument -->
  <testcase name="AdvancedViewerWordDocument" time="0.000" classname="SQL2022_DB.AdvancedViewer_Script">
    <skipped/>
  </testcase> <!-- AdvancedViewerWordDocument -->
  <testcase name="AdvancedViewerWordDocument" time="0.000" classname="SQL2022_DB.AdvancedViewer_Script">
    <skipped/>
  </testcase> <!-- AdvancedViewerWordDocument -->
  <testcase name="AdvancedViewerWordDocument" time="0.000" classname="SQL2022_DB.AdvancedViewer_Script">
    <skipped/>
  </testcase> <!-- AdvancedViewerWordDocument -->
  <testcase name="AdvancedViewerWordDocument" time="0.000" classname="SQL2022_DB.AdvancedViewer_Script">
    <skipped/>
  </testcase> <!-- AdvancedViewerWordDocument -->
  <testcase name="AdvancedViewerWordDocument" time="0.000" classname="SQL2022_DB.AdvancedViewer_Script">
    <skipped/>
  </testcase> <!-- AdvancedViewerWordDocument -->
  <testcase name="AdvancedViewerWordDocument" time="0.000" classname="SQL2022_DB.AdvancedViewer_Script">
    <skipped/>
  </testcase> <!-- AdvancedViewerWordDocument -->
  <testcase name="AdvancedViewerWordDocument" time="0.000" classname="SQL2022_DB.AdvancedViewer_Script">
    <skipped/>
  </testcase> <!-- AdvancedViewerWordDocument -->
  <testcase name="AdvancedViewerWordDocument" time="0.000" classname="SQL2022_DB.AdvancedViewer_Script">
    <skipped/>
  </testcase> <!-- AdvancedViewerWordDocument -->
  <testcase name="AdvancedViewerWordDocument" time="0.000" classname="SQL2022_DB.AdvancedViewer_Script">
    <skipped/>
  </testcase> <!-- AdvancedViewerWordDocument -->
  <testcase name="AdvancedViewerWordDocument" time="0.000" classname="SQL2022_DB.AdvancedViewer_Script">
    <skipped/>
  </testcase> <!-- AdvancedViewerWordDocument -->
  <testcase name="AdvancedViewerWordDocument" time="0.000" classname="SQL2022_DB.AdvancedViewer_Script">
    <skipped/>
  </testcase> <!-- AdvancedViewerWordDocument -->
  <testcase name="AdvancedViewerWordDocument" time="0.000" classname="SQL2022_DB.AdvancedViewer_Script">
    <skipped/>
  </testcase> <!-- AdvancedViewerWordDocument -->
  <testcase name="AdvancedViewerWordDocument" time="0.000" classname="SQL2022_DB.AdvancedViewer_Script">
    <skipped/>
  </testcase> <!-- AdvancedViewerWordDocument -->
  <testcase name="AdvancedViewerWordDocument" time="0.000" classname="SQL2022_DB.AdvancedViewer_Script">
    <skipped/>
  </testcase> <!-- AdvancedViewerWordDocument -->
  <testcase name="AdvancedViewerWordDocument" time="0.000" classname="SQL2022_DB.AdvancedViewer_Script">
    <skipped/>
  </testcase> <!-- AdvancedViewerWordDocument -->
  <testcase name="AdvancedViewerWordDocument" time="0.000" classname="SQL2022_DB.AdvancedViewer_Script">
    <skipped/>
  </testcase> <!-- AdvancedViewerWordDocument -->
  <testcase name="AdvancedViewerWordDocument" time="0.000" classname="SQL2022_DB.AdvancedViewer_Script">
    <skipped/>
  </testcase> <!-- AdvancedViewerWordDocument -->
  <testcase name="AdvancedViewerWordDocument" time="0.000" classname="SQL2022_DB.AdvancedViewer_Script">
    <skipped/>
  </testcase> <!-- AdvancedViewerWordDocument -->
  <testcase name="AdvancedViewerWordDocument" time="0.000" classname="SQL2022_DB.AdvancedViewer_Script">
    <skipped/>
  </testcase> <!-- AdvancedViewerWordDocument -->
  <testcase name="AdvancedViewerWordDocument" time="0.000" classname="SQL2022_DB.AdvancedViewer_Script">
    <skipped/>
  </testcase> <!-- AdvancedViewerWordDocument -->
  <testcase name="AdvancedViewerWordDocument" time="0.000" classname="SQL2022_DB.AdvancedViewer_Script">
    <skipped/>
  </testcase> <!-- AdvancedViewerWordDocument -->
  <testcase name="AdvancedViewerWordDocument" time="0.000" classname="SQL2022_DB.AdvancedViewer_Script">
    <skipped/>
  </testcase> <!-- AdvancedViewerWordDocument -->
  <testcase name="AdvancedViewerWordDocument" time="0.000" classname="SQL2022_DB.AdvancedViewer_Script">
    <skipped/>
  </testcase> <!-- AdvancedViewerWordDocument -->
  <testcase name="AdvancedViewerWordDocument" time="0.000" classname="SQL2022_DB.AdvancedViewer_Script">
    <skipped/>
  </testcase> <!-- AdvancedViewerWordDocument -->
  <testcase name="AdvancedViewerWordDocument" time="0.000" classname="SQL2022_DB.AdvancedViewer_Script">
    <skipped/>
  </testcase> <!-- AdvancedViewerWordDocument -->
  <testcase name="AdvancedViewerWordDocument" time="0.000" classname="SQL2022_DB.AdvancedViewer_Script">
    <skipped/>
  </testcase> <!-- AdvancedViewerWordDocument -->
  <testcase name="AdvancedViewerWordDocument" time="0.000" classname="SQL2022_DB.AdvancedViewer_Script">
    <skipped/>
  </testcase> <!-- AdvancedViewerWordDocument -->
  <testcase name="AdvancedViewerWordDocument" time="0.000" classname="SQL2022_DB.AdvancedViewer_Script">
    <skipped/>
  </testcase> <!-- AdvancedViewerWordDocument -->
  <testcase name="AdvancedViewerWordDocument" time="0.000" classname="SQL2022_DB.AdvancedViewer_Script">
    <skipped/>
  </testcase> <!-- AdvancedViewerWordDocument -->
  <testcase name="AdvancedViewerWordDocument" time="0.000" classname="SQL2022_DB.AdvancedViewer_Script">
    <skipped/>
  </testcase> <!-- AdvancedViewerWordDocument -->
  <testcase name="AdvancedViewerWordDocument" time="0.000" classname="SQL2022_DB.AdvancedViewer_Script">
    <skipped/>
  </testcase> <!-- AdvancedViewerWordDocument -->
  <testcase name="AdvancedViewerWordDocument" time="0.000" classname="SQL2022_DB.AdvancedViewer_Script">
    <skipped/>
  </testcase> <!-- AdvancedViewerWordDocument -->
  <testcase name="AdvancedViewerWordDocument" time="0.000" classname="SQL2022_DB.AdvancedViewer_Script">
    <skipped/>
  </testcase> <!-- AdvancedViewerWordDocument -->
  <testcase name="AdvancedViewerWordDocument" time="0.000" classname="SQL2022_DB.AdvancedViewer_Script">
    <skipped/>
  </testcase> <!-- AdvancedViewerWordDocument -->
  <testcase name="AdvancedViewerWordDocument" time="0.000" classname="SQL2022_DB.AdvancedViewer_Script">
    <skipped/>
  </testcase> <!-- AdvancedViewerWordDocument -->
  <testcase name="AdvancedViewerWordDocument" time="0.000" classname="SQL2022_DB.AdvancedViewer_Script">
    <skipped/>
  </testcase> <!-- AdvancedViewerWordDocument -->
  <testcase name="AdvancedViewerWordDocument" time="0.000" classname="SQL2022_DB.AdvancedViewer_Script">
    <skipped/>
  </testcase> <!-- AdvancedViewerWordDocument -->
  <testcase name="AdvancedViewerWordDocument" time="0.000" classname="SQL2022_DB.AdvancedViewer_Script">
    <skipped/>
  </testcase> <!-- AdvancedViewerWordDocument -->
  <testcase name="AdvancedViewerWordDocument" time="0.000" classname="SQL2022_DB.AdvancedViewer_Script">
    <skipped/>
  </testcase> <!-- AdvancedViewerWordDocument -->
  <testcase name="AdvancedViewerWordDocument" time="0.000" classname="SQL2022_DB.AdvancedViewer_Script">
    <skipped/>
  </testcase> <!-- AdvancedViewerWordDocument -->
  <testcase name="AdvancedViewerWordDocument" time="0.000" classname="SQL2022_DB.AdvancedViewer_Script">
    <skipped/>
  </testcase> <!-- AdvancedViewerWordDocument -->
  <testcase name="AdvancedViewerWordDocument" time="0.000" classname="SQL2022_DB.AdvancedViewer_Script">
    <skipped/>
  </testcase> <!-- AdvancedViewerWordDocument -->
  <testcase name="AdvancedViewerWordDocument" time="0.000" classname="SQL2022_DB.AdvancedViewer_Script">
    <skipped/>
  </testcase> <!-- AdvancedViewerWordDocument -->
  <testcase name="AdvancedViewerWordDocument" time="0.000" classname="SQL2022_DB.AdvancedViewer_Script">
    <skipped/>
  </testcase> <!-- AdvancedViewerWordDocument -->
  <testcase name="AdvancedViewerWordDocument" time="0.000" classname="SQL2022_DB.AdvancedViewer_Script">
    <skipped/>
  </testcase> <!-- AdvancedViewerWordDocument -->
  <testcase name="AdvancedViewerWordDocument" time="0.000" classname="SQL2022_DB.AdvancedViewer_Script">
    <skipped/>
  </testcase> <!-- AdvancedViewerWordDocument -->
  <testcase name="AdvancedViewerWordDocument" time="0.000" classname="SQL2022_DB.AdvancedViewer_Script">
    <skipped/>
  </testcase> <!-- AdvancedViewerWordDocument -->
  <testcase name="AdvancedViewerWordDocument" time="0.001" classname="SQL2022_DB.AdvancedViewer_Script">
    <skipped/>
  </testcase> <!-- AdvancedViewerWordDocument -->
  <testcase name="AdvancedViewerWordDocument" time="0.000" classname="SQL2022_DB.AdvancedViewer_Script">
    <skipped/>
  </testcase> <!-- AdvancedViewerWordDocument -->
  <testcase name="AdvancedViewerWordDocument" time="0.000" classname="SQL2022_DB.AdvancedViewer_Script">
    <skipped/>
  </testcase> <!-- AdvancedViewerWordDocument -->
  <testcase name="AdvancedViewerWordDocument" time="0.000" classname="SQL2022_DB.AdvancedViewer_Script">
    <skipped/>
  </testcase> <!-- AdvancedViewerWordDocument -->
  <testcase name="AdvancedViewerWordDocument" time="0.000" classname="SQL2022_DB.AdvancedViewer_Script">
    <skipped/>
  </testcase> <!-- AdvancedViewerWordDocument -->
  <testcase name="AdvancedViewerWordDocument" time="0.000" classname="SQL2022_DB.AdvancedViewer_Script">
    <skipped/>
  </testcase> <!-- AdvancedViewerWordDocument -->
  <testcase name="AdvancedViewerWordDocument" time="0.000" classname="SQL2022_DB.AdvancedViewer_Script">
    <skipped/>
  </testcase> <!-- AdvancedViewerWordDocument -->
  <testcase name="AdvancedViewerWordDocument" time="0.000" classname="SQL2022_DB.AdvancedViewer_Script">
    <skipped/>
  </testcase> <!-- AdvancedViewerWordDocument -->
  <testcase name="AdvancedViewerWordDocument" time="0.000" classname="SQL2022_DB.AdvancedViewer_Script">
    <skipped/>
  </testcase> <!-- AdvancedViewerWordDocument -->
  <testcase name="AdvancedViewerWordDocument" time="0.000" classname="SQL2022_DB.AdvancedViewer_Script">
    <skipped/>
  </testcase> <!-- AdvancedViewerWordDocument -->
  <testcase name="AdvancedViewerWordDocument" time="0.000" classname="SQL2022_DB.AdvancedViewer_Script">
    <skipped/>
  </testcase> <!-- AdvancedViewerWordDocument -->
  <testcase name="AdvancedViewerWordDocument" time="0.000" classname="SQL2022_DB.AdvancedViewer_Script">
    <skipped/>
  </testcase> <!-- AdvancedViewerWordDocument -->
  <testcase name="AdvancedViewerWordDocument" time="0.000" classname="SQL2022_DB.AdvancedViewer_Script">
    <skipped/>
  </testcase> <!-- AdvancedViewerWordDocument -->
  <testcase name="AdvancedViewerWordDocument" time="0.000" classname="SQL2022_DB.AdvancedViewer_Script">
    <skipped/>
  </testcase> <!-- AdvancedViewerWordDocument -->
  <testcase name="AdvancedViewerWordDocument" time="0.000" classname="SQL2022_DB.AdvancedViewer_Script">
    <skipped/>
  </testcase> <!-- AdvancedViewerWordDocument -->
  <testcase name="AdvancedViewerWordDocument" time="0.000" classname="SQL2022_DB.AdvancedViewer_Script">
    <skipped/>
  </testcase> <!-- AdvancedViewerWordDocument -->
  <testcase name="AdvancedViewerWordDocument" time="0.000" classname="SQL2022_DB.AdvancedViewer_Script">
    <skipped/>
  </testcase> <!-- AdvancedViewerWordDocument -->
  <testcase name="AdvancedViewerWordDocument" time="0.000" classname="SQL2022_DB.AdvancedViewer_Script">
    <skipped/>
  </testcase> <!-- AdvancedViewerWordDocument -->
  <testcase name="AdvancedViewerWordDocument" time="0.000" classname="SQL2022_DB.AdvancedViewer_Script">
    <skipped/>
  </testcase> <!-- AdvancedViewerWordDocument -->
  <testcase name="AdvancedViewerWordDocument" time="0.000" classname="SQL2022_DB.AdvancedViewer_Script">
    <skipped/>
  </testcase> <!-- AdvancedViewerWordDocument -->
  <testcase name="AdvancedViewerWordDocument" time="0.000" classname="SQL2022_DB.AdvancedViewer_Script">
    <skipped/>
  </testcase> <!-- AdvancedViewerWordDocument -->
  <testcase name="AdvancedViewerWordDocument" time="0.000" classname="SQL2022_DB.AdvancedViewer_Script">
    <skipped/>
  </testcase> <!-- AdvancedViewerWordDocument -->
  <testcase name="AdvancedViewerWordDocument" time="0.000" classname="SQL2022_DB.AdvancedViewer_Script">
    <skipped/>
  </testcase> <!-- AdvancedViewerWordDocument -->
  <testcase name="AdvancedViewerWordDocument" time="0.000" classname="SQL2022_DB.AdvancedViewer_Script">
    <skipped/>
  </testcase> <!-- AdvancedViewerWordDocument -->
  <testcase name="AdvancedViewerWordDocument" time="0.000" classname="SQL2022_DB.AdvancedViewer_Script">
    <skipped/>
  </testcase> <!-- AdvancedViewerWordDocument -->
  <testcase name="AdvancedViewerWordDocument" time="0.000" classname="SQL2022_DB.AdvancedViewer_Script">
    <skipped/>
  </testcase> <!-- AdvancedViewerWordDocument -->
  <testcase name="AdvancedViewerWordDocument" time="0.000" classname="SQL2022_DB.AdvancedViewer_Script">
    <skipped/>
  </testcase> <!-- AdvancedViewerWordDocument -->
  <testcase name="AdvancedViewerWordDocument" time="0.000" classname="SQL2022_DB.AdvancedViewer_Script">
    <skipped/>
  </testcase> <!-- AdvancedViewerWordDocument -->
  <testcase name="AdvancedViewerWordDocument" time="0.000" classname="SQL2022_DB.AdvancedViewer_Script">
    <skipped/>
  </testcase> <!-- AdvancedViewerWordDocument -->
  <testcase name="AdvancedViewerWordDocument" time="0.000" classname="SQL2022_DB.AdvancedViewer_Script">
    <skipped/>
  </testcase> <!-- AdvancedViewerWordDocument -->
  <testcase name="AdvancedViewerWordDocument" time="0.000" classname="SQL2022_DB.AdvancedViewer_Script">
    <skipped/>
  </testcase> <!-- AdvancedViewerWordDocument -->
  <testcase name="AdvancedViewerWordDocument" time="0.000" classname="SQL2022_DB.AdvancedViewer_Script">
    <skipped/>
  </testcase> <!-- AdvancedViewerWordDocument -->
  <testcase name="AdvancedViewerWordDocument" time="0.000" classname="SQL2022_DB.AdvancedViewer_Script">
    <skipped/>
  </testcase> <!-- AdvancedViewerWordDocument -->
  <testcase name="AdvancedViewerWordDocument" time="0.000" classname="SQL2022_DB.AdvancedViewer_Script">
    <skipped/>
  </testcase> <!-- AdvancedViewerWordDocument -->
  <testcase name="AdvancedViewerWordDocument" time="0.000" classname="SQL2022_DB.AdvancedViewer_Script">
    <skipped/>
  </testcase> <!-- AdvancedViewerWordDocument -->
  <testcase name="AdvancedViewerWordDocument" time="0.000" classname="SQL2022_DB.AdvancedViewer_Script">
    <skipped/>
  </testcase> <!-- AdvancedViewerWordDocument -->
  <testcase name="AdvancedViewerWordDocument" time="0.000" classname="SQL2022_DB.AdvancedViewer_Script">
    <skipped/>
  </testcase> <!-- AdvancedViewerWordDocument -->
  <testcase name="AdvancedViewerWordDocument" time="0.000" classname="SQL2022_DB.AdvancedViewer_Script">
    <skipped/>
  </testcase> <!-- AdvancedViewerWordDocument -->
  <testcase name="AdvancedViewerWordDocument" time="0.000" classname="SQL2022_DB.AdvancedViewer_Script">
    <skipped/>
  </testcase> <!-- AdvancedViewerWordDocument -->
  <testcase name="AdvancedViewerWordDocument" time="0.000" classname="SQL2022_DB.AdvancedViewer_Script">
    <skipped/>
  </testcase> <!-- AdvancedViewerWordDocument -->
  <testcase name="AdvancedViewerWordDocument" time="0.000" classname="SQL2022_DB.AdvancedViewer_Script">
    <skipped/>
  </testcase> <!-- AdvancedViewerWordDocument -->
  <testcase name="AdvancedViewerWordDocument" time="0.000" classname="SQL2022_DB.AdvancedViewer_Script">
    <skipped/>
  </testcase> <!-- AdvancedViewerWordDocument -->
  <testcase name="AdvancedViewerWordDocument" time="0.000" classname="SQL2022_DB.AdvancedViewer_Script">
    <skipped/>
  </testcase> <!-- AdvancedViewerWordDocument -->
  <testcase name="AdvancedViewerWordDocument" time="0.000" classname="SQL2022_DB.AdvancedViewer_Script">
    <skipped/>
  </testcase> <!-- AdvancedViewerWordDocument -->
  <testcase name="AdvancedViewerWordDocument" time="0.000" classname="SQL2022_DB.AdvancedViewer_Script">
    <skipped/>
  </testcase> <!-- AdvancedViewerWordDocument -->
  <testcase name="AdvancedViewerWordDocument" time="0.000" classname="SQL2022_DB.AdvancedViewer_Script">
    <skipped/>
  </testcase> <!-- AdvancedViewerWordDocument -->
  <testcase name="AdvancedViewerWordDocument" time="0.000" classname="SQL2022_DB.AdvancedViewer_Script">
    <skipped/>
  </testcase> <!-- AdvancedViewerWordDocument -->
  <testcase name="AdvancedViewerWordDocument" time="0.000" classname="SQL2022_DB.AdvancedViewer_Script">
    <skipped/>
  </testcase> <!-- AdvancedViewerWordDocument -->
  <testcase name="AdvancedViewerWordDocument" time="0.000" classname="SQL2022_DB.AdvancedViewer_Script">
    <skipped/>
  </testcase> <!-- AdvancedViewerWordDocument -->
  <testcase name="AdvancedViewerWordDocument" time="0.000" classname="SQL2022_DB.AdvancedViewer_Script">
    <skipped/>
  </testcase> <!-- AdvancedViewerWordDocument -->
  <testcase name="AdvancedViewerWordDocument" time="0.000" classname="SQL2022_DB.AdvancedViewer_Script">
    <skipped/>
  </testcase> <!-- AdvancedViewerWordDocument -->
  <testcase name="AdvancedViewerWordDocument" time="0.000" classname="SQL2022_DB.AdvancedViewer_Script">
    <skipped/>
  </testcase> <!-- AdvancedViewerWordDocument -->
  <testcase name="AdvancedViewerWordDocument" time="0.000" classname="SQL2022_DB.AdvancedViewer_Script">
    <skipped/>
  </testcase> <!-- AdvancedViewerWordDocument -->
  <testcase name="AdvancedViewerWordDocument" time="0.000" classname="SQL2022_DB.AdvancedViewer_Script">
    <skipped/>
  </testcase> <!-- AdvancedViewerWordDocument -->
  <testcase name="AdvancedViewerWordDocument" time="0.000" classname="SQL2022_DB.AdvancedViewer_Script">
    <skipped/>
  </testcase> <!-- AdvancedViewerWordDocument -->
  <testcase name="AdvancedViewerWordDocument" time="0.000" classname="SQL2022_DB.AdvancedViewer_Script">
    <skipped/>
  </testcase> <!-- AdvancedViewerWordDocument -->
  <testcase name="AdvancedViewerWordDocument" time="0.000" classname="SQL2022_DB.AdvancedViewer_Script">
    <skipped/>
  </testcase> <!-- AdvancedViewerWordDocument -->
  <testcase name="AdvancedViewerWordDocument" time="0.000" classname="SQL2022_DB.AdvancedViewer_Script">
    <skipped/>
  </testcase> <!-- AdvancedViewerWordDocument -->
  <testcase name="AdvancedViewerWordDocument" time="0.000" classname="SQL2022_DB.AdvancedViewer_Script">
    <skipped/>
  </testcase> <!-- AdvancedViewerWordDocument -->
  <testcase name="AdvancedViewerWordDocument" time="0.000" classname="SQL2022_DB.AdvancedViewer_Script">
    <skipped/>
  </testcase> <!-- AdvancedViewerWordDocument -->
  <testcase name="AdvancedViewerWordDocument" time="0.000" classname="SQL2022_DB.AdvancedViewer_Script">
    <skipped/>
  </testcase> <!-- AdvancedViewerWordDocument -->
  <testcase name="AdvancedViewerWordDocument" time="0.000" classname="SQL2022_DB.AdvancedViewer_Script">
    <skipped/>
  </testcase> <!-- AdvancedViewerWordDocument -->
  <testcase name="AdvancedViewerWordDocument" time="0.000" classname="SQL2022_DB.AdvancedViewer_Script">
    <skipped/>
  </testcase> <!-- AdvancedViewerWordDocument -->
  <testcase name="AdvancedViewerWordDocument" time="0.000" classname="SQL2022_DB.AdvancedViewer_Script">
    <skipped/>
  </testcase> <!-- AdvancedViewerWordDocument -->
  <testcase name="AdvancedViewerWordDocument" time="0.000" classname="SQL2022_DB.AdvancedViewer_Script">
    <skipped/>
  </testcase> <!-- AdvancedViewerWordDocument -->
  <testcase name="AdvancedViewerWordDocument" time="0.000" classname="SQL2022_DB.AdvancedViewer_Script">
    <skipped/>
  </testcase> <!-- AdvancedViewerWordDocument -->
  <testcase name="AdvancedViewerWordDocument" time="0.000" classname="SQL2022_DB.AdvancedViewer_Script">
    <skipped/>
  </testcase> <!-- AdvancedViewerWordDocument -->
  <testcase name="AdvancedViewerWordDocument" time="0.000" classname="SQL2022_DB.AdvancedViewer_Script">
    <skipped/>
  </testcase> <!-- AdvancedViewerWordDocument -->
  <testcase name="AdvancedViewerWordDocument" time="0.000" classname="SQL2022_DB.AdvancedViewer_Script">
    <skipped/>
  </testcase> <!-- AdvancedViewerWordDocument -->
  <testcase name="AdvancedViewerWordDocument" time="0.000" classname="SQL2022_DB.AdvancedViewer_Script">
    <skipped/>
  </testcase> <!-- AdvancedViewerWordDocument -->
  <testcase name="AdvancedViewerWordDocument" time="0.000" classname="SQL2022_DB.AdvancedViewer_Script">
    <skipped/>
  </testcase> <!-- AdvancedViewerWordDocument -->
  <testcase name="AdvancedViewerWordDocument" time="0.000" classname="SQL2022_DB.AdvancedViewer_Script">
    <skipped/>
  </testcase> <!-- AdvancedViewerWordDocument -->
  <testcase name="AdvancedViewerWordDocument" time="0.000" classname="SQL2022_DB.AdvancedViewer_Script">
    <skipped/>
  </testcase> <!-- AdvancedViewerWordDocument -->
  <testcase name="AdvancedViewerWordDocument" time="0.000" classname="SQL2022_DB.AdvancedViewer_Script">
    <skipped/>
  </testcase> <!-- AdvancedViewerWordDocument -->
  <testcase name="AdvancedViewerWordDocument" time="0.000" classname="SQL2022_DB.AdvancedViewer_Script">
    <skipped/>
  </testcase> <!-- AdvancedViewerWordDocument -->
  <testcase name="AdvancedViewerWordDocument" time="0.000" classname="SQL2022_DB.AdvancedViewer_Script">
    <skipped/>
  </testcase> <!-- AdvancedViewerWordDocument -->
  <testcase name="AdvancedViewerWordDocument" time="0.000" classname="SQL2022_DB.AdvancedViewer_Script">
    <skipped/>
  </testcase> <!-- AdvancedViewerWordDocument -->
  <testcase name="AdvancedViewerWordDocument" time="0.000" classname="SQL2022_DB.AdvancedViewer_Script">
    <skipped/>
  </testcase> <!-- AdvancedViewerWordDocument -->
  <testcase name="AdvancedViewerWordDocument" time="0.000" classname="SQL2022_DB.AdvancedViewer_Script">
    <skipped/>
  </testcase> <!-- AdvancedViewerWordDocument -->
  <testcase name="AdvancedViewerWordDocument" time="0.000" classname="SQL2022_DB.AdvancedViewer_Script">
    <skipped/>
  </testcase> <!-- AdvancedViewerWordDocument -->
  <testcase name="AdvancedViewerWordDocument" time="0.000" classname="SQL2022_DB.AdvancedViewer_Script">
    <skipped/>
  </testcase> <!-- AdvancedViewerWordDocument -->
  <testcase name="AdvancedViewerWordDocument" time="0.000" classname="SQL2022_DB.AdvancedViewer_Script">
    <skipped/>
  </testcase> <!-- AdvancedViewerWordDocument -->
  <testcase name="AdvancedViewerWordDocument" time="0.000" classname="SQL2022_DB.AdvancedViewer_Script">
    <skipped/>
  </testcase> <!-- AdvancedViewerWordDocument -->
  <testcase name="AdvancedViewerWordDocument" time="0.000" classname="SQL2022_DB.AdvancedViewer_Script">
    <skipped/>
  </testcase> <!-- AdvancedViewerWordDocument -->
  <testcase name="AdvancedViewerWordDocument" time="0.000" classname="SQL2022_DB.AdvancedViewer_Script">
    <skipped/>
  </testcase> <!-- AdvancedViewerWordDocument -->
  <testcase name="AdvancedViewerWordDocument" time="0.000" classname="SQL2022_DB.AdvancedViewer_Script">
    <skipped/>
  </testcase> <!-- AdvancedViewerWordDocument -->
  <testcase name="AdvancedViewerWordDocument" time="0.000" classname="SQL2022_DB.AdvancedViewer_Script">
    <skipped/>
  </testcase> <!-- AdvancedViewerWordDocument -->
  <testcase name="AdvancedViewerWordDocument" time="0.000" classname="SQL2022_DB.AdvancedViewer_Script">
    <skipped/>
  </testcase> <!-- AdvancedViewerWordDocument -->
  <testcase name="AdvancedViewerWordDocument" time="0.000" classname="SQL2022_DB.AdvancedViewer_Script">
    <skipped/>
  </testcase> <!-- AdvancedViewerWordDocument -->
  <testcase name="AdvancedViewerWordDocument" time="0.000" classname="SQL2022_DB.AdvancedViewer_Script">
    <skipped/>
  </testcase> <!-- AdvancedViewerWordDocument -->
  <testcase name="AdvancedViewerWordDocument" time="0.000" classname="SQL2022_DB.AdvancedViewer_Script">
    <skipped/>
  </testcase> <!-- AdvancedViewerWordDocument -->
  <testcase name="AdvancedViewerWordDocument" time="0.000" classname="SQL2022_DB.AdvancedViewer_Script">
    <skipped/>
  </testcase> <!-- AdvancedViewerWordDocument -->
  <testcase name="AdvancedViewerWordDocument" time="0.000" classname="SQL2022_DB.AdvancedViewer_Script">
    <skipped/>
  </testcase> <!-- AdvancedViewerWordDocument -->
  <testcase name="AdvancedViewerWordDocument" time="0.000" classname="SQL2022_DB.AdvancedViewer_Script">
    <skipped/>
  </testcase> <!-- AdvancedViewerWordDocument -->
  <testcase name="AdvancedViewerWordDocument" time="0.000" classname="SQL2022_DB.AdvancedViewer_Script">
    <skipped/>
  </testcase> <!-- AdvancedViewerWordDocument -->
  <testcase name="AdvancedViewerWordDocument" time="0.000" classname="SQL2022_DB.AdvancedViewer_Script">
    <skipped/>
  </testcase> <!-- AdvancedViewerWordDocument -->
  <testcase name="AdvancedViewerWordDocument" time="0.000" classname="SQL2022_DB.AdvancedViewer_Script">
    <skipped/>
  </testcase> <!-- AdvancedViewerWordDocument -->
  <testcase name="AdvancedViewerWordDocument" time="0.000" classname="SQL2022_DB.AdvancedViewer_Script">
    <skipped/>
  </testcase> <!-- AdvancedViewerWordDocument -->
  <testcase name="AdvancedViewerWordDocument" time="0.000" classname="SQL2022_DB.AdvancedViewer_Script">
    <skipped/>
  </testcase> <!-- AdvancedViewerWordDocument -->
  <testcase name="AdvancedViewerWordDocument" time="0.000" classname="SQL2022_DB.AdvancedViewer_Script">
    <skipped/>
  </testcase> <!-- AdvancedViewerWordDocument -->
  <testcase name="AdvancedViewerWordDocument" time="0.000" classname="SQL2022_DB.AdvancedViewer_Script">
    <skipped/>
  </testcase> <!-- AdvancedViewerWordDocument -->
  <testcase name="AdvancedViewerWordDocument" time="0.000" classname="SQL2022_DB.AdvancedViewer_Script">
    <skipped/>
  </testcase> <!-- AdvancedViewerWordDocument -->
  <testcase name="AdvancedViewerWordDocument" time="0.000" classname="SQL2022_DB.AdvancedViewer_Script">
    <skipped/>
  </testcase> <!-- AdvancedViewerWordDocument -->
  <testcase name="AdvancedViewerWordDocument" time="0.000" classname="SQL2022_DB.AdvancedViewer_Script">
    <skipped/>
  </testcase> <!-- AdvancedViewerWordDocument -->
  <testcase name="AdvancedViewerWordDocument" time="0.000" classname="SQL2022_DB.AdvancedViewer_Script">
    <skipped/>
  </testcase> <!-- AdvancedViewerWordDocument -->
  <testcase name="AdvancedViewerWordDocument" time="0.000" classname="SQL2022_DB.AdvancedViewer_Script">
    <skipped/>
  </testcase> <!-- AdvancedViewerWordDocument -->
  <testcase name="AdvancedViewerWordDocument" time="0.000" classname="SQL2022_DB.AdvancedViewer_Script">
    <skipped/>
  </testcase> <!-- AdvancedViewerWordDocument -->
  <testcase name="AdvancedViewerWordDocument" time="0.000" classname="SQL2022_DB.AdvancedViewer_Script">
    <skipped/>
  </testcase> <!-- AdvancedViewerWordDocument -->
  <testcase name="AdvancedViewerWordDocument" time="0.000" classname="SQL2022_DB.AdvancedViewer_Script">
    <skipped/>
  </testcase> <!-- AdvancedViewerWordDocument -->
  <testcase name="AdvancedViewerWordDocument" time="0.000" classname="SQL2022_DB.AdvancedViewer_Script">
    <skipped/>
  </testcase> <!-- AdvancedViewerWordDocument -->
  <testcase name="AdvancedViewerWordDocument" time="0.000" classname="SQL2022_DB.AdvancedViewer_Script">
    <skipped/>
  </testcase> <!-- AdvancedViewerWordDocument -->
  <testcase name="AdvancedViewerWordDocument" time="0.000" classname="SQL2022_DB.AdvancedViewer_Script">
    <skipped/>
  </testcase> <!-- AdvancedViewerWordDocument -->
  <testcase name="AdvancedViewerWordDocument" time="0.000" classname="SQL2022_DB.AdvancedViewer_Script">
    <skipped/>
  </testcase> <!-- AdvancedViewerWordDocument -->
  <testcase name="AdvancedViewerWordDocument" time="0.000" classname="SQL2022_DB.AdvancedViewer_Script">
    <skipped/>
  </testcase> <!-- AdvancedViewerWordDocument -->
  <testcase name="AdvancedViewerWordDocument" time="0.000" classname="SQL2022_DB.AdvancedViewer_Script">
    <skipped/>
  </testcase> <!-- AdvancedViewerWordDocument -->
  <testcase name="AdvancedViewerWordDocument" time="0.000" classname="SQL2022_DB.AdvancedViewer_Script">
    <skipped/>
  </testcase> <!-- AdvancedViewerWordDocument -->
  <testcase name="AdvancedViewerWordDocument" time="0.000" classname="SQL2022_DB.AdvancedViewer_Script">
    <skipped/>
  </testcase> <!-- AdvancedViewerWordDocument -->
  <testcase name="AdvancedViewerWordDocument" time="0.000" classname="SQL2022_DB.AdvancedViewer_Script">
    <skipped/>
  </testcase> <!-- AdvancedViewerWordDocument -->
  <testcase name="AdvancedViewerWordDocument" time="0.000" classname="SQL2022_DB.AdvancedViewer_Script">
    <skipped/>
  </testcase> <!-- AdvancedViewerWordDocument -->
  <testcase name="AdvancedViewerWordDocument" time="0.000" classname="SQL2022_DB.AdvancedViewer_Script">
    <skipped/>
  </testcase> <!-- AdvancedViewerWordDocument -->
  <testcase name="AdvancedViewerWordDocument" time="0.000" classname="SQL2022_DB.AdvancedViewer_Script">
    <skipped/>
  </testcase> <!-- AdvancedViewerWordDocument -->
  <testcase name="AdvancedViewerWordDocument" time="0.000" classname="SQL2022_DB.AdvancedViewer_Script">
    <skipped/>
  </testcase> <!-- AdvancedViewerWordDocument -->
  <testcase name="AdvancedViewerWordDocument" time="0.000" classname="SQL2022_DB.AdvancedViewer_Script">
    <skipped/>
  </testcase> <!-- AdvancedViewerWordDocument -->
  <testcase name="AdvancedViewerWordDocument" time="0.000" classname="SQL2022_DB.AdvancedViewer_Script">
    <skipped/>
  </testcase> <!-- AdvancedViewerWordDocument -->
  <testcase name="AdvancedViewerWordDocument" time="0.000" classname="SQL2022_DB.AdvancedViewer_Script">
    <skipped/>
  </testcase> <!-- AdvancedViewerWordDocument -->
  <testcase name="AdvancedViewerWordDocument" time="0.000" classname="SQL2022_DB.AdvancedViewer_Script">
    <skipped/>
  </testcase> <!-- AdvancedViewerWordDocument -->
  <testcase name="AdvancedViewerWordDocument" time="0.000" classname="SQL2022_DB.AdvancedViewer_Script">
    <skipped/>
  </testcase> <!-- AdvancedViewerWordDocument -->
  <testcase name="AdvancedViewerWordDocument" time="0.000" classname="SQL2022_DB.AdvancedViewer_Script">
    <skipped/>
  </testcase> <!-- AdvancedViewerWordDocument -->
  <testcase name="AdvancedViewerWordDocument" time="0.000" classname="SQL2022_DB.AdvancedViewer_Script">
    <skipped/>
  </testcase> <!-- AdvancedViewerWordDocument -->
  <testcase name="AdvancedViewerWordDocument" time="0.000" classname="SQL2022_DB.AdvancedViewer_Script">
    <skipped/>
  </testcase> <!-- AdvancedViewerWordDocument -->
  <testcase name="AdvancedViewerWordDocument" time="0.000" classname="SQL2022_DB.AdvancedViewer_Script">
    <skipped/>
  </testcase> <!-- AdvancedViewerWordDocument -->
  <testcase name="AdvancedViewerWordDocument" time="0.000" classname="SQL2022_DB.AdvancedViewer_Script">
    <skipped/>
  </testcase> <!-- AdvancedViewerWordDocument -->
  <testcase name="AdvancedViewerWordDocument" time="0.000" classname="SQL2022_DB.AdvancedViewer_Script">
    <skipped/>
  </testcase> <!-- AdvancedViewerWordDocument -->
  <testcase name="AdvancedViewerWordDocument" time="0.000" classname="SQL2022_DB.AdvancedViewer_Script">
    <skipped/>
  </testcase> <!-- AdvancedViewerWordDocument -->
  <testcase name="AdvancedViewerWordDocument" time="0.000" classname="SQL2022_DB.AdvancedViewer_Script">
    <skipped/>
  </testcase> <!-- AdvancedViewerWordDocument -->
  <testcase name="AdvancedViewerWordDocument" time="0.000" classname="SQL2022_DB.AdvancedViewer_Script">
    <skipped/>
  </testcase> <!-- AdvancedViewerWordDocument -->
  <testcase name="AdvancedViewerWordDocument" time="0.000" classname="SQL2022_DB.AdvancedViewer_Script">
    <skipped/>
  </testcase> <!-- AdvancedViewerWordDocument -->
  <testcase name="AdvancedViewerWordDocument" time="0.000" classname="SQL2022_DB.AdvancedViewer_Script">
    <skipped/>
  </testcase> <!-- AdvancedViewerWordDocument -->
  <testcase name="AdvancedViewerWordDocument" time="0.000" classname="SQL2022_DB.AdvancedViewer_Script">
    <skipped/>
  </testcase> <!-- AdvancedViewerWordDocument -->
  <testcase name="AdvancedViewerWordDocument" time="0.000" classname="SQL2022_DB.AdvancedViewer_Script">
    <skipped/>
  </testcase> <!-- AdvancedViewerWordDocument -->
  <testcase name="AdvancedViewerWordDocument" time="0.000" classname="SQL2022_DB.AdvancedViewer_Script">
    <skipped/>
  </testcase> <!-- AdvancedViewerWordDocument -->
  <testcase name="AdvancedViewerWordDocument" time="0.000" classname="SQL2022_DB.AdvancedViewer_Script">
    <skipped/>
  </testcase> <!-- AdvancedViewerWordDocument -->
  <testcase name="AdvancedViewerWordDocument" time="0.000" classname="SQL2022_DB.AdvancedViewer_Script">
    <skipped/>
  </testcase> <!-- AdvancedViewerWordDocument -->
  <testcase name="AdvancedViewerWordDocument" time="0.000" classname="SQL2022_DB.AdvancedViewer_Script">
    <skipped/>
  </testcase> <!-- AdvancedViewerWordDocument -->
  <testcase name="AdvancedViewerWordDocument" time="0.000" classname="SQL2022_DB.AdvancedViewer_Script">
    <skipped/>
  </testcase> <!-- AdvancedViewerWordDocument -->
  <testcase name="AdvancedViewerWordDocument" time="0.000" classname="SQL2022_DB.AdvancedViewer_Script">
    <skipped/>
  </testcase> <!-- AdvancedViewerWordDocument -->
  <testcase name="AdvancedViewerWordDocument" time="0.000" classname="SQL2022_DB.AdvancedViewer_Script">
    <skipped/>
  </testcase> <!-- AdvancedViewerWordDocument -->
  <testcase name="AdvancedViewerWordDocument" time="0.000" classname="SQL2022_DB.AdvancedViewer_Script">
    <skipped/>
  </testcase> <!-- AdvancedViewerWordDocument -->
  <testcase name="AdvancedViewerWordDocument" time="0.000" classname="SQL2022_DB.AdvancedViewer_Script">
    <skipped/>
  </testcase> <!-- AdvancedViewerWordDocument -->
  <testcase name="AdvancedViewerWordDocument" time="0.000" classname="SQL2022_DB.AdvancedViewer_Script">
    <skipped/>
  </testcase> <!-- AdvancedViewerWordDocument -->
  <testcase name="AdvancedViewerWordDocument" time="0.000" classname="SQL2022_DB.AdvancedViewer_Script">
    <skipped/>
  </testcase> <!-- AdvancedViewerWordDocument -->
  <testcase name="AdvancedViewerWordDocument" time="0.000" classname="SQL2022_DB.AdvancedViewer_Script">
    <skipped/>
  </testcase> <!-- AdvancedViewerWordDocument -->
  <testcase name="AdvancedViewerWordDocument" time="0.000" classname="SQL2022_DB.AdvancedViewer_Script">
    <skipped/>
  </testcase> <!-- AdvancedViewerWordDocument -->
  <testcase name="AdvancedViewerWordDocument" time="0.000" classname="SQL2022_DB.AdvancedViewer_Script">
    <skipped/>
  </testcase> <!-- AdvancedViewerWordDocument -->
  <testcase name="AdvancedViewerWordDocument" time="0.000" classname="SQL2022_DB.AdvancedViewer_Script">
    <skipped/>
  </testcase> <!-- AdvancedViewerWordDocument -->
  <testcase name="AdvancedViewerWordDocument" time="0.000" classname="SQL2022_DB.AdvancedViewer_Script">
    <skipped/>
  </testcase> <!-- AdvancedViewerWordDocument -->
  <testcase name="AdvancedViewerWordDocument" time="0.000" classname="SQL2022_DB.AdvancedViewer_Script">
    <skipped/>
  </testcase> <!-- AdvancedViewerWordDocument -->
  <testcase name="AdvancedViewerWordDocument" time="0.000" classname="SQL2022_DB.AdvancedViewer_Script">
    <skipped/>
  </testcase> <!-- AdvancedViewerWordDocument -->
  <testcase name="AdvancedViewerWordDocument" time="0.000" classname="SQL2022_DB.AdvancedViewer_Script">
    <skipped/>
  </testcase> <!-- AdvancedViewerWordDocument -->
  <testcase name="AdvancedViewerWordDocument" time="0.000" classname="SQL2022_DB.AdvancedViewer_Script">
    <skipped/>
  </testcase> <!-- AdvancedViewerWordDocument -->
  <testcase name="AdvancedViewerWordDocument" time="0.000" classname="SQL2022_DB.AdvancedViewer_Script">
    <skipped/>
  </testcase> <!-- AdvancedViewerWordDocument -->
  <testcase name="AdvancedViewerWordDocument" time="0.000" classname="SQL2022_DB.AdvancedViewer_Script">
    <skipped/>
  </testcase> <!-- AdvancedViewerWordDocument -->
  <testcase name="AdvancedViewerWordDocument" time="0.000" classname="SQL2022_DB.AdvancedViewer_Script">
    <skipped/>
  </testcase> <!-- AdvancedViewerWordDocument -->
  <testcase name="AdvancedViewerWordDocument" time="0.000" classname="SQL2022_DB.AdvancedViewer_Script">
    <skipped/>
  </testcase> <!-- AdvancedViewerWordDocument -->
  <testcase name="AdvancedViewerWordDocument" time="0.000" classname="SQL2022_DB.AdvancedViewer_Script">
    <skipped/>
  </testcase> <!-- AdvancedViewerWordDocument -->
  <testcase name="AdvancedViewerWordDocument" time="0.000" classname="SQL2022_DB.AdvancedViewer_Script">
    <skipped/>
  </testcase> <!-- AdvancedViewerWordDocument -->
  <testcase name="AdvancedViewerWordDocument" time="0.000" classname="SQL2022_DB.AdvancedViewer_Script">
    <skipped/>
  </testcase> <!-- AdvancedViewerWordDocument -->
  <testcase name="AdvancedViewerWordDocument" time="0.000" classname="SQL2022_DB.AdvancedViewer_Script">
    <skipped/>
  </testcase> <!-- AdvancedViewerWordDocument -->
  <testcase name="AdvancedViewerWordDocument" time="0.000" classname="SQL2022_DB.AdvancedViewer_Script">
    <skipped/>
  </testcase> <!-- AdvancedViewerWordDocument -->
  <testcase name="AdvancedViewerWordDocument" time="0.000" classname="SQL2022_DB.AdvancedViewer_Script">
    <skipped/>
  </testcase> <!-- AdvancedViewerWordDocument -->
  <testcase name="AdvancedViewerWordDocument" time="0.000" classname="SQL2022_DB.AdvancedViewer_Script">
    <skipped/>
  </testcase> <!-- AdvancedViewerWordDocument -->
  <testcase name="AdvancedViewerWordDocument" time="0.000" classname="SQL2022_DB.AdvancedViewer_Script">
    <skipped/>
  </testcase> <!-- AdvancedViewerWordDocument -->
  <testcase name="AdvancedViewerWordDocument" time="0.000" classname="SQL2022_DB.AdvancedViewer_Script">
    <skipped/>
  </testcase> <!-- AdvancedViewerWordDocument -->
  <testcase name="AdvancedViewerWordDocument" time="0.000" classname="SQL2022_DB.AdvancedViewer_Script">
    <skipped/>
  </testcase> <!-- AdvancedViewerWordDocument -->
  <testcase name="AdvancedViewerWordDocument" time="0.000" classname="SQL2022_DB.AdvancedViewer_Script">
    <skipped/>
  </testcase> <!-- AdvancedViewerWordDocument -->
  <testcase name="AdvancedViewerWordDocument" time="0.000" classname="SQL2022_DB.AdvancedViewer_Script">
    <skipped/>
  </testcase> <!-- AdvancedViewerWordDocument -->
  <testcase name="AdvancedViewerWordDocument" time="0.000" classname="SQL2022_DB.AdvancedViewer_Script">
    <skipped/>
  </testcase> <!-- AdvancedViewerWordDocument -->
  <testcase name="AdvancedViewerWordDocument" time="0.000" classname="SQL2022_DB.AdvancedViewer_Script">
    <skipped/>
  </testcase> <!-- AdvancedViewerWordDocument -->
  <testcase name="AdvancedViewerWordDocument" time="0.000" classname="SQL2022_DB.AdvancedViewer_Script">
    <skipped/>
  </testcase> <!-- AdvancedViewerWordDocument -->
  <testcase name="AdvancedViewerWordDocument" time="0.000" classname="SQL2022_DB.AdvancedViewer_Script">
    <skipped/>
  </testcase> <!-- AdvancedViewerWordDocument -->
  <testcase name="AdvancedViewerWordDocument" time="0.000" classname="SQL2022_DB.AdvancedViewer_Script">
    <skipped/>
  </testcase> <!-- AdvancedViewerWordDocument -->
  <testcase name="AdvancedViewerWordDocument" time="0.000" classname="SQL2022_DB.AdvancedViewer_Script">
    <skipped/>
  </testcase> <!-- AdvancedViewerWordDocument -->
  <testcase name="AdvancedViewerWordDocument" time="0.000" classname="SQL2022_DB.AdvancedViewer_Script">
    <skipped/>
  </testcase> <!-- AdvancedViewerWordDocument -->
  <testcase name="AdvancedViewerWordDocument" time="0.000" classname="SQL2022_DB.AdvancedViewer_Script">
    <skipped/>
  </testcase> <!-- AdvancedViewerWordDocument -->
  <testcase name="AdvancedViewerWordDocument" time="0.000" classname="SQL2022_DB.AdvancedViewer_Script">
    <skipped/>
  </testcase> <!-- AdvancedViewerWordDocument -->
  <testcase name="AdvancedViewerWordDocument" time="0.000" classname="SQL2022_DB.AdvancedViewer_Script">
    <skipped/>
  </testcase> <!-- AdvancedViewerWordDocument -->
  <testcase name="AdvancedViewerWordDocument" time="0.000" classname="SQL2022_DB.AdvancedViewer_Script">
    <skipped/>
  </testcase> <!-- AdvancedViewerWordDocument -->
  <testcase name="AdvancedViewerWordDocument" time="0.000" classname="SQL2022_DB.AdvancedViewer_Script">
    <skipped/>
  </testcase> <!-- AdvancedViewerWordDocument -->
  <testcase name="AdvancedViewerWordDocument" time="0.000" classname="SQL2022_DB.AdvancedViewer_Script">
    <skipped/>
  </testcase> <!-- AdvancedViewerWordDocument -->
  <testcase name="AdvancedViewerWordDocument" time="0.000" classname="SQL2022_DB.AdvancedViewer_Script">
    <skipped/>
  </testcase> <!-- AdvancedViewerWordDocument -->
  <testcase name="AdvancedViewerWordDocument" time="0.000" classname="SQL2022_DB.AdvancedViewer_Script">
    <skipped/>
  </testcase> <!-- AdvancedViewerWordDocument -->
  <testcase name="AdvancedViewerWordDocument" time="0.000" classname="SQL2022_DB.AdvancedViewer_Script">
    <skipped/>
  </testcase> <!-- AdvancedViewerWordDocument -->
  <testcase name="AdvancedViewerWordDocument" time="0.000" classname="SQL2022_DB.AdvancedViewer_Script">
    <skipped/>
  </testcase> <!-- AdvancedViewerWordDocument -->
  <testcase name="AdvancedViewerWordDocument" time="0.000" classname="SQL2022_DB.AdvancedViewer_Script">
    <skipped/>
  </testcase> <!-- AdvancedViewerWordDocument -->
  <testcase name="AdvancedViewerWordDocument" time="0.000" classname="SQL2022_DB.AdvancedViewer_Script">
    <skipped/>
  </testcase> <!-- AdvancedViewerWordDocument -->
  <testcase name="AdvancedViewerWordDocument" time="0.000" classname="SQL2022_DB.AdvancedViewer_Script">
    <skipped/>
  </testcase> <!-- AdvancedViewerWordDocument -->
  <testcase name="AdvancedViewerWordDocument" time="0.000" classname="SQL2022_DB.AdvancedViewer_Script">
    <skipped/>
  </testcase> <!-- AdvancedViewerWordDocument -->
  <testcase name="AdvancedViewerWordDocument" time="0.000" classname="SQL2022_DB.AdvancedViewer_Script">
    <skipped/>
  </testcase> <!-- AdvancedViewerWordDocument -->
  <testcase name="AdvancedViewerWordDocument" time="0.000" classname="SQL2022_DB.AdvancedViewer_Script">
    <skipped/>
  </testcase> <!-- AdvancedViewerWordDocument -->
  <testcase name="AdvancedViewerWordDocument" time="0.000" classname="SQL2022_DB.AdvancedViewer_Script">
    <skipped/>
  </testcase> <!-- AdvancedViewerWordDocument -->
  <testcase name="AdvancedViewerWordDocument" time="0.000" classname="SQL2022_DB.AdvancedViewer_Script">
    <skipped/>
  </testcase> <!-- AdvancedViewerWordDocument -->
  <testcase name="AdvancedViewerWordDocument" time="0.000" classname="SQL2022_DB.AdvancedViewer_Script">
    <skipped/>
  </testcase> <!-- AdvancedViewerWordDocument -->
  <testcase name="AdvancedViewerWordDocument" time="0.000" classname="SQL2022_DB.AdvancedViewer_Script">
    <skipped/>
  </testcase> <!-- AdvancedViewerWordDocument -->
  <testcase name="AdvancedViewerWordDocument" time="0.000" classname="SQL2022_DB.AdvancedViewer_Script">
    <skipped/>
  </testcase> <!-- AdvancedViewerWordDocument -->
  <testcase name="AdvancedViewerWordDocument" time="0.000" classname="SQL2022_DB.AdvancedViewer_Script">
    <skipped/>
  </testcase> <!-- AdvancedViewerWordDocument -->
  <testcase name="AdvancedViewerWordDocument" time="0.000" classname="SQL2022_DB.AdvancedViewer_Script">
    <skipped/>
  </testcase> <!-- AdvancedViewerWordDocument -->
  <testcase name="AdvancedViewerWordDocument" time="0.000" classname="SQL2022_DB.AdvancedViewer_Script">
    <skipped/>
  </testcase> <!-- AdvancedViewerWordDocument -->
  <testcase name="AdvancedViewerWordDocument" time="0.000" classname="SQL2022_DB.AdvancedViewer_Script">
    <skipped/>
  </testcase> <!-- AdvancedViewerWordDocument -->
  <testcase name="AdvancedViewerWordDocument" time="0.000" classname="SQL2022_DB.AdvancedViewer_Script">
    <skipped/>
  </testcase> <!-- AdvancedViewerWordDocument -->
  <testcase name="AdvancedViewerWordDocument" time="0.000" classname="SQL2022_DB.AdvancedViewer_Script">
    <skipped/>
  </testcase> <!-- AdvancedViewerWordDocument -->
  <testcase name="AdvancedViewerWordDocument" time="0.000" classname="SQL2022_DB.AdvancedViewer_Script">
    <skipped/>
  </testcase> <!-- AdvancedViewerWordDocument -->
  <testcase name="AdvancedViewerWordDocument" time="0.000" classname="SQL2022_DB.AdvancedViewer_Script">
    <skipped/>
  </testcase> <!-- AdvancedViewerWordDocument -->
  <testcase name="AdvancedViewerWordDocument" time="0.000" classname="SQL2022_DB.AdvancedViewer_Script">
    <skipped/>
  </testcase> <!-- AdvancedViewerWordDocument -->
  <testcase name="AdvancedViewerWordDocument" time="0.000" classname="SQL2022_DB.AdvancedViewer_Script">
    <skipped/>
  </testcase> <!-- AdvancedViewerWordDocument -->
  <testcase name="AdvancedViewerWordDocument" time="0.000" classname="SQL2022_DB.AdvancedViewer_Script">
    <skipped/>
  </testcase> <!-- AdvancedViewerWordDocument -->
  <testcase name="AdvancedViewerWordDocument" time="0.000" classname="SQL2022_DB.AdvancedViewer_Script">
    <skipped/>
  </testcase> <!-- AdvancedViewerWordDocument -->
  <testcase name="AdvancedViewerWordDocument" time="0.000" classname="SQL2022_DB.AdvancedViewer_Script">
    <skipped/>
  </testcase> <!-- AdvancedViewerWordDocument -->
  <testcase name="AdvancedViewerWordDocument" time="0.000" classname="SQL2022_DB.AdvancedViewer_Script">
    <skipped/>
  </testcase> <!-- AdvancedViewerWordDocument -->
  <testcase name="AdvancedViewerWordDocument" time="0.000" classname="SQL2022_DB.AdvancedViewer_Script">
    <skipped/>
  </testcase> <!-- AdvancedViewerWordDocument -->
  <testcase name="AdvancedViewerWordDocument" time="0.000" classname="SQL2022_DB.AdvancedViewer_Script">
    <skipped/>
  </testcase> <!-- AdvancedViewerWordDocument -->
  <testcase name="AdvancedViewerWordDocument" time="0.000" classname="SQL2022_DB.AdvancedViewer_Script">
    <skipped/>
  </testcase> <!-- AdvancedViewerWordDocument -->
  <testcase name="AdvancedViewerWordDocument" time="0.000" classname="SQL2022_DB.AdvancedViewer_Script">
    <skipped/>
  </testcase> <!-- AdvancedViewerWordDocument -->
  <testcase name="AdvancedViewerWordDocument" time="0.000" classname="SQL2022_DB.AdvancedViewer_Script">
    <skipped/>
  </testcase> <!-- AdvancedViewerWordDocument -->
  <testcase name="AdvancedViewerWordDocument" time="0.000" classname="SQL2022_DB.AdvancedViewer_Script">
    <skipped/>
  </testcase> <!-- AdvancedViewerWordDocument -->
  <testcase name="AdvancedViewerWordDocument" time="0.000" classname="SQL2022_DB.AdvancedViewer_Script">
    <skipped/>
  </testcase> <!-- AdvancedViewerWordDocument -->
  <testcase name="AdvancedViewerWordDocument" time="0.000" classname="SQL2022_DB.AdvancedViewer_Script">
    <skipped/>
  </testcase> <!-- AdvancedViewerWordDocument -->
  <testcase name="AdvancedViewerWordDocument" time="0.000" classname="SQL2022_DB.AdvancedViewer_Script">
    <skipped/>
  </testcase> <!-- AdvancedViewerWordDocument -->
  <testcase name="AdvancedViewerWordDocument" time="0.000" classname="SQL2022_DB.AdvancedViewer_Script">
    <skipped/>
  </testcase> <!-- AdvancedViewerWordDocument -->
  <testcase name="AdvancedViewerWordDocument" time="0.000" classname="SQL2022_DB.AdvancedViewer_Script">
    <skipped/>
  </testcase> <!-- AdvancedViewerWordDocument -->
  <testcase name="AdvancedViewerWordDocument" time="0.000" classname="SQL2022_DB.AdvancedViewer_Script">
    <skipped/>
  </testcase> <!-- AdvancedViewerWordDocument -->
  <testcase name="AdvancedViewerWordDocument" time="0.000" classname="SQL2022_DB.AdvancedViewer_Script">
    <skipped/>
  </testcase> <!-- AdvancedViewerWordDocument -->
  <testcase name="AdvancedViewerWordDocument" time="0.000" classname="SQL2022_DB.AdvancedViewer_Script">
    <skipped/>
  </testcase> <!-- AdvancedViewerWordDocument -->
  <testcase name="AdvancedViewerWordDocument" time="0.000" classname="SQL2022_DB.AdvancedViewer_Script">
    <skipped/>
  </testcase> <!-- AdvancedViewerWordDocument -->
  <testcase name="AdvancedViewerWordDocument" time="0.000" classname="SQL2022_DB.AdvancedViewer_Script">
    <skipped/>
  </testcase> <!-- AdvancedViewerWordDocument -->
  <testcase name="AdvancedViewerWordDocument" time="0.000" classname="SQL2022_DB.AdvancedViewer_Script">
    <skipped/>
  </testcase> <!-- AdvancedViewerWordDocument -->
  <testcase name="AdvancedViewerWordDocument" time="0.000" classname="SQL2022_DB.AdvancedViewer_Script">
    <skipped/>
  </testcase> <!-- AdvancedViewerWordDocument -->
  <testcase name="AdvancedViewerWordDocument" time="0.000" classname="SQL2022_DB.AdvancedViewer_Script">
    <skipped/>
  </testcase> <!-- AdvancedViewerWordDocument -->
  <testcase name="AdvancedViewerWordDocument" time="0.000" classname="SQL2022_DB.AdvancedViewer_Script">
    <skipped/>
  </testcase> <!-- AdvancedViewerWordDocument -->
  <testcase name="AdvancedViewerWordDocument" time="0.000" classname="SQL2022_DB.AdvancedViewer_Script">
    <skipped/>
  </testcase> <!-- AdvancedViewerWordDocument -->
  <testcase name="AdvancedViewerWordDocument" time="0.000" classname="SQL2022_DB.AdvancedViewer_Script">
    <skipped/>
  </testcase> <!-- AdvancedViewerWordDocument -->
  <testcase name="AdvancedViewerWordDocument" time="0.000" classname="SQL2022_DB.AdvancedViewer_Script">
    <skipped/>
  </testcase> <!-- AdvancedViewerWordDocument -->
  <testcase name="AdvancedViewerWordDocument" time="0.000" classname="SQL2022_DB.AdvancedViewer_Script">
    <skipped/>
  </testcase> <!-- AdvancedViewerWordDocument -->
  <testcase name="AdvancedViewerWordDocument" time="0.000" classname="SQL2022_DB.AdvancedViewer_Script">
    <skipped/>
  </testcase> <!-- AdvancedViewerWordDocument -->
  <testcase name="AdvancedViewerWordDocument" time="0.000" classname="SQL2022_DB.AdvancedViewer_Script">
    <skipped/>
  </testcase> <!-- AdvancedViewerWordDocument -->
  <testcase name="AdvancedViewerWordDocument" time="0.000" classname="SQL2022_DB.AdvancedViewer_Script">
    <skipped/>
  </testcase> <!-- AdvancedViewerWordDocument -->
  <testcase name="AdvancedViewerWordDocument" time="0.000" classname="SQL2022_DB.AdvancedViewer_Script">
    <skipped/>
  </testcase> <!-- AdvancedViewerWordDocument -->
  <testcase name="AdvancedViewerWordDocument" time="0.000" classname="SQL2022_DB.AdvancedViewer_Script">
    <skipped/>
  </testcase> <!-- AdvancedViewerWordDocument -->
  <testcase name="AdvancedViewerWordDocument" time="0.000" classname="SQL2022_DB.AdvancedViewer_Script">
    <skipped/>
  </testcase> <!-- AdvancedViewerWordDocument -->
  <testcase name="AdvancedViewerWordDocument" time="0.000" classname="SQL2022_DB.AdvancedViewer_Script">
    <skipped/>
  </testcase> <!-- AdvancedViewerWordDocument -->
  <testcase name="AdvancedViewerWordDocument" time="0.000" classname="SQL2022_DB.AdvancedViewer_Script">
    <skipped/>
  </testcase> <!-- AdvancedViewerWordDocument -->
  <testcase name="AdvancedViewerWordDocument" time="0.000" classname="SQL2022_DB.AdvancedViewer_Script">
    <skipped/>
  </testcase> <!-- AdvancedViewerWordDocument -->
  <testcase name="AdvancedViewerWordDocument" time="0.000" classname="SQL2022_DB.AdvancedViewer_Script">
    <skipped/>
  </testcase> <!-- AdvancedViewerWordDocument -->
  <testcase name="AdvancedViewerWordDocument" time="0.000" classname="SQL2022_DB.AdvancedViewer_Script">
    <skipped/>
  </testcase> <!-- AdvancedViewerWordDocument -->
  <testcase name="AdvancedViewerWordDocument" time="0.000" classname="SQL2022_DB.AdvancedViewer_Script">
    <skipped/>
  </testcase> <!-- AdvancedViewerWordDocument -->
  <testcase name="AdvancedViewerWordDocument" time="0.000" classname="SQL2022_DB.AdvancedViewer_Script">
    <skipped/>
  </testcase> <!-- AdvancedViewerWordDocument -->
  <testcase name="AdvancedViewerWordDocument" time="0.000" classname="SQL2022_DB.AdvancedViewer_Script">
    <skipped/>
  </testcase> <!-- AdvancedViewerWordDocument -->
  <testcase name="AdvancedViewerWordDocument" time="0.000" classname="SQL2022_DB.AdvancedViewer_Script">
    <skipped/>
  </testcase> <!-- AdvancedViewerWordDocument -->
  <testcase name="AdvancedViewerWordDocument" time="0.000" classname="SQL2022_DB.AdvancedViewer_Script">
    <skipped/>
  </testcase> <!-- AdvancedViewerWordDocument -->
  <testcase name="AdvancedViewerWordDocument" time="0.000" classname="SQL2022_DB.AdvancedViewer_Script">
    <skipped/>
  </testcase> <!-- AdvancedViewerWordDocument -->
  <testcase name="AdvancedViewerWordDocument" time="0.000" classname="SQL2022_DB.AdvancedViewer_Script">
    <skipped/>
  </testcase> <!-- AdvancedViewerWordDocument -->
  <testcase name="AdvancedViewerWordDocument" time="0.000" classname="SQL2022_DB.AdvancedViewer_Script">
    <skipped/>
  </testcase> <!-- AdvancedViewerWordDocument -->
  <testcase name="AdvancedViewerWordDocument" time="0.000" classname="SQL2022_DB.AdvancedViewer_Script">
    <skipped/>
  </testcase> <!-- AdvancedViewerWordDocument -->
  <testcase name="AdvancedViewerWordDocument" time="0.000" classname="SQL2022_DB.AdvancedViewer_Script">
    <skipped/>
  </testcase> <!-- AdvancedViewerWordDocument -->
  <testcase name="AdvancedViewerWordDocument" time="0.000" classname="SQL2022_DB.AdvancedViewer_Script">
    <skipped/>
  </testcase> <!-- AdvancedViewerWordDocument -->
  <testcase name="AdvancedViewerWordDocument" time="0.000" classname="SQL2022_DB.AdvancedViewer_Script">
    <skipped/>
  </testcase> <!-- AdvancedViewerWordDocument -->
  <testcase name="AdvancedViewerWordDocument" time="0.000" classname="SQL2022_DB.AdvancedViewer_Script">
    <skipped/>
  </testcase> <!-- AdvancedViewerWordDocument -->
  <testcase name="AdvancedViewerWordDocument" time="0.000" classname="SQL2022_DB.AdvancedViewer_Script">
    <skipped/>
  </testcase> <!-- AdvancedViewerWordDocument -->
  <testcase name="AdvancedViewerWordDocument" time="0.000" classname="SQL2022_DB.AdvancedViewer_Script">
    <skipped/>
  </testcase> <!-- AdvancedViewerWordDocument -->
  <testcase name="AdvancedViewerWordDocument" time="0.000" classname="SQL2022_DB.AdvancedViewer_Script">
    <skipped/>
  </testcase> <!-- AdvancedViewerWordDocument -->
  <testcase name="AdvancedViewerWordDocument" time="0.000" classname="SQL2022_DB.AdvancedViewer_Script">
    <skipped/>
  </testcase> <!-- AdvancedViewerWordDocument -->
  <testcase name="AdvancedViewerWordDocument" time="0.000" classname="SQL2022_DB.AdvancedViewer_Script">
    <skipped/>
  </testcase> <!-- AdvancedViewerWordDocument -->
  <testcase name="AdvancedViewerWordDocument" time="0.000" classname="SQL2022_DB.AdvancedViewer_Script">
    <skipped/>
  </testcase> <!-- AdvancedViewerWordDocument -->
  <testcase name="AdvancedViewerWordDocument" time="0.000" classname="SQL2022_DB.AdvancedViewer_Script">
    <skipped/>
  </testcase> <!-- AdvancedViewerWordDocument -->
  <testcase name="AdvancedViewerWordDocument" time="0.000" classname="SQL2022_DB.AdvancedViewer_Script">
    <skipped/>
  </testcase> <!-- AdvancedViewerWordDocument -->
  <testcase name="AdvancedViewerWordDocument" time="0.000" classname="SQL2022_DB.AdvancedViewer_Script">
    <skipped/>
  </testcase> <!-- AdvancedViewerWordDocument -->
  <testcase name="AdvancedViewerWordDocument" time="0.000" classname="SQL2022_DB.AdvancedViewer_Script">
    <skipped/>
  </testcase> <!-- AdvancedViewerWordDocument -->
  <testcase name="AdvancedViewerWordDocument" time="0.000" classname="SQL2022_DB.AdvancedViewer_Script">
    <skipped/>
  </testcase> <!-- AdvancedViewerWordDocument -->
  <testcase name="AdvancedViewerWordDocument" time="0.000" classname="SQL2022_DB.AdvancedViewer_Script">
    <skipped/>
  </testcase> <!-- AdvancedViewerWordDocument -->
  <testcase name="AdvancedViewerWordDocument" time="0.000" classname="SQL2022_DB.AdvancedViewer_Script">
    <skipped/>
  </testcase> <!-- AdvancedViewerWordDocument -->
  <testcase name="AdvancedViewerWordDocument" time="0.000" classname="SQL2022_DB.AdvancedViewer_Script">
    <skipped/>
  </testcase> <!-- AdvancedViewerWordDocument -->
  <testcase name="AdvancedViewerWordDocument" time="0.000" classname="SQL2022_DB.AdvancedViewer_Script">
    <skipped/>
  </testcase> <!-- AdvancedViewerWordDocument -->
  <testcase name="AdvancedViewerWordDocument" time="0.000" classname="SQL2022_DB.AdvancedViewer_Script">
    <skipped/>
  </testcase> <!-- AdvancedViewerWordDocument -->
  <testcase name="AdvancedViewerWordDocument" time="0.000" classname="SQL2022_DB.AdvancedViewer_Script">
    <skipped/>
  </testcase> <!-- AdvancedViewerWordDocument -->
  <testcase name="AdvancedViewerWordDocument" time="0.000" classname="SQL2022_DB.AdvancedViewer_Script">
    <skipped/>
  </testcase> <!-- AdvancedViewerWordDocument -->
  <testcase name="AdvancedViewerWordDocument" time="0.000" classname="SQL2022_DB.AdvancedViewer_Script">
    <skipped/>
  </testcase> <!-- AdvancedViewerWordDocument -->
  <testcase name="AdvancedViewerWordDocument" time="0.000" classname="SQL2022_DB.AdvancedViewer_Script">
    <skipped/>
  </testcase> <!-- AdvancedViewerWordDocument -->
  <testcase name="AdvancedViewerWordDocument" time="0.000" classname="SQL2022_DB.AdvancedViewer_Script">
    <skipped/>
  </testcase> <!-- AdvancedViewerWordDocument -->
  <testcase name="AdvancedViewerWordDocument" time="0.000" classname="SQL2022_DB.AdvancedViewer_Script">
    <skipped/>
  </testcase> <!-- AdvancedViewerWordDocument -->
  <testcase name="AdvancedViewerWordDocument" time="0.000" classname="SQL2022_DB.AdvancedViewer_Script">
    <skipped/>
  </testcase> <!-- AdvancedViewerWordDocument -->
  <testcase name="AdvancedViewerWordDocument" time="0.000" classname="SQL2022_DB.AdvancedViewer_Script">
    <skipped/>
  </testcase> <!-- AdvancedViewerWordDocument -->
  <testcase name="AdvancedViewerWordDocument" time="0.000" classname="SQL2022_DB.AdvancedViewer_Script">
    <skipped/>
  </testcase> <!-- AdvancedViewerWordDocument -->
  <testcase name="AdvancedViewerWordDocument" time="0.000" classname="SQL2022_DB.AdvancedViewer_Script">
    <skipped/>
  </testcase> <!-- AdvancedViewerWordDocument -->
  <testcase name="AdvancedViewerWordDocument" time="0.000" classname="SQL2022_DB.AdvancedViewer_Script">
    <skipped/>
  </testcase> <!-- AdvancedViewerWordDocument -->
  <testcase name="AdvancedViewerWordDocument" time="0.000" classname="SQL2022_DB.AdvancedViewer_Script">
    <skipped/>
  </testcase> <!-- AdvancedViewerWordDocument -->
  <testcase name="AdvancedViewerWordDocument" time="0.000" classname="SQL2022_DB.AdvancedViewer_Script">
    <skipped/>
  </testcase> <!-- AdvancedViewerWordDocument -->
  <testcase name="AdvancedViewerWordDocument" time="0.000" classname="SQL2022_DB.AdvancedViewer_Script">
    <skipped/>
  </testcase> <!-- AdvancedViewerWordDocument -->
  <testcase name="AdvancedViewerWordDocument" time="0.000" classname="SQL2022_DB.AdvancedViewer_Script">
    <skipped/>
  </testcase> <!-- AdvancedViewerWordDocument -->
  <testcase name="AdvancedViewerWordDocument" time="0.000" classname="SQL2022_DB.AdvancedViewer_Script">
    <skipped/>
  </testcase> <!-- AdvancedViewerWordDocument -->
  <testcase name="AdvancedViewerWordDocument" time="0.000" classname="SQL2022_DB.AdvancedViewer_Script">
    <skipped/>
  </testcase> <!-- AdvancedViewerWordDocument -->
  <testcase name="AdvancedViewerWordDocument" time="0.000" classname="SQL2022_DB.AdvancedViewer_Script">
    <skipped/>
  </testcase> <!-- AdvancedViewerWordDocument -->
  <testcase name="AdvancedViewerWordDocument" time="0.000" classname="SQL2022_DB.AdvancedViewer_Script">
    <skipped/>
  </testcase> <!-- AdvancedViewerWordDocument -->
  <testcase name="AdvancedViewerWordDocument" time="0.000" classname="SQL2022_DB.AdvancedViewer_Script">
    <skipped/>
  </testcase> <!-- AdvancedViewerWordDocument -->
  <testcase name="AdvancedViewerWordDocument" time="0.000" classname="SQL2022_DB.AdvancedViewer_Script">
    <skipped/>
  </testcase> <!-- AdvancedViewerWordDocument -->
  <testcase name="AdvancedViewerWordDocument" time="0.000" classname="SQL2022_DB.AdvancedViewer_Script">
    <skipped/>
  </testcase> <!-- AdvancedViewerWordDocument -->
  <testcase name="AdvancedViewerWordDocument" time="0.000" classname="SQL2022_DB.AdvancedViewer_Script">
    <skipped/>
  </testcase> <!-- AdvancedViewerWordDocument -->
  <testcase name="AdvancedViewerWordDocument" time="0.000" classname="SQL2022_DB.AdvancedViewer_Script">
    <skipped/>
  </testcase> <!-- AdvancedViewerWordDocument -->
  <testcase name="AdvancedViewerWordDocument" time="0.000" classname="SQL2022_DB.AdvancedViewer_Script">
    <skipped/>
  </testcase> <!-- AdvancedViewerWordDocument -->
  <testcase name="AdvancedViewerWordDocument" time="0.000" classname="SQL2022_DB.AdvancedViewer_Script">
    <skipped/>
  </testcase> <!-- AdvancedViewerWordDocument -->
  <testcase name="AdvancedViewerWordDocument" time="0.000" classname="SQL2022_DB.AdvancedViewer_Script">
    <skipped/>
  </testcase> <!-- AdvancedViewerWordDocument -->
  <testcase name="AdvancedViewerWordDocument" time="0.000" classname="SQL2022_DB.AdvancedViewer_Script">
    <skipped/>
  </testcase> <!-- AdvancedViewerWordDocument -->
  <testcase name="AdvancedViewerWordDocument" time="0.000" classname="SQL2022_DB.AdvancedViewer_Script">
    <skipped/>
  </testcase> <!-- AdvancedViewerWordDocument -->
  <testcase name="AdvancedViewerWordDocument" time="0.000" classname="SQL2022_DB.AdvancedViewer_Script">
    <skipped/>
  </testcase> <!-- AdvancedViewerWordDocument -->
  <testcase name="AdvancedViewerWordDocument" time="0.000" classname="SQL2022_DB.AdvancedViewer_Script">
    <skipped/>
  </testcase> <!-- AdvancedViewerWordDocument -->
  <testcase name="AdvancedViewerWordDocument" time="0.000" classname="SQL2022_DB.AdvancedViewer_Script">
    <skipped/>
  </testcase> <!-- AdvancedViewerWordDocument -->
  <testcase name="AdvancedViewerWordDocument" time="0.000" classname="SQL2022_DB.AdvancedViewer_Script">
    <skipped/>
  </testcase> <!-- AdvancedViewerWordDocument -->
  <testcase name="AdvancedViewerWordDocument" time="0.000" classname="SQL2022_DB.AdvancedViewer_Script">
    <skipped/>
  </testcase> <!-- AdvancedViewerWordDocument -->
  <testcase name="AdvancedViewerWordDocument" time="0.000" classname="SQL2022_DB.AdvancedViewer_Script">
    <skipped/>
  </testcase> <!-- AdvancedViewerWordDocument -->
  <testcase name="AdvancedViewerWordDocument" time="0.000" classname="SQL2022_DB.AdvancedViewer_Script">
    <skipped/>
  </testcase> <!-- AdvancedViewerWordDocument -->
  <testcase name="AdvancedViewerWordDocument" time="0.000" classname="SQL2022_DB.AdvancedViewer_Script">
    <skipped/>
  </testcase> <!-- AdvancedViewerWordDocument -->
  <testcase name="AdvancedViewerWordDocument" time="0.000" classname="SQL2022_DB.AdvancedViewer_Script">
    <skipped/>
  </testcase> <!-- AdvancedViewerWordDocument -->
  <testcase name="AdvancedViewerWordDocument" time="0.000" classname="SQL2022_DB.AdvancedViewer_Script">
    <skipped/>
  </testcase> <!-- AdvancedViewerWordDocument -->
  <testcase name="AdvancedViewerWordDocument" time="0.000" classname="SQL2022_DB.AdvancedViewer_Script">
    <skipped/>
  </testcase> <!-- AdvancedViewerWordDocument -->
  <testcase name="AdvancedViewerWordDocument" time="0.000" classname="SQL2022_DB.AdvancedViewer_Script">
    <skipped/>
  </testcase> <!-- AdvancedViewerWordDocument -->
  <testcase name="AdvancedViewerWordDocument" time="0.000" classname="SQL2022_DB.AdvancedViewer_Script">
    <skipped/>
  </testcase> <!-- AdvancedViewerWordDocument -->
  <testcase name="AdvancedViewerWordDocument" time="0.000" classname="SQL2022_DB.AdvancedViewer_Script">
    <skipped/>
  </testcase> <!-- AdvancedViewerWordDocument -->
  <testcase name="AdvancedViewerWordDocument" time="0.000" classname="SQL2022_DB.AdvancedViewer_Script">
    <skipped/>
  </testcase> <!-- AdvancedViewerWordDocument -->
  <testcase name="AdvancedViewerWordDocument" time="0.000" classname="SQL2022_DB.AdvancedViewer_Script">
    <skipped/>
  </testcase> <!-- AdvancedViewerWordDocument -->
  <testcase name="AdvancedViewerWordDocument" time="0.000" classname="SQL2022_DB.AdvancedViewer_Script">
    <skipped/>
  </testcase> <!-- AdvancedViewerWordDocument -->
  <testcase name="AdvancedViewerWordDocument" time="0.000" classname="SQL2022_DB.AdvancedViewer_Script">
    <skipped/>
  </testcase> <!-- AdvancedViewerWordDocument -->
  <testcase name="AdvancedViewerWordDocument" time="0.000" classname="SQL2022_DB.AdvancedViewer_Script">
    <skipped/>
  </testcase> <!-- AdvancedViewerWordDocument -->
  <testcase name="AdvancedViewerWordDocument" time="0.000" classname="SQL2022_DB.AdvancedViewer_Script">
    <skipped/>
  </testcase> <!-- AdvancedViewerWordDocument -->
  <testcase name="AdvancedViewerWordDocument" time="0.000" classname="SQL2022_DB.AdvancedViewer_Script">
    <skipped/>
  </testcase> <!-- AdvancedViewerWordDocument -->
  <testcase name="AdvancedViewerWordDocument" time="0.000" classname="SQL2022_DB.AdvancedViewer_Script">
    <skipped/>
  </testcase> <!-- AdvancedViewerWordDocument -->
  <testcase name="AdvancedViewerWordDocument" time="0.000" classname="SQL2022_DB.AdvancedViewer_Script">
    <skipped/>
  </testcase> <!-- AdvancedViewerWordDocument -->
  <testcase name="AdvancedViewerWordDocument" time="0.000" classname="SQL2022_DB.AdvancedViewer_Script">
    <skipped/>
  </testcase> <!-- AdvancedViewerWordDocument -->
  <testcase name="AdvancedViewerWordDocument" time="0.000" classname="SQL2022_DB.AdvancedViewer_Script">
    <skipped/>
  </testcase> <!-- AdvancedViewerWordDocument -->
  <testcase name="AdvancedViewerWordDocument" time="0.000" classname="SQL2022_DB.AdvancedViewer_Script">
    <skipped/>
  </testcase> <!-- AdvancedViewerWordDocument -->
  <testcase name="AdvancedViewerWordDocument" time="0.000" classname="SQL2022_DB.AdvancedViewer_Script">
    <skipped/>
  </testcase> <!-- AdvancedViewerWordDocument -->
  <testcase name="AdvancedViewerWordDocument" time="0.000" classname="SQL2022_DB.AdvancedViewer_Script">
    <skipped/>
  </testcase> <!-- AdvancedViewerWordDocument -->
  <testcase name="AdvancedViewerWordDocument" time="0.000" classname="SQL2022_DB.AdvancedViewer_Script">
    <skipped/>
  </testcase> <!-- AdvancedViewerWordDocument -->
  <testcase name="AdvancedViewerWordDocument" time="0.000" classname="SQL2022_DB.AdvancedViewer_Script">
    <skipped/>
  </testcase> <!-- AdvancedViewerWordDocument -->
  <testcase name="AdvancedViewerWordDocument" time="0.000" classname="SQL2022_DB.AdvancedViewer_Script">
    <skipped/>
  </testcase> <!-- AdvancedViewerWordDocument -->
  <testcase name="AdvancedViewerWordDocument" time="0.000" classname="SQL2022_DB.AdvancedViewer_Script">
    <skipped/>
  </testcase> <!-- AdvancedViewerWordDocument -->
  <testcase name="AdvancedViewerWordDocument" time="0.000" classname="SQL2022_DB.AdvancedViewer_Script">
    <skipped/>
  </testcase> <!-- AdvancedViewerWordDocument -->
  <testcase name="AdvancedViewerWordDocument" time="0.000" classname="SQL2022_DB.AdvancedViewer_Script">
    <skipped/>
  </testcase> <!-- AdvancedViewerWordDocument -->
  <testcase name="AdvancedViewerWordDocument" time="0.000" classname="SQL2022_DB.AdvancedViewer_Script">
    <skipped/>
  </testcase> <!-- AdvancedViewerWordDocument -->
  <testcase name="AdvancedViewerWordDocument" time="0.000" classname="SQL2022_DB.AdvancedViewer_Script">
    <skipped/>
  </testcase> <!-- AdvancedViewerWordDocument -->
  <testcase name="AdvancedViewerWordDocument" time="0.000" classname="SQL2022_DB.AdvancedViewer_Script">
    <skipped/>
  </testcase> <!-- AdvancedViewerWordDocument -->
  <testcase name="AdvancedViewerWordDocument" time="0.000" classname="SQL2022_DB.AdvancedViewer_Script">
    <skipped/>
  </testcase> <!-- AdvancedViewerWordDocument -->
  <testcase name="AdvancedViewerWordDocument" time="0.000" classname="SQL2022_DB.AdvancedViewer_Script">
    <skipped/>
  </testcase> <!-- AdvancedViewerWordDocument -->
  <testcase name="AdvancedViewerWordDocument" time="0.000" classname="SQL2022_DB.AdvancedViewer_Script">
    <skipped/>
  </testcase> <!-- AdvancedViewerWordDocument -->
  <testcase name="AdvancedViewerWordDocument" time="0.000" classname="SQL2022_DB.AdvancedViewer_Script">
    <skipped/>
  </testcase> <!-- AdvancedViewerWordDocument -->
  <testcase name="AdvancedViewerWordDocument" time="0.000" classname="SQL2022_DB.AdvancedViewer_Script">
    <skipped/>
  </testcase> <!-- AdvancedViewerWordDocument -->
  <testcase name="AdvancedViewerWordDocument" time="0.000" classname="SQL2022_DB.AdvancedViewer_Script">
    <skipped/>
  </testcase> <!-- AdvancedViewerWordDocument -->
  <testcase name="AdvancedViewerWordDocument" time="0.000" classname="SQL2022_DB.AdvancedViewer_Script">
    <skipped/>
  </testcase> <!-- AdvancedViewerWordDocument -->
  <testcase name="AdvancedViewerWordDocument" time="0.000" classname="SQL2022_DB.AdvancedViewer_Script">
    <skipped/>
  </testcase> <!-- AdvancedViewerWordDocument -->
  <testcase name="AdvancedViewerWordDocument" time="0.000" classname="SQL2022_DB.AdvancedViewer_Script">
    <skipped/>
  </testcase> <!-- AdvancedViewerWordDocument -->
  <testcase name="AdvancedViewerWordDocument" time="0.000" classname="SQL2022_DB.AdvancedViewer_Script">
    <skipped/>
  </testcase> <!-- AdvancedViewerWordDocument -->
  <testcase name="AdvancedViewerWordDocument" time="0.000" classname="SQL2022_DB.AdvancedViewer_Script">
    <skipped/>
  </testcase> <!-- AdvancedViewerWordDocument -->
  <testcase name="AdvancedViewerWordDocument" time="0.000" classname="SQL2022_DB.AdvancedViewer_Script">
    <skipped/>
  </testcase> <!-- AdvancedViewerWordDocument -->
  <testcase name="AdvancedViewerWordDocument" time="0.000" classname="SQL2022_DB.AdvancedViewer_Script">
    <skipped/>
  </testcase> <!-- AdvancedViewerWordDocument -->
  <testcase name="AdvancedViewerWordDocument" time="0.000" classname="SQL2022_DB.AdvancedViewer_Script">
    <skipped/>
  </testcase> <!-- AdvancedViewerWordDocument -->
  <testcase name="AdvancedViewerWordDocument" time="0.000" classname="SQL2022_DB.AdvancedViewer_Script">
    <skipped/>
  </testcase> <!-- AdvancedViewerWordDocument -->
  <testcase name="AdvancedViewerWordDocument" time="0.000" classname="SQL2022_DB.AdvancedViewer_Script">
    <skipped/>
  </testcase> <!-- AdvancedViewerWordDocument -->
  <testcase name="AdvancedViewerWordDocument" time="0.000" classname="SQL2022_DB.AdvancedViewer_Script">
    <skipped/>
  </testcase> <!-- AdvancedViewerWordDocument -->
  <testcase name="AdvancedViewerWordDocument" time="0.000" classname="SQL2022_DB.AdvancedViewer_Script">
    <skipped/>
  </testcase> <!-- AdvancedViewerWordDocument -->
  <testcase name="AdvancedViewerWordDocument" time="0.000" classname="SQL2022_DB.AdvancedViewer_Script">
    <skipped/>
  </testcase> <!-- AdvancedViewerWordDocument -->
  <testcase name="AdvancedViewerWordDocument" time="0.000" classname="SQL2022_DB.AdvancedViewer_Script">
    <skipped/>
  </testcase> <!-- AdvancedViewerWordDocument -->
  <testcase name="AdvancedViewerWordDocument" time="0.000" classname="SQL2022_DB.AdvancedViewer_Script">
    <skipped/>
  </testcase> <!-- AdvancedViewerWordDocument -->
  <testcase name="AdvancedViewerWordDocument" time="0.000" classname="SQL2022_DB.AdvancedViewer_Script">
    <skipped/>
  </testcase> <!-- AdvancedViewerWordDocument -->
  <testcase name="AdvancedViewerWordDocument" time="0.000" classname="SQL2022_DB.AdvancedViewer_Script">
    <skipped/>
  </testcase> <!-- AdvancedViewerWordDocument -->
  <testcase name="AdvancedViewerWordDocument" time="0.000" classname="SQL2022_DB.AdvancedViewer_Script">
    <skipped/>
  </testcase> <!-- AdvancedViewerWordDocument -->
  <testcase name="AdvancedViewerWordDocument" time="0.000" classname="SQL2022_DB.AdvancedViewer_Script">
    <skipped/>
  </testcase> <!-- AdvancedViewerWordDocument -->
  <testcase name="AdvancedViewerWordDocument" time="0.000" classname="SQL2022_DB.AdvancedViewer_Script">
    <skipped/>
  </testcase> <!-- AdvancedViewerWordDocument -->
  <testcase name="AdvancedViewerWordDocument" time="0.000" classname="SQL2022_DB.AdvancedViewer_Script">
    <skipped/>
  </testcase> <!-- AdvancedViewerWordDocument -->
  <testcase name="AdvancedViewerWordDocument" time="0.000" classname="SQL2022_DB.AdvancedViewer_Script">
    <skipped/>
  </testcase> <!-- AdvancedViewerWordDocument -->
  <testcase name="AdvancedViewerWordDocument" time="0.000" classname="SQL2022_DB.AdvancedViewer_Script">
    <skipped/>
  </testcase> <!-- AdvancedViewerWordDocument -->
  <testcase name="AdvancedViewerWordDocument" time="0.000" classname="SQL2022_DB.AdvancedViewer_Script">
    <skipped/>
  </testcase> <!-- AdvancedViewerWordDocument -->
  <testcase name="AdvancedViewerWordDocument" time="0.000" classname="SQL2022_DB.AdvancedViewer_Script">
    <skipped/>
  </testcase> <!-- AdvancedViewerWordDocument -->
  <testcase name="AdvancedViewerWordDocument" time="0.000" classname="SQL2022_DB.AdvancedViewer_Script">
    <skipped/>
  </testcase> <!-- AdvancedViewerWordDocument -->
  <testcase name="AdvancedViewerWordDocument" time="0.000" classname="SQL2022_DB.AdvancedViewer_Script">
    <skipped/>
  </testcase> <!-- AdvancedViewerWordDocument -->
  <testcase name="AdvancedViewerWordDocument" time="0.000" classname="SQL2022_DB.AdvancedViewer_Script">
    <skipped/>
  </testcase> <!-- AdvancedViewerWordDocument -->
  <testcase name="AdvancedViewerWordDocument" time="0.000" classname="SQL2022_DB.AdvancedViewer_Script">
    <skipped/>
  </testcase> <!-- AdvancedViewerWordDocument -->
  <testcase name="AdvancedViewerWordDocument" time="0.000" classname="SQL2022_DB.AdvancedViewer_Script">
    <skipped/>
  </testcase> <!-- AdvancedViewerWordDocument -->
  <testcase name="AdvancedViewerWordDocument" time="0.000" classname="SQL2022_DB.AdvancedViewer_Script">
    <skipped/>
  </testcase> <!-- AdvancedViewerWordDocument -->
  <testcase name="AdvancedViewerWordDocument" time="0.000" classname="SQL2022_DB.AdvancedViewer_Script">
    <skipped/>
  </testcase> <!-- AdvancedViewerWordDocument -->
  <testcase name="AdvancedViewerWordDocument" time="0.000" classname="SQL2022_DB.AdvancedViewer_Script">
    <skipped/>
  </testcase> <!-- AdvancedViewerWordDocument -->
  <testcase name="AdvancedViewerWordDocument" time="0.000" classname="SQL2022_DB.AdvancedViewer_Script">
    <skipped/>
  </testcase> <!-- AdvancedViewerWordDocument -->
  <testcase name="AdvancedViewerWordDocument" time="0.000" classname="SQL2022_DB.AdvancedViewer_Script">
    <skipped/>
  </testcase> <!-- AdvancedViewerWordDocument -->
  <testcase name="AdvancedViewerWordDocument" time="0.000" classname="SQL2022_DB.AdvancedViewer_Script">
    <skipped/>
  </testcase> <!-- AdvancedViewerWordDocument -->
  <testcase name="AdvancedViewerWordDocument" time="0.000" classname="SQL2022_DB.AdvancedViewer_Script">
    <skipped/>
  </testcase> <!-- AdvancedViewerWordDocument -->
  <testcase name="AdvancedViewerWordDocument" time="0.000" classname="SQL2022_DB.AdvancedViewer_Script">
    <skipped/>
  </testcase> <!-- AdvancedViewerWordDocument -->
</testsuite> <!-- SQL2022_DB.AdvancedViewer_Script -->
