<?xml version="1.0" encoding="UTF-8"?>
<!-- Generated by org.testng.reporters.JUnitReportReporter -->
<testsuite skipped="0" hostname="CIPLWKT014" name="Script.Negative_CustomColumns" tests="7" failures="0" timestamp="18 Jan 2024 04:13:16 GMT" time="123.379" errors="0">
  <testcase name="Verify_Default_Custom_Columns_RoomLevel" time="36.650" classname="Script.Negative_CustomColumns"/>
  <testcase name="Verify_CrossCancelButton_RoomCustomColumns" time="4.259" classname="Script.Negative_CustomColumns"/>
  <testcase name="Verify_CancelButton_RoomCustomColumns" time="16.650" classname="Script.Negative_CustomColumns"/>
  <testcase name="Verify_CrossCancelButton_SearchCustomColumns" time="13.589" classname="Script.Negative_CustomColumns"/>
  <testcase name="Verify_CancelButton_SearchCustomColumns" time="13.515" classname="Script.Negative_CustomColumns"/>
  <testcase name="Verify_CrossCancelButton_TODOCustomColumns" time="14.314" classname="Script.Negative_CustomColumns"/>
  <testcase name="Verify_CancelButton_TODOCustomColumns" time="24.402" classname="Script.Negative_CustomColumns"/>
</testsuite> <!-- Script.Negative_CustomColumns -->
