<?xml version="1.0" encoding="UTF-8"?>
<!-- Generated by org.testng.reporters.JUnitReportReporter -->
<testsuite hostname="CIPLWKT014" failures="0" tests="3" name="Script.Favorites" time="159.877" errors="0" timestamp="2024-10-23T12:58:03 IST" skipped="0">
  <testcase classname="Script.Favorites" name="Login" time="35.265">
    <system-out>
      <![CDATA[Log into EWA
Enter valid username into username text box
Enter valid password into password text box
Select a Room
Click on Login button
Session for user is already active.Do you want to create new session? dialog box displayed User click on OK button,
User logged in successfully...
User logged in successfully... ]]>
    </system-out>
  </testcase> <!-- Login -->
  <testcase classname="Script.Favorites" name="TC_1_FavoriteInUserLevel" time="35.454">
    <system-out>
      <![CDATA[Select a cabinet to set a favorite user level
Click on star icon
Select the user radio button in the favorite dialog
Select favorite dialog OK button 
Mouse hover on favorite icon
Click on ellipse icon from the dropdown
Show favorite dialog opened
Click on delete icon
Added favorite item deleted successfully...
Close the show favorite dialog
Favorite User Option verified successfully...]]>
    </system-out>
  </testcase> <!-- TC_1_FavoriteInUserLevel -->
  <testcase classname="Script.Favorites" name="TC_2_FavoriteInSystemLevel" time="89.158">
    <system-out>
      <![CDATA[Select a cabinet to set a favorite system level
Click on star icon
Select the System radio button in the favorite dialog
Select favorite dialog OK button 
Mouse hover on favorite bookmark icon to show the system level favorite cabinet
Logout the page
Click on Username option
Click on Logout option
Login as another user
Scenario 01: Log into EWA
Enter valid user name into username field
Enter valid password into password field
Select a Room
Click Login button
Session message not appeared
 Mouse hover on favorite icon
It should show the favorite cabinet name
The Favorite System option verified successfully...
The Favorite System option verified successfully...]]>
    </system-out>
  </testcase> <!-- TC_2_FavoriteInSystemLevel -->
  <system-out>
    <![CDATA[Chrome driver launched successfull
Chrome Browser launched Successfully...
EWA URL launched successfull
Contentverse URL launched successfully...
Log into EWA
Enter valid username into username text box
Enter valid password into password text box
Select a Room
Click on Login button
Session for user is already active.Do you want to create new session? dialog box displayed User click on OK button,
User logged in successfully...
User logged in successfully... 
Select a cabinet to set a favorite user level
Click on star icon
Select the user radio button in the favorite dialog
Select favorite dialog OK button 
Mouse hover on favorite icon
Click on ellipse icon from the dropdown
Show favorite dialog opened
Click on delete icon
Added favorite item deleted successfully...
Close the show favorite dialog
Favorite User Option verified successfully...
Select a cabinet to set a favorite system level
Click on star icon
Select the System radio button in the favorite dialog
Select favorite dialog OK button 
Mouse hover on favorite bookmark icon to show the system level favorite cabinet
Logout the page
Click on Username option
Click on Logout option
Login as another user
Scenario 01: Log into EWA
Enter valid user name into username field
Enter valid password into password field
Select a Room
Click Login button
Session message not appeared
 Mouse hover on favorite icon
It should show the favorite cabinet name
The Favorite System option verified successfully...
The Favorite System option verified successfully...]]>
  </system-out>
</testsuite> <!-- Script.Favorites -->
