<?xml version="1.0" encoding="UTF-8"?>
<!-- Generated by org.testng.reporters.JUnitReportReporter -->
<testsuite skipped="0" hostname="CIPLWKT014" name="Script.Print_Email_Export_Negative_Scenerio" tests="2" failures="0" timestamp="24 Jun 2024 08:31:05 GMT" time="160.749" errors="0">
  <testcase name="LogVCS" time="22.474" classname="Script.Print_Email_Export_Negative_Scenerio"/>
  <testcase name="TC_1_Email_Print_Export_Negative_Script" time="138.275" classname="Script.Print_Email_Export_Negative_Scenerio"/>
</testsuite> <!-- Script.Print_Email_Export_Negative_Scenerio -->
