<?xml version="1.0" encoding="UTF-8"?>
<!-- Generated by org.testng.reporters.JUnitReportReporter -->
<testsuite skipped="0" hostname="CIPLWKT014" name="Script.Document_ReferencesView" tests="3" failures="0" timestamp="21 Jun 2024 22:25:32 GMT" time="187.569" errors="0">
  <testcase name="Login_EWA" time="27.888" classname="Script.Document_ReferencesView"/>
  <testcase name="TC_01_Verify_CopyandPasteReferences_OnDocuments" time="103.249" classname="Script.Document_ReferencesView"/>
  <testcase name="TC_02_Verify_and_Delete_References_Documents" time="56.432" classname="Script.Document_ReferencesView"/>
</testsuite> <!-- Script.Document_ReferencesView -->
