<?xml version="1.0" encoding="UTF-8"?>
<!-- Generated by org.testng.reporters.JUnitReportReporter -->
<testsuite skipped="0" hostname="CIPLWKT014" name="Script.Language_Test" tests="6" failures="0" timestamp="18 Jan 2024 04:13:16 GMT" time="249.449" errors="0">
  <testcase name="Login_EWA" time="12.812" classname="Script.Language_Test"/>
  <testcase name="verify_Spanish_Language" time="77.885" classname="Script.Language_Test"/>
  <testcase name="verify_French_Language" time="38.836" classname="Script.Language_Test"/>
  <testcase name="verify_Dutch_Language" time="41.140" classname="Script.Language_Test"/>
  <testcase name="verify_Hindi_Language" time="39.649" classname="Script.Language_Test"/>
  <testcase name="verify_English_Language" time="39.127" classname="Script.Language_Test"/>
</testsuite> <!-- Script.Language_Test -->
