<?xml version="1.0" encoding="UTF-8"?>
<!-- Generated by org.testng.reporters.JUnitReportReporter -->
<testsuite skipped="3" hostname="CIPLWKT014" name="Script.Custom_Columns_Test" tests="19" failures="0" timestamp="21 Jun 2024 22:25:32 GMT" time="676.238" errors="1">
  <testcase name="Login_EWA" time="32.476" classname="Script.Custom_Columns_Test"/>
  <testcase name="TC_01_Verify_Open_Custom_List_Dialog_Title" time="55.148" classname="Script.Custom_Columns_Test"/>
  <testcase name="TC_02_Verify__Text_of_Custom_List_Dialog" time="7.131" classname="Script.Custom_Columns_Test"/>
  <testcase name="TC_03_Set_And_Verify_Custom_Columns_NodeLevel" time="87.582" classname="Script.Custom_Columns_Test"/>
  <testcase name="TC_04_Verify_Default_Custom_Columns" time="75.008" classname="Script.Custom_Columns_Test"/>
  <testcase name="TC_05_Verify_Cancel_Button_of_CustomList" time="14.103" classname="Script.Custom_Columns_Test"/>
  <testcase name="TC_06_Verify_Custom_Columns_RoomLevel" time="35.367" classname="Script.Custom_Columns_Test"/>
  <testcase name="TC_07_Verify_Reset_Columns_Functionality" time="16.289" classname="Script.Custom_Columns_Test"/>
  <testcase name="TC_08_Open_Custom_List_Dialog_And_Verify_Title_Searchcolumn" time="14.528" classname="Script.Custom_Columns_Test"/>
  <testcase name="TC_09_Verify__Text_of_Custom_List_Dialog_Searchcolumn" time="7.054" classname="Script.Custom_Columns_Test"/>
  <testcase name="TC_10_Verify_Set_Custom_Columns_for_Search" time="7.165" classname="Script.Custom_Columns_Test">
    <skipped/>
  </testcase> <!-- TC_10_Verify_Set_Custom_Columns_for_Search -->
  <testcase name="TC_10_Verify_Set_Custom_Columns_for_Search" time="7.149" classname="Script.Custom_Columns_Test">
    <error type="org.openqa.selenium.ElementNotInteractableException" message="element not interactable
  (Session info: chrome=126.0.6478.115)
Build info: version: &#039;3.141.59&#039;, revision: &#039;e82be7d358&#039;, time: &#039;2018-11-14T08:25:53&#039;
System info: host: &#039;CIPLWKT014&#039;, ip: &#039;10.4.8.14&#039;, os.name: &#039;Windows 10&#039;, os.arch: &#039;x86&#039;, os.version: &#039;10.0&#039;, java.version: &#039;1.8.0_351&#039;
Driver info: org.openqa.selenium.chrome.ChromeDriver
Capabilities {acceptInsecureCerts: false, browserName: chrome, browserVersion: 126.0.6478.115, chrome: {chromedriverVersion: 126.0.6478.62 (b2781ca4c383..., userDataDir: C:\Users\nisha.r\AppData\Lo...}, fedcm:accounts: true, goog:chromeOptions: {debuggerAddress: localhost:59558}, javascriptEnabled: true, networkConnectionEnabled: false, pageLoadStrategy: normal, platform: WINDOWS, platformName: WINDOWS, proxy: Proxy(), setWindowRect: true, strictFileInteractability: false, timeouts: {implicit: 0, pageLoad: 300000, script: 30000}, unhandledPromptBehavior: dismiss and notify, webauthn:extension:credBlob: true, webauthn:extension:largeBlob: true, webauthn:extension:minPinLength: true, webauthn:extension:prf: true, webauthn:virtualAuthenticators: true}
Session ID: d6bd9dcf55efb8ddf2e70b6096067c07">
      <![CDATA[org.openqa.selenium.ElementNotInteractableException: element not interactable
  (Session info: chrome=126.0.6478.115)
Build info: version: '3.141.59', revision: 'e82be7d358', time: '2018-11-14T08:25:53'
System info: host: 'CIPLWKT014', ip: '10.4.8.14', os.name: 'Windows 10', os.arch: 'x86', os.version: '10.0', java.version: '1.8.0_351'
Driver info: org.openqa.selenium.chrome.ChromeDriver
Capabilities {acceptInsecureCerts: false, browserName: chrome, browserVersion: 126.0.6478.115, chrome: {chromedriverVersion: 126.0.6478.62 (b2781ca4c383..., userDataDir: C:\Users\nisha.r\AppData\Lo...}, fedcm:accounts: true, goog:chromeOptions: {debuggerAddress: localhost:59558}, javascriptEnabled: true, networkConnectionEnabled: false, pageLoadStrategy: normal, platform: WINDOWS, platformName: WINDOWS, proxy: Proxy(), setWindowRect: true, strictFileInteractability: false, timeouts: {implicit: 0, pageLoad: 300000, script: 30000}, unhandledPromptBehavior: dismiss and notify, webauthn:extension:credBlob: true, webauthn:extension:largeBlob: true, webauthn:extension:minPinLength: true, webauthn:extension:prf: true, webauthn:virtualAuthenticators: true}
Session ID: d6bd9dcf55efb8ddf2e70b6096067c07
at sun.reflect.NativeConstructorAccessorImpl.newInstance0(Native Method)
at sun.reflect.NativeConstructorAccessorImpl.newInstance(Unknown Source)
at sun.reflect.DelegatingConstructorAccessorImpl.newInstance(Unknown Source)
at java.lang.reflect.Constructor.newInstance(Unknown Source)
at org.openqa.selenium.remote.http.W3CHttpResponseCodec.createException(W3CHttpResponseCodec.java:187)
at org.openqa.selenium.remote.http.W3CHttpResponseCodec.decode(W3CHttpResponseCodec.java:122)
at org.openqa.selenium.remote.http.W3CHttpResponseCodec.decode(W3CHttpResponseCodec.java:49)
at org.openqa.selenium.remote.HttpCommandExecutor.execute(HttpCommandExecutor.java:158)
at org.openqa.selenium.remote.service.DriverCommandExecutor.execute(DriverCommandExecutor.java:83)
at org.openqa.selenium.remote.RemoteWebDriver.execute(RemoteWebDriver.java:552)
at org.openqa.selenium.remote.RemoteWebElement.execute(RemoteWebElement.java:285)
at org.openqa.selenium.remote.RemoteWebElement.sendKeys(RemoteWebElement.java:106)
at sun.reflect.NativeMethodAccessorImpl.invoke0(Native Method)
at sun.reflect.NativeMethodAccessorImpl.invoke(Unknown Source)
at sun.reflect.DelegatingMethodAccessorImpl.invoke(Unknown Source)
at java.lang.reflect.Method.invoke(Unknown Source)
at org.openqa.selenium.support.pagefactory.internal.LocatingElementHandler.invoke(LocatingElementHandler.java:51)
at com.sun.proxy.$Proxy5.sendKeys(Unknown Source)
at Pom.Customcolumns.getSearchBoxIndices4(Customcolumns.java:674)
at Script.Custom_Columns_Test.TC_10_Verify_Set_Custom_Columns_for_Search(Custom_Columns_Test.java:273)
at sun.reflect.NativeMethodAccessorImpl.invoke0(Native Method)
at sun.reflect.NativeMethodAccessorImpl.invoke(Unknown Source)
at sun.reflect.DelegatingMethodAccessorImpl.invoke(Unknown Source)
at java.lang.reflect.Method.invoke(Unknown Source)
at org.testng.internal.MethodInvocationHelper.invokeMethod(MethodInvocationHelper.java:124)
at org.testng.internal.Invoker.invokeMethod(Invoker.java:583)
at org.testng.internal.Invoker.retryFailed(Invoker.java:839)
at org.testng.internal.Invoker.invokeTestMethods(Invoker.java:1010)
at org.testng.internal.TestMethodWorker.invokeTestMethods(TestMethodWorker.java:125)
at org.testng.internal.TestMethodWorker.run(TestMethodWorker.java:109)
at org.testng.TestRunner.privateRun(TestRunner.java:648)
at org.testng.TestRunner.run(TestRunner.java:505)
at org.testng.SuiteRunner.runTest(SuiteRunner.java:455)
at org.testng.SuiteRunner.runSequentially(SuiteRunner.java:450)
at org.testng.SuiteRunner.privateRun(SuiteRunner.java:415)
at org.testng.SuiteRunner.run(SuiteRunner.java:364)
at org.testng.SuiteRunnerWorker.runSuite(SuiteRunnerWorker.java:52)
at org.testng.SuiteRunnerWorker.run(SuiteRunnerWorker.java:84)
at org.testng.TestNG.runSuitesSequentially(TestNG.java:1208)
at org.testng.TestNG.runSuitesLocally(TestNG.java:1137)
at org.testng.TestNG.runSuites(TestNG.java:1049)
at org.testng.TestNG.run(TestNG.java:1017)
at org.testng.remote.AbstractRemoteTestNG.run(AbstractRemoteTestNG.java:114)
at org.testng.remote.RemoteTestNG.initAndRun(RemoteTestNG.java:251)
at org.testng.remote.RemoteTestNG.main(RemoteTestNG.java:77)
]]>
    </error>
  </testcase> <!-- TC_10_Verify_Set_Custom_Columns_for_Search -->
  <testcase name="TC_10_Verify_Set_Custom_Columns_for_Search" time="7.141" classname="Script.Custom_Columns_Test">
    <skipped/>
  </testcase> <!-- TC_10_Verify_Set_Custom_Columns_for_Search -->
  <testcase name="TC_10_Verify_Set_Custom_Columns_for_Search" time="107.311" classname="Script.Custom_Columns_Test">
    <skipped/>
  </testcase> <!-- TC_10_Verify_Set_Custom_Columns_for_Search -->
  <testcase name="TC_11_Verify_Reset_Columns_for_Search" time="28.994" classname="Script.Custom_Columns_Test"/>
  <testcase name="TC_12_Open_Custom_List_Dialog_And_Verify_Title_ToDoList" time="21.659" classname="Script.Custom_Columns_Test"/>
  <testcase name="TC_13_Verify__Text_of_Custom_List_Dialog_ToDoList" time="7.064" classname="Script.Custom_Columns_Test"/>
  <testcase name="TC_14_Verify_Set_Custom_Columns_for_ToDoList" time="123.155" classname="Script.Custom_Columns_Test"/>
  <testcase name="TC_15_Reset_Custom_Columns_for_ToDoList" time="21.914" classname="Script.Custom_Columns_Test"/>
</testsuite> <!-- Script.Custom_Columns_Test -->
