<?xml version="1.0" encoding="UTF-8"?>
<!-- Generated by org.testng.reporters.JUnitReportReporter -->
<testsuite skipped="0" hostname="CIPLWKT014" name="Script.Negative_Batchindexing" tests="2" failures="0" timestamp="18 Jan 2024 04:13:16 GMT" time="67.948" errors="0">
  <testcase name="Verify_Emptyname_Indexing_folder" time="32.313" classname="Script.Negative_Batchindexing"/>
  <testcase name="Verify_WithoutaddingUser_ShareandRevoke_Permission" time="35.635" classname="Script.Negative_Batchindexing"/>
</testsuite> <!-- Script.Negative_Batchindexing -->
