<?xml version="1.0" encoding="UTF-8"?>
<!-- Generated by org.testng.reporters.JUnitReportReporter -->
<testsuite hostname="CIPLWKT014" failures="0" tests="11" name="Script.AnnotationFunctionality" time="603.034" errors="1" timestamp="2024-08-23T01:38:47 GMT-05:00" skipped="0">
  <testcase classname="Script.AnnotationFunctionality" name="Login" time="39.941"/>
  <system-out>
    <![CDATA[Scenario 01: Log into EWA
Enter valid user name into username field
Enter valid password into password field
Select a Room
Click Login button
Session message not appeared
User logged in successfully... ]]>
  </system-out>
  <testcase classname="Script.AnnotationFunctionality" name="TC_A_DefaultView" time="24.813"/>
  <system-out>
    <![CDATA[User click on setting icon
User click on the my preference tab
User changes pdf document as default viewing
User click on Apply button and the default view successfully applied...]]>
  </system-out>
  <testcase classname="Script.AnnotationFunctionality" name="TC_B_Redaction_UnlockRedaction" time="189.848">
    <error message="Expected condition failed: waiting for visibility of [[ChromeDriver: chrome on WINDOWS (fcec34f26a91befeca5e4f4a7a56ea65)] -&gt; xpath: //*[@id=&quot;lockenable1&quot;]] (tried for 30 second(s) with 500 milliseconds interval)
Build info: version: &#039;3.141.59&#039;, revision: &#039;e82be7d358&#039;, time: &#039;2018-11-14T08:25:53&#039;
System info: host: &#039;CIPLWKT014&#039;, ip: &#039;10.4.8.14&#039;, os.name: &#039;Windows 10&#039;, os.arch: &#039;amd64&#039;, os.version: &#039;10.0&#039;, java.version: &#039;22.0.2&#039;
Driver info: org.openqa.selenium.chrome.ChromeDriver
Capabilities {acceptInsecureCerts: false, browserName: chrome, browserVersion: 127.0.6533.120, chrome: {chromedriverVersion: 126.0.6478.62 (b2781ca4c383..., userDataDir: C:\Users\nisha.r\AppData\Lo...}, fedcm:accounts: true, goog:chromeOptions: {debuggerAddress: localhost:62657}, javascriptEnabled: true, networkConnectionEnabled: false, pageLoadStrategy: normal, platform: WINDOWS, platformName: WINDOWS, proxy: Proxy(), setWindowRect: true, strictFileInteractability: false, timeouts: {implicit: 0, pageLoad: 300000, script: 30000}, unhandledPromptBehavior: dismiss and notify, webauthn:extension:credBlob: true, webauthn:extension:largeBlob: true, webauthn:extension:minPinLength: true, webauthn:extension:prf: true, webauthn:virtualAuthenticators: true}
Session ID: fcec34f26a91befeca5e4f4a7a56ea65" type="org.openqa.selenium.TimeoutException">
      <![CDATA[org.openqa.selenium.TimeoutException: Expected condition failed: waiting for visibility of [[ChromeDriver: chrome on WINDOWS (fcec34f26a91befeca5e4f4a7a56ea65)] -> xpath: //*[@id="lockenable1"]] (tried for 30 second(s) with 500 milliseconds interval)
Build info: version: '3.141.59', revision: 'e82be7d358', time: '2018-11-14T08:25:53'
System info: host: 'CIPLWKT014', ip: '10.4.8.14', os.name: 'Windows 10', os.arch: 'amd64', os.version: '10.0', java.version: '22.0.2'
Driver info: org.openqa.selenium.chrome.ChromeDriver
Capabilities {acceptInsecureCerts: false, browserName: chrome, browserVersion: 127.0.6533.120, chrome: {chromedriverVersion: 126.0.6478.62 (b2781ca4c383..., userDataDir: C:\Users\nisha.r\AppData\Lo...}, fedcm:accounts: true, goog:chromeOptions: {debuggerAddress: localhost:62657}, javascriptEnabled: true, networkConnectionEnabled: false, pageLoadStrategy: normal, platform: WINDOWS, platformName: WINDOWS, proxy: Proxy(), setWindowRect: true, strictFileInteractability: false, timeouts: {implicit: 0, pageLoad: 300000, script: 30000}, unhandledPromptBehavior: dismiss and notify, webauthn:extension:credBlob: true, webauthn:extension:largeBlob: true, webauthn:extension:minPinLength: true, webauthn:extension:prf: true, webauthn:virtualAuthenticators: true}
Session ID: fcec34f26a91befeca5e4f4a7a56ea65
at org.openqa.selenium.support.ui.WebDriverWait.timeoutException(WebDriverWait.java:95)
at org.openqa.selenium.support.ui.FluentWait.until(FluentWait.java:272)
at Generic.BaseClass.VisiblityOf(BaseClass.java:1469)
at Pom.AnnotaionsPom.RedactionAnnotation(AnnotaionsPom.java:314)
at Script.AnnotationFunctionality.TC_B_Redaction_UnlockRedaction(AnnotationFunctionality.java:59)
at java.base/jdk.internal.reflect.DirectMethodHandleAccessor.invoke(DirectMethodHandleAccessor.java:103)
at java.base/java.lang.reflect.Method.invoke(Method.java:580)
at org.testng.internal.MethodInvocationHelper.invokeMethod(MethodInvocationHelper.java:133)
at org.testng.internal.TestInvoker.invokeMethod(TestInvoker.java:598)
at org.testng.internal.TestInvoker.invokeTestMethod(TestInvoker.java:173)
at org.testng.internal.MethodRunner.runInSequence(MethodRunner.java:46)
at org.testng.internal.TestInvoker$MethodInvocationAgent.invoke(TestInvoker.java:824)
at org.testng.internal.TestInvoker.invokeTestMethods(TestInvoker.java:146)
at org.testng.internal.TestMethodWorker.invokeTestMethods(TestMethodWorker.java:146)
at org.testng.internal.TestMethodWorker.run(TestMethodWorker.java:128)
at java.base/java.util.ArrayList.forEach(ArrayList.java:1597)
at org.testng.TestRunner.privateRun(TestRunner.java:794)
at org.testng.TestRunner.run(TestRunner.java:596)
at org.testng.SuiteRunner.runTest(SuiteRunner.java:377)
at org.testng.SuiteRunner.runSequentially(SuiteRunner.java:371)
at org.testng.SuiteRunner.privateRun(SuiteRunner.java:332)
at org.testng.SuiteRunner.run(SuiteRunner.java:276)
at org.testng.SuiteRunnerWorker.runSuite(SuiteRunnerWorker.java:53)
at org.testng.SuiteRunnerWorker.run(SuiteRunnerWorker.java:96)
at org.testng.TestNG.runSuitesSequentially(TestNG.java:1212)
at org.testng.TestNG.runSuitesLocally(TestNG.java:1134)
at org.testng.TestNG.runSuites(TestNG.java:1063)
at org.testng.TestNG.run(TestNG.java:1031)
at org.testng.remote.AbstractRemoteTestNG.run(AbstractRemoteTestNG.java:115)
at org.testng.remote.RemoteTestNG.initAndRun(RemoteTestNG.java:293)
at org.testng.remote.RemoteTestNG.main(RemoteTestNG.java:91)
]]>
    </error>
  </testcase> <!-- TC_B_Redaction_UnlockRedaction -->
  <system-out>
    <![CDATA[Scenario 2:Open the document and Add Redaction Annotation on the page
Click on room context menu tab
Mouse hover on the annotation icon]]>
  </system-out>
  <testcase classname="Script.AnnotationFunctionality" name="TC_C_HighLight_Annotation" time="26.275"/>
  <system-out>
    <![CDATA[Scenario 03: Verify Highlight annotation 
Click on annotation icon
Click on highlight tool button
Highlight a portion of the page
Click on save icon
The Highlight annotation  has been updated on the document page successfully]]>
  </system-out>
  <testcase classname="Script.AnnotationFunctionality" name="TC_E_StikyNote_Annotation" time="41.569"/>
  <system-out>
    <![CDATA[Scenario 04: Verify Sticky note annotation 
Mouse hover on annotation icon
Click on Sticky Note tool button
Click on the page and add stickynote
Sticky note tool dialog opened, Place comments on the stickynote dialog box
Click on the stickynote tool dialog box OK button
Click on save button
The Stickynote annotation  has been updated on the document page successfully]]>
  </system-out>
  <testcase classname="Script.AnnotationFunctionality" name="TC_F_RubberStampAnnotation" time="25.478"/>
  <system-out>
    <![CDATA[Scenario 05: verify RubberStamp annotation 
Mouse hover on annotation icon
Click on the Rubber Stamp tool button
Drag the Rubber stamp on the page
Choose Rubber stamp from the dropdown list and click on annotation properties dialog OK button
Click on save button
The Rubber stamp annotation  has been updated on the document page successfully]]>
  </system-out>
  <testcase classname="Script.AnnotationFunctionality" name="TC_G_Rectangle_Annotation" time="38.261"/>
  <system-out>
    <![CDATA[Scenario 06: Verify Rectangle annotation tool
Mouse hover on annotation tool icon
Click on the rectangle tool button
Draw the rectangle shape on the page
Click on save button
The Rectangle annotation  has been updated on the document page successfully]]>
  </system-out>
  <testcase classname="Script.AnnotationFunctionality" name="TC_H_StampAnnotation" time="67.806"/>
  <system-out>
    <![CDATA[Scenario 07: verify Stamp annotation tool
Switch to the second page
Mouse hover on annotation tool icon
Click on Stamp annotation tool button
Drag on the page, it will open the add picture dialog box
Click on choose file
Add the image from folder by using Auto IT
Click on add picture dialog OK button
Click on save button
The Stamp annotation  has been updated on the document page successfully]]>
  </system-out>
  <testcase classname="Script.AnnotationFunctionality" name="TC_I_LineAnnotation_Ellipse_Annotation" time="64.514"/>
  <system-out>
    <![CDATA[Scenario 08: Verify Line annotation
Mouse hover on annotation tool icon
Click on the line tool button
Draw the line on the page
Click on the save button
The line annotation  has been updated on the document page successfully
==============================================================================
Scenario 9: Verify ellipse annotation 
Mouse  on the annotation tool icon
Click on ellipse tool button
Draw the ellipse on the page
Click on save button
The ellipse annotation  has been updated on the document page successfully]]>
  </system-out>
  <testcase classname="Script.AnnotationFunctionality" name="TC_J_Signature_Annotation" time="36.109"/>
  <system-out>
    <![CDATA[Scenario 10: Verify Signature annotation 
Mouse  on the annotation tool icon
Click on singature tool button
Single click on the page
Password dialog box not present
Add the signature on the page
Click on save button
The Signature annotation  has been updated on the document page successfully]]>
  </system-out>
  <testcase classname="Script.AnnotationFunctionality" name="TC_K_Polygon" time="48.420"/>
  <system-out>
    <![CDATA[Scenario 11: Verify polygon annotation 
Mouse hover on annotation tool icon
Click on polygon tool button
Draw the polygon on the page.The Polygon annotation  has been updated on the document page successfully
========================================================================================================
Scenario 12:Close and reopen the document to check whether the annotations are visible or not
Click on close icon
Reopen the document again
Page alert is not present
All the added annotations are visible on the page successfully... 
All updated annotations are visible on the second page, there is no data loss]]>
  </system-out>
</testsuite> <!-- Script.AnnotationFunctionality -->
