<?xml version="1.0" encoding="UTF-8"?>
<!-- Generated by org.testng.reporters.JUnitReportReporter -->
<testsuite skipped="0" hostname="CIPLWKT014" name="Script.DashBoardScript" tests="4" failures="0" timestamp="26 Feb 2024 14:41:48 GMT" time="96.434" errors="0">
  <testcase name="TC_1_SearchIconDashBoardFunctionality" time="28.585" classname="Script.DashBoardScript"/>
  <testcase name="TC_2_NotifiactionIconDashBoardFunctionality" time="17.544" classname="Script.DashBoardScript"/>
  <testcase name="TC_4_CreateNewDocumentFromDB" time="35.950" classname="Script.DashBoardScript"/>
  <testcase name="TC_5_logoutFromDB" time="14.355" classname="Script.DashBoardScript"/>
</testsuite> <!-- Script.DashBoardScript -->
