<?xml version="1.0" encoding="UTF-8"?>
<!-- Generated by org.testng.reporters.JUnitReportReporter -->
<testsuite skipped="0" hostname="CIPLWKT014" name="Script.Language_Test" tests="6" failures="0" timestamp="03 Jul 2024 16:39:02 GMT" time="545.263" errors="0">
  <testcase name="Login_EWA" time="60.256" classname="Script.Language_Test"/>
  <testcase name="TC_01_verify_Spanish_Language" time="142.446" classname="Script.Language_Test"/>
  <testcase name="TC_02_verify_French_Language" time="89.852" classname="Script.Language_Test"/>
  <testcase name="TC_03_verify_Dutch_Language" time="85.481" classname="Script.Language_Test"/>
  <testcase name="TC_04_verify_Hindi_Language" time="86.637" classname="Script.Language_Test"/>
  <testcase name="TC_05_verify_English_Language" time="80.591" classname="Script.Language_Test"/>
</testsuite> <!-- Script.Language_Test -->
