<?xml version="1.0" encoding="UTF-8"?>
<!-- Generated by org.testng.reporters.JUnitReportReporter -->
<testsuite skipped="0" hostname="CIPLWKT014" name="Script.NegativeScenarioAdvancedView" tests="3" failures="0" timestamp="19 Feb 2024 13:18:55 GMT" time="137.063" errors="0">
  <testcase name="Login" time="27.694" classname="Script.NegativeScenarioAdvancedView"/>
  <testcase name="TC_1_AdvancedViewerOptionSelection" time="21.204" classname="Script.NegativeScenarioAdvancedView"/>
  <testcase name="TC_2_AdvancedViewPDFDocNegativeScript" time="88.165" classname="Script.NegativeScenarioAdvancedView"/>
</testsuite> <!-- Script.NegativeScenarioAdvancedView -->
