<?xml version="1.0" encoding="UTF-8"?>
<!-- Generated by org.testng.reporters.JUnitReportReporter -->
<testsuite skipped="0" hostname="CIPLWKT014" name="Script.PrintFunctionality" tests="8" failures="0" timestamp="15 Nov 2023 10:39:44 GMT" time="341.356" errors="0">
  <testcase name="LogVCS" time="13.239" classname="Script.PrintFunctionality"/>
  <testcase name="Email_Reference" time="66.479" classname="Script.PrintFunctionality"/>
  <testcase name="Email_Copy_WithMsgBox_SubjectBox" time="46.359" classname="Script.PrintFunctionality"/>
  <testcase name="Email_ConvertPDF_WithAll_Annotations" time="56.532" classname="Script.PrintFunctionality"/>
  <testcase name="exports_with_convert_to_pdf_with_passwords" time="32.246" classname="Script.PrintFunctionality"/>
  <testcase name="exports_with_Retain" time="41.938" classname="Script.PrintFunctionality"/>
  <testcase name="exports_with_convert_to_pdf_and_best_quality" time="48.750" classname="Script.PrintFunctionality"/>
  <testcase name="exports_with_convert_to_pdf_and_include_workflow_summary" time="35.813" classname="Script.PrintFunctionality"/>
</testsuite> <!-- Script.PrintFunctionality -->
