<?xml version="1.0" encoding="UTF-8"?>
<!-- Generated by org.testng.reporters.JUnitReportReporter -->
<testsuite skipped="0" hostname="CIPLWKT014" name="Script.My_Preferences_Enable_Dashboard" tests="2" failures="0" timestamp="06 Apr 2024 14:23:21 GMT" time="177.967" errors="0">
  <testcase name="Login_EWA" time="35.919" classname="Script.My_Preferences_Enable_Dashboard"/>
  <testcase name="TC_01_Verify_Enable_Dashboard" time="142.048" classname="Script.My_Preferences_Enable_Dashboard"/>
</testsuite> <!-- Script.My_Preferences_Enable_Dashboard -->
