<?xml version="1.0" encoding="UTF-8"?>
<!-- Generated by org.testng.reporters.JUnitReportReporter -->
<testsuite skipped="0" hostname="CIPLWKT014" name="Script.LargeFiles_AutomationTesting" tests="4" failures="0" timestamp="05 Jul 2024 14:34:29 GMT" time="1081.733" errors="0">
  <testcase name="TC_1_Upload_and_verify_Large_PDF_file" time="122.410" classname="Script.LargeFiles_AutomationTesting"/>
  <testcase name="TC_2_Upload_and_verify_Large_TIFF_file" time="127.026" classname="Script.LargeFiles_AutomationTesting"/>
  <testcase name="TC_3_Upload_and_verify_Large_DOCX_file" time="117.187" classname="Script.LargeFiles_AutomationTesting"/>
  <testcase name="TC_4_Upload_and_verify_Large_XLSX_file" time="715.110" classname="Script.LargeFiles_AutomationTesting"/>
</testsuite> <!-- Script.LargeFiles_AutomationTesting -->
