<?xml version="1.0" encoding="UTF-8"?>
<!-- Generated by org.testng.reporters.JUnitReportReporter -->
<testsuite hostname="CIPLWKT014" failures="0" tests="8" name="Script.SearchSelectDocumentLocation" time="295.360" errors="0" timestamp="2024-10-08T19:00:53 IST" skipped="0">
  <testcase classname="Script.SearchSelectDocumentLocation" name="Login" time="30.360"/>
  <system-out>
    <![CDATA[Scenario 01: Log into EWA
Enter valid user name into username field
Enter valid password into password field
Select a Room
Click Login button
Session for user is already active.Do you want to create new session? dialog box displayed User click on OK button,
User logged in successfully... ]]>
  </system-out>
  <testcase classname="Script.SearchSelectDocumentLocation" name="AppendToHit" time="26.217"/>
  <system-out>
    <![CDATA[Scenario 06:Search tab - AppendToHitlist checkbox
Enter the value into index contains search text box
Click on find button
It should list the document on document page
Clear the index contains search text box
Click on append to hit list check box
Enter the value into index contains search text box 
User click on find button
Its append the search document in the listed document
===========================================================================]]>
  </system-out>
  <testcase classname="Script.SearchSelectDocumentLocation" name="Find_In_Hit_List" time="47.759"/>
  <system-out>
    <![CDATA[scenario 07: Verify search tab - FindInHitlist checkbox
Enter the value in index contains search textbox
Click on find in hitlist check box
Click on find button
It should  display only the  searched document on the document page
===========================================================================
Scneario 08: Search tab - Include comment checkbox
Enter the value in text contains search text box
Click on Inclue_comment check box
Click on find button
It should display the document which is containing the comment..
Click  on clear button
It should clear the searched list successfully
===========================================================================]]>
  </system-out>
  <testcase classname="Script.SearchSelectDocumentLocation" name="All_Version" time="65.603"/>
  <system-out>
    <![CDATA[Scneario 09: Search tab - all version check box
User enter the value in index contains search text box
Click on all version check box
Click on find button
It should display the document which in containing version
Click on Clear button]]>
  </system-out>
  <testcase classname="Script.SearchSelectDocumentLocation" name="Q_FolderSerchIcon" time="22.884"/>
  <system-out>
    <![CDATA[Scenario 22: Navigation folder icon search
Click on navigation folder search icon
Enter value into navigation folder search textbox
Click on Keyboard ENTER key
Folder search dialog should be opened
Searched folder documents display on the dialog box successfully
Click on folder document close icon]]>
  </system-out>
  <testcase classname="Script.SearchSelectDocumentLocation" name="R_QuickSearch" time="24.819"/>
  <system-out>
    <![CDATA[Scenario 23: Search tab - Quick search
Enter value in quick search textbox
Click on Keyboard ENTER key
It should display searched document on the page successfully...]]>
  </system-out>
  <testcase classname="Script.SearchSelectDocumentLocation" name="S_DocumentSearch" time="60.602"/>
  <system-out>
    <![CDATA[Scenario 24:Folder document search
Open a folder
Enter document name in folder search text box
It should display the particular document on the page
The documents Search from folder completed, working fine]]>
  </system-out>
  <testcase classname="Script.SearchSelectDocumentLocation" name="CreateAndModifyDate" time="17.116"/>
  <system-out>
    <![CDATA[Scenario 25:Verify Date enter functionality
Click on search tab
Click on Datefrom
Enter the datefrom
Click on ok button
Click on Dateto
Enter the Dateto
Click on ok button
Click on find]]>
  </system-out>
</testsuite> <!-- Script.SearchSelectDocumentLocation -->
