<?xml version="1.0" encoding="UTF-8"?>
<!-- Generated by org.testng.reporters.JUnitReportReporter -->
<testsuite skipped="0" hostname="CIPLWKT014" name="Script.Favorites" tests="3" failures="0" timestamp="15 Nov 2023 10:39:44 GMT" time="88.764" errors="0">
  <testcase name="CVSLogin" time="13.171" classname="Script.Favorites"/>
  <testcase name="FavoriteInUserLevel" time="32.890" classname="Script.Favorites"/>
  <testcase name="FavoriteInSystemLevel" time="42.703" classname="Script.Favorites"/>
</testsuite> <!-- Script.Favorites -->
