<?xml version="1.0" encoding="UTF-8"?>
<!-- Generated by org.testng.reporters.JUnitReportReporter -->
<testsuite hostname="CIPLWKT014" failures="0" tests="5" name="Script.AdvancedViewer_Script" time="500.817" errors="0" timestamp="2024-09-04T16:05:16 IST" skipped="0">
  <testcase classname="Script.AdvancedViewer_Script" name="Login" time="52.053"/>
  <system-out>
    <![CDATA[Scenario 01: Log into EWA
Enter valid user name into username field
Enter valid password into password field
Select a Room
Click Login button
Session message not appeared
User logged in successfully... ]]>
  </system-out>
  <testcase classname="Script.AdvancedViewer_Script" name="TestCase_1_AdvancedViewerOptionSelection" time="15.597"/>
  <system-out>
    <![CDATA[Scenario 1:Go to My Preference,Change the Default viewing as Advanced viewer
Click on Setting icon
Go to Mypreference
Set the office document to advanced viewing
Set the PDF document to advanced viewing
Click on Apply button
Advanced viewer mode has been set successfully...]]>
  </system-out>
  <testcase classname="Script.AdvancedViewer_Script" name="TestCase_2_AdvancedViewerWordDocument" time="189.847"/>
  <system-out>
    <![CDATA[Scenario 2: Create a document with Advanced viewer -  new word document.
Click the New Document tab.
Click the 'Select destination folder location' text box.
'Brower for folder' dialog should be open.
Expand the cabinet
Expand drawer
Select a folder
Folder selected successful...
Click on 'Select document type' dropdown and select the document type.
Document type selected successful...
Enter the value into index field
Mouse hover on the browse icon
Select a 'New Word Document'
Enter file name dialog should be open.
Enter the file name.
Click on OK button.
'Enter file name' dialog should be closed successful...
Click on Create button
'Document Created Successfully' dialog should be displayed
Click on View option
Enter data into the page
Click on the Save icon from viewer tool bar.
Click on save successfull dialog OK button.
Click on image icon,it will show 'upload from computer' option.
Select the 'upload from computer' option.
Using Auto IT add the image from folder successful.
Click on Table icon.
Add the table into the page.
Enter the data inside the table
Click on the save icon from viewer tool bar
The added data has been saved successfully...
Click on the close icon
Document closed successfully...
Reopen the created word file document...
All saved data should be display successfully...
Word Document verified successfull]]>
  </system-out>
  <testcase classname="Script.AdvancedViewer_Script" name="TestCase_3_AdvancedViewerPDfDoc" time="139.036"/>
  <system-out>
    <![CDATA[Scenario 4:Create a document with Advanced viewer -  new PDF document 
Click on New Document tab
Click the 'Select document type' dropdown and select the document type.
Enter the value into index field
Mouse hover on the browse icon
Select New PDF document
Enter the file name
Click on the create button
click on the view option
Click on advanced tool icon
Click on free text icon.
Enter data into -free text box
Click on comment icon, add a comment
Comment added successfully
Click on save icon from viewer menu tab
Document saved successfully
Click on the Close icon
Reopen the Created pdf file document
All saved data should be display successfully...
PDF Document verified successfull]]>
  </system-out>
  <testcase classname="Script.AdvancedViewer_Script" name="TestCase_4_AdvancedViewerExcelFile" time="104.284"/>
  <system-out>
    <![CDATA[Scenario 3: Create a document with Advanced viewer - 'New Excel Document' 
Click on the New Document tab
Click on the 'Select document type' dropdown and select the document type.
Enter the value into index field
Click on the create button
Click on View option
Mouse hover on browse icon
Select New Excel sheet
Enter file name dialog should be open
Enter file name and click OK button
'Enter file name' dialog should be closed successfully...
Enter data into the first row
Enter data into the second row
Click on save icon from viewer tool bar
Click on 'Save successful' dialog box OK button
Click on Close icon
Document closed successfully...
Reopen the created document
All saved data should be displayed successfully...
Excel spread sheet verified successfull]]>
  </system-out>
</testsuite> <!-- Script.AdvancedViewer_Script -->
