<?xml version="1.0" encoding="UTF-8"?>
<!-- Generated by org.testng.reporters.JUnitReportReporter -->
<testsuite skipped="0" hostname="CIPLWKT014" name="Script.My_Preferences_Defaultviewing" tests="3" failures="0" timestamp="03 Jul 2024 16:39:03 GMT" time="445.689" errors="0">
  <testcase name="Login_EWA" time="99.815" classname="Script.My_Preferences_Defaultviewing"/>
  <testcase name="TC_01_Verify_Defaultviewing_Convert_To_PDF" time="190.949" classname="Script.My_Preferences_Defaultviewing"/>
  <testcase name="TC_02_Verify_Defaultviewing_Native_Format" time="154.925" classname="Script.My_Preferences_Defaultviewing"/>
</testsuite> <!-- Script.My_Preferences_Defaultviewing -->
