<?xml version="1.0" encoding="UTF-8"?>
<!-- Generated by org.testng.reporters.JUnitReportReporter -->
<testsuite skipped="0" hostname="CIPLWKT014" name="Script.My_Preferences_PDF_with_Overlay" tests="3" failures="0" timestamp="21 Jun 2024 22:25:31 GMT" time="254.406" errors="0">
  <testcase name="Login_EWA" time="33.390" classname="Script.My_Preferences_PDF_with_Overlay"/>
  <testcase name="TC_01_Verify_PDF_with_Overlay_Disable" time="132.163" classname="Script.My_Preferences_PDF_with_Overlay"/>
  <testcase name="TC_02_Verify_PDF_with_Overlay_Enable" time="88.853" classname="Script.My_Preferences_PDF_with_Overlay"/>
</testsuite> <!-- Script.My_Preferences_PDF_with_Overlay -->
