<?xml version="1.0" encoding="UTF-8"?>
<!-- Generated by org.testng.reporters.JUnitReportReporter -->
<testsuite skipped="10" hostname="CIPLWKT014" name="CVS_Hindi_French_Language.AnnotationFunctionality" tests="11" failures="0" timestamp="27 Jun 2024 12:39:59 GMT" time="5.268" errors="1">
  <testcase name="loadBrowser" time="5.268" classname="CVS_Hindi_French_Language.AnnotationFunctionality">
    <error type="org.openqa.selenium.JavascriptException" message="javascript error: Cannot read properties of null (reading &#039;style&#039;)
  (Session info: MicrosoftEdge=126.0.2592.56)
Build info: version: &#039;3.141.59&#039;, revision: &#039;e82be7d358&#039;, time: &#039;2018-11-14T08:25:53&#039;
System info: host: &#039;CIPLWKT014&#039;, ip: &#039;10.4.8.14&#039;, os.name: &#039;Windows 10&#039;, os.arch: &#039;x86&#039;, os.version: &#039;10.0&#039;, java.version: &#039;1.8.0_351&#039;
Driver info: org.openqa.selenium.edge.EdgeDriver
Capabilities {acceptInsecureCerts: false, browserName: MicrosoftEdge, browserVersion: 126.0.2592.56, fedcm:accounts: true, javascriptEnabled: true, ms:edgeOptions: {debuggerAddress: localhost:55464}, msedge: {msedgedriverVersion: 126.0.2592.68 (30e1b6cc72a8..., userDataDir: C:\Users\nisha.r\AppData\Lo...}, networkConnectionEnabled: false, pageLoadStrategy: normal, platform: WINDOWS, platformName: WINDOWS, proxy: Proxy(), setWindowRect: true, strictFileInteractability: false, timeouts: {implicit: 0, pageLoad: 300000, script: 30000}, unhandledPromptBehavior: dismiss and notify, webauthn:extension:credBlob: true, webauthn:extension:largeBlob: true, webauthn:extension:minPinLength: true, webauthn:extension:prf: true, webauthn:virtualAuthenticators: true}
Session ID: b0e49913bdf0fe46c47444367c6e3f09">
      <![CDATA[org.openqa.selenium.JavascriptException: javascript error: Cannot read properties of null (reading 'style')
  (Session info: MicrosoftEdge=126.0.2592.56)
Build info: version: '3.141.59', revision: 'e82be7d358', time: '2018-11-14T08:25:53'
System info: host: 'CIPLWKT014', ip: '10.4.8.14', os.name: 'Windows 10', os.arch: 'x86', os.version: '10.0', java.version: '1.8.0_351'
Driver info: org.openqa.selenium.edge.EdgeDriver
Capabilities {acceptInsecureCerts: false, browserName: MicrosoftEdge, browserVersion: 126.0.2592.56, fedcm:accounts: true, javascriptEnabled: true, ms:edgeOptions: {debuggerAddress: localhost:55464}, msedge: {msedgedriverVersion: 126.0.2592.68 (30e1b6cc72a8..., userDataDir: C:\Users\nisha.r\AppData\Lo...}, networkConnectionEnabled: false, pageLoadStrategy: normal, platform: WINDOWS, platformName: WINDOWS, proxy: Proxy(), setWindowRect: true, strictFileInteractability: false, timeouts: {implicit: 0, pageLoad: 300000, script: 30000}, unhandledPromptBehavior: dismiss and notify, webauthn:extension:credBlob: true, webauthn:extension:largeBlob: true, webauthn:extension:minPinLength: true, webauthn:extension:prf: true, webauthn:virtualAuthenticators: true}
Session ID: b0e49913bdf0fe46c47444367c6e3f09
at sun.reflect.NativeConstructorAccessorImpl.newInstance0(Native Method)
at sun.reflect.NativeConstructorAccessorImpl.newInstance(Unknown Source)
at sun.reflect.DelegatingConstructorAccessorImpl.newInstance(Unknown Source)
at java.lang.reflect.Constructor.newInstance(Unknown Source)
at org.openqa.selenium.remote.http.W3CHttpResponseCodec.createException(W3CHttpResponseCodec.java:187)
at org.openqa.selenium.remote.http.W3CHttpResponseCodec.decode(W3CHttpResponseCodec.java:122)
at org.openqa.selenium.remote.http.W3CHttpResponseCodec.decode(W3CHttpResponseCodec.java:49)
at org.openqa.selenium.remote.HttpCommandExecutor.execute(HttpCommandExecutor.java:158)
at org.openqa.selenium.remote.service.DriverCommandExecutor.execute(DriverCommandExecutor.java:83)
at org.openqa.selenium.remote.RemoteWebDriver.execute(RemoteWebDriver.java:552)
at org.openqa.selenium.remote.RemoteWebDriver.executeScript(RemoteWebDriver.java:489)
at Generic.BaseClass.loadBrowser(BaseClass.java:96)
at CVS_Hindi_French_Language.AnnotationFunctionality.loadBrowser(AnnotationFunctionality.java:25)
at sun.reflect.NativeMethodAccessorImpl.invoke0(Native Method)
at sun.reflect.NativeMethodAccessorImpl.invoke(Unknown Source)
at sun.reflect.DelegatingMethodAccessorImpl.invoke(Unknown Source)
at java.lang.reflect.Method.invoke(Unknown Source)
at org.testng.internal.MethodInvocationHelper.invokeMethod(MethodInvocationHelper.java:124)
at org.testng.internal.MethodInvocationHelper.invokeMethodConsideringTimeout(MethodInvocationHelper.java:59)
at org.testng.internal.Invoker.invokeConfigurationMethod(Invoker.java:458)
at org.testng.internal.Invoker.invokeConfigurations(Invoker.java:222)
at org.testng.internal.Invoker.invokeConfigurations(Invoker.java:142)
at org.testng.internal.TestMethodWorker.invokeBeforeClassMethods(TestMethodWorker.java:168)
at org.testng.internal.TestMethodWorker.run(TestMethodWorker.java:105)
at org.testng.TestRunner.privateRun(TestRunner.java:648)
at org.testng.TestRunner.run(TestRunner.java:505)
at org.testng.SuiteRunner.runTest(SuiteRunner.java:455)
at org.testng.SuiteRunner.runSequentially(SuiteRunner.java:450)
at org.testng.SuiteRunner.privateRun(SuiteRunner.java:415)
at org.testng.SuiteRunner.run(SuiteRunner.java:364)
at org.testng.SuiteRunnerWorker.runSuite(SuiteRunnerWorker.java:52)
at org.testng.SuiteRunnerWorker.run(SuiteRunnerWorker.java:84)
at org.testng.TestNG.runSuitesSequentially(TestNG.java:1208)
at org.testng.TestNG.runSuitesLocally(TestNG.java:1137)
at org.testng.TestNG.runSuites(TestNG.java:1049)
at org.testng.TestNG.run(TestNG.java:1017)
at org.testng.remote.AbstractRemoteTestNG.run(AbstractRemoteTestNG.java:114)
at org.testng.remote.RemoteTestNG.initAndRun(RemoteTestNG.java:251)
at org.testng.remote.RemoteTestNG.main(RemoteTestNG.java:77)
]]>
    </error>
  </testcase> <!-- loadBrowser -->
  <testcase name="TC_1_Login" time="0.000" classname="CVS_Hindi_French_Language.AnnotationFunctionality">
    <skipped/>
  </testcase> <!-- TC_1_Login -->
  <testcase name="TC_B_Redaction_UnlockRedaction" time="0.000" classname="CVS_Hindi_French_Language.AnnotationFunctionality">
    <skipped/>
  </testcase> <!-- TC_B_Redaction_UnlockRedaction -->
  <testcase name="TC_C_HighLight_Annotation" time="0.000" classname="CVS_Hindi_French_Language.AnnotationFunctionality">
    <skipped/>
  </testcase> <!-- TC_C_HighLight_Annotation -->
  <testcase name="TC_E_StikyNote_Annotation" time="0.000" classname="CVS_Hindi_French_Language.AnnotationFunctionality">
    <skipped/>
  </testcase> <!-- TC_E_StikyNote_Annotation -->
  <testcase name="TC_F_RubberStampAnnotation" time="0.000" classname="CVS_Hindi_French_Language.AnnotationFunctionality">
    <skipped/>
  </testcase> <!-- TC_F_RubberStampAnnotation -->
  <testcase name="TC_G_Rectangle_Annotation" time="0.000" classname="CVS_Hindi_French_Language.AnnotationFunctionality">
    <skipped/>
  </testcase> <!-- TC_G_Rectangle_Annotation -->
  <testcase name="TC_H_StampAnnotation" time="0.000" classname="CVS_Hindi_French_Language.AnnotationFunctionality">
    <skipped/>
  </testcase> <!-- TC_H_StampAnnotation -->
  <testcase name="TC_I_LineAnnotation_Ellipse_Annotation" time="0.000" classname="CVS_Hindi_French_Language.AnnotationFunctionality">
    <skipped/>
  </testcase> <!-- TC_I_LineAnnotation_Ellipse_Annotation -->
  <testcase name="TC_J_Signature_Annotation" time="0.000" classname="CVS_Hindi_French_Language.AnnotationFunctionality">
    <skipped/>
  </testcase> <!-- TC_J_Signature_Annotation -->
  <testcase name="TC_K_Polygon" time="0.000" classname="CVS_Hindi_French_Language.AnnotationFunctionality">
    <skipped/>
  </testcase> <!-- TC_K_Polygon -->
</testsuite> <!-- CVS_Hindi_French_Language.AnnotationFunctionality -->
