<?xml version="1.0" encoding="UTF-8"?>
<!-- Generated by org.testng.reporters.JUnitReportReporter -->
<testsuite skipped="0" hostname="CIPLWKT014" name="Script.Language_Test" tests="6" failures="0" timestamp="21 Jun 2024 22:25:32 GMT" time="347.896" errors="0">
  <testcase name="Login_EWA" time="41.257" classname="Script.Language_Test"/>
  <testcase name="TC_01_verify_Spanish_Language" time="97.030" classname="Script.Language_Test"/>
  <testcase name="TC_02_verify_French_Language" time="52.332" classname="Script.Language_Test"/>
  <testcase name="TC_03_verify_Dutch_Language" time="53.580" classname="Script.Language_Test"/>
  <testcase name="TC_04_verify_Hindi_Language" time="55.327" classname="Script.Language_Test"/>
  <testcase name="TC_05_verify_English_Language" time="48.370" classname="Script.Language_Test"/>
</testsuite> <!-- Script.Language_Test -->
