<?xml version="1.0" encoding="UTF-8"?>
<!-- Generated by org.testng.reporters.JUnitReportReporter -->
<testsuite skipped="0" hostname="CIPLWKT014" name="Script.My_Preferences_DateFormat" tests="5" failures="0" timestamp="21 Jun 2024 22:25:32 GMT" time="414.725" errors="0">
  <testcase name="Login_EWA" time="34.678" classname="Script.My_Preferences_DateFormat"/>
  <testcase name="TC_01_Verify_DateFormat_YYYY_MM_DD" time="104.792" classname="Script.My_Preferences_DateFormat"/>
  <testcase name="TC_02_Verify_DateFormat_DD_MM_YYYY" time="88.756" classname="Script.My_Preferences_DateFormat"/>
  <testcase name="TC_03_Verify_DateFormat_MM_DD_YYYY" time="97.571" classname="Script.My_Preferences_DateFormat"/>
  <testcase name="TC_04_Verify_DateFormat_Default" time="88.928" classname="Script.My_Preferences_DateFormat"/>
</testsuite> <!-- Script.My_Preferences_DateFormat -->
