<?xml version="1.0" encoding="UTF-8"?>
<!-- Generated by org.testng.reporters.JUnitReportReporter -->
<testsuite skipped="0" hostname="CIPLWKT014" name="Script.Security_dialog" tests="7" failures="0" timestamp="03 Oct 2023 05:37:24 GMT" time="100.398" errors="0">
  <testcase name="Login_EWA" time="13.823" classname="Script.Security_dialog"/>
  <testcase name="Open_Security_Dialog_And_Verify_Title" time="19.545" classname="Script.Security_dialog"/>
  <testcase name="Verify_Add_User_And_Give_Permissions" time="10.892" classname="Script.Security_dialog"/>
  <testcase name="Verify_Remove_User" time="13.402" classname="Script.Security_dialog"/>
  <testcase name="Verify_The_Cancel_Button" time="12.482" classname="Script.Security_dialog"/>
  <testcase name="Verify_The_Cross_Button_Of_Security_Dialog" time="11.467" classname="Script.Security_dialog"/>
  <testcase name="Verify_The_Reset_Functionality" time="18.787" classname="Script.Security_dialog"/>
</testsuite> <!-- Script.Security_dialog -->
