<?xml version="1.0" encoding="UTF-8"?>
<!-- Generated by org.testng.reporters.JUnitReportReporter -->
<testsuite hostname="CIPLWKT014" failures="0" tests="2" name="Script.Print_Email_Export_Negative_Scenerio" time="164.281" errors="0" timestamp="2024-08-29T06:43:57 GMT-05:00" skipped="0">
  <testcase classname="Script.Print_Email_Export_Negative_Scenerio" name="Login" time="23.452"/>
  <system-out>
    <![CDATA[Scenario 01: Log into EWA
Enter valid user name into username field
Enter valid password into password field
Select a Room
Click Login button
Session for user is already active.Do you want to create new session? dialog box displayed User click on OK button,
User logged in successfully... ]]>
  </system-out>
  <testcase classname="Script.Print_Email_Export_Negative_Scenerio" name="TC_1_Email_Print_Export_Negative_Script" time="140.829"/>
  <system-out>
    <![CDATA[Scneario 01: Verify email with invalid email id
Click on cabinet
Click on drawer
Select a folder
Click on cabinet
Open a document
AlertISNotPresent
Click on thumbnail view check box
Click on SendTo icon
Click on email option
Enter invalid mail id into Enter email textbox 
Click on Email dialog OK button
User should get 'please enter valid email' warning message, warning dialog displayed successfull
Email Functionality with Invalid alphanumeric mail id scenario verified successfully...
===========================================================================================
Scenario 02: verify blank email
Clear the previous entered mail in email text box
Click on mail dialog OK button
Click on email option
User should get 'email id should not be blank' warning message, Warning dialog displayed successfull
Click on warning dialog OK button
Blank email negative scenario verified successfully...
Click on refresh button]]>
  </system-out>
</testsuite> <!-- Script.Print_Email_Export_Negative_Scenerio -->
