<?xml version="1.0" encoding="UTF-8"?>
<!-- Generated by org.testng.reporters.JUnitReportReporter -->
<testsuite skipped="0" hostname="CIPLWKT014" name="Script.Thumbnail_MicroSoft_FabBTN" tests="6" failures="0" timestamp="23 Jun 2024 07:25:36 GMT" time="207.970" errors="0">
  <testcase name="LogVCS" time="21.457" classname="Script.Thumbnail_MicroSoft_FabBTN"/>
  <testcase name="TC_1_ShowThumbnail" time="64.654" classname="Script.Thumbnail_MicroSoft_FabBTN"/>
  <testcase name="TC_2_Create_document_saveDoc" time="31.605" classname="Script.Thumbnail_MicroSoft_FabBTN"/>
  <testcase name="TC_3_Upload_Document_fabBTN" time="46.680" classname="Script.Thumbnail_MicroSoft_FabBTN"/>
  <testcase name="TC_4_View_Document_fullScreen" time="13.758" classname="Script.Thumbnail_MicroSoft_FabBTN"/>
  <testcase name="TC_5_View_Document_Delete" time="29.816" classname="Script.Thumbnail_MicroSoft_FabBTN"/>
</testsuite> <!-- Script.Thumbnail_MicroSoft_FabBTN -->
