<?xml version="1.0" encoding="UTF-8"?>
<!-- Generated by org.testng.reporters.JUnitReportReporter -->
<testsuite skipped="0" hostname="CIPLWKT014" name="Script.NewDocumentNegativeScenerio" tests="4" failures="0" timestamp="02 Jan 2024 13:10:16 GMT" time="124.357" errors="0">
  <testcase name="LogVCS" time="31.171" classname="Script.NewDocumentNegativeScenerio"/>
  <testcase name="CreateNewDocumentWithoutFolder" time="25.733" classname="Script.NewDocumentNegativeScenerio"/>
  <testcase name="CreateNewDocWithoutDocumentType" time="23.440" classname="Script.NewDocumentNegativeScenerio"/>
  <testcase name="NewDocWithoutFileName" time="44.013" classname="Script.NewDocumentNegativeScenerio"/>
</testsuite> <!-- Script.NewDocumentNegativeScenerio -->
