<?xml version="1.0" encoding="UTF-8"?>
<!-- Generated by org.testng.reporters.JUnitReportReporter -->
<testsuite skipped="0" hostname="CIPLWKT014" name="Script.Favorites" tests="3" failures="0" timestamp="05 Jul 2024 14:34:30 GMT" time="215.642" errors="0">
  <testcase name="CVSLogin" time="80.504" classname="Script.Favorites"/>
  <testcase name="TC_1_FavoriteInUserLevel" time="36.940" classname="Script.Favorites"/>
  <testcase name="TC_2_FavoriteInSystemLevel" time="98.198" classname="Script.Favorites"/>
</testsuite> <!-- Script.Favorites -->
