<?xml version="1.0" encoding="UTF-8"?>
<!-- Generated by org.testng.reporters.JUnitReportReporter -->
<testsuite skipped="0" hostname="CIPLWKT014" name="Script.Negative_Mypreference_Redactionpassword" tests="3" failures="0" timestamp="18 Jan 2024 04:13:16 GMT" time="188.592" errors="0">
  <testcase name="Verify_Redaction_View_Password" time="136.960" classname="Script.Negative_Mypreference_Redactionpassword"/>
  <testcase name="Verify_InvalidRedaction_View_Password" time="28.162" classname="Script.Negative_Mypreference_Redactionpassword"/>
  <testcase name="Verify_ResetInvalidPassword_My_Preferences" time="23.470" classname="Script.Negative_Mypreference_Redactionpassword"/>
</testsuite> <!-- Script.Negative_Mypreference_Redactionpassword -->
