<?xml version="1.0" encoding="UTF-8"?>
<!-- Generated by org.testng.reporters.JUnitReportReporter -->
<testsuite skipped="0" hostname="CIPLWKT014" name="Script.Negative_Login" tests="6" failures="0" timestamp="18 Jan 2024 04:13:16 GMT" time="90.911" errors="0">
  <testcase name="Login_EWA" time="12.230" classname="Script.Negative_Login"/>
  <testcase name="verify_Username_Validation" time="17.485" classname="Script.Negative_Login"/>
  <testcase name="verify_Password_Validation" time="8.662" classname="Script.Negative_Login"/>
  <testcase name="verify_RoomName_Validation" time="8.815" classname="Script.Negative_Login"/>
  <testcase name="verify_Invalid_Username" time="13.982" classname="Script.Negative_Login"/>
  <testcase name="verify_Invalid_Password" time="29.737" classname="Script.Negative_Login"/>
</testsuite> <!-- Script.Negative_Login -->
