<?xml version="1.0" encoding="UTF-8"?>
<!-- Generated by org.testng.reporters.JUnitReportReporter -->
<testsuite hostname="CIPLWKT014" failures="0" tests="5" name="Script.SecureLink" time="253.681" errors="0" timestamp="2024-08-23T01:25:46 GMT-05:00" skipped="0">
  <testcase classname="Script.SecureLink" name="Login" time="30.048"/>
  <system-out>
    <![CDATA[Scenario 01: Log into EWA
Enter valid user name into username field
Enter valid password into password field
Select a Room
Click Login button
Session for user is already active.Do you want to create new session? dialog box displayed User click on OK button,
User logged in successfully... ]]>
  </system-out>
  <testcase classname="Script.SecureLink" name="TC_1_DocumentSendToSecureLink" time="81.017"/>
  <system-out>
    <![CDATA[Scenario 01: Document send to securelink from viewer page
Exapnd the cabinet
Exapnd the drawer
Exapnd the folder
Open the document
Locked message displayed
No Alert is present
Select a page check box in thubmnail view
Click on sendTo tool button
Select secure link option
Enter the valid mail into securelink email textbox
Enter the valid mail into securelink confirm textbox
Click the modify check box
Click on securelink dialog ok button
Enter receipient mail again
Enter receipient mail in confirm textbox
Secure link Mail has sent successfully...
Sending secure link mail from viewer page,select the document from page List the Selected Page was sent Successfully...Mail has received.]]>
  </system-out>
  <testcase classname="Script.SecureLink" name="TC_2_SecureLinkFromSearchTab" time="52.501"/>
  <system-out>
    <![CDATA[Scenario 03: Document send to securelink from Search list page
Click on search tab
Click on find button
Click on document page check box
Mouse hover on document tab
Click on sendto submenu
Click on securelink option
Enter valid email
Enter valid email id on confirm mail text box
Click on secure link ok button
Enter receipient mail 
Confirm the receipient mail 
Click on securelink dialog OK button
Securelink sent successfully...
Searching the document and select the document from searchList the selected document was Sent Successfully...Mail has received.]]>
  </system-out>
  <testcase classname="Script.SecureLink" name="TC_3_SecureLinkFromDocumentList" time="36.730"/>
  <system-out>
    <![CDATA[Scenario 02: Document send to securelink from Document page
Scenario 02: Document send to securelink from Document page
Click on recent folder tab
Open the recent folder
Click on document page check box
Mouse hover on document tab
Click sendto submenu securelink option
Enter the valid email id
Enter the mail id in confirm mail textbox
Click on modify check box
Click on securelink dialog OK button
Enter receipient mail 
Enter confirm  mail 
User click on Securelink dialog OK button
Secure link sent successfully...
Sending secure link mail from document tab,select the document from Document List the Selected document was sent Successfully...Mail has received.]]>
  </system-out>
  <testcase classname="Script.SecureLink" name="TC_4_SentDocumentToView" time="53.385"/>
  <system-out>
    <![CDATA[Open securelink mail 
Enter user email
Enter valid password
Click on login button
Locked message displayed
Securelink file verified successfully...]]>
  </system-out>
</testsuite> <!-- Script.SecureLink -->
