<?xml version="1.0" encoding="UTF-8"?>
<!-- Generated by org.testng.reporters.JUnitReportReporter -->
<testsuite skipped="0" hostname="CIPLWKT014" name="Script.SearchSelectDocumentLocation" tests="19" failures="0" timestamp="26 Feb 2024 14:41:48 GMT" time="734.979" errors="0">
  <testcase name="BlankSearch" time="18.866" classname="Script.SearchSelectDocumentLocation"/>
  <testcase name="ExactSearchInIndexWithLoadMoreCount" time="83.053" classname="Script.SearchSelectDocumentLocation"/>
  <testcase name="ExactSearchInIndex" time="32.633" classname="Script.SearchSelectDocumentLocation"/>
  <testcase name="AtLeastOneWordSeachIndex" time="15.063" classname="Script.SearchSelectDocumentLocation"/>
  <testcase name="AllOfTheWordSearchIndex" time="26.500" classname="Script.SearchSelectDocumentLocation"/>
  <testcase name="AllVrsn_Incldcmnt_FindInHit_AppendToHit" time="92.531" classname="Script.SearchSelectDocumentLocation"/>
  <testcase name="FolderLevelSearch" time="23.951" classname="Script.SearchSelectDocumentLocation"/>
  <testcase name="DrawerLevelSearch" time="23.331" classname="Script.SearchSelectDocumentLocation"/>
  <testcase name="CabinetLevel" time="19.836" classname="Script.SearchSelectDocumentLocation"/>
  <testcase name="DocumentDropDown" time="14.124" classname="Script.SearchSelectDocumentLocation"/>
  <testcase name="DocumentCreatorDropDown" time="19.514" classname="Script.SearchSelectDocumentLocation"/>
  <testcase name="WorkflowStatusDropdown" time="110.313" classname="Script.SearchSelectDocumentLocation"/>
  <testcase name="SavingTheSearchDoc" time="27.113" classname="Script.SearchSelectDocumentLocation"/>
  <testcase name="TextSearchWithSQLData" time="45.844" classname="Script.SearchSelectDocumentLocation"/>
  <testcase name="TextSearchWithAllOftheWords" time="43.336" classname="Script.SearchSelectDocumentLocation"/>
  <testcase name="TextSearchWithAtpartOftheWord" time="39.131" classname="Script.SearchSelectDocumentLocation"/>
  <testcase name="FolderSerchIcon" time="22.738" classname="Script.SearchSelectDocumentLocation"/>
  <testcase name="QuickSearch" time="18.818" classname="Script.SearchSelectDocumentLocation"/>
  <testcase name="DocumentSearch" time="58.284" classname="Script.SearchSelectDocumentLocation"/>
</testsuite> <!-- Script.SearchSelectDocumentLocation -->
