<?xml version="1.0" encoding="UTF-8"?>
<!-- Generated by org.testng.reporters.JUnitReportReporter -->
<testsuite skipped="0" hostname="CIPLWKT014" name="Script.DocuSignScript" tests="1" failures="0" timestamp="26 Feb 2024 14:41:48 GMT" time="145.019" errors="0">
  <testcase name="DocusignDocument" time="145.019" classname="Script.DocuSignScript"/>
</testsuite> <!-- Script.DocuSignScript -->
