<?xml version="1.0" encoding="UTF-8"?>
<!-- Generated by org.testng.reporters.JUnitReportReporter -->
<testsuite skipped="0" hostname="CIPLWKT014" name="Script.Print_Email_Export_Negative_Scenerio" tests="2" failures="0" timestamp="05 Jul 2024 14:34:30 GMT" time="186.636" errors="0">
  <testcase name="LogVCS" time="44.169" classname="Script.Print_Email_Export_Negative_Scenerio"/>
  <testcase name="TC_1_Email_Print_Export_Negative_Script" time="142.467" classname="Script.Print_Email_Export_Negative_Scenerio"/>
</testsuite> <!-- Script.Print_Email_Export_Negative_Scenerio -->
