<?xml version="1.0" encoding="UTF-8"?>
<!-- Generated by org.testng.reporters.JUnitReportReporter -->
<testsuite skipped="0" hostname="CIPLWKT014" name="Script.Negative_CustomColumns" tests="8" failures="0" timestamp="21 Jun 2024 22:25:31 GMT" time="228.292" errors="0">
  <testcase name="Login_EWA" time="36.324" classname="Script.Negative_CustomColumns"/>
  <testcase name="TC_01_Verify_Default_Custom_Columns_RoomLevel" time="56.848" classname="Script.Negative_CustomColumns"/>
  <testcase name="TC_02_Verify_CrossCancelButton_RoomCustomColumns" time="7.118" classname="Script.Negative_CustomColumns"/>
  <testcase name="TC_03_Verify_CancelButton_RoomCustomColumns" time="27.669" classname="Script.Negative_CustomColumns"/>
  <testcase name="TC_04_Verify_CrossCancelButton_SearchCustomColumns" time="20.230" classname="Script.Negative_CustomColumns"/>
  <testcase name="TC_05_Verify_CancelButton_SearchCustomColumns" time="21.207" classname="Script.Negative_CustomColumns"/>
  <testcase name="TC_06_Verify_CrossCancelButton_TODOCustomColumns" time="21.174" classname="Script.Negative_CustomColumns"/>
  <testcase name="TC_07_Verify_CancelButton_TODOCustomColumns" time="37.722" classname="Script.Negative_CustomColumns"/>
</testsuite> <!-- Script.Negative_CustomColumns -->
