<?xml version="1.0" encoding="UTF-8"?>
<!-- Generated by org.testng.reporters.JUnitReportReporter -->
<testsuite skipped="501" hostname="CIPLWKT014" name="SQL2022_DB.LargeFiles_AutomationTesting" tests="502" failures="0" timestamp="26 Mar 2024 06:09:36 GMT" time="13.110" errors="1">
  <testcase name="ladBrowser" time="13.101" classname="SQL2022_DB.LargeFiles_AutomationTesting">
    <error type="org.openqa.selenium.WebDriverException" message="unknown error: net::ERR_CONNECTION_REFUSED
  (Session info: chrome=123.0.6312.59)
Build info: version: &#039;3.141.59&#039;, revision: &#039;e82be7d358&#039;, time: &#039;2018-11-14T08:25:53&#039;
System info: host: &#039;CIPLWKT014&#039;, ip: &#039;10.4.8.14&#039;, os.name: &#039;Windows 10&#039;, os.arch: &#039;x86&#039;, os.version: &#039;10.0&#039;, java.version: &#039;1.8.0_351&#039;
Driver info: org.openqa.selenium.chrome.ChromeDriver
Capabilities {acceptInsecureCerts: false, browserName: chrome, browserVersion: 123.0.6312.59, chrome: {chromedriverVersion: 123.0.6312.58 (6b4b19e9dfbb..., userDataDir: C:\Users\nisha.r\AppData\Lo...}, fedcm:accounts: true, goog:chromeOptions: {debuggerAddress: localhost:64306}, javascriptEnabled: true, networkConnectionEnabled: false, pageLoadStrategy: normal, platform: WINDOWS, platformName: WINDOWS, proxy: Proxy(), setWindowRect: true, strictFileInteractability: false, timeouts: {implicit: 0, pageLoad: 300000, script: 30000}, unhandledPromptBehavior: dismiss and notify, webauthn:extension:credBlob: true, webauthn:extension:largeBlob: true, webauthn:extension:minPinLength: true, webauthn:extension:prf: true, webauthn:virtualAuthenticators: true}
Session ID: 250491efa599697d292832cfa6653cb0">
      <![CDATA[org.openqa.selenium.WebDriverException: unknown error: net::ERR_CONNECTION_REFUSED
  (Session info: chrome=123.0.6312.59)
Build info: version: '3.141.59', revision: 'e82be7d358', time: '2018-11-14T08:25:53'
System info: host: 'CIPLWKT014', ip: '10.4.8.14', os.name: 'Windows 10', os.arch: 'x86', os.version: '10.0', java.version: '1.8.0_351'
Driver info: org.openqa.selenium.chrome.ChromeDriver
Capabilities {acceptInsecureCerts: false, browserName: chrome, browserVersion: 123.0.6312.59, chrome: {chromedriverVersion: 123.0.6312.58 (6b4b19e9dfbb..., userDataDir: C:\Users\nisha.r\AppData\Lo...}, fedcm:accounts: true, goog:chromeOptions: {debuggerAddress: localhost:64306}, javascriptEnabled: true, networkConnectionEnabled: false, pageLoadStrategy: normal, platform: WINDOWS, platformName: WINDOWS, proxy: Proxy(), setWindowRect: true, strictFileInteractability: false, timeouts: {implicit: 0, pageLoad: 300000, script: 30000}, unhandledPromptBehavior: dismiss and notify, webauthn:extension:credBlob: true, webauthn:extension:largeBlob: true, webauthn:extension:minPinLength: true, webauthn:extension:prf: true, webauthn:virtualAuthenticators: true}
Session ID: 250491efa599697d292832cfa6653cb0
at sun.reflect.NativeConstructorAccessorImpl.newInstance0(Native Method)
at sun.reflect.NativeConstructorAccessorImpl.newInstance(Unknown Source)
at sun.reflect.DelegatingConstructorAccessorImpl.newInstance(Unknown Source)
at java.lang.reflect.Constructor.newInstance(Unknown Source)
at org.openqa.selenium.remote.http.W3CHttpResponseCodec.createException(W3CHttpResponseCodec.java:187)
at org.openqa.selenium.remote.http.W3CHttpResponseCodec.decode(W3CHttpResponseCodec.java:122)
at org.openqa.selenium.remote.http.W3CHttpResponseCodec.decode(W3CHttpResponseCodec.java:49)
at org.openqa.selenium.remote.HttpCommandExecutor.execute(HttpCommandExecutor.java:158)
at org.openqa.selenium.remote.service.DriverCommandExecutor.execute(DriverCommandExecutor.java:83)
at org.openqa.selenium.remote.RemoteWebDriver.execute(RemoteWebDriver.java:552)
at org.openqa.selenium.remote.RemoteWebDriver.get(RemoteWebDriver.java:277)
at Generic.BaseClass.launchLocalUrl(BaseClass.java:117)
at SQL2022_DB.LargeFiles_AutomationTesting.ladBrowser(LargeFiles_AutomationTesting.java:28)
at sun.reflect.NativeMethodAccessorImpl.invoke0(Native Method)
at sun.reflect.NativeMethodAccessorImpl.invoke(Unknown Source)
at sun.reflect.DelegatingMethodAccessorImpl.invoke(Unknown Source)
at java.lang.reflect.Method.invoke(Unknown Source)
at org.testng.internal.MethodInvocationHelper.invokeMethod(MethodInvocationHelper.java:124)
at org.testng.internal.MethodInvocationHelper.invokeMethodConsideringTimeout(MethodInvocationHelper.java:59)
at org.testng.internal.Invoker.invokeConfigurationMethod(Invoker.java:458)
at org.testng.internal.Invoker.invokeConfigurations(Invoker.java:222)
at org.testng.internal.Invoker.invokeConfigurations(Invoker.java:142)
at org.testng.internal.TestMethodWorker.invokeBeforeClassMethods(TestMethodWorker.java:168)
at org.testng.internal.TestMethodWorker.run(TestMethodWorker.java:105)
at org.testng.TestRunner.privateRun(TestRunner.java:648)
at org.testng.TestRunner.run(TestRunner.java:505)
at org.testng.SuiteRunner.runTest(SuiteRunner.java:455)
at org.testng.SuiteRunner.runSequentially(SuiteRunner.java:450)
at org.testng.SuiteRunner.privateRun(SuiteRunner.java:415)
at org.testng.SuiteRunner.run(SuiteRunner.java:364)
at org.testng.SuiteRunnerWorker.runSuite(SuiteRunnerWorker.java:52)
at org.testng.SuiteRunnerWorker.run(SuiteRunnerWorker.java:84)
at org.testng.TestNG.runSuitesSequentially(TestNG.java:1208)
at org.testng.TestNG.runSuitesLocally(TestNG.java:1137)
at org.testng.TestNG.runSuites(TestNG.java:1049)
at org.testng.TestNG.run(TestNG.java:1017)
at org.testng.remote.AbstractRemoteTestNG.run(AbstractRemoteTestNG.java:114)
at org.testng.remote.RemoteTestNG.initAndRun(RemoteTestNG.java:251)
at org.testng.remote.RemoteTestNG.main(RemoteTestNG.java:77)
]]>
    </error>
  </testcase> <!-- ladBrowser -->
  <testcase name="Login" time="0.000" classname="SQL2022_DB.LargeFiles_AutomationTesting">
    <skipped/>
  </testcase> <!-- Login -->
  <testcase name="AdvancedViewerPDfDoc" time="0.000" classname="SQL2022_DB.LargeFiles_AutomationTesting">
    <skipped/>
  </testcase> <!-- AdvancedViewerPDfDoc -->
  <testcase name="AdvancedViewerPDfDoc" time="0.000" classname="SQL2022_DB.LargeFiles_AutomationTesting">
    <skipped/>
  </testcase> <!-- AdvancedViewerPDfDoc -->
  <testcase name="AdvancedViewerPDfDoc" time="0.000" classname="SQL2022_DB.LargeFiles_AutomationTesting">
    <skipped/>
  </testcase> <!-- AdvancedViewerPDfDoc -->
  <testcase name="AdvancedViewerPDfDoc" time="0.000" classname="SQL2022_DB.LargeFiles_AutomationTesting">
    <skipped/>
  </testcase> <!-- AdvancedViewerPDfDoc -->
  <testcase name="AdvancedViewerPDfDoc" time="0.000" classname="SQL2022_DB.LargeFiles_AutomationTesting">
    <skipped/>
  </testcase> <!-- AdvancedViewerPDfDoc -->
  <testcase name="AdvancedViewerPDfDoc" time="0.000" classname="SQL2022_DB.LargeFiles_AutomationTesting">
    <skipped/>
  </testcase> <!-- AdvancedViewerPDfDoc -->
  <testcase name="AdvancedViewerPDfDoc" time="0.000" classname="SQL2022_DB.LargeFiles_AutomationTesting">
    <skipped/>
  </testcase> <!-- AdvancedViewerPDfDoc -->
  <testcase name="AdvancedViewerPDfDoc" time="0.000" classname="SQL2022_DB.LargeFiles_AutomationTesting">
    <skipped/>
  </testcase> <!-- AdvancedViewerPDfDoc -->
  <testcase name="AdvancedViewerPDfDoc" time="0.000" classname="SQL2022_DB.LargeFiles_AutomationTesting">
    <skipped/>
  </testcase> <!-- AdvancedViewerPDfDoc -->
  <testcase name="AdvancedViewerPDfDoc" time="0.000" classname="SQL2022_DB.LargeFiles_AutomationTesting">
    <skipped/>
  </testcase> <!-- AdvancedViewerPDfDoc -->
  <testcase name="AdvancedViewerPDfDoc" time="0.000" classname="SQL2022_DB.LargeFiles_AutomationTesting">
    <skipped/>
  </testcase> <!-- AdvancedViewerPDfDoc -->
  <testcase name="AdvancedViewerPDfDoc" time="0.000" classname="SQL2022_DB.LargeFiles_AutomationTesting">
    <skipped/>
  </testcase> <!-- AdvancedViewerPDfDoc -->
  <testcase name="AdvancedViewerPDfDoc" time="0.000" classname="SQL2022_DB.LargeFiles_AutomationTesting">
    <skipped/>
  </testcase> <!-- AdvancedViewerPDfDoc -->
  <testcase name="AdvancedViewerPDfDoc" time="0.000" classname="SQL2022_DB.LargeFiles_AutomationTesting">
    <skipped/>
  </testcase> <!-- AdvancedViewerPDfDoc -->
  <testcase name="AdvancedViewerPDfDoc" time="0.000" classname="SQL2022_DB.LargeFiles_AutomationTesting">
    <skipped/>
  </testcase> <!-- AdvancedViewerPDfDoc -->
  <testcase name="AdvancedViewerPDfDoc" time="0.000" classname="SQL2022_DB.LargeFiles_AutomationTesting">
    <skipped/>
  </testcase> <!-- AdvancedViewerPDfDoc -->
  <testcase name="AdvancedViewerPDfDoc" time="0.000" classname="SQL2022_DB.LargeFiles_AutomationTesting">
    <skipped/>
  </testcase> <!-- AdvancedViewerPDfDoc -->
  <testcase name="AdvancedViewerPDfDoc" time="0.000" classname="SQL2022_DB.LargeFiles_AutomationTesting">
    <skipped/>
  </testcase> <!-- AdvancedViewerPDfDoc -->
  <testcase name="AdvancedViewerPDfDoc" time="0.000" classname="SQL2022_DB.LargeFiles_AutomationTesting">
    <skipped/>
  </testcase> <!-- AdvancedViewerPDfDoc -->
  <testcase name="AdvancedViewerPDfDoc" time="0.000" classname="SQL2022_DB.LargeFiles_AutomationTesting">
    <skipped/>
  </testcase> <!-- AdvancedViewerPDfDoc -->
  <testcase name="AdvancedViewerPDfDoc" time="0.000" classname="SQL2022_DB.LargeFiles_AutomationTesting">
    <skipped/>
  </testcase> <!-- AdvancedViewerPDfDoc -->
  <testcase name="AdvancedViewerPDfDoc" time="0.000" classname="SQL2022_DB.LargeFiles_AutomationTesting">
    <skipped/>
  </testcase> <!-- AdvancedViewerPDfDoc -->
  <testcase name="AdvancedViewerPDfDoc" time="0.000" classname="SQL2022_DB.LargeFiles_AutomationTesting">
    <skipped/>
  </testcase> <!-- AdvancedViewerPDfDoc -->
  <testcase name="AdvancedViewerPDfDoc" time="0.000" classname="SQL2022_DB.LargeFiles_AutomationTesting">
    <skipped/>
  </testcase> <!-- AdvancedViewerPDfDoc -->
  <testcase name="AdvancedViewerPDfDoc" time="0.000" classname="SQL2022_DB.LargeFiles_AutomationTesting">
    <skipped/>
  </testcase> <!-- AdvancedViewerPDfDoc -->
  <testcase name="AdvancedViewerPDfDoc" time="0.000" classname="SQL2022_DB.LargeFiles_AutomationTesting">
    <skipped/>
  </testcase> <!-- AdvancedViewerPDfDoc -->
  <testcase name="AdvancedViewerPDfDoc" time="0.000" classname="SQL2022_DB.LargeFiles_AutomationTesting">
    <skipped/>
  </testcase> <!-- AdvancedViewerPDfDoc -->
  <testcase name="AdvancedViewerPDfDoc" time="0.000" classname="SQL2022_DB.LargeFiles_AutomationTesting">
    <skipped/>
  </testcase> <!-- AdvancedViewerPDfDoc -->
  <testcase name="AdvancedViewerPDfDoc" time="0.000" classname="SQL2022_DB.LargeFiles_AutomationTesting">
    <skipped/>
  </testcase> <!-- AdvancedViewerPDfDoc -->
  <testcase name="AdvancedViewerPDfDoc" time="0.000" classname="SQL2022_DB.LargeFiles_AutomationTesting">
    <skipped/>
  </testcase> <!-- AdvancedViewerPDfDoc -->
  <testcase name="AdvancedViewerPDfDoc" time="0.000" classname="SQL2022_DB.LargeFiles_AutomationTesting">
    <skipped/>
  </testcase> <!-- AdvancedViewerPDfDoc -->
  <testcase name="AdvancedViewerPDfDoc" time="0.000" classname="SQL2022_DB.LargeFiles_AutomationTesting">
    <skipped/>
  </testcase> <!-- AdvancedViewerPDfDoc -->
  <testcase name="AdvancedViewerPDfDoc" time="0.000" classname="SQL2022_DB.LargeFiles_AutomationTesting">
    <skipped/>
  </testcase> <!-- AdvancedViewerPDfDoc -->
  <testcase name="AdvancedViewerPDfDoc" time="0.000" classname="SQL2022_DB.LargeFiles_AutomationTesting">
    <skipped/>
  </testcase> <!-- AdvancedViewerPDfDoc -->
  <testcase name="AdvancedViewerPDfDoc" time="0.000" classname="SQL2022_DB.LargeFiles_AutomationTesting">
    <skipped/>
  </testcase> <!-- AdvancedViewerPDfDoc -->
  <testcase name="AdvancedViewerPDfDoc" time="0.000" classname="SQL2022_DB.LargeFiles_AutomationTesting">
    <skipped/>
  </testcase> <!-- AdvancedViewerPDfDoc -->
  <testcase name="AdvancedViewerPDfDoc" time="0.000" classname="SQL2022_DB.LargeFiles_AutomationTesting">
    <skipped/>
  </testcase> <!-- AdvancedViewerPDfDoc -->
  <testcase name="AdvancedViewerPDfDoc" time="0.000" classname="SQL2022_DB.LargeFiles_AutomationTesting">
    <skipped/>
  </testcase> <!-- AdvancedViewerPDfDoc -->
  <testcase name="AdvancedViewerPDfDoc" time="0.000" classname="SQL2022_DB.LargeFiles_AutomationTesting">
    <skipped/>
  </testcase> <!-- AdvancedViewerPDfDoc -->
  <testcase name="AdvancedViewerPDfDoc" time="0.000" classname="SQL2022_DB.LargeFiles_AutomationTesting">
    <skipped/>
  </testcase> <!-- AdvancedViewerPDfDoc -->
  <testcase name="AdvancedViewerPDfDoc" time="0.000" classname="SQL2022_DB.LargeFiles_AutomationTesting">
    <skipped/>
  </testcase> <!-- AdvancedViewerPDfDoc -->
  <testcase name="AdvancedViewerPDfDoc" time="0.000" classname="SQL2022_DB.LargeFiles_AutomationTesting">
    <skipped/>
  </testcase> <!-- AdvancedViewerPDfDoc -->
  <testcase name="AdvancedViewerPDfDoc" time="0.000" classname="SQL2022_DB.LargeFiles_AutomationTesting">
    <skipped/>
  </testcase> <!-- AdvancedViewerPDfDoc -->
  <testcase name="AdvancedViewerPDfDoc" time="0.000" classname="SQL2022_DB.LargeFiles_AutomationTesting">
    <skipped/>
  </testcase> <!-- AdvancedViewerPDfDoc -->
  <testcase name="AdvancedViewerPDfDoc" time="0.000" classname="SQL2022_DB.LargeFiles_AutomationTesting">
    <skipped/>
  </testcase> <!-- AdvancedViewerPDfDoc -->
  <testcase name="AdvancedViewerPDfDoc" time="0.000" classname="SQL2022_DB.LargeFiles_AutomationTesting">
    <skipped/>
  </testcase> <!-- AdvancedViewerPDfDoc -->
  <testcase name="AdvancedViewerPDfDoc" time="0.000" classname="SQL2022_DB.LargeFiles_AutomationTesting">
    <skipped/>
  </testcase> <!-- AdvancedViewerPDfDoc -->
  <testcase name="AdvancedViewerPDfDoc" time="0.000" classname="SQL2022_DB.LargeFiles_AutomationTesting">
    <skipped/>
  </testcase> <!-- AdvancedViewerPDfDoc -->
  <testcase name="AdvancedViewerPDfDoc" time="0.000" classname="SQL2022_DB.LargeFiles_AutomationTesting">
    <skipped/>
  </testcase> <!-- AdvancedViewerPDfDoc -->
  <testcase name="AdvancedViewerPDfDoc" time="0.000" classname="SQL2022_DB.LargeFiles_AutomationTesting">
    <skipped/>
  </testcase> <!-- AdvancedViewerPDfDoc -->
  <testcase name="AdvancedViewerPDfDoc" time="0.000" classname="SQL2022_DB.LargeFiles_AutomationTesting">
    <skipped/>
  </testcase> <!-- AdvancedViewerPDfDoc -->
  <testcase name="AdvancedViewerPDfDoc" time="0.000" classname="SQL2022_DB.LargeFiles_AutomationTesting">
    <skipped/>
  </testcase> <!-- AdvancedViewerPDfDoc -->
  <testcase name="AdvancedViewerPDfDoc" time="0.000" classname="SQL2022_DB.LargeFiles_AutomationTesting">
    <skipped/>
  </testcase> <!-- AdvancedViewerPDfDoc -->
  <testcase name="AdvancedViewerPDfDoc" time="0.000" classname="SQL2022_DB.LargeFiles_AutomationTesting">
    <skipped/>
  </testcase> <!-- AdvancedViewerPDfDoc -->
  <testcase name="AdvancedViewerPDfDoc" time="0.000" classname="SQL2022_DB.LargeFiles_AutomationTesting">
    <skipped/>
  </testcase> <!-- AdvancedViewerPDfDoc -->
  <testcase name="AdvancedViewerPDfDoc" time="0.000" classname="SQL2022_DB.LargeFiles_AutomationTesting">
    <skipped/>
  </testcase> <!-- AdvancedViewerPDfDoc -->
  <testcase name="AdvancedViewerPDfDoc" time="0.000" classname="SQL2022_DB.LargeFiles_AutomationTesting">
    <skipped/>
  </testcase> <!-- AdvancedViewerPDfDoc -->
  <testcase name="AdvancedViewerPDfDoc" time="0.000" classname="SQL2022_DB.LargeFiles_AutomationTesting">
    <skipped/>
  </testcase> <!-- AdvancedViewerPDfDoc -->
  <testcase name="AdvancedViewerPDfDoc" time="0.000" classname="SQL2022_DB.LargeFiles_AutomationTesting">
    <skipped/>
  </testcase> <!-- AdvancedViewerPDfDoc -->
  <testcase name="AdvancedViewerPDfDoc" time="0.000" classname="SQL2022_DB.LargeFiles_AutomationTesting">
    <skipped/>
  </testcase> <!-- AdvancedViewerPDfDoc -->
  <testcase name="AdvancedViewerPDfDoc" time="0.000" classname="SQL2022_DB.LargeFiles_AutomationTesting">
    <skipped/>
  </testcase> <!-- AdvancedViewerPDfDoc -->
  <testcase name="AdvancedViewerPDfDoc" time="0.000" classname="SQL2022_DB.LargeFiles_AutomationTesting">
    <skipped/>
  </testcase> <!-- AdvancedViewerPDfDoc -->
  <testcase name="AdvancedViewerPDfDoc" time="0.000" classname="SQL2022_DB.LargeFiles_AutomationTesting">
    <skipped/>
  </testcase> <!-- AdvancedViewerPDfDoc -->
  <testcase name="AdvancedViewerPDfDoc" time="0.000" classname="SQL2022_DB.LargeFiles_AutomationTesting">
    <skipped/>
  </testcase> <!-- AdvancedViewerPDfDoc -->
  <testcase name="AdvancedViewerPDfDoc" time="0.000" classname="SQL2022_DB.LargeFiles_AutomationTesting">
    <skipped/>
  </testcase> <!-- AdvancedViewerPDfDoc -->
  <testcase name="AdvancedViewerPDfDoc" time="0.000" classname="SQL2022_DB.LargeFiles_AutomationTesting">
    <skipped/>
  </testcase> <!-- AdvancedViewerPDfDoc -->
  <testcase name="AdvancedViewerPDfDoc" time="0.000" classname="SQL2022_DB.LargeFiles_AutomationTesting">
    <skipped/>
  </testcase> <!-- AdvancedViewerPDfDoc -->
  <testcase name="AdvancedViewerPDfDoc" time="0.000" classname="SQL2022_DB.LargeFiles_AutomationTesting">
    <skipped/>
  </testcase> <!-- AdvancedViewerPDfDoc -->
  <testcase name="AdvancedViewerPDfDoc" time="0.000" classname="SQL2022_DB.LargeFiles_AutomationTesting">
    <skipped/>
  </testcase> <!-- AdvancedViewerPDfDoc -->
  <testcase name="AdvancedViewerPDfDoc" time="0.000" classname="SQL2022_DB.LargeFiles_AutomationTesting">
    <skipped/>
  </testcase> <!-- AdvancedViewerPDfDoc -->
  <testcase name="AdvancedViewerPDfDoc" time="0.000" classname="SQL2022_DB.LargeFiles_AutomationTesting">
    <skipped/>
  </testcase> <!-- AdvancedViewerPDfDoc -->
  <testcase name="AdvancedViewerPDfDoc" time="0.000" classname="SQL2022_DB.LargeFiles_AutomationTesting">
    <skipped/>
  </testcase> <!-- AdvancedViewerPDfDoc -->
  <testcase name="AdvancedViewerPDfDoc" time="0.000" classname="SQL2022_DB.LargeFiles_AutomationTesting">
    <skipped/>
  </testcase> <!-- AdvancedViewerPDfDoc -->
  <testcase name="AdvancedViewerPDfDoc" time="0.000" classname="SQL2022_DB.LargeFiles_AutomationTesting">
    <skipped/>
  </testcase> <!-- AdvancedViewerPDfDoc -->
  <testcase name="AdvancedViewerPDfDoc" time="0.000" classname="SQL2022_DB.LargeFiles_AutomationTesting">
    <skipped/>
  </testcase> <!-- AdvancedViewerPDfDoc -->
  <testcase name="AdvancedViewerPDfDoc" time="0.000" classname="SQL2022_DB.LargeFiles_AutomationTesting">
    <skipped/>
  </testcase> <!-- AdvancedViewerPDfDoc -->
  <testcase name="AdvancedViewerPDfDoc" time="0.000" classname="SQL2022_DB.LargeFiles_AutomationTesting">
    <skipped/>
  </testcase> <!-- AdvancedViewerPDfDoc -->
  <testcase name="AdvancedViewerPDfDoc" time="0.000" classname="SQL2022_DB.LargeFiles_AutomationTesting">
    <skipped/>
  </testcase> <!-- AdvancedViewerPDfDoc -->
  <testcase name="AdvancedViewerPDfDoc" time="0.000" classname="SQL2022_DB.LargeFiles_AutomationTesting">
    <skipped/>
  </testcase> <!-- AdvancedViewerPDfDoc -->
  <testcase name="AdvancedViewerPDfDoc" time="0.000" classname="SQL2022_DB.LargeFiles_AutomationTesting">
    <skipped/>
  </testcase> <!-- AdvancedViewerPDfDoc -->
  <testcase name="AdvancedViewerPDfDoc" time="0.000" classname="SQL2022_DB.LargeFiles_AutomationTesting">
    <skipped/>
  </testcase> <!-- AdvancedViewerPDfDoc -->
  <testcase name="AdvancedViewerPDfDoc" time="0.000" classname="SQL2022_DB.LargeFiles_AutomationTesting">
    <skipped/>
  </testcase> <!-- AdvancedViewerPDfDoc -->
  <testcase name="AdvancedViewerPDfDoc" time="0.000" classname="SQL2022_DB.LargeFiles_AutomationTesting">
    <skipped/>
  </testcase> <!-- AdvancedViewerPDfDoc -->
  <testcase name="AdvancedViewerPDfDoc" time="0.000" classname="SQL2022_DB.LargeFiles_AutomationTesting">
    <skipped/>
  </testcase> <!-- AdvancedViewerPDfDoc -->
  <testcase name="AdvancedViewerPDfDoc" time="0.000" classname="SQL2022_DB.LargeFiles_AutomationTesting">
    <skipped/>
  </testcase> <!-- AdvancedViewerPDfDoc -->
  <testcase name="AdvancedViewerPDfDoc" time="0.000" classname="SQL2022_DB.LargeFiles_AutomationTesting">
    <skipped/>
  </testcase> <!-- AdvancedViewerPDfDoc -->
  <testcase name="AdvancedViewerPDfDoc" time="0.000" classname="SQL2022_DB.LargeFiles_AutomationTesting">
    <skipped/>
  </testcase> <!-- AdvancedViewerPDfDoc -->
  <testcase name="AdvancedViewerPDfDoc" time="0.000" classname="SQL2022_DB.LargeFiles_AutomationTesting">
    <skipped/>
  </testcase> <!-- AdvancedViewerPDfDoc -->
  <testcase name="AdvancedViewerPDfDoc" time="0.000" classname="SQL2022_DB.LargeFiles_AutomationTesting">
    <skipped/>
  </testcase> <!-- AdvancedViewerPDfDoc -->
  <testcase name="AdvancedViewerPDfDoc" time="0.000" classname="SQL2022_DB.LargeFiles_AutomationTesting">
    <skipped/>
  </testcase> <!-- AdvancedViewerPDfDoc -->
  <testcase name="AdvancedViewerPDfDoc" time="0.000" classname="SQL2022_DB.LargeFiles_AutomationTesting">
    <skipped/>
  </testcase> <!-- AdvancedViewerPDfDoc -->
  <testcase name="AdvancedViewerPDfDoc" time="0.000" classname="SQL2022_DB.LargeFiles_AutomationTesting">
    <skipped/>
  </testcase> <!-- AdvancedViewerPDfDoc -->
  <testcase name="AdvancedViewerPDfDoc" time="0.000" classname="SQL2022_DB.LargeFiles_AutomationTesting">
    <skipped/>
  </testcase> <!-- AdvancedViewerPDfDoc -->
  <testcase name="AdvancedViewerPDfDoc" time="0.000" classname="SQL2022_DB.LargeFiles_AutomationTesting">
    <skipped/>
  </testcase> <!-- AdvancedViewerPDfDoc -->
  <testcase name="AdvancedViewerPDfDoc" time="0.000" classname="SQL2022_DB.LargeFiles_AutomationTesting">
    <skipped/>
  </testcase> <!-- AdvancedViewerPDfDoc -->
  <testcase name="AdvancedViewerPDfDoc" time="0.000" classname="SQL2022_DB.LargeFiles_AutomationTesting">
    <skipped/>
  </testcase> <!-- AdvancedViewerPDfDoc -->
  <testcase name="AdvancedViewerPDfDoc" time="0.000" classname="SQL2022_DB.LargeFiles_AutomationTesting">
    <skipped/>
  </testcase> <!-- AdvancedViewerPDfDoc -->
  <testcase name="AdvancedViewerPDfDoc" time="0.000" classname="SQL2022_DB.LargeFiles_AutomationTesting">
    <skipped/>
  </testcase> <!-- AdvancedViewerPDfDoc -->
  <testcase name="AdvancedViewerPDfDoc" time="0.000" classname="SQL2022_DB.LargeFiles_AutomationTesting">
    <skipped/>
  </testcase> <!-- AdvancedViewerPDfDoc -->
  <testcase name="AdvancedViewerPDfDoc" time="0.000" classname="SQL2022_DB.LargeFiles_AutomationTesting">
    <skipped/>
  </testcase> <!-- AdvancedViewerPDfDoc -->
  <testcase name="AdvancedViewerPDfDoc" time="0.000" classname="SQL2022_DB.LargeFiles_AutomationTesting">
    <skipped/>
  </testcase> <!-- AdvancedViewerPDfDoc -->
  <testcase name="AdvancedViewerPDfDoc" time="0.000" classname="SQL2022_DB.LargeFiles_AutomationTesting">
    <skipped/>
  </testcase> <!-- AdvancedViewerPDfDoc -->
  <testcase name="AdvancedViewerPDfDoc" time="0.000" classname="SQL2022_DB.LargeFiles_AutomationTesting">
    <skipped/>
  </testcase> <!-- AdvancedViewerPDfDoc -->
  <testcase name="AdvancedViewerPDfDoc" time="0.000" classname="SQL2022_DB.LargeFiles_AutomationTesting">
    <skipped/>
  </testcase> <!-- AdvancedViewerPDfDoc -->
  <testcase name="AdvancedViewerPDfDoc" time="0.000" classname="SQL2022_DB.LargeFiles_AutomationTesting">
    <skipped/>
  </testcase> <!-- AdvancedViewerPDfDoc -->
  <testcase name="AdvancedViewerPDfDoc" time="0.000" classname="SQL2022_DB.LargeFiles_AutomationTesting">
    <skipped/>
  </testcase> <!-- AdvancedViewerPDfDoc -->
  <testcase name="AdvancedViewerPDfDoc" time="0.000" classname="SQL2022_DB.LargeFiles_AutomationTesting">
    <skipped/>
  </testcase> <!-- AdvancedViewerPDfDoc -->
  <testcase name="AdvancedViewerPDfDoc" time="0.000" classname="SQL2022_DB.LargeFiles_AutomationTesting">
    <skipped/>
  </testcase> <!-- AdvancedViewerPDfDoc -->
  <testcase name="AdvancedViewerPDfDoc" time="0.000" classname="SQL2022_DB.LargeFiles_AutomationTesting">
    <skipped/>
  </testcase> <!-- AdvancedViewerPDfDoc -->
  <testcase name="AdvancedViewerPDfDoc" time="0.000" classname="SQL2022_DB.LargeFiles_AutomationTesting">
    <skipped/>
  </testcase> <!-- AdvancedViewerPDfDoc -->
  <testcase name="AdvancedViewerPDfDoc" time="0.000" classname="SQL2022_DB.LargeFiles_AutomationTesting">
    <skipped/>
  </testcase> <!-- AdvancedViewerPDfDoc -->
  <testcase name="AdvancedViewerPDfDoc" time="0.000" classname="SQL2022_DB.LargeFiles_AutomationTesting">
    <skipped/>
  </testcase> <!-- AdvancedViewerPDfDoc -->
  <testcase name="AdvancedViewerPDfDoc" time="0.000" classname="SQL2022_DB.LargeFiles_AutomationTesting">
    <skipped/>
  </testcase> <!-- AdvancedViewerPDfDoc -->
  <testcase name="AdvancedViewerPDfDoc" time="0.000" classname="SQL2022_DB.LargeFiles_AutomationTesting">
    <skipped/>
  </testcase> <!-- AdvancedViewerPDfDoc -->
  <testcase name="AdvancedViewerPDfDoc" time="0.000" classname="SQL2022_DB.LargeFiles_AutomationTesting">
    <skipped/>
  </testcase> <!-- AdvancedViewerPDfDoc -->
  <testcase name="AdvancedViewerPDfDoc" time="0.000" classname="SQL2022_DB.LargeFiles_AutomationTesting">
    <skipped/>
  </testcase> <!-- AdvancedViewerPDfDoc -->
  <testcase name="AdvancedViewerPDfDoc" time="0.000" classname="SQL2022_DB.LargeFiles_AutomationTesting">
    <skipped/>
  </testcase> <!-- AdvancedViewerPDfDoc -->
  <testcase name="AdvancedViewerPDfDoc" time="0.000" classname="SQL2022_DB.LargeFiles_AutomationTesting">
    <skipped/>
  </testcase> <!-- AdvancedViewerPDfDoc -->
  <testcase name="AdvancedViewerPDfDoc" time="0.000" classname="SQL2022_DB.LargeFiles_AutomationTesting">
    <skipped/>
  </testcase> <!-- AdvancedViewerPDfDoc -->
  <testcase name="AdvancedViewerPDfDoc" time="0.000" classname="SQL2022_DB.LargeFiles_AutomationTesting">
    <skipped/>
  </testcase> <!-- AdvancedViewerPDfDoc -->
  <testcase name="AdvancedViewerPDfDoc" time="0.000" classname="SQL2022_DB.LargeFiles_AutomationTesting">
    <skipped/>
  </testcase> <!-- AdvancedViewerPDfDoc -->
  <testcase name="AdvancedViewerPDfDoc" time="0.000" classname="SQL2022_DB.LargeFiles_AutomationTesting">
    <skipped/>
  </testcase> <!-- AdvancedViewerPDfDoc -->
  <testcase name="AdvancedViewerPDfDoc" time="0.000" classname="SQL2022_DB.LargeFiles_AutomationTesting">
    <skipped/>
  </testcase> <!-- AdvancedViewerPDfDoc -->
  <testcase name="AdvancedViewerPDfDoc" time="0.000" classname="SQL2022_DB.LargeFiles_AutomationTesting">
    <skipped/>
  </testcase> <!-- AdvancedViewerPDfDoc -->
  <testcase name="AdvancedViewerPDfDoc" time="0.000" classname="SQL2022_DB.LargeFiles_AutomationTesting">
    <skipped/>
  </testcase> <!-- AdvancedViewerPDfDoc -->
  <testcase name="AdvancedViewerPDfDoc" time="0.000" classname="SQL2022_DB.LargeFiles_AutomationTesting">
    <skipped/>
  </testcase> <!-- AdvancedViewerPDfDoc -->
  <testcase name="AdvancedViewerPDfDoc" time="0.000" classname="SQL2022_DB.LargeFiles_AutomationTesting">
    <skipped/>
  </testcase> <!-- AdvancedViewerPDfDoc -->
  <testcase name="AdvancedViewerPDfDoc" time="0.000" classname="SQL2022_DB.LargeFiles_AutomationTesting">
    <skipped/>
  </testcase> <!-- AdvancedViewerPDfDoc -->
  <testcase name="AdvancedViewerPDfDoc" time="0.000" classname="SQL2022_DB.LargeFiles_AutomationTesting">
    <skipped/>
  </testcase> <!-- AdvancedViewerPDfDoc -->
  <testcase name="AdvancedViewerPDfDoc" time="0.000" classname="SQL2022_DB.LargeFiles_AutomationTesting">
    <skipped/>
  </testcase> <!-- AdvancedViewerPDfDoc -->
  <testcase name="AdvancedViewerPDfDoc" time="0.000" classname="SQL2022_DB.LargeFiles_AutomationTesting">
    <skipped/>
  </testcase> <!-- AdvancedViewerPDfDoc -->
  <testcase name="AdvancedViewerPDfDoc" time="0.000" classname="SQL2022_DB.LargeFiles_AutomationTesting">
    <skipped/>
  </testcase> <!-- AdvancedViewerPDfDoc -->
  <testcase name="AdvancedViewerPDfDoc" time="0.000" classname="SQL2022_DB.LargeFiles_AutomationTesting">
    <skipped/>
  </testcase> <!-- AdvancedViewerPDfDoc -->
  <testcase name="AdvancedViewerPDfDoc" time="0.000" classname="SQL2022_DB.LargeFiles_AutomationTesting">
    <skipped/>
  </testcase> <!-- AdvancedViewerPDfDoc -->
  <testcase name="AdvancedViewerPDfDoc" time="0.000" classname="SQL2022_DB.LargeFiles_AutomationTesting">
    <skipped/>
  </testcase> <!-- AdvancedViewerPDfDoc -->
  <testcase name="AdvancedViewerPDfDoc" time="0.000" classname="SQL2022_DB.LargeFiles_AutomationTesting">
    <skipped/>
  </testcase> <!-- AdvancedViewerPDfDoc -->
  <testcase name="AdvancedViewerPDfDoc" time="0.000" classname="SQL2022_DB.LargeFiles_AutomationTesting">
    <skipped/>
  </testcase> <!-- AdvancedViewerPDfDoc -->
  <testcase name="AdvancedViewerPDfDoc" time="0.000" classname="SQL2022_DB.LargeFiles_AutomationTesting">
    <skipped/>
  </testcase> <!-- AdvancedViewerPDfDoc -->
  <testcase name="AdvancedViewerPDfDoc" time="0.000" classname="SQL2022_DB.LargeFiles_AutomationTesting">
    <skipped/>
  </testcase> <!-- AdvancedViewerPDfDoc -->
  <testcase name="AdvancedViewerPDfDoc" time="0.000" classname="SQL2022_DB.LargeFiles_AutomationTesting">
    <skipped/>
  </testcase> <!-- AdvancedViewerPDfDoc -->
  <testcase name="AdvancedViewerPDfDoc" time="0.000" classname="SQL2022_DB.LargeFiles_AutomationTesting">
    <skipped/>
  </testcase> <!-- AdvancedViewerPDfDoc -->
  <testcase name="AdvancedViewerPDfDoc" time="0.000" classname="SQL2022_DB.LargeFiles_AutomationTesting">
    <skipped/>
  </testcase> <!-- AdvancedViewerPDfDoc -->
  <testcase name="AdvancedViewerPDfDoc" time="0.000" classname="SQL2022_DB.LargeFiles_AutomationTesting">
    <skipped/>
  </testcase> <!-- AdvancedViewerPDfDoc -->
  <testcase name="AdvancedViewerPDfDoc" time="0.000" classname="SQL2022_DB.LargeFiles_AutomationTesting">
    <skipped/>
  </testcase> <!-- AdvancedViewerPDfDoc -->
  <testcase name="AdvancedViewerPDfDoc" time="0.000" classname="SQL2022_DB.LargeFiles_AutomationTesting">
    <skipped/>
  </testcase> <!-- AdvancedViewerPDfDoc -->
  <testcase name="AdvancedViewerPDfDoc" time="0.000" classname="SQL2022_DB.LargeFiles_AutomationTesting">
    <skipped/>
  </testcase> <!-- AdvancedViewerPDfDoc -->
  <testcase name="AdvancedViewerPDfDoc" time="0.000" classname="SQL2022_DB.LargeFiles_AutomationTesting">
    <skipped/>
  </testcase> <!-- AdvancedViewerPDfDoc -->
  <testcase name="AdvancedViewerPDfDoc" time="0.000" classname="SQL2022_DB.LargeFiles_AutomationTesting">
    <skipped/>
  </testcase> <!-- AdvancedViewerPDfDoc -->
  <testcase name="AdvancedViewerPDfDoc" time="0.000" classname="SQL2022_DB.LargeFiles_AutomationTesting">
    <skipped/>
  </testcase> <!-- AdvancedViewerPDfDoc -->
  <testcase name="AdvancedViewerPDfDoc" time="0.000" classname="SQL2022_DB.LargeFiles_AutomationTesting">
    <skipped/>
  </testcase> <!-- AdvancedViewerPDfDoc -->
  <testcase name="AdvancedViewerPDfDoc" time="0.000" classname="SQL2022_DB.LargeFiles_AutomationTesting">
    <skipped/>
  </testcase> <!-- AdvancedViewerPDfDoc -->
  <testcase name="AdvancedViewerPDfDoc" time="0.000" classname="SQL2022_DB.LargeFiles_AutomationTesting">
    <skipped/>
  </testcase> <!-- AdvancedViewerPDfDoc -->
  <testcase name="AdvancedViewerPDfDoc" time="0.000" classname="SQL2022_DB.LargeFiles_AutomationTesting">
    <skipped/>
  </testcase> <!-- AdvancedViewerPDfDoc -->
  <testcase name="AdvancedViewerPDfDoc" time="0.000" classname="SQL2022_DB.LargeFiles_AutomationTesting">
    <skipped/>
  </testcase> <!-- AdvancedViewerPDfDoc -->
  <testcase name="AdvancedViewerPDfDoc" time="0.000" classname="SQL2022_DB.LargeFiles_AutomationTesting">
    <skipped/>
  </testcase> <!-- AdvancedViewerPDfDoc -->
  <testcase name="AdvancedViewerPDfDoc" time="0.000" classname="SQL2022_DB.LargeFiles_AutomationTesting">
    <skipped/>
  </testcase> <!-- AdvancedViewerPDfDoc -->
  <testcase name="AdvancedViewerPDfDoc" time="0.000" classname="SQL2022_DB.LargeFiles_AutomationTesting">
    <skipped/>
  </testcase> <!-- AdvancedViewerPDfDoc -->
  <testcase name="AdvancedViewerPDfDoc" time="0.000" classname="SQL2022_DB.LargeFiles_AutomationTesting">
    <skipped/>
  </testcase> <!-- AdvancedViewerPDfDoc -->
  <testcase name="AdvancedViewerPDfDoc" time="0.000" classname="SQL2022_DB.LargeFiles_AutomationTesting">
    <skipped/>
  </testcase> <!-- AdvancedViewerPDfDoc -->
  <testcase name="AdvancedViewerPDfDoc" time="0.000" classname="SQL2022_DB.LargeFiles_AutomationTesting">
    <skipped/>
  </testcase> <!-- AdvancedViewerPDfDoc -->
  <testcase name="AdvancedViewerPDfDoc" time="0.000" classname="SQL2022_DB.LargeFiles_AutomationTesting">
    <skipped/>
  </testcase> <!-- AdvancedViewerPDfDoc -->
  <testcase name="AdvancedViewerPDfDoc" time="0.000" classname="SQL2022_DB.LargeFiles_AutomationTesting">
    <skipped/>
  </testcase> <!-- AdvancedViewerPDfDoc -->
  <testcase name="AdvancedViewerPDfDoc" time="0.000" classname="SQL2022_DB.LargeFiles_AutomationTesting">
    <skipped/>
  </testcase> <!-- AdvancedViewerPDfDoc -->
  <testcase name="AdvancedViewerPDfDoc" time="0.000" classname="SQL2022_DB.LargeFiles_AutomationTesting">
    <skipped/>
  </testcase> <!-- AdvancedViewerPDfDoc -->
  <testcase name="AdvancedViewerPDfDoc" time="0.000" classname="SQL2022_DB.LargeFiles_AutomationTesting">
    <skipped/>
  </testcase> <!-- AdvancedViewerPDfDoc -->
  <testcase name="AdvancedViewerPDfDoc" time="0.000" classname="SQL2022_DB.LargeFiles_AutomationTesting">
    <skipped/>
  </testcase> <!-- AdvancedViewerPDfDoc -->
  <testcase name="AdvancedViewerPDfDoc" time="0.000" classname="SQL2022_DB.LargeFiles_AutomationTesting">
    <skipped/>
  </testcase> <!-- AdvancedViewerPDfDoc -->
  <testcase name="AdvancedViewerPDfDoc" time="0.000" classname="SQL2022_DB.LargeFiles_AutomationTesting">
    <skipped/>
  </testcase> <!-- AdvancedViewerPDfDoc -->
  <testcase name="AdvancedViewerPDfDoc" time="0.000" classname="SQL2022_DB.LargeFiles_AutomationTesting">
    <skipped/>
  </testcase> <!-- AdvancedViewerPDfDoc -->
  <testcase name="AdvancedViewerPDfDoc" time="0.000" classname="SQL2022_DB.LargeFiles_AutomationTesting">
    <skipped/>
  </testcase> <!-- AdvancedViewerPDfDoc -->
  <testcase name="AdvancedViewerPDfDoc" time="0.000" classname="SQL2022_DB.LargeFiles_AutomationTesting">
    <skipped/>
  </testcase> <!-- AdvancedViewerPDfDoc -->
  <testcase name="AdvancedViewerPDfDoc" time="0.000" classname="SQL2022_DB.LargeFiles_AutomationTesting">
    <skipped/>
  </testcase> <!-- AdvancedViewerPDfDoc -->
  <testcase name="AdvancedViewerPDfDoc" time="0.000" classname="SQL2022_DB.LargeFiles_AutomationTesting">
    <skipped/>
  </testcase> <!-- AdvancedViewerPDfDoc -->
  <testcase name="AdvancedViewerPDfDoc" time="0.000" classname="SQL2022_DB.LargeFiles_AutomationTesting">
    <skipped/>
  </testcase> <!-- AdvancedViewerPDfDoc -->
  <testcase name="AdvancedViewerPDfDoc" time="0.000" classname="SQL2022_DB.LargeFiles_AutomationTesting">
    <skipped/>
  </testcase> <!-- AdvancedViewerPDfDoc -->
  <testcase name="AdvancedViewerPDfDoc" time="0.000" classname="SQL2022_DB.LargeFiles_AutomationTesting">
    <skipped/>
  </testcase> <!-- AdvancedViewerPDfDoc -->
  <testcase name="AdvancedViewerPDfDoc" time="0.000" classname="SQL2022_DB.LargeFiles_AutomationTesting">
    <skipped/>
  </testcase> <!-- AdvancedViewerPDfDoc -->
  <testcase name="AdvancedViewerPDfDoc" time="0.000" classname="SQL2022_DB.LargeFiles_AutomationTesting">
    <skipped/>
  </testcase> <!-- AdvancedViewerPDfDoc -->
  <testcase name="AdvancedViewerPDfDoc" time="0.000" classname="SQL2022_DB.LargeFiles_AutomationTesting">
    <skipped/>
  </testcase> <!-- AdvancedViewerPDfDoc -->
  <testcase name="AdvancedViewerPDfDoc" time="0.000" classname="SQL2022_DB.LargeFiles_AutomationTesting">
    <skipped/>
  </testcase> <!-- AdvancedViewerPDfDoc -->
  <testcase name="AdvancedViewerPDfDoc" time="0.000" classname="SQL2022_DB.LargeFiles_AutomationTesting">
    <skipped/>
  </testcase> <!-- AdvancedViewerPDfDoc -->
  <testcase name="AdvancedViewerPDfDoc" time="0.000" classname="SQL2022_DB.LargeFiles_AutomationTesting">
    <skipped/>
  </testcase> <!-- AdvancedViewerPDfDoc -->
  <testcase name="AdvancedViewerPDfDoc" time="0.000" classname="SQL2022_DB.LargeFiles_AutomationTesting">
    <skipped/>
  </testcase> <!-- AdvancedViewerPDfDoc -->
  <testcase name="AdvancedViewerPDfDoc" time="0.000" classname="SQL2022_DB.LargeFiles_AutomationTesting">
    <skipped/>
  </testcase> <!-- AdvancedViewerPDfDoc -->
  <testcase name="AdvancedViewerPDfDoc" time="0.000" classname="SQL2022_DB.LargeFiles_AutomationTesting">
    <skipped/>
  </testcase> <!-- AdvancedViewerPDfDoc -->
  <testcase name="AdvancedViewerPDfDoc" time="0.000" classname="SQL2022_DB.LargeFiles_AutomationTesting">
    <skipped/>
  </testcase> <!-- AdvancedViewerPDfDoc -->
  <testcase name="AdvancedViewerPDfDoc" time="0.000" classname="SQL2022_DB.LargeFiles_AutomationTesting">
    <skipped/>
  </testcase> <!-- AdvancedViewerPDfDoc -->
  <testcase name="AdvancedViewerPDfDoc" time="0.000" classname="SQL2022_DB.LargeFiles_AutomationTesting">
    <skipped/>
  </testcase> <!-- AdvancedViewerPDfDoc -->
  <testcase name="AdvancedViewerPDfDoc" time="0.000" classname="SQL2022_DB.LargeFiles_AutomationTesting">
    <skipped/>
  </testcase> <!-- AdvancedViewerPDfDoc -->
  <testcase name="AdvancedViewerPDfDoc" time="0.000" classname="SQL2022_DB.LargeFiles_AutomationTesting">
    <skipped/>
  </testcase> <!-- AdvancedViewerPDfDoc -->
  <testcase name="AdvancedViewerPDfDoc" time="0.000" classname="SQL2022_DB.LargeFiles_AutomationTesting">
    <skipped/>
  </testcase> <!-- AdvancedViewerPDfDoc -->
  <testcase name="AdvancedViewerPDfDoc" time="0.000" classname="SQL2022_DB.LargeFiles_AutomationTesting">
    <skipped/>
  </testcase> <!-- AdvancedViewerPDfDoc -->
  <testcase name="AdvancedViewerPDfDoc" time="0.000" classname="SQL2022_DB.LargeFiles_AutomationTesting">
    <skipped/>
  </testcase> <!-- AdvancedViewerPDfDoc -->
  <testcase name="AdvancedViewerPDfDoc" time="0.000" classname="SQL2022_DB.LargeFiles_AutomationTesting">
    <skipped/>
  </testcase> <!-- AdvancedViewerPDfDoc -->
  <testcase name="AdvancedViewerPDfDoc" time="0.000" classname="SQL2022_DB.LargeFiles_AutomationTesting">
    <skipped/>
  </testcase> <!-- AdvancedViewerPDfDoc -->
  <testcase name="AdvancedViewerPDfDoc" time="0.000" classname="SQL2022_DB.LargeFiles_AutomationTesting">
    <skipped/>
  </testcase> <!-- AdvancedViewerPDfDoc -->
  <testcase name="AdvancedViewerPDfDoc" time="0.000" classname="SQL2022_DB.LargeFiles_AutomationTesting">
    <skipped/>
  </testcase> <!-- AdvancedViewerPDfDoc -->
  <testcase name="AdvancedViewerPDfDoc" time="0.000" classname="SQL2022_DB.LargeFiles_AutomationTesting">
    <skipped/>
  </testcase> <!-- AdvancedViewerPDfDoc -->
  <testcase name="AdvancedViewerPDfDoc" time="0.000" classname="SQL2022_DB.LargeFiles_AutomationTesting">
    <skipped/>
  </testcase> <!-- AdvancedViewerPDfDoc -->
  <testcase name="AdvancedViewerPDfDoc" time="0.000" classname="SQL2022_DB.LargeFiles_AutomationTesting">
    <skipped/>
  </testcase> <!-- AdvancedViewerPDfDoc -->
  <testcase name="AdvancedViewerPDfDoc" time="0.000" classname="SQL2022_DB.LargeFiles_AutomationTesting">
    <skipped/>
  </testcase> <!-- AdvancedViewerPDfDoc -->
  <testcase name="AdvancedViewerPDfDoc" time="0.000" classname="SQL2022_DB.LargeFiles_AutomationTesting">
    <skipped/>
  </testcase> <!-- AdvancedViewerPDfDoc -->
  <testcase name="AdvancedViewerPDfDoc" time="0.000" classname="SQL2022_DB.LargeFiles_AutomationTesting">
    <skipped/>
  </testcase> <!-- AdvancedViewerPDfDoc -->
  <testcase name="AdvancedViewerPDfDoc" time="0.000" classname="SQL2022_DB.LargeFiles_AutomationTesting">
    <skipped/>
  </testcase> <!-- AdvancedViewerPDfDoc -->
  <testcase name="AdvancedViewerPDfDoc" time="0.000" classname="SQL2022_DB.LargeFiles_AutomationTesting">
    <skipped/>
  </testcase> <!-- AdvancedViewerPDfDoc -->
  <testcase name="AdvancedViewerPDfDoc" time="0.000" classname="SQL2022_DB.LargeFiles_AutomationTesting">
    <skipped/>
  </testcase> <!-- AdvancedViewerPDfDoc -->
  <testcase name="AdvancedViewerPDfDoc" time="0.000" classname="SQL2022_DB.LargeFiles_AutomationTesting">
    <skipped/>
  </testcase> <!-- AdvancedViewerPDfDoc -->
  <testcase name="AdvancedViewerPDfDoc" time="0.000" classname="SQL2022_DB.LargeFiles_AutomationTesting">
    <skipped/>
  </testcase> <!-- AdvancedViewerPDfDoc -->
  <testcase name="AdvancedViewerPDfDoc" time="0.000" classname="SQL2022_DB.LargeFiles_AutomationTesting">
    <skipped/>
  </testcase> <!-- AdvancedViewerPDfDoc -->
  <testcase name="AdvancedViewerPDfDoc" time="0.000" classname="SQL2022_DB.LargeFiles_AutomationTesting">
    <skipped/>
  </testcase> <!-- AdvancedViewerPDfDoc -->
  <testcase name="AdvancedViewerPDfDoc" time="0.000" classname="SQL2022_DB.LargeFiles_AutomationTesting">
    <skipped/>
  </testcase> <!-- AdvancedViewerPDfDoc -->
  <testcase name="AdvancedViewerPDfDoc" time="0.000" classname="SQL2022_DB.LargeFiles_AutomationTesting">
    <skipped/>
  </testcase> <!-- AdvancedViewerPDfDoc -->
  <testcase name="AdvancedViewerPDfDoc" time="0.000" classname="SQL2022_DB.LargeFiles_AutomationTesting">
    <skipped/>
  </testcase> <!-- AdvancedViewerPDfDoc -->
  <testcase name="AdvancedViewerPDfDoc" time="0.000" classname="SQL2022_DB.LargeFiles_AutomationTesting">
    <skipped/>
  </testcase> <!-- AdvancedViewerPDfDoc -->
  <testcase name="AdvancedViewerPDfDoc" time="0.000" classname="SQL2022_DB.LargeFiles_AutomationTesting">
    <skipped/>
  </testcase> <!-- AdvancedViewerPDfDoc -->
  <testcase name="AdvancedViewerPDfDoc" time="0.000" classname="SQL2022_DB.LargeFiles_AutomationTesting">
    <skipped/>
  </testcase> <!-- AdvancedViewerPDfDoc -->
  <testcase name="AdvancedViewerPDfDoc" time="0.000" classname="SQL2022_DB.LargeFiles_AutomationTesting">
    <skipped/>
  </testcase> <!-- AdvancedViewerPDfDoc -->
  <testcase name="AdvancedViewerPDfDoc" time="0.000" classname="SQL2022_DB.LargeFiles_AutomationTesting">
    <skipped/>
  </testcase> <!-- AdvancedViewerPDfDoc -->
  <testcase name="AdvancedViewerPDfDoc" time="0.000" classname="SQL2022_DB.LargeFiles_AutomationTesting">
    <skipped/>
  </testcase> <!-- AdvancedViewerPDfDoc -->
  <testcase name="AdvancedViewerPDfDoc" time="0.000" classname="SQL2022_DB.LargeFiles_AutomationTesting">
    <skipped/>
  </testcase> <!-- AdvancedViewerPDfDoc -->
  <testcase name="AdvancedViewerPDfDoc" time="0.000" classname="SQL2022_DB.LargeFiles_AutomationTesting">
    <skipped/>
  </testcase> <!-- AdvancedViewerPDfDoc -->
  <testcase name="AdvancedViewerPDfDoc" time="0.000" classname="SQL2022_DB.LargeFiles_AutomationTesting">
    <skipped/>
  </testcase> <!-- AdvancedViewerPDfDoc -->
  <testcase name="AdvancedViewerPDfDoc" time="0.000" classname="SQL2022_DB.LargeFiles_AutomationTesting">
    <skipped/>
  </testcase> <!-- AdvancedViewerPDfDoc -->
  <testcase name="AdvancedViewerPDfDoc" time="0.000" classname="SQL2022_DB.LargeFiles_AutomationTesting">
    <skipped/>
  </testcase> <!-- AdvancedViewerPDfDoc -->
  <testcase name="AdvancedViewerPDfDoc" time="0.000" classname="SQL2022_DB.LargeFiles_AutomationTesting">
    <skipped/>
  </testcase> <!-- AdvancedViewerPDfDoc -->
  <testcase name="AdvancedViewerPDfDoc" time="0.000" classname="SQL2022_DB.LargeFiles_AutomationTesting">
    <skipped/>
  </testcase> <!-- AdvancedViewerPDfDoc -->
  <testcase name="AdvancedViewerPDfDoc" time="0.000" classname="SQL2022_DB.LargeFiles_AutomationTesting">
    <skipped/>
  </testcase> <!-- AdvancedViewerPDfDoc -->
  <testcase name="AdvancedViewerPDfDoc" time="0.000" classname="SQL2022_DB.LargeFiles_AutomationTesting">
    <skipped/>
  </testcase> <!-- AdvancedViewerPDfDoc -->
  <testcase name="AdvancedViewerPDfDoc" time="0.000" classname="SQL2022_DB.LargeFiles_AutomationTesting">
    <skipped/>
  </testcase> <!-- AdvancedViewerPDfDoc -->
  <testcase name="AdvancedViewerPDfDoc" time="0.000" classname="SQL2022_DB.LargeFiles_AutomationTesting">
    <skipped/>
  </testcase> <!-- AdvancedViewerPDfDoc -->
  <testcase name="AdvancedViewerPDfDoc" time="0.000" classname="SQL2022_DB.LargeFiles_AutomationTesting">
    <skipped/>
  </testcase> <!-- AdvancedViewerPDfDoc -->
  <testcase name="AdvancedViewerPDfDoc" time="0.000" classname="SQL2022_DB.LargeFiles_AutomationTesting">
    <skipped/>
  </testcase> <!-- AdvancedViewerPDfDoc -->
  <testcase name="AdvancedViewerPDfDoc" time="0.000" classname="SQL2022_DB.LargeFiles_AutomationTesting">
    <skipped/>
  </testcase> <!-- AdvancedViewerPDfDoc -->
  <testcase name="AdvancedViewerPDfDoc" time="0.000" classname="SQL2022_DB.LargeFiles_AutomationTesting">
    <skipped/>
  </testcase> <!-- AdvancedViewerPDfDoc -->
  <testcase name="AdvancedViewerPDfDoc" time="0.000" classname="SQL2022_DB.LargeFiles_AutomationTesting">
    <skipped/>
  </testcase> <!-- AdvancedViewerPDfDoc -->
  <testcase name="AdvancedViewerPDfDoc" time="0.000" classname="SQL2022_DB.LargeFiles_AutomationTesting">
    <skipped/>
  </testcase> <!-- AdvancedViewerPDfDoc -->
  <testcase name="AdvancedViewerPDfDoc" time="0.000" classname="SQL2022_DB.LargeFiles_AutomationTesting">
    <skipped/>
  </testcase> <!-- AdvancedViewerPDfDoc -->
  <testcase name="AdvancedViewerPDfDoc" time="0.000" classname="SQL2022_DB.LargeFiles_AutomationTesting">
    <skipped/>
  </testcase> <!-- AdvancedViewerPDfDoc -->
  <testcase name="AdvancedViewerPDfDoc" time="0.000" classname="SQL2022_DB.LargeFiles_AutomationTesting">
    <skipped/>
  </testcase> <!-- AdvancedViewerPDfDoc -->
  <testcase name="AdvancedViewerPDfDoc" time="0.000" classname="SQL2022_DB.LargeFiles_AutomationTesting">
    <skipped/>
  </testcase> <!-- AdvancedViewerPDfDoc -->
  <testcase name="AdvancedViewerPDfDoc" time="0.000" classname="SQL2022_DB.LargeFiles_AutomationTesting">
    <skipped/>
  </testcase> <!-- AdvancedViewerPDfDoc -->
  <testcase name="AdvancedViewerPDfDoc" time="0.000" classname="SQL2022_DB.LargeFiles_AutomationTesting">
    <skipped/>
  </testcase> <!-- AdvancedViewerPDfDoc -->
  <testcase name="AdvancedViewerPDfDoc" time="0.000" classname="SQL2022_DB.LargeFiles_AutomationTesting">
    <skipped/>
  </testcase> <!-- AdvancedViewerPDfDoc -->
  <testcase name="AdvancedViewerPDfDoc" time="0.000" classname="SQL2022_DB.LargeFiles_AutomationTesting">
    <skipped/>
  </testcase> <!-- AdvancedViewerPDfDoc -->
  <testcase name="AdvancedViewerPDfDoc" time="0.000" classname="SQL2022_DB.LargeFiles_AutomationTesting">
    <skipped/>
  </testcase> <!-- AdvancedViewerPDfDoc -->
  <testcase name="AdvancedViewerPDfDoc" time="0.000" classname="SQL2022_DB.LargeFiles_AutomationTesting">
    <skipped/>
  </testcase> <!-- AdvancedViewerPDfDoc -->
  <testcase name="AdvancedViewerPDfDoc" time="0.000" classname="SQL2022_DB.LargeFiles_AutomationTesting">
    <skipped/>
  </testcase> <!-- AdvancedViewerPDfDoc -->
  <testcase name="AdvancedViewerPDfDoc" time="0.000" classname="SQL2022_DB.LargeFiles_AutomationTesting">
    <skipped/>
  </testcase> <!-- AdvancedViewerPDfDoc -->
  <testcase name="AdvancedViewerPDfDoc" time="0.000" classname="SQL2022_DB.LargeFiles_AutomationTesting">
    <skipped/>
  </testcase> <!-- AdvancedViewerPDfDoc -->
  <testcase name="AdvancedViewerPDfDoc" time="0.000" classname="SQL2022_DB.LargeFiles_AutomationTesting">
    <skipped/>
  </testcase> <!-- AdvancedViewerPDfDoc -->
  <testcase name="AdvancedViewerPDfDoc" time="0.000" classname="SQL2022_DB.LargeFiles_AutomationTesting">
    <skipped/>
  </testcase> <!-- AdvancedViewerPDfDoc -->
  <testcase name="AdvancedViewerPDfDoc" time="0.000" classname="SQL2022_DB.LargeFiles_AutomationTesting">
    <skipped/>
  </testcase> <!-- AdvancedViewerPDfDoc -->
  <testcase name="AdvancedViewerPDfDoc" time="0.000" classname="SQL2022_DB.LargeFiles_AutomationTesting">
    <skipped/>
  </testcase> <!-- AdvancedViewerPDfDoc -->
  <testcase name="AdvancedViewerPDfDoc" time="0.000" classname="SQL2022_DB.LargeFiles_AutomationTesting">
    <skipped/>
  </testcase> <!-- AdvancedViewerPDfDoc -->
  <testcase name="AdvancedViewerPDfDoc" time="0.000" classname="SQL2022_DB.LargeFiles_AutomationTesting">
    <skipped/>
  </testcase> <!-- AdvancedViewerPDfDoc -->
  <testcase name="AdvancedViewerPDfDoc" time="0.000" classname="SQL2022_DB.LargeFiles_AutomationTesting">
    <skipped/>
  </testcase> <!-- AdvancedViewerPDfDoc -->
  <testcase name="AdvancedViewerPDfDoc" time="0.000" classname="SQL2022_DB.LargeFiles_AutomationTesting">
    <skipped/>
  </testcase> <!-- AdvancedViewerPDfDoc -->
  <testcase name="AdvancedViewerPDfDoc" time="0.000" classname="SQL2022_DB.LargeFiles_AutomationTesting">
    <skipped/>
  </testcase> <!-- AdvancedViewerPDfDoc -->
  <testcase name="AdvancedViewerPDfDoc" time="0.000" classname="SQL2022_DB.LargeFiles_AutomationTesting">
    <skipped/>
  </testcase> <!-- AdvancedViewerPDfDoc -->
  <testcase name="AdvancedViewerPDfDoc" time="0.000" classname="SQL2022_DB.LargeFiles_AutomationTesting">
    <skipped/>
  </testcase> <!-- AdvancedViewerPDfDoc -->
  <testcase name="AdvancedViewerPDfDoc" time="0.000" classname="SQL2022_DB.LargeFiles_AutomationTesting">
    <skipped/>
  </testcase> <!-- AdvancedViewerPDfDoc -->
  <testcase name="AdvancedViewerPDfDoc" time="0.000" classname="SQL2022_DB.LargeFiles_AutomationTesting">
    <skipped/>
  </testcase> <!-- AdvancedViewerPDfDoc -->
  <testcase name="AdvancedViewerPDfDoc" time="0.000" classname="SQL2022_DB.LargeFiles_AutomationTesting">
    <skipped/>
  </testcase> <!-- AdvancedViewerPDfDoc -->
  <testcase name="AdvancedViewerPDfDoc" time="0.000" classname="SQL2022_DB.LargeFiles_AutomationTesting">
    <skipped/>
  </testcase> <!-- AdvancedViewerPDfDoc -->
  <testcase name="AdvancedViewerPDfDoc" time="0.000" classname="SQL2022_DB.LargeFiles_AutomationTesting">
    <skipped/>
  </testcase> <!-- AdvancedViewerPDfDoc -->
  <testcase name="AdvancedViewerPDfDoc" time="0.000" classname="SQL2022_DB.LargeFiles_AutomationTesting">
    <skipped/>
  </testcase> <!-- AdvancedViewerPDfDoc -->
  <testcase name="AdvancedViewerPDfDoc" time="0.000" classname="SQL2022_DB.LargeFiles_AutomationTesting">
    <skipped/>
  </testcase> <!-- AdvancedViewerPDfDoc -->
  <testcase name="AdvancedViewerPDfDoc" time="0.000" classname="SQL2022_DB.LargeFiles_AutomationTesting">
    <skipped/>
  </testcase> <!-- AdvancedViewerPDfDoc -->
  <testcase name="AdvancedViewerPDfDoc" time="0.000" classname="SQL2022_DB.LargeFiles_AutomationTesting">
    <skipped/>
  </testcase> <!-- AdvancedViewerPDfDoc -->
  <testcase name="AdvancedViewerPDfDoc" time="0.000" classname="SQL2022_DB.LargeFiles_AutomationTesting">
    <skipped/>
  </testcase> <!-- AdvancedViewerPDfDoc -->
  <testcase name="AdvancedViewerPDfDoc" time="0.000" classname="SQL2022_DB.LargeFiles_AutomationTesting">
    <skipped/>
  </testcase> <!-- AdvancedViewerPDfDoc -->
  <testcase name="AdvancedViewerPDfDoc" time="0.000" classname="SQL2022_DB.LargeFiles_AutomationTesting">
    <skipped/>
  </testcase> <!-- AdvancedViewerPDfDoc -->
  <testcase name="AdvancedViewerPDfDoc" time="0.000" classname="SQL2022_DB.LargeFiles_AutomationTesting">
    <skipped/>
  </testcase> <!-- AdvancedViewerPDfDoc -->
  <testcase name="AdvancedViewerPDfDoc" time="0.000" classname="SQL2022_DB.LargeFiles_AutomationTesting">
    <skipped/>
  </testcase> <!-- AdvancedViewerPDfDoc -->
  <testcase name="AdvancedViewerPDfDoc" time="0.000" classname="SQL2022_DB.LargeFiles_AutomationTesting">
    <skipped/>
  </testcase> <!-- AdvancedViewerPDfDoc -->
  <testcase name="AdvancedViewerPDfDoc" time="0.000" classname="SQL2022_DB.LargeFiles_AutomationTesting">
    <skipped/>
  </testcase> <!-- AdvancedViewerPDfDoc -->
  <testcase name="AdvancedViewerPDfDoc" time="0.000" classname="SQL2022_DB.LargeFiles_AutomationTesting">
    <skipped/>
  </testcase> <!-- AdvancedViewerPDfDoc -->
  <testcase name="AdvancedViewerPDfDoc" time="0.000" classname="SQL2022_DB.LargeFiles_AutomationTesting">
    <skipped/>
  </testcase> <!-- AdvancedViewerPDfDoc -->
  <testcase name="AdvancedViewerPDfDoc" time="0.000" classname="SQL2022_DB.LargeFiles_AutomationTesting">
    <skipped/>
  </testcase> <!-- AdvancedViewerPDfDoc -->
  <testcase name="AdvancedViewerPDfDoc" time="0.000" classname="SQL2022_DB.LargeFiles_AutomationTesting">
    <skipped/>
  </testcase> <!-- AdvancedViewerPDfDoc -->
  <testcase name="AdvancedViewerPDfDoc" time="0.000" classname="SQL2022_DB.LargeFiles_AutomationTesting">
    <skipped/>
  </testcase> <!-- AdvancedViewerPDfDoc -->
  <testcase name="AdvancedViewerPDfDoc" time="0.000" classname="SQL2022_DB.LargeFiles_AutomationTesting">
    <skipped/>
  </testcase> <!-- AdvancedViewerPDfDoc -->
  <testcase name="AdvancedViewerPDfDoc" time="0.000" classname="SQL2022_DB.LargeFiles_AutomationTesting">
    <skipped/>
  </testcase> <!-- AdvancedViewerPDfDoc -->
  <testcase name="AdvancedViewerPDfDoc" time="0.000" classname="SQL2022_DB.LargeFiles_AutomationTesting">
    <skipped/>
  </testcase> <!-- AdvancedViewerPDfDoc -->
  <testcase name="AdvancedViewerPDfDoc" time="0.000" classname="SQL2022_DB.LargeFiles_AutomationTesting">
    <skipped/>
  </testcase> <!-- AdvancedViewerPDfDoc -->
  <testcase name="AdvancedViewerPDfDoc" time="0.000" classname="SQL2022_DB.LargeFiles_AutomationTesting">
    <skipped/>
  </testcase> <!-- AdvancedViewerPDfDoc -->
  <testcase name="AdvancedViewerPDfDoc" time="0.000" classname="SQL2022_DB.LargeFiles_AutomationTesting">
    <skipped/>
  </testcase> <!-- AdvancedViewerPDfDoc -->
  <testcase name="AdvancedViewerPDfDoc" time="0.000" classname="SQL2022_DB.LargeFiles_AutomationTesting">
    <skipped/>
  </testcase> <!-- AdvancedViewerPDfDoc -->
  <testcase name="AdvancedViewerPDfDoc" time="0.000" classname="SQL2022_DB.LargeFiles_AutomationTesting">
    <skipped/>
  </testcase> <!-- AdvancedViewerPDfDoc -->
  <testcase name="AdvancedViewerPDfDoc" time="0.000" classname="SQL2022_DB.LargeFiles_AutomationTesting">
    <skipped/>
  </testcase> <!-- AdvancedViewerPDfDoc -->
  <testcase name="AdvancedViewerPDfDoc" time="0.000" classname="SQL2022_DB.LargeFiles_AutomationTesting">
    <skipped/>
  </testcase> <!-- AdvancedViewerPDfDoc -->
  <testcase name="AdvancedViewerPDfDoc" time="0.000" classname="SQL2022_DB.LargeFiles_AutomationTesting">
    <skipped/>
  </testcase> <!-- AdvancedViewerPDfDoc -->
  <testcase name="AdvancedViewerPDfDoc" time="0.000" classname="SQL2022_DB.LargeFiles_AutomationTesting">
    <skipped/>
  </testcase> <!-- AdvancedViewerPDfDoc -->
  <testcase name="AdvancedViewerPDfDoc" time="0.000" classname="SQL2022_DB.LargeFiles_AutomationTesting">
    <skipped/>
  </testcase> <!-- AdvancedViewerPDfDoc -->
  <testcase name="AdvancedViewerPDfDoc" time="0.000" classname="SQL2022_DB.LargeFiles_AutomationTesting">
    <skipped/>
  </testcase> <!-- AdvancedViewerPDfDoc -->
  <testcase name="AdvancedViewerPDfDoc" time="0.000" classname="SQL2022_DB.LargeFiles_AutomationTesting">
    <skipped/>
  </testcase> <!-- AdvancedViewerPDfDoc -->
  <testcase name="AdvancedViewerPDfDoc" time="0.000" classname="SQL2022_DB.LargeFiles_AutomationTesting">
    <skipped/>
  </testcase> <!-- AdvancedViewerPDfDoc -->
  <testcase name="AdvancedViewerPDfDoc" time="0.000" classname="SQL2022_DB.LargeFiles_AutomationTesting">
    <skipped/>
  </testcase> <!-- AdvancedViewerPDfDoc -->
  <testcase name="AdvancedViewerPDfDoc" time="0.000" classname="SQL2022_DB.LargeFiles_AutomationTesting">
    <skipped/>
  </testcase> <!-- AdvancedViewerPDfDoc -->
  <testcase name="AdvancedViewerPDfDoc" time="0.000" classname="SQL2022_DB.LargeFiles_AutomationTesting">
    <skipped/>
  </testcase> <!-- AdvancedViewerPDfDoc -->
  <testcase name="AdvancedViewerPDfDoc" time="0.000" classname="SQL2022_DB.LargeFiles_AutomationTesting">
    <skipped/>
  </testcase> <!-- AdvancedViewerPDfDoc -->
  <testcase name="AdvancedViewerPDfDoc" time="0.000" classname="SQL2022_DB.LargeFiles_AutomationTesting">
    <skipped/>
  </testcase> <!-- AdvancedViewerPDfDoc -->
  <testcase name="AdvancedViewerPDfDoc" time="0.000" classname="SQL2022_DB.LargeFiles_AutomationTesting">
    <skipped/>
  </testcase> <!-- AdvancedViewerPDfDoc -->
  <testcase name="AdvancedViewerPDfDoc" time="0.000" classname="SQL2022_DB.LargeFiles_AutomationTesting">
    <skipped/>
  </testcase> <!-- AdvancedViewerPDfDoc -->
  <testcase name="AdvancedViewerPDfDoc" time="0.000" classname="SQL2022_DB.LargeFiles_AutomationTesting">
    <skipped/>
  </testcase> <!-- AdvancedViewerPDfDoc -->
  <testcase name="AdvancedViewerPDfDoc" time="0.000" classname="SQL2022_DB.LargeFiles_AutomationTesting">
    <skipped/>
  </testcase> <!-- AdvancedViewerPDfDoc -->
  <testcase name="AdvancedViewerPDfDoc" time="0.000" classname="SQL2022_DB.LargeFiles_AutomationTesting">
    <skipped/>
  </testcase> <!-- AdvancedViewerPDfDoc -->
  <testcase name="AdvancedViewerPDfDoc" time="0.000" classname="SQL2022_DB.LargeFiles_AutomationTesting">
    <skipped/>
  </testcase> <!-- AdvancedViewerPDfDoc -->
  <testcase name="AdvancedViewerPDfDoc" time="0.000" classname="SQL2022_DB.LargeFiles_AutomationTesting">
    <skipped/>
  </testcase> <!-- AdvancedViewerPDfDoc -->
  <testcase name="AdvancedViewerPDfDoc" time="0.000" classname="SQL2022_DB.LargeFiles_AutomationTesting">
    <skipped/>
  </testcase> <!-- AdvancedViewerPDfDoc -->
  <testcase name="AdvancedViewerPDfDoc" time="0.000" classname="SQL2022_DB.LargeFiles_AutomationTesting">
    <skipped/>
  </testcase> <!-- AdvancedViewerPDfDoc -->
  <testcase name="AdvancedViewerPDfDoc" time="0.000" classname="SQL2022_DB.LargeFiles_AutomationTesting">
    <skipped/>
  </testcase> <!-- AdvancedViewerPDfDoc -->
  <testcase name="AdvancedViewerPDfDoc" time="0.000" classname="SQL2022_DB.LargeFiles_AutomationTesting">
    <skipped/>
  </testcase> <!-- AdvancedViewerPDfDoc -->
  <testcase name="AdvancedViewerPDfDoc" time="0.000" classname="SQL2022_DB.LargeFiles_AutomationTesting">
    <skipped/>
  </testcase> <!-- AdvancedViewerPDfDoc -->
  <testcase name="AdvancedViewerPDfDoc" time="0.000" classname="SQL2022_DB.LargeFiles_AutomationTesting">
    <skipped/>
  </testcase> <!-- AdvancedViewerPDfDoc -->
  <testcase name="AdvancedViewerPDfDoc" time="0.000" classname="SQL2022_DB.LargeFiles_AutomationTesting">
    <skipped/>
  </testcase> <!-- AdvancedViewerPDfDoc -->
  <testcase name="AdvancedViewerPDfDoc" time="0.000" classname="SQL2022_DB.LargeFiles_AutomationTesting">
    <skipped/>
  </testcase> <!-- AdvancedViewerPDfDoc -->
  <testcase name="AdvancedViewerPDfDoc" time="0.000" classname="SQL2022_DB.LargeFiles_AutomationTesting">
    <skipped/>
  </testcase> <!-- AdvancedViewerPDfDoc -->
  <testcase name="AdvancedViewerPDfDoc" time="0.000" classname="SQL2022_DB.LargeFiles_AutomationTesting">
    <skipped/>
  </testcase> <!-- AdvancedViewerPDfDoc -->
  <testcase name="AdvancedViewerPDfDoc" time="0.000" classname="SQL2022_DB.LargeFiles_AutomationTesting">
    <skipped/>
  </testcase> <!-- AdvancedViewerPDfDoc -->
  <testcase name="AdvancedViewerPDfDoc" time="0.000" classname="SQL2022_DB.LargeFiles_AutomationTesting">
    <skipped/>
  </testcase> <!-- AdvancedViewerPDfDoc -->
  <testcase name="AdvancedViewerPDfDoc" time="0.000" classname="SQL2022_DB.LargeFiles_AutomationTesting">
    <skipped/>
  </testcase> <!-- AdvancedViewerPDfDoc -->
  <testcase name="AdvancedViewerPDfDoc" time="0.000" classname="SQL2022_DB.LargeFiles_AutomationTesting">
    <skipped/>
  </testcase> <!-- AdvancedViewerPDfDoc -->
  <testcase name="AdvancedViewerPDfDoc" time="0.000" classname="SQL2022_DB.LargeFiles_AutomationTesting">
    <skipped/>
  </testcase> <!-- AdvancedViewerPDfDoc -->
  <testcase name="AdvancedViewerPDfDoc" time="0.000" classname="SQL2022_DB.LargeFiles_AutomationTesting">
    <skipped/>
  </testcase> <!-- AdvancedViewerPDfDoc -->
  <testcase name="AdvancedViewerPDfDoc" time="0.000" classname="SQL2022_DB.LargeFiles_AutomationTesting">
    <skipped/>
  </testcase> <!-- AdvancedViewerPDfDoc -->
  <testcase name="AdvancedViewerPDfDoc" time="0.000" classname="SQL2022_DB.LargeFiles_AutomationTesting">
    <skipped/>
  </testcase> <!-- AdvancedViewerPDfDoc -->
  <testcase name="AdvancedViewerPDfDoc" time="0.000" classname="SQL2022_DB.LargeFiles_AutomationTesting">
    <skipped/>
  </testcase> <!-- AdvancedViewerPDfDoc -->
  <testcase name="AdvancedViewerPDfDoc" time="0.000" classname="SQL2022_DB.LargeFiles_AutomationTesting">
    <skipped/>
  </testcase> <!-- AdvancedViewerPDfDoc -->
  <testcase name="AdvancedViewerPDfDoc" time="0.000" classname="SQL2022_DB.LargeFiles_AutomationTesting">
    <skipped/>
  </testcase> <!-- AdvancedViewerPDfDoc -->
  <testcase name="AdvancedViewerPDfDoc" time="0.000" classname="SQL2022_DB.LargeFiles_AutomationTesting">
    <skipped/>
  </testcase> <!-- AdvancedViewerPDfDoc -->
  <testcase name="AdvancedViewerPDfDoc" time="0.000" classname="SQL2022_DB.LargeFiles_AutomationTesting">
    <skipped/>
  </testcase> <!-- AdvancedViewerPDfDoc -->
  <testcase name="AdvancedViewerPDfDoc" time="0.000" classname="SQL2022_DB.LargeFiles_AutomationTesting">
    <skipped/>
  </testcase> <!-- AdvancedViewerPDfDoc -->
  <testcase name="AdvancedViewerPDfDoc" time="0.000" classname="SQL2022_DB.LargeFiles_AutomationTesting">
    <skipped/>
  </testcase> <!-- AdvancedViewerPDfDoc -->
  <testcase name="AdvancedViewerPDfDoc" time="0.000" classname="SQL2022_DB.LargeFiles_AutomationTesting">
    <skipped/>
  </testcase> <!-- AdvancedViewerPDfDoc -->
  <testcase name="AdvancedViewerPDfDoc" time="0.000" classname="SQL2022_DB.LargeFiles_AutomationTesting">
    <skipped/>
  </testcase> <!-- AdvancedViewerPDfDoc -->
  <testcase name="AdvancedViewerPDfDoc" time="0.000" classname="SQL2022_DB.LargeFiles_AutomationTesting">
    <skipped/>
  </testcase> <!-- AdvancedViewerPDfDoc -->
  <testcase name="AdvancedViewerPDfDoc" time="0.009" classname="SQL2022_DB.LargeFiles_AutomationTesting">
    <skipped/>
  </testcase> <!-- AdvancedViewerPDfDoc -->
  <testcase name="AdvancedViewerPDfDoc" time="0.000" classname="SQL2022_DB.LargeFiles_AutomationTesting">
    <skipped/>
  </testcase> <!-- AdvancedViewerPDfDoc -->
  <testcase name="AdvancedViewerPDfDoc" time="0.000" classname="SQL2022_DB.LargeFiles_AutomationTesting">
    <skipped/>
  </testcase> <!-- AdvancedViewerPDfDoc -->
  <testcase name="AdvancedViewerPDfDoc" time="0.000" classname="SQL2022_DB.LargeFiles_AutomationTesting">
    <skipped/>
  </testcase> <!-- AdvancedViewerPDfDoc -->
  <testcase name="AdvancedViewerPDfDoc" time="0.000" classname="SQL2022_DB.LargeFiles_AutomationTesting">
    <skipped/>
  </testcase> <!-- AdvancedViewerPDfDoc -->
  <testcase name="AdvancedViewerPDfDoc" time="0.000" classname="SQL2022_DB.LargeFiles_AutomationTesting">
    <skipped/>
  </testcase> <!-- AdvancedViewerPDfDoc -->
  <testcase name="AdvancedViewerPDfDoc" time="0.000" classname="SQL2022_DB.LargeFiles_AutomationTesting">
    <skipped/>
  </testcase> <!-- AdvancedViewerPDfDoc -->
  <testcase name="AdvancedViewerPDfDoc" time="0.000" classname="SQL2022_DB.LargeFiles_AutomationTesting">
    <skipped/>
  </testcase> <!-- AdvancedViewerPDfDoc -->
  <testcase name="AdvancedViewerPDfDoc" time="0.000" classname="SQL2022_DB.LargeFiles_AutomationTesting">
    <skipped/>
  </testcase> <!-- AdvancedViewerPDfDoc -->
  <testcase name="AdvancedViewerPDfDoc" time="0.000" classname="SQL2022_DB.LargeFiles_AutomationTesting">
    <skipped/>
  </testcase> <!-- AdvancedViewerPDfDoc -->
  <testcase name="AdvancedViewerPDfDoc" time="0.000" classname="SQL2022_DB.LargeFiles_AutomationTesting">
    <skipped/>
  </testcase> <!-- AdvancedViewerPDfDoc -->
  <testcase name="AdvancedViewerPDfDoc" time="0.000" classname="SQL2022_DB.LargeFiles_AutomationTesting">
    <skipped/>
  </testcase> <!-- AdvancedViewerPDfDoc -->
  <testcase name="AdvancedViewerPDfDoc" time="0.000" classname="SQL2022_DB.LargeFiles_AutomationTesting">
    <skipped/>
  </testcase> <!-- AdvancedViewerPDfDoc -->
  <testcase name="AdvancedViewerPDfDoc" time="0.000" classname="SQL2022_DB.LargeFiles_AutomationTesting">
    <skipped/>
  </testcase> <!-- AdvancedViewerPDfDoc -->
  <testcase name="AdvancedViewerPDfDoc" time="0.000" classname="SQL2022_DB.LargeFiles_AutomationTesting">
    <skipped/>
  </testcase> <!-- AdvancedViewerPDfDoc -->
  <testcase name="AdvancedViewerPDfDoc" time="0.000" classname="SQL2022_DB.LargeFiles_AutomationTesting">
    <skipped/>
  </testcase> <!-- AdvancedViewerPDfDoc -->
  <testcase name="AdvancedViewerPDfDoc" time="0.000" classname="SQL2022_DB.LargeFiles_AutomationTesting">
    <skipped/>
  </testcase> <!-- AdvancedViewerPDfDoc -->
  <testcase name="AdvancedViewerPDfDoc" time="0.000" classname="SQL2022_DB.LargeFiles_AutomationTesting">
    <skipped/>
  </testcase> <!-- AdvancedViewerPDfDoc -->
  <testcase name="AdvancedViewerPDfDoc" time="0.000" classname="SQL2022_DB.LargeFiles_AutomationTesting">
    <skipped/>
  </testcase> <!-- AdvancedViewerPDfDoc -->
  <testcase name="AdvancedViewerPDfDoc" time="0.000" classname="SQL2022_DB.LargeFiles_AutomationTesting">
    <skipped/>
  </testcase> <!-- AdvancedViewerPDfDoc -->
  <testcase name="AdvancedViewerPDfDoc" time="0.000" classname="SQL2022_DB.LargeFiles_AutomationTesting">
    <skipped/>
  </testcase> <!-- AdvancedViewerPDfDoc -->
  <testcase name="AdvancedViewerPDfDoc" time="0.000" classname="SQL2022_DB.LargeFiles_AutomationTesting">
    <skipped/>
  </testcase> <!-- AdvancedViewerPDfDoc -->
  <testcase name="AdvancedViewerPDfDoc" time="0.000" classname="SQL2022_DB.LargeFiles_AutomationTesting">
    <skipped/>
  </testcase> <!-- AdvancedViewerPDfDoc -->
  <testcase name="AdvancedViewerPDfDoc" time="0.000" classname="SQL2022_DB.LargeFiles_AutomationTesting">
    <skipped/>
  </testcase> <!-- AdvancedViewerPDfDoc -->
  <testcase name="AdvancedViewerPDfDoc" time="0.000" classname="SQL2022_DB.LargeFiles_AutomationTesting">
    <skipped/>
  </testcase> <!-- AdvancedViewerPDfDoc -->
  <testcase name="AdvancedViewerPDfDoc" time="0.000" classname="SQL2022_DB.LargeFiles_AutomationTesting">
    <skipped/>
  </testcase> <!-- AdvancedViewerPDfDoc -->
  <testcase name="AdvancedViewerPDfDoc" time="0.000" classname="SQL2022_DB.LargeFiles_AutomationTesting">
    <skipped/>
  </testcase> <!-- AdvancedViewerPDfDoc -->
  <testcase name="AdvancedViewerPDfDoc" time="0.000" classname="SQL2022_DB.LargeFiles_AutomationTesting">
    <skipped/>
  </testcase> <!-- AdvancedViewerPDfDoc -->
  <testcase name="AdvancedViewerPDfDoc" time="0.000" classname="SQL2022_DB.LargeFiles_AutomationTesting">
    <skipped/>
  </testcase> <!-- AdvancedViewerPDfDoc -->
  <testcase name="AdvancedViewerPDfDoc" time="0.000" classname="SQL2022_DB.LargeFiles_AutomationTesting">
    <skipped/>
  </testcase> <!-- AdvancedViewerPDfDoc -->
  <testcase name="AdvancedViewerPDfDoc" time="0.000" classname="SQL2022_DB.LargeFiles_AutomationTesting">
    <skipped/>
  </testcase> <!-- AdvancedViewerPDfDoc -->
  <testcase name="AdvancedViewerPDfDoc" time="0.000" classname="SQL2022_DB.LargeFiles_AutomationTesting">
    <skipped/>
  </testcase> <!-- AdvancedViewerPDfDoc -->
  <testcase name="AdvancedViewerPDfDoc" time="0.000" classname="SQL2022_DB.LargeFiles_AutomationTesting">
    <skipped/>
  </testcase> <!-- AdvancedViewerPDfDoc -->
  <testcase name="AdvancedViewerPDfDoc" time="0.000" classname="SQL2022_DB.LargeFiles_AutomationTesting">
    <skipped/>
  </testcase> <!-- AdvancedViewerPDfDoc -->
  <testcase name="AdvancedViewerPDfDoc" time="0.000" classname="SQL2022_DB.LargeFiles_AutomationTesting">
    <skipped/>
  </testcase> <!-- AdvancedViewerPDfDoc -->
  <testcase name="AdvancedViewerPDfDoc" time="0.000" classname="SQL2022_DB.LargeFiles_AutomationTesting">
    <skipped/>
  </testcase> <!-- AdvancedViewerPDfDoc -->
  <testcase name="AdvancedViewerPDfDoc" time="0.000" classname="SQL2022_DB.LargeFiles_AutomationTesting">
    <skipped/>
  </testcase> <!-- AdvancedViewerPDfDoc -->
  <testcase name="AdvancedViewerPDfDoc" time="0.000" classname="SQL2022_DB.LargeFiles_AutomationTesting">
    <skipped/>
  </testcase> <!-- AdvancedViewerPDfDoc -->
  <testcase name="AdvancedViewerPDfDoc" time="0.000" classname="SQL2022_DB.LargeFiles_AutomationTesting">
    <skipped/>
  </testcase> <!-- AdvancedViewerPDfDoc -->
  <testcase name="AdvancedViewerPDfDoc" time="0.000" classname="SQL2022_DB.LargeFiles_AutomationTesting">
    <skipped/>
  </testcase> <!-- AdvancedViewerPDfDoc -->
  <testcase name="AdvancedViewerPDfDoc" time="0.000" classname="SQL2022_DB.LargeFiles_AutomationTesting">
    <skipped/>
  </testcase> <!-- AdvancedViewerPDfDoc -->
  <testcase name="AdvancedViewerPDfDoc" time="0.000" classname="SQL2022_DB.LargeFiles_AutomationTesting">
    <skipped/>
  </testcase> <!-- AdvancedViewerPDfDoc -->
  <testcase name="AdvancedViewerPDfDoc" time="0.000" classname="SQL2022_DB.LargeFiles_AutomationTesting">
    <skipped/>
  </testcase> <!-- AdvancedViewerPDfDoc -->
  <testcase name="AdvancedViewerPDfDoc" time="0.000" classname="SQL2022_DB.LargeFiles_AutomationTesting">
    <skipped/>
  </testcase> <!-- AdvancedViewerPDfDoc -->
  <testcase name="AdvancedViewerPDfDoc" time="0.000" classname="SQL2022_DB.LargeFiles_AutomationTesting">
    <skipped/>
  </testcase> <!-- AdvancedViewerPDfDoc -->
  <testcase name="AdvancedViewerPDfDoc" time="0.000" classname="SQL2022_DB.LargeFiles_AutomationTesting">
    <skipped/>
  </testcase> <!-- AdvancedViewerPDfDoc -->
  <testcase name="AdvancedViewerPDfDoc" time="0.000" classname="SQL2022_DB.LargeFiles_AutomationTesting">
    <skipped/>
  </testcase> <!-- AdvancedViewerPDfDoc -->
  <testcase name="AdvancedViewerPDfDoc" time="0.000" classname="SQL2022_DB.LargeFiles_AutomationTesting">
    <skipped/>
  </testcase> <!-- AdvancedViewerPDfDoc -->
  <testcase name="AdvancedViewerPDfDoc" time="0.000" classname="SQL2022_DB.LargeFiles_AutomationTesting">
    <skipped/>
  </testcase> <!-- AdvancedViewerPDfDoc -->
  <testcase name="AdvancedViewerPDfDoc" time="0.000" classname="SQL2022_DB.LargeFiles_AutomationTesting">
    <skipped/>
  </testcase> <!-- AdvancedViewerPDfDoc -->
  <testcase name="AdvancedViewerPDfDoc" time="0.000" classname="SQL2022_DB.LargeFiles_AutomationTesting">
    <skipped/>
  </testcase> <!-- AdvancedViewerPDfDoc -->
  <testcase name="AdvancedViewerPDfDoc" time="0.000" classname="SQL2022_DB.LargeFiles_AutomationTesting">
    <skipped/>
  </testcase> <!-- AdvancedViewerPDfDoc -->
  <testcase name="AdvancedViewerPDfDoc" time="0.000" classname="SQL2022_DB.LargeFiles_AutomationTesting">
    <skipped/>
  </testcase> <!-- AdvancedViewerPDfDoc -->
  <testcase name="AdvancedViewerPDfDoc" time="0.000" classname="SQL2022_DB.LargeFiles_AutomationTesting">
    <skipped/>
  </testcase> <!-- AdvancedViewerPDfDoc -->
  <testcase name="AdvancedViewerPDfDoc" time="0.000" classname="SQL2022_DB.LargeFiles_AutomationTesting">
    <skipped/>
  </testcase> <!-- AdvancedViewerPDfDoc -->
  <testcase name="AdvancedViewerPDfDoc" time="0.000" classname="SQL2022_DB.LargeFiles_AutomationTesting">
    <skipped/>
  </testcase> <!-- AdvancedViewerPDfDoc -->
  <testcase name="AdvancedViewerPDfDoc" time="0.000" classname="SQL2022_DB.LargeFiles_AutomationTesting">
    <skipped/>
  </testcase> <!-- AdvancedViewerPDfDoc -->
  <testcase name="AdvancedViewerPDfDoc" time="0.000" classname="SQL2022_DB.LargeFiles_AutomationTesting">
    <skipped/>
  </testcase> <!-- AdvancedViewerPDfDoc -->
  <testcase name="AdvancedViewerPDfDoc" time="0.000" classname="SQL2022_DB.LargeFiles_AutomationTesting">
    <skipped/>
  </testcase> <!-- AdvancedViewerPDfDoc -->
  <testcase name="AdvancedViewerPDfDoc" time="0.000" classname="SQL2022_DB.LargeFiles_AutomationTesting">
    <skipped/>
  </testcase> <!-- AdvancedViewerPDfDoc -->
  <testcase name="AdvancedViewerPDfDoc" time="0.000" classname="SQL2022_DB.LargeFiles_AutomationTesting">
    <skipped/>
  </testcase> <!-- AdvancedViewerPDfDoc -->
  <testcase name="AdvancedViewerPDfDoc" time="0.000" classname="SQL2022_DB.LargeFiles_AutomationTesting">
    <skipped/>
  </testcase> <!-- AdvancedViewerPDfDoc -->
  <testcase name="AdvancedViewerPDfDoc" time="0.000" classname="SQL2022_DB.LargeFiles_AutomationTesting">
    <skipped/>
  </testcase> <!-- AdvancedViewerPDfDoc -->
  <testcase name="AdvancedViewerPDfDoc" time="0.000" classname="SQL2022_DB.LargeFiles_AutomationTesting">
    <skipped/>
  </testcase> <!-- AdvancedViewerPDfDoc -->
  <testcase name="AdvancedViewerPDfDoc" time="0.000" classname="SQL2022_DB.LargeFiles_AutomationTesting">
    <skipped/>
  </testcase> <!-- AdvancedViewerPDfDoc -->
  <testcase name="AdvancedViewerPDfDoc" time="0.000" classname="SQL2022_DB.LargeFiles_AutomationTesting">
    <skipped/>
  </testcase> <!-- AdvancedViewerPDfDoc -->
  <testcase name="AdvancedViewerPDfDoc" time="0.000" classname="SQL2022_DB.LargeFiles_AutomationTesting">
    <skipped/>
  </testcase> <!-- AdvancedViewerPDfDoc -->
  <testcase name="AdvancedViewerPDfDoc" time="0.000" classname="SQL2022_DB.LargeFiles_AutomationTesting">
    <skipped/>
  </testcase> <!-- AdvancedViewerPDfDoc -->
  <testcase name="AdvancedViewerPDfDoc" time="0.000" classname="SQL2022_DB.LargeFiles_AutomationTesting">
    <skipped/>
  </testcase> <!-- AdvancedViewerPDfDoc -->
  <testcase name="AdvancedViewerPDfDoc" time="0.000" classname="SQL2022_DB.LargeFiles_AutomationTesting">
    <skipped/>
  </testcase> <!-- AdvancedViewerPDfDoc -->
  <testcase name="AdvancedViewerPDfDoc" time="0.000" classname="SQL2022_DB.LargeFiles_AutomationTesting">
    <skipped/>
  </testcase> <!-- AdvancedViewerPDfDoc -->
  <testcase name="AdvancedViewerPDfDoc" time="0.000" classname="SQL2022_DB.LargeFiles_AutomationTesting">
    <skipped/>
  </testcase> <!-- AdvancedViewerPDfDoc -->
  <testcase name="AdvancedViewerPDfDoc" time="0.000" classname="SQL2022_DB.LargeFiles_AutomationTesting">
    <skipped/>
  </testcase> <!-- AdvancedViewerPDfDoc -->
  <testcase name="AdvancedViewerPDfDoc" time="0.000" classname="SQL2022_DB.LargeFiles_AutomationTesting">
    <skipped/>
  </testcase> <!-- AdvancedViewerPDfDoc -->
  <testcase name="AdvancedViewerPDfDoc" time="0.000" classname="SQL2022_DB.LargeFiles_AutomationTesting">
    <skipped/>
  </testcase> <!-- AdvancedViewerPDfDoc -->
  <testcase name="AdvancedViewerPDfDoc" time="0.000" classname="SQL2022_DB.LargeFiles_AutomationTesting">
    <skipped/>
  </testcase> <!-- AdvancedViewerPDfDoc -->
  <testcase name="AdvancedViewerPDfDoc" time="0.000" classname="SQL2022_DB.LargeFiles_AutomationTesting">
    <skipped/>
  </testcase> <!-- AdvancedViewerPDfDoc -->
  <testcase name="AdvancedViewerPDfDoc" time="0.000" classname="SQL2022_DB.LargeFiles_AutomationTesting">
    <skipped/>
  </testcase> <!-- AdvancedViewerPDfDoc -->
  <testcase name="AdvancedViewerPDfDoc" time="0.000" classname="SQL2022_DB.LargeFiles_AutomationTesting">
    <skipped/>
  </testcase> <!-- AdvancedViewerPDfDoc -->
  <testcase name="AdvancedViewerPDfDoc" time="0.000" classname="SQL2022_DB.LargeFiles_AutomationTesting">
    <skipped/>
  </testcase> <!-- AdvancedViewerPDfDoc -->
  <testcase name="AdvancedViewerPDfDoc" time="0.000" classname="SQL2022_DB.LargeFiles_AutomationTesting">
    <skipped/>
  </testcase> <!-- AdvancedViewerPDfDoc -->
  <testcase name="AdvancedViewerPDfDoc" time="0.000" classname="SQL2022_DB.LargeFiles_AutomationTesting">
    <skipped/>
  </testcase> <!-- AdvancedViewerPDfDoc -->
  <testcase name="AdvancedViewerPDfDoc" time="0.000" classname="SQL2022_DB.LargeFiles_AutomationTesting">
    <skipped/>
  </testcase> <!-- AdvancedViewerPDfDoc -->
  <testcase name="AdvancedViewerPDfDoc" time="0.000" classname="SQL2022_DB.LargeFiles_AutomationTesting">
    <skipped/>
  </testcase> <!-- AdvancedViewerPDfDoc -->
  <testcase name="AdvancedViewerPDfDoc" time="0.000" classname="SQL2022_DB.LargeFiles_AutomationTesting">
    <skipped/>
  </testcase> <!-- AdvancedViewerPDfDoc -->
  <testcase name="AdvancedViewerPDfDoc" time="0.000" classname="SQL2022_DB.LargeFiles_AutomationTesting">
    <skipped/>
  </testcase> <!-- AdvancedViewerPDfDoc -->
  <testcase name="AdvancedViewerPDfDoc" time="0.000" classname="SQL2022_DB.LargeFiles_AutomationTesting">
    <skipped/>
  </testcase> <!-- AdvancedViewerPDfDoc -->
  <testcase name="AdvancedViewerPDfDoc" time="0.000" classname="SQL2022_DB.LargeFiles_AutomationTesting">
    <skipped/>
  </testcase> <!-- AdvancedViewerPDfDoc -->
  <testcase name="AdvancedViewerPDfDoc" time="0.000" classname="SQL2022_DB.LargeFiles_AutomationTesting">
    <skipped/>
  </testcase> <!-- AdvancedViewerPDfDoc -->
  <testcase name="AdvancedViewerPDfDoc" time="0.000" classname="SQL2022_DB.LargeFiles_AutomationTesting">
    <skipped/>
  </testcase> <!-- AdvancedViewerPDfDoc -->
  <testcase name="AdvancedViewerPDfDoc" time="0.000" classname="SQL2022_DB.LargeFiles_AutomationTesting">
    <skipped/>
  </testcase> <!-- AdvancedViewerPDfDoc -->
  <testcase name="AdvancedViewerPDfDoc" time="0.000" classname="SQL2022_DB.LargeFiles_AutomationTesting">
    <skipped/>
  </testcase> <!-- AdvancedViewerPDfDoc -->
  <testcase name="AdvancedViewerPDfDoc" time="0.000" classname="SQL2022_DB.LargeFiles_AutomationTesting">
    <skipped/>
  </testcase> <!-- AdvancedViewerPDfDoc -->
  <testcase name="AdvancedViewerPDfDoc" time="0.000" classname="SQL2022_DB.LargeFiles_AutomationTesting">
    <skipped/>
  </testcase> <!-- AdvancedViewerPDfDoc -->
  <testcase name="AdvancedViewerPDfDoc" time="0.000" classname="SQL2022_DB.LargeFiles_AutomationTesting">
    <skipped/>
  </testcase> <!-- AdvancedViewerPDfDoc -->
  <testcase name="AdvancedViewerPDfDoc" time="0.000" classname="SQL2022_DB.LargeFiles_AutomationTesting">
    <skipped/>
  </testcase> <!-- AdvancedViewerPDfDoc -->
  <testcase name="AdvancedViewerPDfDoc" time="0.000" classname="SQL2022_DB.LargeFiles_AutomationTesting">
    <skipped/>
  </testcase> <!-- AdvancedViewerPDfDoc -->
  <testcase name="AdvancedViewerPDfDoc" time="0.000" classname="SQL2022_DB.LargeFiles_AutomationTesting">
    <skipped/>
  </testcase> <!-- AdvancedViewerPDfDoc -->
  <testcase name="AdvancedViewerPDfDoc" time="0.000" classname="SQL2022_DB.LargeFiles_AutomationTesting">
    <skipped/>
  </testcase> <!-- AdvancedViewerPDfDoc -->
  <testcase name="AdvancedViewerPDfDoc" time="0.000" classname="SQL2022_DB.LargeFiles_AutomationTesting">
    <skipped/>
  </testcase> <!-- AdvancedViewerPDfDoc -->
  <testcase name="AdvancedViewerPDfDoc" time="0.000" classname="SQL2022_DB.LargeFiles_AutomationTesting">
    <skipped/>
  </testcase> <!-- AdvancedViewerPDfDoc -->
  <testcase name="AdvancedViewerPDfDoc" time="0.000" classname="SQL2022_DB.LargeFiles_AutomationTesting">
    <skipped/>
  </testcase> <!-- AdvancedViewerPDfDoc -->
  <testcase name="AdvancedViewerPDfDoc" time="0.000" classname="SQL2022_DB.LargeFiles_AutomationTesting">
    <skipped/>
  </testcase> <!-- AdvancedViewerPDfDoc -->
  <testcase name="AdvancedViewerPDfDoc" time="0.000" classname="SQL2022_DB.LargeFiles_AutomationTesting">
    <skipped/>
  </testcase> <!-- AdvancedViewerPDfDoc -->
  <testcase name="AdvancedViewerPDfDoc" time="0.000" classname="SQL2022_DB.LargeFiles_AutomationTesting">
    <skipped/>
  </testcase> <!-- AdvancedViewerPDfDoc -->
  <testcase name="AdvancedViewerPDfDoc" time="0.000" classname="SQL2022_DB.LargeFiles_AutomationTesting">
    <skipped/>
  </testcase> <!-- AdvancedViewerPDfDoc -->
  <testcase name="AdvancedViewerPDfDoc" time="0.000" classname="SQL2022_DB.LargeFiles_AutomationTesting">
    <skipped/>
  </testcase> <!-- AdvancedViewerPDfDoc -->
  <testcase name="AdvancedViewerPDfDoc" time="0.000" classname="SQL2022_DB.LargeFiles_AutomationTesting">
    <skipped/>
  </testcase> <!-- AdvancedViewerPDfDoc -->
  <testcase name="AdvancedViewerPDfDoc" time="0.000" classname="SQL2022_DB.LargeFiles_AutomationTesting">
    <skipped/>
  </testcase> <!-- AdvancedViewerPDfDoc -->
  <testcase name="AdvancedViewerPDfDoc" time="0.000" classname="SQL2022_DB.LargeFiles_AutomationTesting">
    <skipped/>
  </testcase> <!-- AdvancedViewerPDfDoc -->
  <testcase name="AdvancedViewerPDfDoc" time="0.000" classname="SQL2022_DB.LargeFiles_AutomationTesting">
    <skipped/>
  </testcase> <!-- AdvancedViewerPDfDoc -->
  <testcase name="AdvancedViewerPDfDoc" time="0.000" classname="SQL2022_DB.LargeFiles_AutomationTesting">
    <skipped/>
  </testcase> <!-- AdvancedViewerPDfDoc -->
  <testcase name="AdvancedViewerPDfDoc" time="0.000" classname="SQL2022_DB.LargeFiles_AutomationTesting">
    <skipped/>
  </testcase> <!-- AdvancedViewerPDfDoc -->
  <testcase name="AdvancedViewerPDfDoc" time="0.000" classname="SQL2022_DB.LargeFiles_AutomationTesting">
    <skipped/>
  </testcase> <!-- AdvancedViewerPDfDoc -->
  <testcase name="AdvancedViewerPDfDoc" time="0.000" classname="SQL2022_DB.LargeFiles_AutomationTesting">
    <skipped/>
  </testcase> <!-- AdvancedViewerPDfDoc -->
  <testcase name="AdvancedViewerPDfDoc" time="0.000" classname="SQL2022_DB.LargeFiles_AutomationTesting">
    <skipped/>
  </testcase> <!-- AdvancedViewerPDfDoc -->
  <testcase name="AdvancedViewerPDfDoc" time="0.000" classname="SQL2022_DB.LargeFiles_AutomationTesting">
    <skipped/>
  </testcase> <!-- AdvancedViewerPDfDoc -->
  <testcase name="AdvancedViewerPDfDoc" time="0.000" classname="SQL2022_DB.LargeFiles_AutomationTesting">
    <skipped/>
  </testcase> <!-- AdvancedViewerPDfDoc -->
  <testcase name="AdvancedViewerPDfDoc" time="0.000" classname="SQL2022_DB.LargeFiles_AutomationTesting">
    <skipped/>
  </testcase> <!-- AdvancedViewerPDfDoc -->
  <testcase name="AdvancedViewerPDfDoc" time="0.000" classname="SQL2022_DB.LargeFiles_AutomationTesting">
    <skipped/>
  </testcase> <!-- AdvancedViewerPDfDoc -->
  <testcase name="AdvancedViewerPDfDoc" time="0.000" classname="SQL2022_DB.LargeFiles_AutomationTesting">
    <skipped/>
  </testcase> <!-- AdvancedViewerPDfDoc -->
  <testcase name="AdvancedViewerPDfDoc" time="0.000" classname="SQL2022_DB.LargeFiles_AutomationTesting">
    <skipped/>
  </testcase> <!-- AdvancedViewerPDfDoc -->
  <testcase name="AdvancedViewerPDfDoc" time="0.000" classname="SQL2022_DB.LargeFiles_AutomationTesting">
    <skipped/>
  </testcase> <!-- AdvancedViewerPDfDoc -->
  <testcase name="AdvancedViewerPDfDoc" time="0.000" classname="SQL2022_DB.LargeFiles_AutomationTesting">
    <skipped/>
  </testcase> <!-- AdvancedViewerPDfDoc -->
  <testcase name="AdvancedViewerPDfDoc" time="0.000" classname="SQL2022_DB.LargeFiles_AutomationTesting">
    <skipped/>
  </testcase> <!-- AdvancedViewerPDfDoc -->
  <testcase name="AdvancedViewerPDfDoc" time="0.000" classname="SQL2022_DB.LargeFiles_AutomationTesting">
    <skipped/>
  </testcase> <!-- AdvancedViewerPDfDoc -->
  <testcase name="AdvancedViewerPDfDoc" time="0.000" classname="SQL2022_DB.LargeFiles_AutomationTesting">
    <skipped/>
  </testcase> <!-- AdvancedViewerPDfDoc -->
  <testcase name="AdvancedViewerPDfDoc" time="0.000" classname="SQL2022_DB.LargeFiles_AutomationTesting">
    <skipped/>
  </testcase> <!-- AdvancedViewerPDfDoc -->
  <testcase name="AdvancedViewerPDfDoc" time="0.000" classname="SQL2022_DB.LargeFiles_AutomationTesting">
    <skipped/>
  </testcase> <!-- AdvancedViewerPDfDoc -->
  <testcase name="AdvancedViewerPDfDoc" time="0.000" classname="SQL2022_DB.LargeFiles_AutomationTesting">
    <skipped/>
  </testcase> <!-- AdvancedViewerPDfDoc -->
  <testcase name="AdvancedViewerPDfDoc" time="0.000" classname="SQL2022_DB.LargeFiles_AutomationTesting">
    <skipped/>
  </testcase> <!-- AdvancedViewerPDfDoc -->
  <testcase name="AdvancedViewerPDfDoc" time="0.000" classname="SQL2022_DB.LargeFiles_AutomationTesting">
    <skipped/>
  </testcase> <!-- AdvancedViewerPDfDoc -->
  <testcase name="AdvancedViewerPDfDoc" time="0.000" classname="SQL2022_DB.LargeFiles_AutomationTesting">
    <skipped/>
  </testcase> <!-- AdvancedViewerPDfDoc -->
  <testcase name="AdvancedViewerPDfDoc" time="0.000" classname="SQL2022_DB.LargeFiles_AutomationTesting">
    <skipped/>
  </testcase> <!-- AdvancedViewerPDfDoc -->
  <testcase name="AdvancedViewerPDfDoc" time="0.000" classname="SQL2022_DB.LargeFiles_AutomationTesting">
    <skipped/>
  </testcase> <!-- AdvancedViewerPDfDoc -->
  <testcase name="AdvancedViewerPDfDoc" time="0.000" classname="SQL2022_DB.LargeFiles_AutomationTesting">
    <skipped/>
  </testcase> <!-- AdvancedViewerPDfDoc -->
  <testcase name="AdvancedViewerPDfDoc" time="0.000" classname="SQL2022_DB.LargeFiles_AutomationTesting">
    <skipped/>
  </testcase> <!-- AdvancedViewerPDfDoc -->
  <testcase name="AdvancedViewerPDfDoc" time="0.000" classname="SQL2022_DB.LargeFiles_AutomationTesting">
    <skipped/>
  </testcase> <!-- AdvancedViewerPDfDoc -->
  <testcase name="AdvancedViewerPDfDoc" time="0.000" classname="SQL2022_DB.LargeFiles_AutomationTesting">
    <skipped/>
  </testcase> <!-- AdvancedViewerPDfDoc -->
  <testcase name="AdvancedViewerPDfDoc" time="0.000" classname="SQL2022_DB.LargeFiles_AutomationTesting">
    <skipped/>
  </testcase> <!-- AdvancedViewerPDfDoc -->
  <testcase name="AdvancedViewerPDfDoc" time="0.000" classname="SQL2022_DB.LargeFiles_AutomationTesting">
    <skipped/>
  </testcase> <!-- AdvancedViewerPDfDoc -->
  <testcase name="AdvancedViewerPDfDoc" time="0.000" classname="SQL2022_DB.LargeFiles_AutomationTesting">
    <skipped/>
  </testcase> <!-- AdvancedViewerPDfDoc -->
  <testcase name="AdvancedViewerPDfDoc" time="0.000" classname="SQL2022_DB.LargeFiles_AutomationTesting">
    <skipped/>
  </testcase> <!-- AdvancedViewerPDfDoc -->
  <testcase name="AdvancedViewerPDfDoc" time="0.000" classname="SQL2022_DB.LargeFiles_AutomationTesting">
    <skipped/>
  </testcase> <!-- AdvancedViewerPDfDoc -->
  <testcase name="AdvancedViewerPDfDoc" time="0.000" classname="SQL2022_DB.LargeFiles_AutomationTesting">
    <skipped/>
  </testcase> <!-- AdvancedViewerPDfDoc -->
  <testcase name="AdvancedViewerPDfDoc" time="0.000" classname="SQL2022_DB.LargeFiles_AutomationTesting">
    <skipped/>
  </testcase> <!-- AdvancedViewerPDfDoc -->
  <testcase name="AdvancedViewerPDfDoc" time="0.000" classname="SQL2022_DB.LargeFiles_AutomationTesting">
    <skipped/>
  </testcase> <!-- AdvancedViewerPDfDoc -->
  <testcase name="AdvancedViewerPDfDoc" time="0.000" classname="SQL2022_DB.LargeFiles_AutomationTesting">
    <skipped/>
  </testcase> <!-- AdvancedViewerPDfDoc -->
  <testcase name="AdvancedViewerPDfDoc" time="0.000" classname="SQL2022_DB.LargeFiles_AutomationTesting">
    <skipped/>
  </testcase> <!-- AdvancedViewerPDfDoc -->
  <testcase name="AdvancedViewerPDfDoc" time="0.000" classname="SQL2022_DB.LargeFiles_AutomationTesting">
    <skipped/>
  </testcase> <!-- AdvancedViewerPDfDoc -->
  <testcase name="AdvancedViewerPDfDoc" time="0.000" classname="SQL2022_DB.LargeFiles_AutomationTesting">
    <skipped/>
  </testcase> <!-- AdvancedViewerPDfDoc -->
  <testcase name="AdvancedViewerPDfDoc" time="0.000" classname="SQL2022_DB.LargeFiles_AutomationTesting">
    <skipped/>
  </testcase> <!-- AdvancedViewerPDfDoc -->
  <testcase name="AdvancedViewerPDfDoc" time="0.000" classname="SQL2022_DB.LargeFiles_AutomationTesting">
    <skipped/>
  </testcase> <!-- AdvancedViewerPDfDoc -->
  <testcase name="AdvancedViewerPDfDoc" time="0.000" classname="SQL2022_DB.LargeFiles_AutomationTesting">
    <skipped/>
  </testcase> <!-- AdvancedViewerPDfDoc -->
  <testcase name="AdvancedViewerPDfDoc" time="0.000" classname="SQL2022_DB.LargeFiles_AutomationTesting">
    <skipped/>
  </testcase> <!-- AdvancedViewerPDfDoc -->
  <testcase name="AdvancedViewerPDfDoc" time="0.000" classname="SQL2022_DB.LargeFiles_AutomationTesting">
    <skipped/>
  </testcase> <!-- AdvancedViewerPDfDoc -->
  <testcase name="AdvancedViewerPDfDoc" time="0.000" classname="SQL2022_DB.LargeFiles_AutomationTesting">
    <skipped/>
  </testcase> <!-- AdvancedViewerPDfDoc -->
  <testcase name="AdvancedViewerPDfDoc" time="0.000" classname="SQL2022_DB.LargeFiles_AutomationTesting">
    <skipped/>
  </testcase> <!-- AdvancedViewerPDfDoc -->
  <testcase name="AdvancedViewerPDfDoc" time="0.000" classname="SQL2022_DB.LargeFiles_AutomationTesting">
    <skipped/>
  </testcase> <!-- AdvancedViewerPDfDoc -->
  <testcase name="AdvancedViewerPDfDoc" time="0.000" classname="SQL2022_DB.LargeFiles_AutomationTesting">
    <skipped/>
  </testcase> <!-- AdvancedViewerPDfDoc -->
  <testcase name="AdvancedViewerPDfDoc" time="0.000" classname="SQL2022_DB.LargeFiles_AutomationTesting">
    <skipped/>
  </testcase> <!-- AdvancedViewerPDfDoc -->
  <testcase name="AdvancedViewerPDfDoc" time="0.000" classname="SQL2022_DB.LargeFiles_AutomationTesting">
    <skipped/>
  </testcase> <!-- AdvancedViewerPDfDoc -->
  <testcase name="AdvancedViewerPDfDoc" time="0.000" classname="SQL2022_DB.LargeFiles_AutomationTesting">
    <skipped/>
  </testcase> <!-- AdvancedViewerPDfDoc -->
</testsuite> <!-- SQL2022_DB.LargeFiles_AutomationTesting -->
