<?xml version="1.0" encoding="UTF-8"?>
<!-- Generated by org.testng.reporters.JUnitReportReporter -->
<testsuite hostname="CIPLWKT014" failures="0" tests="9" name="Script.DashBoardScript" time="500.969" errors="0" timestamp="2024-08-23T02:16:46 GMT-05:00" skipped="0">
  <testcase classname="Script.DashBoardScript" name="Login" time="38.434"/>
  <system-out>
    <![CDATA[Scenario 01: Log into EWA
Enter valid user name into username field
Enter valid password into password field
Select a Room
Click Login button
Session message not appeared
User logged in successfully... ]]>
  </system-out>
  <testcase classname="Script.DashBoardScript" name="TC_1_SearchIconDashBoardFunctionality" time="23.214"/>
  <system-out>
    <![CDATA[Test scenario 01: Verify 'dashboard search' functionality
Click on dashboard tab
Dashboard opened successfully
Click on search icon from the dashboard page
It will redirect to Search tab successfully...
Click on find button
Searched document display on the page successfully...]]>
  </system-out>
  <testcase classname="Script.DashBoardScript" name="TC_2_NotifiactionIconDashBoardFunctionality" time="13.346"/>
  <system-out>
    <![CDATA[Scenario 02: Verify dashboard 'Notification' functionality
Click on dashboard tab
Click on notification icon
It will redirect to Notification tab successfully...
Notification page displayed successfully...]]>
  </system-out>
  <testcase classname="Script.DashBoardScript" name="TodoListWFDetailsDashBoardFunctionality" time="68.064"/>
  <system-out>
    <![CDATA[Scenario 03: Verify dashboard 'Todolist' dropdown
Click on dashboard tab
Click on todo list dropdown
Click on New items option
It will list the New items workflow documents
Click on Pending items option
It will list the Pending items workflow documents
Click on Reviewed items option
It will list the Reviewed items workflow documents
Click on Sent items option
It will list the Sent items workflow documents
Click on All items option
It will list the All items workflow documents
No more pages
Click on Next page icon
Page should move to Next page
Todo list dropdown options verified successfully...
No more pages]]>
  </system-out>
  <testcase classname="Script.DashBoardScript" name="TC_4_CreateNewDocumentFromDB" time="20.633"/>
  <system-out>
    <![CDATA[Scenario 06: Verify dashboard 'New document' functionality
Click on dashboard tab
Click on New document icon
It will redirect to New document tab successfully...
The New document page opened successfully...]]>
  </system-out>
  <testcase classname="Script.DashBoardScript" name="TC_5_Contentverse_Document_Report" time="147.521"/>
  <system-out>
    <![CDATA[Scenario 06: Verify 'ContentverseReport' - Document Reports
Click on dashboard tab
Select Contentverse Report icon
Select 'Document Report'
Select 'This Week'
Click on Generate Button
No alert present
It should list the Document Report on the page
Click on Excel export
Click on PDF Export
Generated Document Report has Exported Successfully...]]>
  </system-out>
  <testcase classname="Script.DashBoardScript" name="TC_6_Contentverse_WrokflowStatus_Report" time="63.976"/>
  <system-out>
    <![CDATA[Scenario 07: Verify 'ContentverseReport' - Workflow Status Reports
Exception while logging in and accessing dashboard
Mouse hover on Document Report dropdown and Select 'Workflow Status Report'
Select 'This Week'
Click on Generate Button
No alert present
It should list the 'Workflow Status Report' on the page
Click on Excel export
Click on PDF Export
Generated Document Report has Exported Successfully...]]>
  </system-out>
  <testcase classname="Script.DashBoardScript" name="TC_7_Contentverse_RejectDocumentInWFReport_Report" time="116.120"/>
  <system-out>
    <![CDATA[Scenario 08: Verify 'ContentverseReport' - Reject document in workflow Report
Scenario 01: Log into EWA
Enter valid user name into username field
Enter valid password into password field
Select a Room
Click Login button
Session message not appeared
Mouse hover on Document Report dropdown and Select 'Reject document in workflow Report'
Select 'This Week'
Click on Generate Button
No alert present
It should list the 'Reject document in workflow' Report on the page
Click on Excel export
Click on PDF Export
Generated Document Report has Exported Successfully...]]>
  </system-out>
  <testcase classname="Script.DashBoardScript" name="TC_8_logoutFromDB" time="9.661"/>
  <system-out>
    <![CDATA[Scenario 08: Verify 'Logout functionality' from the dashboard
Click on dashboard tab
Click on logout icon
Session logged out successfully
Dashboard logout option verified successfully...]]>
  </system-out>
</testsuite> <!-- Script.DashBoardScript -->
