<?xml version="1.0" encoding="UTF-8"?>
<!-- Generated by org.testng.reporters.JUnitReportReporter -->
<testsuite skipped="0" hostname="CIPLWKT014" name="Script.Document_Version_Test" tests="5" failures="0" timestamp="18 Jan 2024 04:13:16 GMT" time="223.777" errors="0">
  <testcase name="Verify_Document_Versions" time="37.273" classname="Script.Document_Version_Test"/>
  <testcase name="Upload_and_Save_Newpage_and_Verify_Versionwith_Comments" time="41.712" classname="Script.Document_Version_Test"/>
  <testcase name="Delete_Page_and_Verify_Version" time="24.850" classname="Script.Document_Version_Test"/>
  <testcase name="Verify_Delete_All_versions_and_FullScreen_Option" time="36.900" classname="Script.Document_Version_Test"/>
  <testcase name="Verify_Add_Pages" time="83.042" classname="Script.Document_Version_Test"/>
</testsuite> <!-- Script.Document_Version_Test -->
