<?xml version="1.0" encoding="UTF-8"?>
<!-- Generated by org.testng.reporters.JUnitReportReporter -->
<testsuite skipped="0" hostname="CIPLWKT014" name="Script.TodoListDynamicWorkFlowWithRejectCondition" tests="8" failures="0" timestamp="03 Nov 2023 10:18:34 GMT" time="345.402" errors="0">
  <testcase name="DynamicWf" time="131.730" classname="Script.TodoListDynamicWorkFlowWithRejectCondition"/>
  <testcase name="dyanamic_wf_AndLogVidyaUser" time="29.114" classname="Script.TodoListDynamicWorkFlowWithRejectCondition"/>
  <testcase name="dynamicWF_MetaDataAgree_Vidya" time="29.971" classname="Script.TodoListDynamicWorkFlowWithRejectCondition"/>
  <testcase name="dynamic_WF_Task2UserNisha" time="28.306" classname="Script.TodoListDynamicWorkFlowWithRejectCondition"/>
  <testcase name="DynamicWF_user2_RNishaAcceptTheDocument" time="42.766" classname="Script.TodoListDynamicWorkFlowWithRejectCondition"/>
  <testcase name="DynamicWFrefrshAndLogDipak" time="21.515" classname="Script.TodoListDynamicWorkFlowWithRejectCondition"/>
  <testcase name="DynamicWF_user3_DipakRejectTheDocument" time="25.033" classname="Script.TodoListDynamicWorkFlowWithRejectCondition"/>
  <testcase name="SummaryStatuswithReviewFunction" time="36.967" classname="Script.TodoListDynamicWorkFlowWithRejectCondition"/>
</testsuite> <!-- Script.TodoListDynamicWorkFlowWithRejectCondition -->
