<?xml version="1.0" encoding="UTF-8"?>
<!-- Generated by org.testng.reporters.JUnitReportReporter -->
<testsuite skipped="0" hostname="CIPLWKT014" name="Script.My_Preferences_QuickFind" tests="5" failures="0" timestamp="21 Jun 2024 22:25:32 GMT" time="317.749" errors="0">
  <testcase name="Login_EWA" time="32.679" classname="Script.My_Preferences_QuickFind"/>
  <testcase name="TC_01_Verify_QuickFind_DocIdSearch" time="138.030" classname="Script.My_Preferences_QuickFind"/>
  <testcase name="TC_02_Verify_QuickFind_TextSearch" time="54.005" classname="Script.My_Preferences_QuickFind"/>
  <testcase name="TC_03_Verify_QuickFind_IndexSearch" time="47.785" classname="Script.My_Preferences_QuickFind"/>
  <testcase name="TC_04_Verify_QuickFind_BothSearch" time="45.250" classname="Script.My_Preferences_QuickFind"/>
</testsuite> <!-- Script.My_Preferences_QuickFind -->
