<?xml version="1.0" encoding="UTF-8"?>
<!-- Generated by org.testng.reporters.JUnitReportReporter -->
<testsuite skipped="0" hostname="CIPLWKT014" name="Script.My_Preferences_Office_documents" tests="5" failures="0" timestamp="03 Jul 2024 16:39:02 GMT" time="360.831" errors="0">
  <testcase name="Login_EWA" time="66.558" classname="Script.My_Preferences_Office_documents"/>
  <testcase name="TC_01_Verify_Browse_Office_documents_Advancedviewing" time="115.695" classname="Script.My_Preferences_Office_documents"/>
  <testcase name="TC_02_Verify_NewWordDocuments_Office_documents_Advancedviewing" time="29.657" classname="Script.My_Preferences_Office_documents"/>
  <testcase name="TC_03_Verify_NewExcelSpreadsheet_Office_documents_Advancedviewing" time="23.024" classname="Script.My_Preferences_Office_documents"/>
  <testcase name="TC_04_Verify_Browse_Office_documents_Defaultviewing" time="125.897" classname="Script.My_Preferences_Office_documents"/>
</testsuite> <!-- Script.My_Preferences_Office_documents -->
