<?xml version="1.0" encoding="UTF-8"?>
<!-- Generated by org.testng.reporters.JUnitReportReporter -->
<testsuite skipped="0" hostname="CIPLWKT014" name="Script.Negative_DocumentContextMenu" tests="13" failures="0" timestamp="26 Jun 2024 15:23:15 GMT" time="745.326" errors="0">
  <testcase name="Login_EWA" time="38.751" classname="Script.Negative_DocumentContextMenu"/>
  <testcase name="TC_01_Verify_BlankToemailID" time="64.885" classname="Script.Negative_DocumentContextMenu"/>
  <testcase name="TC_02_Verify_InvalidToEmailId" time="31.321" classname="Script.Negative_DocumentContextMenu"/>
  <testcase name="TC_03_Verify_InvalidCCEmailId" time="37.292" classname="Script.Negative_DocumentContextMenu"/>
  <testcase name="TC_04_Verify_MailDialog_Cancel_button" time="10.053" classname="Script.Negative_DocumentContextMenu"/>
  <testcase name="TC_05_Verify_PrintDialog_Cancel_button" time="28.940" classname="Script.Negative_DocumentContextMenu"/>
  <testcase name="TC_06_Verify_Export_Dialog_Cancel_button" time="31.683" classname="Script.Negative_DocumentContextMenu"/>
  <testcase name="TC_07_Verify_SecureLink_mailvalidation" time="272.217" classname="Script.Negative_DocumentContextMenu"/>
  <testcase name="TC_08_Verify_Accept_Workflow_Validation" time="118.856" classname="Script.Negative_DocumentContextMenu"/>
  <testcase name="TC_09_Verify_Reject_Workflow_Validation" time="33.567" classname="Script.Negative_DocumentContextMenu"/>
  <testcase name="TC_10_Verify_EndWorkflow_Workflow_Validation" time="30.797" classname="Script.Negative_DocumentContextMenu"/>
  <testcase name="TC_11_Verify_Summary_Workflow_Validation" time="14.279" classname="Script.Negative_DocumentContextMenu"/>
  <testcase name="TC_12_Verify_Comment_Workflow_Validation" time="32.685" classname="Script.Negative_DocumentContextMenu"/>
</testsuite> <!-- Script.Negative_DocumentContextMenu -->
