<?xml version="1.0" encoding="UTF-8"?>
<!-- Generated by org.testng.reporters.JUnitReportReporter -->
<testsuite skipped="0" hostname="CIPLWKT014" name="Script.My_Preferences_Add_signature" tests="1" failures="0" timestamp="17 Oct 2023 08:15:42 GMT" time="26.245" errors="0">
  <testcase name="Login_EWA" time="26.245" classname="Script.My_Preferences_Add_signature"/>
</testsuite> <!-- Script.My_Preferences_Add_signature -->
