<?xml version="1.0" encoding="UTF-8"?>
<!-- Generated by org.testng.reporters.JUnitReportReporter -->
<testsuite skipped="0" hostname="CIPLWKT014" name="Script.SecureLink_Negative_Scenerio" tests="4" failures="0" timestamp="26 Feb 2024 14:41:48 GMT" time="148.632" errors="0">
  <testcase name="SendToSecureLinkwithout_Email_ID_BlankTest" time="21.545" classname="Script.SecureLink_Negative_Scenerio"/>
  <testcase name="SecureLinkInvalidRecepient_Mail_ID_ValidConfirm_Mail" time="63.875" classname="Script.SecureLink_Negative_Scenerio"/>
  <testcase name="SecLinkReceipientDailogBoxInvalid_Email_ID" time="38.177" classname="Script.SecureLink_Negative_Scenerio"/>
  <testcase name="SecLinkReceipientMailBlank" time="25.035" classname="Script.SecureLink_Negative_Scenerio"/>
</testsuite> <!-- Script.SecureLink_Negative_Scenerio -->
