<?xml version="1.0" encoding="UTF-8"?>
<!-- Generated by org.testng.reporters.JUnitReportReporter -->
<testsuite skipped="0" hostname="CIPLWKT014" name="Generic.ExternalTextFileContent" tests="1" failures="0" timestamp="01 Dec 2023 04:56:54 GMT" time="60.864" errors="0">
  <testcase name="readFromTextFile" time="60.864" classname="Generic.ExternalTextFileContent"/>
</testsuite> <!-- Generic.ExternalTextFileContent -->
