<?xml version="1.0" encoding="UTF-8"?>
<!-- Generated by org.testng.reporters.JUnitReportReporter -->
<testsuite hostname="CIPLWKT014" failures="0" tests="10" name="Script.DashBoardScript" time="1.762" errors="1" timestamp="2024-08-27T23:59:14 GMT-05:00" skipped="9">
  <testcase classname="Script.DashBoardScript" name="ladBrowser" time="1.762">
    <error message="session not created: This version of ChromeDriver only supports Chrome version 126
Current browser version is 128.0.6613.85 with binary path C:\Program Files\Google\Chrome\Application\chrome.exe
Build info: version: &#039;3.141.59&#039;, revision: &#039;e82be7d358&#039;, time: &#039;2018-11-14T08:25:53&#039;
System info: host: &#039;CIPLWKT014&#039;, ip: &#039;10.4.8.14&#039;, os.name: &#039;Windows 10&#039;, os.arch: &#039;amd64&#039;, os.version: &#039;10.0&#039;, java.version: &#039;22.0.2&#039;
Driver info: driver.version: ChromeDriver
remote stacktrace: 	GetHandleVerifier [0x00007FF6520C3E42+31618]
	(No symbol) [0x00007FF65203B0A9]
	(No symbol) [0x00007FF651EF888A]
	(No symbol) [0x00007FF651F37002]
	(No symbol) [0x00007FF651F36138]
	(No symbol) [0x00007FF651F30E6C]
	(No symbol) [0x00007FF651F2BC8F]
	(No symbol) [0x00007FF651F78864]
	(No symbol) [0x00007FF651F77EC0]
	(No symbol) [0x00007FF651F6CEB3]
	(No symbol) [0x00007FF651F3A46B]
	(No symbol) [0x00007FF651F3B001]
	GetHandleVerifier [0x00007FF6523CA01D+3202397]
	GetHandleVerifier [0x00007FF652416A3D+3516285]
	GetHandleVerifier [0x00007FF65240C4B0+3473904]
	GetHandleVerifier [0x00007FF652175D46+760454]
	(No symbol) [0x00007FF652046B4F]
	(No symbol) [0x00007FF652041CE4]
	(No symbol) [0x00007FF652041E72]
	(No symbol) [0x00007FF65203121F]
	BaseThreadInitThunk [0x00007FFEC23D7374+20]
	RtlUserThreadStart [0x00007FFEC2C7CC91+33]
" type="org.openqa.selenium.SessionNotCreatedException">
      <![CDATA[org.openqa.selenium.SessionNotCreatedException: session not created: This version of ChromeDriver only supports Chrome version 126
Current browser version is 128.0.6613.85 with binary path C:\Program Files\Google\Chrome\Application\chrome.exe
Build info: version: '3.141.59', revision: 'e82be7d358', time: '2018-11-14T08:25:53'
System info: host: 'CIPLWKT014', ip: '10.4.8.14', os.name: 'Windows 10', os.arch: 'amd64', os.version: '10.0', java.version: '22.0.2'
Driver info: driver.version: ChromeDriver
remote stacktrace: GetHandleVerifier [0x00007FF6520C3E42+31618]
(No symbol) [0x00007FF65203B0A9]
(No symbol) [0x00007FF651EF888A]
(No symbol) [0x00007FF651F37002]
(No symbol) [0x00007FF651F36138]
(No symbol) [0x00007FF651F30E6C]
(No symbol) [0x00007FF651F2BC8F]
(No symbol) [0x00007FF651F78864]
(No symbol) [0x00007FF651F77EC0]
(No symbol) [0x00007FF651F6CEB3]
(No symbol) [0x00007FF651F3A46B]
(No symbol) [0x00007FF651F3B001]
GetHandleVerifier [0x00007FF6523CA01D+3202397]
GetHandleVerifier [0x00007FF652416A3D+3516285]
GetHandleVerifier [0x00007FF65240C4B0+3473904]
GetHandleVerifier [0x00007FF652175D46+760454]
(No symbol) [0x00007FF652046B4F]
(No symbol) [0x00007FF652041CE4]
(No symbol) [0x00007FF652041E72]
(No symbol) [0x00007FF65203121F]
BaseThreadInitThunk [0x00007FFEC23D7374+20]
RtlUserThreadStart [0x00007FFEC2C7CC91+33]

at java.base/jdk.internal.reflect.DirectConstructorHandleAccessor.newInstance(DirectConstructorHandleAccessor.java:62)
at java.base/java.lang.reflect.Constructor.newInstanceWithCaller(Constructor.java:502)
at java.base/java.lang.reflect.Constructor.newInstance(Constructor.java:486)
at org.openqa.selenium.remote.W3CHandshakeResponse.lambda$errorHandler$0(W3CHandshakeResponse.java:62)
at org.openqa.selenium.remote.HandshakeResponse.lambda$getResponseFunction$0(HandshakeResponse.java:30)
at org.openqa.selenium.remote.ProtocolHandshake.lambda$createSession$0(ProtocolHandshake.java:126)
at java.base/java.util.stream.ReferencePipeline$3$1.accept(ReferencePipeline.java:212)
at java.base/java.util.Spliterators$ArraySpliterator.tryAdvance(Spliterators.java:1034)
at java.base/java.util.stream.ReferencePipeline.forEachWithCancel(ReferencePipeline.java:144)
at java.base/java.util.stream.AbstractPipeline.copyIntoWithCancel(AbstractPipeline.java:574)
at java.base/java.util.stream.AbstractPipeline.copyInto(AbstractPipeline.java:560)
at java.base/java.util.stream.AbstractPipeline.wrapAndCopyInto(AbstractPipeline.java:546)
at java.base/java.util.stream.FindOps$FindOp.evaluateSequential(FindOps.java:150)
at java.base/java.util.stream.AbstractPipeline.evaluate(AbstractPipeline.java:265)
at java.base/java.util.stream.ReferencePipeline.findFirst(ReferencePipeline.java:662)
at org.openqa.selenium.remote.ProtocolHandshake.createSession(ProtocolHandshake.java:128)
at org.openqa.selenium.remote.ProtocolHandshake.createSession(ProtocolHandshake.java:74)
at org.openqa.selenium.remote.HttpCommandExecutor.execute(HttpCommandExecutor.java:136)
at org.openqa.selenium.remote.service.DriverCommandExecutor.execute(DriverCommandExecutor.java:83)
at org.openqa.selenium.remote.RemoteWebDriver.execute(RemoteWebDriver.java:552)
at org.openqa.selenium.remote.RemoteWebDriver.startSession(RemoteWebDriver.java:213)
at org.openqa.selenium.remote.RemoteWebDriver.<init>(RemoteWebDriver.java:131)
at org.openqa.selenium.chrome.ChromeDriver.<init>(ChromeDriver.java:181)
at org.openqa.selenium.chrome.ChromeDriver.<init>(ChromeDriver.java:168)
at org.openqa.selenium.chrome.ChromeDriver.<init>(ChromeDriver.java:157)
at Generic.BaseClass.loadBrowser(BaseClass.java:87)
at Script.DashBoardScript.ladBrowser(DashBoardScript.java:21)
at java.base/jdk.internal.reflect.DirectMethodHandleAccessor.invoke(DirectMethodHandleAccessor.java:103)
at java.base/java.lang.reflect.Method.invoke(Method.java:580)
at org.testng.internal.MethodInvocationHelper.invokeMethod(MethodInvocationHelper.java:133)
at org.testng.internal.MethodInvocationHelper.invokeMethodConsideringTimeout(MethodInvocationHelper.java:62)
at org.testng.internal.ConfigInvoker.invokeConfigurationMethod(ConfigInvoker.java:385)
at org.testng.internal.ConfigInvoker.invokeConfigurations(ConfigInvoker.java:321)
at org.testng.internal.TestMethodWorker.invokeBeforeClassMethods(TestMethodWorker.java:176)
at org.testng.internal.TestMethodWorker.run(TestMethodWorker.java:122)
at java.base/java.util.ArrayList.forEach(ArrayList.java:1597)
at org.testng.TestRunner.privateRun(TestRunner.java:794)
at org.testng.TestRunner.run(TestRunner.java:596)
at org.testng.SuiteRunner.runTest(SuiteRunner.java:377)
at org.testng.SuiteRunner.runSequentially(SuiteRunner.java:371)
at org.testng.SuiteRunner.privateRun(SuiteRunner.java:332)
at org.testng.SuiteRunner.run(SuiteRunner.java:276)
at org.testng.SuiteRunnerWorker.runSuite(SuiteRunnerWorker.java:53)
at org.testng.SuiteRunnerWorker.run(SuiteRunnerWorker.java:96)
at org.testng.TestNG.runSuitesSequentially(TestNG.java:1212)
at org.testng.TestNG.runSuitesLocally(TestNG.java:1134)
at org.testng.TestNG.runSuites(TestNG.java:1063)
at org.testng.TestNG.run(TestNG.java:1031)
at org.testng.remote.AbstractRemoteTestNG.run(AbstractRemoteTestNG.java:115)
at org.testng.remote.RemoteTestNG.initAndRun(RemoteTestNG.java:293)
at org.testng.remote.RemoteTestNG.main(RemoteTestNG.java:91)
]]>
    </error>
  </testcase> <!-- ladBrowser -->
  <system-out/>
  <testcase classname="Script.DashBoardScript" name="Login" time="0.000">
    <skipped/>
  </testcase> <!-- Login -->
  <system-out/>
  <testcase classname="Script.DashBoardScript" name="TC_1_SearchIconDashBoardFunctionality" time="0.000">
    <skipped/>
  </testcase> <!-- TC_1_SearchIconDashBoardFunctionality -->
  <system-out/>
  <testcase classname="Script.DashBoardScript" name="TC_2_NotifiactionIconDashBoardFunctionality" time="0.000">
    <skipped/>
  </testcase> <!-- TC_2_NotifiactionIconDashBoardFunctionality -->
  <system-out/>
  <testcase classname="Script.DashBoardScript" name="TodoListWFDetailsDashBoardFunctionality" time="0.000">
    <skipped/>
  </testcase> <!-- TodoListWFDetailsDashBoardFunctionality -->
  <system-out/>
  <testcase classname="Script.DashBoardScript" name="TC_4_CreateNewDocumentFromDB" time="0.000">
    <skipped/>
  </testcase> <!-- TC_4_CreateNewDocumentFromDB -->
  <system-out/>
  <testcase classname="Script.DashBoardScript" name="TC_5_Contentverse_Document_Report" time="0.000">
    <skipped/>
  </testcase> <!-- TC_5_Contentverse_Document_Report -->
  <system-out/>
  <testcase classname="Script.DashBoardScript" name="TC_6_Contentverse_WrokflowStatus_Report" time="0.000">
    <skipped/>
  </testcase> <!-- TC_6_Contentverse_WrokflowStatus_Report -->
  <system-out/>
  <testcase classname="Script.DashBoardScript" name="TC_7_Contentverse_RejectDocumentInWFReport_Report" time="0.000">
    <skipped/>
  </testcase> <!-- TC_7_Contentverse_RejectDocumentInWFReport_Report -->
  <system-out/>
  <testcase classname="Script.DashBoardScript" name="TC_8_logoutFromDB" time="0.000">
    <skipped/>
  </testcase> <!-- TC_8_logoutFromDB -->
  <system-out/>
</testsuite> <!-- Script.DashBoardScript -->
