<?xml version="1.0" encoding="UTF-8"?>
<!-- Generated by org.testng.reporters.JUnitReportReporter -->
<testsuite hostname="CIPLWKT014" failures="0" tests="10" name="Script.DynamicWorkflow" time="554.955" errors="0" timestamp="2024-11-05T09:10:08 IST" skipped="0">
  <testcase classname="Script.DynamicWorkflow" name="Login" time="39.958">
    <system-out>
      <![CDATA[Scenario 01: Log into EWA
Enter valid user name into username field
Enter valid password into password field
Select a Room
Click Login button
Session message not appeared
User logged in successfully... ]]>
    </system-out>
  </testcase> <!-- Login -->
  <testcase classname="Script.DynamicWorkflow" name="DynamicWf" time="136.833">
    <system-out>
      <![CDATA[Scenario 01: Document send to - Dynamic workflow
Click on New document tab
Click on Document location textbox
Expand the cabinet
Expand the drawer
Select a folder
Click on destination folder dialog OK button
Select Dynamic workflow document type
Click on User1 textbox
Select Task user1
Click on Select task user dialog OK button
Click on User2 text box
Select Task user2
Click on Select task user dialog OK button
Click on User_3 textbox
Select Task user3
Click on Select task user dialog OK button
USer click on Select user dialog OK button
Enter data in key value
Mousehover on add icon
Click on create button
Click on view button
Click SendtoWorkflow button
Select any dynamic workflow
Click on apply button
Document sent to workflow Successfully dialog will appear...
Click confirmation dialog OK button]]>
    </system-out>
  </testcase> <!-- DynamicWf -->
  <testcase classname="Script.DynamicWorkflow" name="dyanamic_wf_AndLogVidyaUser" time="58.583">
    <system-out>
      <![CDATA[Click on Username option
Click on Logout option
Scenario 4: Task user Log into EWA 
Enter valid task name into user name field
Enter valid password into password field 
Click Login button
Login without session message
Task user Logged into EWA successfully...]]>
    </system-out>
  </testcase> <!-- dyanamic_wf_AndLogVidyaUser -->
  <testcase classname="Script.DynamicWorkflow" name="TC_1_dynamicWF_MetaDataAgree_Vidya" time="32.008">
    <system-out>
      <![CDATA[Scenario 03: Task user1 Accept the dynmaic Workflow document
Select Todolist tab
Select New items
Expand workflow document metadata
Click on comment button
Add comment into comment dialog
Click on comment dialog OK button
click on Accept button
Enter comment into the Accept dialog box
Click on Accept dialog OK button
TaskUser1 Accept the document successfully...
Task user1 logout the session successfully...]]>
    </system-out>
  </testcase> <!-- TC_1_dynamicWF_MetaDataAgree_Vidya -->
  <testcase classname="Script.DynamicWorkflow" name="TC_2_dynamic_WF_Task2UserNisha" time="63.618">
    <system-out>
      <![CDATA[Click on Username option
Click on Logout option
Scenario 02: Task User Log into EWA
Enter task user name into user name field 
Click on Login Button
Login without session message...
Task user logged into EWA successfully...]]>
    </system-out>
  </testcase> <!-- TC_2_dynamic_WF_Task2UserNisha -->
  <testcase classname="Script.DynamicWorkflow" name="TC_3_DynamicWF_user2_RNishaAcceptTheDocument" time="40.645">
    <system-out>
      <![CDATA[Scenario 05: Task user2 Accept dynamic Workflow document 
Select Todolist tab
Select New items
Open a received workflow document
Click on comment button
Enter comment and click on comment dialog OK butoton
Comment added successfully...
Click on Accept button
Enter comment into Accept dialog box
Click on accept dialog OK button
Task user _2 accept the document successfully...
Task user2 logout the session successfully...]]>
    </system-out>
  </testcase> <!-- TC_3_DynamicWF_user2_RNishaAcceptTheDocument -->
  <testcase classname="Script.DynamicWorkflow" name="TC_4_DynamicWFrefrshAndLogDipak" time="52.591">
    <system-out>
      <![CDATA[Click on Username option
Click on Logout option
Scenario 4: Task user Log into EWA 
Enter valid task name into user name field
Enter valid password into password field 
Click Login button
Login without session message
Task user Logged into EWA successfully...]]>
    </system-out>
  </testcase> <!-- TC_4_DynamicWFrefrshAndLogDipak -->
  <testcase classname="Script.DynamicWorkflow" name="dynamic_WF_OriginatorRnisha" time="63.663">
    <system-out>
      <![CDATA[Click on Username option
Click on Logout option
Scenario 02: Task User Log into EWA
Enter task user name into user name field 
Click on Login Button
Login without session message...
Task user logged into EWA successfully...]]>
    </system-out>
  </testcase> <!-- dynamic_WF_OriginatorRnisha -->
  <testcase classname="Script.DynamicWorkflow" name="TC_5_DynamicWF_user3_DipakRejectTheDocument" time="29.551">
    <system-out>
      <![CDATA[Scenario 07: Task User 3 Reject the dynamic workflow document
Select a todolist tab
Select New items
Expand any document metadata option
Select Reject button
Enter comment in the Reject dialog box
Click on Reject dialog box OK button
Task user_3 Rejected the document]]>
    </system-out>
  </testcase> <!-- TC_5_DynamicWF_user3_DipakRejectTheDocument -->
  <testcase classname="Script.DynamicWorkflow" name="Originator_Reviewing_Workflow_Document" time="37.505">
    <system-out>
      <![CDATA[Scenario 09: Originator reviewed the  dynamic workflow document
Select a todolist tab
Select New items
Expand any document metadata option
Select Review button
Enter comment in the Review dialog box
Document Reviewed Successfully
Originator Reviewed the document]]>
    </system-out>
  </testcase> <!-- Originator_Reviewing_Workflow_Document -->
  <system-out>
    <![CDATA[Chrome driver launched successfull
Chrome Browser launched Successfully...
EWA URL launched successfull
Contentverse URL launched successfully...
Scenario 01: Log into EWA
Enter valid user name into username field
Enter valid password into password field
Select a Room
Click Login button
Session message not appeared
User logged in successfully... 
Scenario 01: Document send to - Dynamic workflow
Click on New document tab
Click on Document location textbox
Expand the cabinet
Expand the drawer
Select a folder
Click on destination folder dialog OK button
Select Dynamic workflow document type
Click on User1 textbox
Select Task user1
Click on Select task user dialog OK button
Click on User2 text box
Select Task user2
Click on Select task user dialog OK button
Click on User_3 textbox
Select Task user3
Click on Select task user dialog OK button
USer click on Select user dialog OK button
Enter data in key value
Mousehover on add icon
Click on create button
Click on view button
Click SendtoWorkflow button
Select any dynamic workflow
Click on apply button
Document sent to workflow Successfully dialog will appear...
Click confirmation dialog OK button
Click on Username option
Click on Logout option
Scenario 4: Task user Log into EWA 
Enter valid task name into user name field
Enter valid password into password field 
Click Login button
Login without session message
Task user Logged into EWA successfully...
Scenario 03: Task user1 Accept the dynmaic Workflow document
Select Todolist tab
Select New items
Expand workflow document metadata
Click on comment button
Add comment into comment dialog
Click on comment dialog OK button
click on Accept button
Enter comment into the Accept dialog box
Click on Accept dialog OK button
TaskUser1 Accept the document successfully...
Task user1 logout the session successfully...
Click on Username option
Click on Logout option
Scenario 02: Task User Log into EWA
Enter task user name into user name field 
Click on Login Button
Login without session message...
Task user logged into EWA successfully...
Scenario 05: Task user2 Accept dynamic Workflow document 
Select Todolist tab
Select New items
Open a received workflow document
Click on comment button
Enter comment and click on comment dialog OK butoton
Comment added successfully...
Click on Accept button
Enter comment into Accept dialog box
Click on accept dialog OK button
Task user _2 accept the document successfully...
Task user2 logout the session successfully...
Click on Username option
Click on Logout option
Scenario 4: Task user Log into EWA 
Enter valid task name into user name field
Enter valid password into password field 
Click Login button
Login without session message
Task user Logged into EWA successfully...
Scenario 07: Task User 3 Reject the dynamic workflow document
Select a todolist tab
Select New items
Expand any document metadata option
Select Reject button
Enter comment in the Reject dialog box
Click on Reject dialog box OK button
Task user_3 Rejected the document
Click on Username option
Click on Logout option
Scenario 02: Task User Log into EWA
Enter task user name into user name field 
Click on Login Button
Login without session message...
Task user logged into EWA successfully...
Scenario 09: Originator reviewed the  dynamic workflow document
Select a todolist tab
Select New items
Expand any document metadata option
Select Review button
Enter comment in the Review dialog box
Document Reviewed Successfully
Originator Reviewed the document]]>
  </system-out>
</testsuite> <!-- Script.DynamicWorkflow -->
