<?xml version="1.0" encoding="UTF-8"?>
<!-- Generated by org.testng.reporters.JUnitReportReporter -->
<testsuite skipped="0" hostname="CIPLWKT014" name="Script.AnnotationFunctionality" tests="10" failures="0" timestamp="17 Nov 2023 05:38:37 GMT" time="506.166" errors="0">
  <testcase name="CVSLogin" time="44.189" classname="Script.AnnotationFunctionality"/>
  <testcase name="Redaction_UnlockRedaction" time="103.093" classname="Script.AnnotationFunctionality"/>
  <testcase name="HighLight_Annotation" time="29.718" classname="Script.AnnotationFunctionality"/>
  <testcase name="StikyNote_Annotation" time="47.611" classname="Script.AnnotationFunctionality"/>
  <testcase name="RubberStampAnnotation" time="29.967" classname="Script.AnnotationFunctionality"/>
  <testcase name="Rectangle_Annotation" time="44.359" classname="Script.AnnotationFunctionality"/>
  <testcase name="StampAnnotation" time="51.516" classname="Script.AnnotationFunctionality"/>
  <testcase name="LineAnnotation_Ellipse_Annotation" time="70.749" classname="Script.AnnotationFunctionality"/>
  <testcase name="Signature_Annotation" time="32.017" classname="Script.AnnotationFunctionality"/>
  <testcase name="Polygon" time="52.947" classname="Script.AnnotationFunctionality"/>
</testsuite> <!-- Script.AnnotationFunctionality -->
