<?xml version="1.0" encoding="UTF-8"?>
<!-- Generated by org.testng.reporters.JUnitReportReporter -->
<testsuite skipped="0" hostname="CIPLWKT014" name="SQL2022_DB.PrintFunctionality" tests="8" failures="0" timestamp="07 Feb 2024 13:38:37 GMT" time="387.455" errors="0">
  <testcase name="LogVCS" time="17.354" classname="SQL2022_DB.PrintFunctionality"/>
  <testcase name="Email_Reference" time="102.005" classname="SQL2022_DB.PrintFunctionality"/>
  <testcase name="Email_Copy_WithMsgBox_SubjectBox" time="50.518" classname="SQL2022_DB.PrintFunctionality"/>
  <testcase name="Email_ConvertPDF_WithAll_Annotations" time="55.049" classname="SQL2022_DB.PrintFunctionality"/>
  <testcase name="exports_with_convert_to_pdf_with_passwords" time="32.451" classname="SQL2022_DB.PrintFunctionality"/>
  <testcase name="exports_with_Retain" time="42.315" classname="SQL2022_DB.PrintFunctionality"/>
  <testcase name="exports_with_convert_to_pdf_and_best_quality" time="48.651" classname="SQL2022_DB.PrintFunctionality"/>
  <testcase name="exports_with_convert_to_pdf_and_include_workflow_summary" time="39.112" classname="SQL2022_DB.PrintFunctionality"/>
</testsuite> <!-- SQL2022_DB.PrintFunctionality -->
