<?xml version="1.0" encoding="UTF-8"?>
<!-- Generated by org.testng.reporters.JUnitReportReporter -->
<testsuite skipped="0" hostname="CIPLWKT014" name="Script.My_Preferences_Annotation" tests="2" failures="0" timestamp="18 Jan 2024 04:13:16 GMT" time="106.621" errors="0">
  <testcase name="Verify_Maximum_Annotation" time="33.508" classname="Script.My_Preferences_Annotation"/>
  <testcase name="Verify_set_Annotation1" time="73.113" classname="Script.My_Preferences_Annotation"/>
</testsuite> <!-- Script.My_Preferences_Annotation -->
