<?xml version="1.0" encoding="UTF-8"?>
<!-- Generated by org.testng.reporters.JUnitReportReporter -->
<testsuite skipped="0" hostname="CIPLWKT014" name="French_Language.AdvancedViewer_Script" tests="5" failures="0" timestamp="12 Feb 2024 16:41:35 GMT" time="521.610" errors="0">
  <testcase name="Login" time="24.188" classname="French_Language.AdvancedViewer_Script"/>
  <testcase name="AdvancedViewerOptionSelection" time="28.410" classname="French_Language.AdvancedViewer_Script"/>
  <testcase name="AdvancedViewerWordDocument" time="179.109" classname="French_Language.AdvancedViewer_Script"/>
  <testcase name="AdvancedViewerPDfDoc" time="181.796" classname="French_Language.AdvancedViewer_Script"/>
  <testcase name="AdvancedViewerExcelFile" time="108.107" classname="French_Language.AdvancedViewer_Script"/>
</testsuite> <!-- French_Language.AdvancedViewer_Script -->
