<?xml version="1.0" encoding="UTF-8"?>
<!-- Generated by org.testng.reporters.JUnitReportReporter -->
<testsuite skipped="1" hostname="CIPLWKT014" name="Script.My_Preferences_Redaction_View_Password" tests="3" failures="0" timestamp="18 Jan 2024 04:13:16 GMT" time="306.738" errors="0">
  <testcase name="Verify_Redaction_View_Password" time="136.148" classname="Script.My_Preferences_Redaction_View_Password">
    <skipped/>
  </testcase> <!-- Verify_Redaction_View_Password -->
  <testcase name="Verify_Redaction_View_Password" time="144.985" classname="Script.My_Preferences_Redaction_View_Password"/>
  <testcase name="Verify_Reset_My_Preferences" time="25.605" classname="Script.My_Preferences_Redaction_View_Password"/>
</testsuite> <!-- Script.My_Preferences_Redaction_View_Password -->
