<?xml version="1.0" encoding="UTF-8"?>
<!-- Generated by org.testng.reporters.JUnitReportReporter -->
<testsuite skipped="0" hostname="CIPLWKT014" name="Script.AdvancedViewer_Script" tests="5" failures="0" timestamp="26 Feb 2024 14:41:48 GMT" time="532.436" errors="0">
  <testcase name="Login" time="20.052" classname="Script.AdvancedViewer_Script"/>
  <testcase name="TestCase_1_AdvancedViewerOptionSelection" time="31.671" classname="Script.AdvancedViewer_Script"/>
  <testcase name="TestCase_2_AdvancedViewerWordDocument" time="183.904" classname="Script.AdvancedViewer_Script"/>
  <testcase name="TestCase_3_AdvancedViewerPDfDoc" time="181.918" classname="Script.AdvancedViewer_Script"/>
  <testcase name="TestCase_4_AdvancedViewerExcelFile" time="114.891" classname="Script.AdvancedViewer_Script"/>
</testsuite> <!-- Script.AdvancedViewer_Script -->
