<?xml version="1.0" encoding="UTF-8"?>
<!-- Generated by org.testng.reporters.JUnitReportReporter -->
<testsuite hostname="CIPLWKT014" failures="0" tests="8" name="Script.PrintFunctionality" time="378.267" errors="1" timestamp="2024-08-29T06:51:50 GMT-05:00" skipped="0">
  <testcase classname="Script.PrintFunctionality" name="Login" time="29.286"/>
  <system-out>
    <![CDATA[Scenario 01: Log into EWA
Enter valid user name into username field
Enter valid password into password field
Select a Room
Click Login button
Session message not appeared
User logged in successfully... ]]>
  </system-out>
  <testcase classname="Script.PrintFunctionality" name="TC_A_Email_Reference" time="104.681"/>
  <system-out>
    <![CDATA[Scenario 01: Verify reference Email
Expand the cabinet
Expand the drawer
Click on the folder
Open a document
AlertISNotPresent
Select a page
Click on sendto tool icon
Click on email option
Click on reference radio button
Enter the valid email to email field
Click on email dialog OK button
User should receive 'Email sent successfull' message dialog
Email sent dialog displayed successfull]]>
  </system-out>
  <testcase classname="Script.PrintFunctionality" name="TC_B_Email_Copy_WithMsgBox_SubjectBox" time="50.648"/>
  <system-out>
    <![CDATA[Scenario 02:Verify copy email and message textbox
Open a document and select a page
Click on sendto tool icon
Select email submenu
Select copy radio button
Enter a valid email id
Enter suject into subject textbox
Enter message into message dialog box
Click on Email dialog OK button
User should receive 'Email sent successfull' message dialog
Email sent successfully dialog displayed...]]>
  </system-out>
  <testcase classname="Script.PrintFunctionality" name="TC_C_Email_ConvertPDF_WithAll_Annotations" time="55.095"/>
  <system-out>
    <![CDATA[Scenario 03:Verify Email 'Convert_to_PDF' with 'Burn annotation' option
Verifying Email Functionality
Open a document and select a page
Mousehover on send to icon from viewer tool bar
Click convertToPDF checkbox
Click burn annotation checkbox
Enter valid mail into email field
Enter valid confirm mail into confirm mail textbox
Click email dialog OK button
Email dialog with burn annotation verified successfully...
Email Functionality with all annotation settings,sent successfull]]>
  </system-out>
  <testcase classname="Script.PrintFunctionality" name="TC_D_exports_with_convert_to_pdf_with_passwords" time="32.455"/>
  <system-out/>
  <testcase classname="Script.PrintFunctionality" name="TC_E_exports_with_Retain" time="41.902"/>
  <system-out>
    <![CDATA[Scenario 04:verifying export functionality retain format,with average quality and zip password
Open a document and select a page
Click on sendto tool icon
Select export submenu
Select retain radio button
Click on export dialog OK button
Document exported successfull]]>
  </system-out>
  <testcase classname="Script.PrintFunctionality" name="TC_F_exports_with_convert_to_pdf_and_best_quality" time="25.426">
    <error message="no such element: Unable to locate element: {&quot;method&quot;:&quot;xpath&quot;,&quot;selector&quot;:&quot;//*[@id=&quot;documentListTable&quot;]/tbody/tr[4]/td[3]&quot;}
  (Session info: chrome=128.0.6613.113)
For documentation on this error, please visit: https://www.seleniumhq.org/exceptions/no_such_element.html
Build info: version: &#039;3.141.59&#039;, revision: &#039;e82be7d358&#039;, time: &#039;2018-11-14T08:25:53&#039;
System info: host: &#039;CIPLWKT014&#039;, ip: &#039;10.4.8.14&#039;, os.name: &#039;Windows 10&#039;, os.arch: &#039;amd64&#039;, os.version: &#039;10.0&#039;, java.version: &#039;22.0.2&#039;
Driver info: org.openqa.selenium.chrome.ChromeDriver
Capabilities {acceptInsecureCerts: false, browserName: chrome, browserVersion: 128.0.6613.113, chrome: {chromedriverVersion: 128.0.6613.86 (3045ed680fda..., userDataDir: C:\Users\nisha.r\AppData\Lo...}, fedcm:accounts: true, goog:chromeOptions: {debuggerAddress: localhost:58000}, javascriptEnabled: true, networkConnectionEnabled: false, pageLoadStrategy: normal, platform: WINDOWS, platformName: WINDOWS, proxy: Proxy(), setWindowRect: true, strictFileInteractability: false, timeouts: {implicit: 0, pageLoad: 300000, script: 30000}, unhandledPromptBehavior: dismiss and notify, webauthn:extension:credBlob: true, webauthn:extension:largeBlob: true, webauthn:extension:minPinLength: true, webauthn:extension:prf: true, webauthn:virtualAuthenticators: true}
Session ID: d5517e1211f46c84a4a29a3e429cced5
*** Element info: {Using=xpath, value=//*[@id=&quot;documentListTable&quot;]/tbody/tr[4]/td[3]}" type="org.openqa.selenium.NoSuchElementException">
      <![CDATA[org.openqa.selenium.NoSuchElementException: no such element: Unable to locate element: {"method":"xpath","selector":"//*[@id="documentListTable"]/tbody/tr[4]/td[3]"}
  (Session info: chrome=128.0.6613.113)
For documentation on this error, please visit: https://www.seleniumhq.org/exceptions/no_such_element.html
Build info: version: '3.141.59', revision: 'e82be7d358', time: '2018-11-14T08:25:53'
System info: host: 'CIPLWKT014', ip: '10.4.8.14', os.name: 'Windows 10', os.arch: 'amd64', os.version: '10.0', java.version: '22.0.2'
Driver info: org.openqa.selenium.chrome.ChromeDriver
Capabilities {acceptInsecureCerts: false, browserName: chrome, browserVersion: 128.0.6613.113, chrome: {chromedriverVersion: 128.0.6613.86 (3045ed680fda..., userDataDir: C:\Users\nisha.r\AppData\Lo...}, fedcm:accounts: true, goog:chromeOptions: {debuggerAddress: localhost:58000}, javascriptEnabled: true, networkConnectionEnabled: false, pageLoadStrategy: normal, platform: WINDOWS, platformName: WINDOWS, proxy: Proxy(), setWindowRect: true, strictFileInteractability: false, timeouts: {implicit: 0, pageLoad: 300000, script: 30000}, unhandledPromptBehavior: dismiss and notify, webauthn:extension:credBlob: true, webauthn:extension:largeBlob: true, webauthn:extension:minPinLength: true, webauthn:extension:prf: true, webauthn:virtualAuthenticators: true}
Session ID: d5517e1211f46c84a4a29a3e429cced5
*** Element info: {Using=xpath, value=//*[@id="documentListTable"]/tbody/tr[4]/td[3]}
at java.base/jdk.internal.reflect.DirectConstructorHandleAccessor.newInstance(DirectConstructorHandleAccessor.java:62)
at java.base/java.lang.reflect.Constructor.newInstanceWithCaller(Constructor.java:502)
at java.base/java.lang.reflect.Constructor.newInstance(Constructor.java:486)
at org.openqa.selenium.remote.http.W3CHttpResponseCodec.createException(W3CHttpResponseCodec.java:187)
at org.openqa.selenium.remote.http.W3CHttpResponseCodec.decode(W3CHttpResponseCodec.java:122)
at org.openqa.selenium.remote.http.W3CHttpResponseCodec.decode(W3CHttpResponseCodec.java:49)
at org.openqa.selenium.remote.HttpCommandExecutor.execute(HttpCommandExecutor.java:158)
at org.openqa.selenium.remote.service.DriverCommandExecutor.execute(DriverCommandExecutor.java:83)
at org.openqa.selenium.remote.RemoteWebDriver.execute(RemoteWebDriver.java:552)
at org.openqa.selenium.remote.RemoteWebDriver.findElement(RemoteWebDriver.java:323)
at org.openqa.selenium.remote.RemoteWebDriver.findElementByXPath(RemoteWebDriver.java:428)
at org.openqa.selenium.By$ByXPath.findElement(By.java:353)
at org.openqa.selenium.remote.RemoteWebDriver.findElement(RemoteWebDriver.java:315)
at org.openqa.selenium.support.pagefactory.DefaultElementLocator.findElement(DefaultElementLocator.java:69)
at org.openqa.selenium.support.pagefactory.internal.LocatingElementHandler.invoke(LocatingElementHandler.java:38)
at jdk.proxy2/jdk.proxy2.$Proxy26.getWrappedElement(Unknown Source)
at org.openqa.selenium.remote.internal.WebElementToJsonConverter.apply(WebElementToJsonConverter.java:50)
at java.base/java.util.stream.ReferencePipeline$3$1.accept(ReferencePipeline.java:212)
at java.base/java.util.Spliterators$ArraySpliterator.forEachRemaining(Spliterators.java:1024)
at java.base/java.util.stream.AbstractPipeline.copyInto(AbstractPipeline.java:556)
at java.base/java.util.stream.AbstractPipeline.wrapAndCopyInto(AbstractPipeline.java:546)
at java.base/java.util.stream.ReduceOps$ReduceOp.evaluateSequential(ReduceOps.java:921)
at java.base/java.util.stream.AbstractPipeline.evaluate(AbstractPipeline.java:265)
at java.base/java.util.stream.ReferencePipeline.collect(ReferencePipeline.java:702)
at org.openqa.selenium.remote.RemoteWebDriver.executeScript(RemoteWebDriver.java:484)
at Generic.BaseClass.jsclick(BaseClass.java:1193)
at Pom.Print.exports_with_convert_to_pdf_and_best_quality(Print.java:457)
at Script.PrintFunctionality.TC_F_exports_with_convert_to_pdf_and_best_quality(PrintFunctionality.java:105)
at java.base/jdk.internal.reflect.DirectMethodHandleAccessor.invoke(DirectMethodHandleAccessor.java:103)
at java.base/java.lang.reflect.Method.invoke(Method.java:580)
at org.testng.internal.MethodInvocationHelper.invokeMethod(MethodInvocationHelper.java:133)
at org.testng.internal.TestInvoker.invokeMethod(TestInvoker.java:598)
at org.testng.internal.TestInvoker.invokeTestMethod(TestInvoker.java:173)
at org.testng.internal.MethodRunner.runInSequence(MethodRunner.java:46)
at org.testng.internal.TestInvoker$MethodInvocationAgent.invoke(TestInvoker.java:824)
at org.testng.internal.TestInvoker.invokeTestMethods(TestInvoker.java:146)
at org.testng.internal.TestMethodWorker.invokeTestMethods(TestMethodWorker.java:146)
at org.testng.internal.TestMethodWorker.run(TestMethodWorker.java:128)
at java.base/java.util.ArrayList.forEach(ArrayList.java:1597)
at org.testng.TestRunner.privateRun(TestRunner.java:794)
at org.testng.TestRunner.run(TestRunner.java:596)
at org.testng.SuiteRunner.runTest(SuiteRunner.java:377)
at org.testng.SuiteRunner.runSequentially(SuiteRunner.java:371)
at org.testng.SuiteRunner.privateRun(SuiteRunner.java:332)
at org.testng.SuiteRunner.run(SuiteRunner.java:276)
at org.testng.SuiteRunnerWorker.runSuite(SuiteRunnerWorker.java:53)
at org.testng.SuiteRunnerWorker.run(SuiteRunnerWorker.java:96)
at org.testng.TestNG.runSuitesSequentially(TestNG.java:1212)
at org.testng.TestNG.runSuitesLocally(TestNG.java:1134)
at org.testng.TestNG.runSuites(TestNG.java:1063)
at org.testng.TestNG.run(TestNG.java:1031)
at org.testng.remote.AbstractRemoteTestNG.run(AbstractRemoteTestNG.java:115)
at org.testng.remote.RemoteTestNG.initAndRun(RemoteTestNG.java:293)
at org.testng.remote.RemoteTestNG.main(RemoteTestNG.java:91)
]]>
    </error>
  </testcase> <!-- TC_F_exports_with_convert_to_pdf_and_best_quality -->
  <system-out>
    <![CDATA[Step Details: Verify Export
Expand the cabinet
Expand the drawer
Click on the folder]]>
  </system-out>
  <testcase classname="Script.PrintFunctionality" name="TC_G_exports_with_convert_to_pdf_and_include_workflow_summary" time="38.774"/>
  <system-out>
    <![CDATA[Scenario 06:Verify Export with convert to PDF
Open a document and select a page
Select send to tool icon
Click on export submenu
Select convert to pdf radio button
Click on export dialog OK button
User click on refresh button]]>
  </system-out>
</testsuite> <!-- Script.PrintFunctionality -->
