<?xml version="1.0" encoding="UTF-8"?>
<!-- Generated by org.testng.reporters.JUnitReportReporter -->
<testsuite skipped="1" hostname="CIPLWKT014" name="Script.ToDoListFunctionality" tests="10" failures="0" timestamp="15 Nov 2023 10:39:44 GMT" time="249.548" errors="0">
  <testcase name="Login" time="14.127" classname="Script.ToDoListFunctionality"/>
  <testcase name="SendDoc" time="45.039" classname="Script.ToDoListFunctionality"/>
  <testcase name="refrshAndLogVidyaUser" time="30.999" classname="Script.ToDoListFunctionality"/>
  <testcase name="SendAndNewItemsMetaDataAgree" time="22.123" classname="Script.ToDoListFunctionality"/>
  <testcase name="Task2UserNishaAccept" time="26.746" classname="Script.ToDoListFunctionality"/>
  <testcase name="TaskUser2RNishaRejectTheDocument" time="31.174" classname="Script.ToDoListFunctionality"/>
  <testcase name="refrshAndLogDipak" time="20.661" classname="Script.ToDoListFunctionality"/>
  <testcase name="SummaryStatusDialogBoxFucntions" time="19.005" classname="Script.ToDoListFunctionality"/>
  <testcase name="DocEndedFromTask3DipakUser" time="10.562" classname="Script.ToDoListFunctionality">
    <skipped/>
  </testcase> <!-- DocEndedFromTask3DipakUser -->
  <testcase name="DocEndedFromTask3DipakUser" time="29.112" classname="Script.ToDoListFunctionality"/>
</testsuite> <!-- Script.ToDoListFunctionality -->
