<?xml version="1.0" encoding="UTF-8"?>
<!-- Generated by org.testng.reporters.JUnitReportReporter -->
<testsuite skipped="1" hostname="CIPLWKT014" name="Script.SecureLink" tests="6" failures="0" timestamp="26 Feb 2024 14:41:48 GMT" time="291.629" errors="0">
  <testcase name="Login" time="20.447" classname="Script.SecureLink"/>
  <testcase name="DocumentSendToSecureLink" time="83.819" classname="Script.SecureLink"/>
  <testcase name="SecureLinkFromSearchTab" time="53.765" classname="Script.SecureLink"/>
  <testcase name="SecureLinkFromDocumentList" time="33.940" classname="Script.SecureLink">
    <skipped/>
  </testcase> <!-- SecureLinkFromDocumentList -->
  <testcase name="SecureLinkFromDocumentList" time="36.573" classname="Script.SecureLink"/>
  <testcase name="SentDocumentToView" time="63.085" classname="Script.SecureLink"/>
</testsuite> <!-- Script.SecureLink -->
