<?xml version="1.0" encoding="UTF-8"?>
<!-- Generated by org.testng.reporters.JUnitReportReporter -->
<testsuite skipped="0" hostname="CIPLWKT014" name="Script.TodoListDynamicWorkFlowWithRejectCondition" tests="8" failures="0" timestamp="24 Jun 2024 12:15:47 GMT" time="483.092" errors="0">
  <testcase name="Login" time="18.623" classname="Script.TodoListDynamicWorkFlowWithRejectCondition"/>
  <testcase name="DynamicWf" time="185.835" classname="Script.TodoListDynamicWorkFlowWithRejectCondition"/>
  <testcase name="dyanamic_wf_AndLogVidyaUser" time="79.551" classname="Script.TodoListDynamicWorkFlowWithRejectCondition"/>
  <testcase name="TC_1_dynamicWF_MetaDataAgree_Vidya" time="39.873" classname="Script.TodoListDynamicWorkFlowWithRejectCondition"/>
  <testcase name="TC_2_dynamic_WF_Task2UserNisha" time="39.515" classname="Script.TodoListDynamicWorkFlowWithRejectCondition"/>
  <testcase name="TC_3_DynamicWF_user2_RNishaAcceptTheDocument" time="56.528" classname="Script.TodoListDynamicWorkFlowWithRejectCondition"/>
  <testcase name="TC_4_DynamicWFrefrshAndLogDipak" time="34.279" classname="Script.TodoListDynamicWorkFlowWithRejectCondition"/>
  <testcase name="TC_5_DynamicWF_user3_DipakRejectTheDocument" time="28.888" classname="Script.TodoListDynamicWorkFlowWithRejectCondition"/>
</testsuite> <!-- Script.TodoListDynamicWorkFlowWithRejectCondition -->
