<?xml version="1.0" encoding="UTF-8"?>
<!-- Generated by org.testng.reporters.JUnitReportReporter -->
<testsuite skipped="0" hostname="CIPLWKT014" name="Script.ExpandNodesNR" tests="2" failures="0" timestamp="31 Jul 2024 12:47:11 GMT" time="52.190" errors="0">
  <testcase name="TC_1_Login" time="38.278" classname="Script.ExpandNodesNR"/>
  <testcase name="expandCabinets" time="13.912" classname="Script.ExpandNodesNR"/>
</testsuite> <!-- Script.ExpandNodesNR -->
