<?xml version="1.0" encoding="UTF-8"?>
<!-- Generated by org.testng.reporters.JUnitReportReporter -->
<testsuite skipped="0" hostname="CIPLWKT014" name="Script.LargeFiles_AutomationTesting" tests="5" failures="0" timestamp="26 Feb 2024 14:41:48 GMT" time="467.760" errors="0">
  <testcase name="Login_EWA" time="13.241" classname="Script.LargeFiles_AutomationTesting"/>
  <testcase name="TC_1_Upload_and_verify_Large_PDF_file" time="118.340" classname="Script.LargeFiles_AutomationTesting"/>
  <testcase name="TC_2_Upload_and_verify_Large_TIFF_file" time="94.012" classname="Script.LargeFiles_AutomationTesting"/>
  <testcase name="TC_3_Upload_and_verify_Large_DOCX_file" time="119.925" classname="Script.LargeFiles_AutomationTesting"/>
  <testcase name="TC_4_Upload_and_verify_Large_XLSX_file" time="122.242" classname="Script.LargeFiles_AutomationTesting"/>
</testsuite> <!-- Script.LargeFiles_AutomationTesting -->
