<?xml version="1.0" encoding="UTF-8"?>
<!-- Generated by org.testng.reporters.JUnitReportReporter -->
<testsuite skipped="0" hostname="CIPLWKT014" name="Script.My_Preferences_Add_signature" tests="3" failures="0" timestamp="24 Jun 2024 02:51:53 GMT" time="501.627" errors="0">
  <testcase name="Login_EWA" time="30.458" classname="Script.My_Preferences_Add_signature"/>
  <testcase name="TC_01_Verify_Upload_New_Signature" time="239.062" classname="Script.My_Preferences_Add_signature"/>
  <testcase name="TC_02_Verify_Type_New_Signature" time="232.107" classname="Script.My_Preferences_Add_signature"/>
</testsuite> <!-- Script.My_Preferences_Add_signature -->
