<?xml version="1.0" encoding="UTF-8"?>
<!-- Generated by org.testng.reporters.JUnitReportReporter -->
<testsuite skipped="0" hostname="CIPLWKT014" name="Script.Language_Hindi" tests="1" failures="0" timestamp="03 Jan 2024 07:03:17 GMT" time="21.869" errors="0">
  <testcase name="Login" time="21.869" classname="Script.Language_Hindi"/>
</testsuite> <!-- Script.Language_Hindi -->
