<?xml version="1.0" encoding="UTF-8"?>
<!-- Generated by org.testng.reporters.JUnitReportReporter -->
<testsuite skipped="0" hostname="CIPLWKT014" name="Script.My_Preferences_DateFormat" tests="4" failures="0" timestamp="18 Jan 2024 04:13:16 GMT" time="224.641" errors="0">
  <testcase name="Verify_DateFormat_YYYY_MM_DD" time="59.442" classname="Script.My_Preferences_DateFormat"/>
  <testcase name="Verify_DateFormat_DD_MM_YYYY" time="53.616" classname="Script.My_Preferences_DateFormat"/>
  <testcase name="Verify_DateFormat_MM_DD_YYYY" time="53.448" classname="Script.My_Preferences_DateFormat"/>
  <testcase name="Verify_DateFormat_Default" time="58.135" classname="Script.My_Preferences_DateFormat"/>
</testsuite> <!-- Script.My_Preferences_DateFormat -->
