<?xml version="1.0" encoding="UTF-8"?>
<!-- Generated by org.testng.reporters.JUnitReportReporter -->
<testsuite hostname="CIPLWKT014" failures="0" tests="6" name="Script.RegisterStamp_Default_Viewing" time="955.302" errors="1" timestamp="2024-10-03T13:43:34 IST" skipped="0">
  <testcase classname="Script.RegisterStamp_Default_Viewing" name="Login" time="39.579"/>
  <system-out>
    <![CDATA[Scenario 01: Log into EWA
Enter valid user name into username field
Enter valid password into password field
Select a Room
Click Login button
Session message not appeared
User logged in successfully... ]]>
  </system-out>
  <testcase classname="Script.RegisterStamp_Default_Viewing" name="TC_A_Advanced_View" time="9.941"/>
  <system-out>
    <![CDATA[Scenario 1:Go to My Preference,Change the Default viewing as Advanced viewer
Click on Setting icon
Go to Mypreference
Set the office document to advanced viewing
Set the PDF document to advanced viewing
Click on Apply button
Advanced viewer mode has been set successfully...]]>
  </system-out>
  <testcase classname="Script.RegisterStamp_Default_Viewing" name="TestCase_2_Add_Stamp_SignHere" time="192.018"/>
  <system-out>
    <![CDATA[Click the New Document tab.
Click the 'Select destination folder location' text box.
'Browse for folder' dialog should be open.
Expand the cabinet
Expand drawer
Select a folder
Folder selected successfully...
Click on 'Select document type' dropdown and select the document type.
Document type selected successfully...
Enter the value into index field
Mouse hover on the browse icon
Select New PDF document
Enter the file name
Click on the create button
Scenario 01: Open an existing document and send it to WorkFlow
Before Click
After Click
Stamp Added Successfully
Scenario 01: Open an existing document and send it to WorkFlow
Before Click
After Click
Stamp Added Successfully
Scenario 01: Open an existing document and send it to WorkFlow
Before Click
After Click
Stamp Added Successfully
Scenario 01: Open an existing document and send it to WorkFlow
Before Click
After Click
Stamp Added Successfully
Scenario 01: Open an existing document and send it to WorkFlow
Before Click
After Click
Stamp Added Successfully
Click on the save icon from viewer toolbar
The added data has been saved successfully...
Click on the close icon
Document closed successfully...
Reopen the created word file document...
All saved data should be displayed successfully...
Word Document verified successful]]>
  </system-out>
  <testcase classname="Script.RegisterStamp_Default_Viewing" name="TestCase_3_Dynamic_Stamp" time="216.672"/>
  <system-out>
    <![CDATA[Click the New Document tab.
Click the 'Select destination folder location' text box.
'Browse for folder' dialog should be open.
Expand the cabinet
Expand drawer
Select a folder
Folder selected successfully...
Click on 'Select document type' dropdown and select the document type.
Document type selected successfully...
Enter the value into index field
Mouse hover on the browse icon
Select New PDF document
Enter the file name
Click on the create button
Scenario 01: Open an existing document and send it to WorkFlow
Before Click
After Click
Stamp Added Successfully
Scenario 01: Open an existing document and send it to WorkFlow
Before Click
After Click
Stamp Added Successfully
Scenario 01: Open an existing document and send it to WorkFlow
Before Click
After Click
Stamp Added Successfully
Scenario 01: Open an existing document and send it to WorkFlow
Before Click
After Click
Stamp Added Successfully
Scenario 01: Open an existing document and send it to WorkFlow
Before Click
After Click
Stamp Added Successfully
Scenario 01: Open an existing document and send it to WorkFlow
Before Click
After Click
Stamp Added Successfully
Click on the save icon from viewer toolbar
The added data has been saved successfully...
Click on the close icon
Document closed successfully...
Reopen the created word file document...
All saved data should be displayed successfully...]]>
  </system-out>
  <testcase classname="Script.RegisterStamp_Default_Viewing" name="TestCase_4_Standard_Stamp" time="337.236"/>
  <system-out>
    <![CDATA[Click the New Document tab.
Click the 'Select destination folder location' text box.
'Browse for folder' dialog should be open.
Expand the cabinet
Expand drawer
Select a folder
Folder selected successfully...
Click on 'Select document type' dropdown and select the document type.
Document type selected successfully...
Enter the value into index field
Add a file  by using auto IT
Mouse hover on the browse icon
Click on the create button
Scenario 01: Open an existing document and send it to WorkFlow
Before Click
After Click
Stamp Added Successfully
Scenario 01: Open an existing document and send it to WorkFlow
Before Click
After Click
Stamp Added Successfully
Scenario 01: Open an existing document and send it to WorkFlow
Before Click
After Click
Stamp Added Successfully
Scenario 01: Open an existing document and send it to WorkFlow
Before Click
After Click
Stamp Added Successfully
Scenario 01: Open an existing document and send it to WorkFlow
Before Click
After Click
Stamp Added Successfully
Scenario 01: Open an existing document and send it to WorkFlow
Before Click
After Click
Stamp Added Successfully
Scenario 01: Open an existing document and send it to WorkFlow
Before Click
After Click
Stamp Added Successfully
Scenario 01: Open an existing document and send it to WorkFlow
Before Click
After Click
Stamp Added Successfully
Scenario 01: Open an existing document and send it to WorkFlow
Before Click
After Click
Stamp Added Successfully
Scenario 01: Open an existing document and send it to WorkFlow
Before Click
After Click
Stamp Added Successfully
Scenario 01: Open an existing document and send it to WorkFlow
Before Click
After Click
Stamp Added Successfully
Scenario 01: Open an existing document and send it to WorkFlow
Before Click
After Click
Stamp Added Successfully
Click on the save icon from viewer toolbar
The added data has been saved successfully...
Click on the close icon
Document closed successfully...
Reopen the created word file document...
All saved data should be displayed successfully...]]>
  </system-out>
  <testcase classname="Script.RegisterStamp_Default_Viewing" name="TestCase_5_Custom_Stamp" time="159.856">
    <error message="java.lang.reflect.InvocationTargetException
Build info: version: &#039;3.141.59&#039;, revision: &#039;e82be7d358&#039;, time: &#039;2018-11-14T08:25:53&#039;
System info: host: &#039;CIPLWKT014&#039;, ip: &#039;10.4.8.14&#039;, os.name: &#039;Windows 10&#039;, os.arch: &#039;amd64&#039;, os.version: &#039;10.0&#039;, java.version: &#039;22.0.2&#039;
Driver info: driver.version: RemoteWebDriver" type="org.openqa.selenium.json.JsonException">
      <![CDATA[org.openqa.selenium.json.JsonException: java.lang.reflect.InvocationTargetException
Build info: version: '3.141.59', revision: 'e82be7d358', time: '2018-11-14T08:25:53'
System info: host: 'CIPLWKT014', ip: '10.4.8.14', os.name: 'Windows 10', os.arch: 'amd64', os.version: '10.0', java.version: '22.0.2'
Driver info: driver.version: RemoteWebDriver
at org.openqa.selenium.json.JsonOutput.convertUsingMethod(JsonOutput.java:332)
at org.openqa.selenium.json.JsonOutput.lambda$new$16(JsonOutput.java:155)
at org.openqa.selenium.json.JsonOutput.write(JsonOutput.java:264)
at org.openqa.selenium.json.JsonOutput.lambda$null$21(JsonOutput.java:168)
at java.base/java.util.LinkedHashMap$LinkedValues.forEach(LinkedHashMap.java:833)
at org.openqa.selenium.json.JsonOutput.lambda$new$22(JsonOutput.java:168)
at org.openqa.selenium.json.JsonOutput.write(JsonOutput.java:264)
at org.openqa.selenium.json.JsonOutput.lambda$null$23(JsonOutput.java:177)
at com.google.common.collect.SingletonImmutableBiMap.forEach(SingletonImmutableBiMap.java:65)
at org.openqa.selenium.json.JsonOutput.lambda$new$24(JsonOutput.java:176)
at org.openqa.selenium.json.JsonOutput.write(JsonOutput.java:264)
at org.openqa.selenium.json.JsonOutput.write(JsonOutput.java:255)
at org.openqa.selenium.json.Json.toJson(Json.java:42)
at org.openqa.selenium.remote.http.AbstractHttpCommandCodec.encode(AbstractHttpCommandCodec.java:227)
at org.openqa.selenium.remote.http.AbstractHttpCommandCodec.encode(AbstractHttpCommandCodec.java:117)
at org.openqa.selenium.remote.HttpCommandExecutor.execute(HttpCommandExecutor.java:152)
at org.openqa.selenium.remote.service.DriverCommandExecutor.execute(DriverCommandExecutor.java:83)
at org.openqa.selenium.remote.RemoteWebDriver.execute(RemoteWebDriver.java:552)
at org.openqa.selenium.remote.RemoteWebDriver.perform(RemoteWebDriver.java:618)
at org.openqa.selenium.interactions.Actions$BuiltAction.perform(Actions.java:639)
at org.openqa.selenium.interactions.Actions.perform(Actions.java:595)
at Pom.AdvancedViewer.CustomAllStamps(AdvancedViewer.java:2327)
at Script.RegisterStamp_Default_Viewing.TestCase_5_Custom_Stamp(RegisterStamp_Default_Viewing.java:80)
at java.base/jdk.internal.reflect.DirectMethodHandleAccessor.invoke(DirectMethodHandleAccessor.java:103)
at java.base/java.lang.reflect.Method.invoke(Method.java:580)
at org.testng.internal.MethodInvocationHelper.invokeMethod(MethodInvocationHelper.java:133)
at org.testng.internal.TestInvoker.invokeMethod(TestInvoker.java:598)
at org.testng.internal.TestInvoker.invokeTestMethod(TestInvoker.java:173)
at org.testng.internal.MethodRunner.runInSequence(MethodRunner.java:46)
at org.testng.internal.TestInvoker$MethodInvocationAgent.invoke(TestInvoker.java:824)
at org.testng.internal.TestInvoker.invokeTestMethods(TestInvoker.java:146)
at org.testng.internal.TestMethodWorker.invokeTestMethods(TestMethodWorker.java:146)
at org.testng.internal.TestMethodWorker.run(TestMethodWorker.java:128)
at java.base/java.util.ArrayList.forEach(ArrayList.java:1597)
at org.testng.TestRunner.privateRun(TestRunner.java:794)
at org.testng.TestRunner.run(TestRunner.java:596)
at org.testng.SuiteRunner.runTest(SuiteRunner.java:377)
at org.testng.SuiteRunner.runSequentially(SuiteRunner.java:371)
at org.testng.SuiteRunner.privateRun(SuiteRunner.java:332)
at org.testng.SuiteRunner.run(SuiteRunner.java:276)
at org.testng.SuiteRunnerWorker.runSuite(SuiteRunnerWorker.java:53)
at org.testng.SuiteRunnerWorker.run(SuiteRunnerWorker.java:96)
at org.testng.TestNG.runSuitesSequentially(TestNG.java:1212)
at org.testng.TestNG.runSuitesLocally(TestNG.java:1134)
at org.testng.TestNG.runSuites(TestNG.java:1063)
at org.testng.TestNG.run(TestNG.java:1031)
at org.testng.remote.AbstractRemoteTestNG.run(AbstractRemoteTestNG.java:115)
at org.testng.remote.RemoteTestNG.initAndRun(RemoteTestNG.java:293)
at org.testng.remote.RemoteTestNG.main(RemoteTestNG.java:91)
Suppressed: org.openqa.selenium.json.JsonException: Attempting to close incomplete json stream
Build info: version: '3.141.59', revision: 'e82be7d358', time: '2018-11-14T08:25:53'
System info: host: 'CIPLWKT014', ip: '10.4.8.14', os.name: 'Windows 10', os.arch: 'amd64', os.version: '10.0', java.version: '22.0.2'
Driver info: driver.version: RemoteWebDriver
at org.openqa.selenium.json.JsonOutput.close(JsonOutput.java:279)
at org.openqa.selenium.json.Json.toJson(Json.java:44)
... 36 more
Caused by: java.lang.reflect.InvocationTargetException
at java.base/jdk.internal.reflect.DirectMethodHandleAccessor.invoke(DirectMethodHandleAccessor.java:118)
at java.base/java.lang.reflect.Method.invoke(Method.java:580)
at org.openqa.selenium.json.JsonOutput.convertUsingMethod(JsonOutput.java:328)
... 48 more
Caused by: org.openqa.selenium.NoSuchElementException: no such element: Unable to locate element: {"method":"xpath","selector":"(//ul[@class='e-menu-parent e-ul '])[1]/li[5]"}
  (Session info: chrome=128.0.6613.138)
For documentation on this error, please visit: https://www.seleniumhq.org/exceptions/no_such_element.html
Build info: version: '3.141.59', revision: 'e82be7d358', time: '2018-11-14T08:25:53'
System info: host: 'CIPLWKT014', ip: '10.4.8.14', os.name: 'Windows 10', os.arch: 'amd64', os.version: '10.0', java.version: '22.0.2'
Driver info: org.openqa.selenium.chrome.ChromeDriver
Capabilities {acceptInsecureCerts: false, browserName: chrome, browserVersion: 128.0.6613.138, chrome: {chromedriverVersion: 128.0.6613.137 (fe621c5aa2d..., userDataDir: C:\Users\nisha.r\AppData\Lo...}, fedcm:accounts: true, goog:chromeOptions: {debuggerAddress: localhost:58059}, javascriptEnabled: true, networkConnectionEnabled: false, pageLoadStrategy: normal, platform: WINDOWS, platformName: WINDOWS, proxy: Proxy(), setWindowRect: true, strictFileInteractability: false, timeouts: {implicit: 0, pageLoad: 300000, script: 30000}, unhandledPromptBehavior: dismiss and notify, webauthn:extension:credBlob: true, webauthn:extension:largeBlob: true, webauthn:extension:minPinLength: true, webauthn:extension:prf: true, webauthn:virtualAuthenticators: true}
Session ID: 8752d5808be74deaa87513777e108795
*** Element info: {Using=xpath, value=(//ul[@class='e-menu-parent e-ul '])[1]/li[5]}
at java.base/jdk.internal.reflect.DirectConstructorHandleAccessor.newInstance(DirectConstructorHandleAccessor.java:62)
at java.base/java.lang.reflect.Constructor.newInstanceWithCaller(Constructor.java:502)
at java.base/java.lang.reflect.Constructor.newInstance(Constructor.java:486)
at org.openqa.selenium.remote.http.W3CHttpResponseCodec.createException(W3CHttpResponseCodec.java:187)
at org.openqa.selenium.remote.http.W3CHttpResponseCodec.decode(W3CHttpResponseCodec.java:122)
at org.openqa.selenium.remote.http.W3CHttpResponseCodec.decode(W3CHttpResponseCodec.java:49)
at org.openqa.selenium.remote.HttpCommandExecutor.execute(HttpCommandExecutor.java:158)
at org.openqa.selenium.remote.service.DriverCommandExecutor.execute(DriverCommandExecutor.java:83)
at org.openqa.selenium.remote.RemoteWebDriver.execute(RemoteWebDriver.java:552)
at org.openqa.selenium.remote.RemoteWebDriver.findElement(RemoteWebDriver.java:323)
at org.openqa.selenium.remote.RemoteWebDriver.findElementByXPath(RemoteWebDriver.java:428)
at org.openqa.selenium.By$ByXPath.findElement(By.java:353)
at org.openqa.selenium.remote.RemoteWebDriver.findElement(RemoteWebDriver.java:315)
at org.openqa.selenium.support.pagefactory.DefaultElementLocator.findElement(DefaultElementLocator.java:69)
at org.openqa.selenium.support.pagefactory.internal.LocatingElementHandler.invoke(LocatingElementHandler.java:38)
at jdk.proxy2/jdk.proxy2.$Proxy26.getWrappedElement(Unknown Source)
at org.openqa.selenium.interactions.PointerInput$Origin.asArg(PointerInput.java:204)
at org.openqa.selenium.interactions.PointerInput$Move.encode(PointerInput.java:155)
at org.openqa.selenium.interactions.Sequence.encode(Sequence.java:75)
at org.openqa.selenium.interactions.Sequence.toJson(Sequence.java:84)
at java.base/jdk.internal.reflect.DirectMethodHandleAccessor.invoke(DirectMethodHandleAccessor.java:103)
... 50 more
]]>
    </error>
  </testcase> <!-- TestCase_5_Custom_Stamp -->
  <system-out>
    <![CDATA[Click the New Document tab.
Click the 'Select destination folder location' text box.
'Browse for folder' dialog should be open.
Expand the cabinet
Expand drawer
Select a folder
Folder selected successfully...
Click on 'Select document type' dropdown and select the document type.
Document type selected successfully...
Enter the value into index field
Add a file  by using auto IT
Mouse hover on the browse icon
Click on the create button
Scenario 01: Open an existing document and send it to WorkFlow
Scenario 01: Open an existing document and send it to WorkFlow]]>
  </system-out>
</testsuite> <!-- Script.RegisterStamp_Default_Viewing -->
