<?xml version="1.0" encoding="UTF-8"?>
<!-- Generated by org.testng.reporters.JUnitReportReporter -->
<testsuite hostname="CIPLWKT014" failures="0" tests="4" name="Computhink.Script.SecureLink_Negative_Scenerio" time="186.213" errors="0" timestamp="2024-11-14T20:35:28 IST" skipped="0">
  <testcase classname="Computhink.Script.SecureLink_Negative_Scenerio" name="TC_1_SecureLinkInvalidRecepient_Mail_ID_ValidConfirm_Mail" time="102.035">
    <system-out>
      <![CDATA[Negative Scenario 01: Check Securelink with Invalid Email ID 
Expand a cabinet
Expand a drawer
Open a folder
Open a document
Locked message displayed
No Alert is present
Click on check box
Click on sendto icon
Select secure link submenu
User should enter invalid email into email textbox
Click on securelink dialog OK button
It should displayed 'Please enter valid recipient email id' dialog on the page  
Secure link - invalid email id scenario verified successfully]]>
    </system-out>
  </testcase> <!-- TC_1_SecureLinkInvalidRecepient_Mail_ID_ValidConfirm_Mail -->
  <testcase classname="Computhink.Script.SecureLink_Negative_Scenerio" name="TC_2_SendToSecureLinkwithout_Email_ID_BlankTest" time="21.500">
    <system-out>
      <![CDATA[Scenario 2: Securelink with blank email ID
Email id should be blank
Click on securelink dialog OK button
User should get 'Please enter recipient email id' Warning dialog box
Warning dialog displayed successfull,Blank mail Scenario verified successfully]]>
    </system-out>
  </testcase> <!-- TC_2_SendToSecureLinkwithout_Email_ID_BlankTest -->
  <testcase classname="Computhink.Script.SecureLink_Negative_Scenerio" name="TC_3_SecLinkReceipientDailogBoxInvalid_Email_ID" time="38.406">
    <system-out>
      <![CDATA[Negative Scenario 3: Securelink with valid email and invalid confirm mail 
Enter a valid email id into email field
Click on modify check box
User should enter invalid email id into cofirm mail text box
Click on securelink dialog OK button
Sending secure link mail from viewer page,select the document from page List the Selected Page was sent Successfully...Mail has received.
USer should get 'Email id mismatch' warning dialog
 Warning dialog displayed...Valid email - invalid confirm mail scenario verified successfully...]]>
    </system-out>
  </testcase> <!-- TC_3_SecLinkReceipientDailogBoxInvalid_Email_ID -->
  <testcase classname="Computhink.Script.SecureLink_Negative_Scenerio" name="TC_4_SecLinkReceipientMailBlank" time="24.272">
    <system-out>
      <![CDATA[Negative Scenario 4:Securelink first dialog box has Valid email and Valid confirm email ID/ Securelink  Second dialog box should be blank 
Enter valid email
Enter valid confirm email
Blank mail id:Unable to send the document into secure link
Click on first securelink dialog box OK button
Should not enter email id,just click on second securelink dilaog box OK button
User should get'Email id Mismatch' warning alert
 Warning alert displayed...]]>
    </system-out>
  </testcase> <!-- TC_4_SecLinkReceipientMailBlank -->
  <system-out>
    <![CDATA[Chrome driver launched successfull
Chrome Browser launched Successfully...
Launched Contentverse URL Details: http://10.4.10.99:8080/CVWeb/cvLgn
No error message found
Page title name: Contentverse
EWA URL launched successfull
Contentverse URL launched successfully...
Scenario 01: Log into EWA
Enter valid user name into username field
UserName Details: Subham
Enter valid password into password field
Select a Room
Captcha is not present, proceeding with login.
Click Login button
Session message did not appear. Proceeding with login.
User logged in successfully... 
User click on setting icon
User click on the my preference tab
User changes pdf document as default viewing
User click on Apply button and the default view successfully applied...
Scenario 2:Open the document and Add Redaction Annotation on the page
Click on room context menu tab
Mouse hover on the annotation icon
Click on Redaction button
Create redaction on the page
Enter the name(label) for the redaction
Enter a password to the lock Redaction dialog box
Confirm a password to the lock Redaction dialog box
Click Redaction dialog OK button
Mouse hover on annotation tool icon
Redaction added on the page successfully...
Click on unlock redaction button in the annotation submenu
Click Redaction dialog OK button
Enter a valid password into the unlock Redaction dialog box
The Redaction got unlocked successfully...
Create Redation and Unlock Redaction Verified successfully...
Scenario 03: Verify Highlight annotation 
Click on annotation icon
Click on highlight tool button
Highlight a portion of the page
Click on save icon
The Highlight annotation  has been updated on the document page successfully
Scenario 04: Verify Sticky note annotation 
Mouse hover on annotation icon
Click on Sticky Note tool button
Click on the page and add stickynote
Sticky note tool dialog opened, Place comments on the stickynote dialog box
Click on the stickynote tool dialog box OK button
Click on save button
The Stickynote annotation  has been updated on the document page successfully
Scenario 05: verify RubberStamp annotation 
Mouse hover on annotation icon
Click on the Rubber Stamp tool button
Drag the Rubber stamp on the page
Choose Rubber stamp from the dropdown list and click on annotation properties dialog OK button
Click on save button
The Rubber stamp annotation  has been updated on the document page successfully
Scenario 06: Verify Rectangle annotation tool
Mouse hover on annotation tool icon
Click on the rectangle tool button
Draw the rectangle shape on the page
Click on save button
The Rectangle annotation  has been updated on the document page successfully
Scenario 07: verify Stamp annotation tool
Switch to the second page
Mouse hover on annotation tool icon
Click on Stamp annotation tool button
Drag on the page, it will open the add picture dialog box
Click on choose file
Add the image from folder by using Auto IT
Click on add picture dialog OK button
Click on save button
The Stamp annotation  has been updated on the document page successfully
Scenario 08: Verify Line annotation
Mouse hover on annotation tool icon
Click on the line tool button
Draw the line on the page
Click on the save button
The line annotation  has been updated on the document page successfully
==============================================================================
Scenario 9: Verify ellipse annotation 
Mouse  on the annotation tool icon
Click on ellipse tool button
Draw the ellipse on the page
Click on save button
The ellipse annotation  has been updated on the document page successfully
Scenario 10: Verify Signature annotation 
Mouse  on the annotation tool icon
Click on singature tool button
Single click on the page
Password dialog box not present
Add the signature on the page
Click on save button
The Signature annotation  has been updated on the document page successfully
Scenario 11: Verify polygon annotation 
Mouse hover on annotation tool icon
Click on polygon tool button
Draw the polygon on the page.The Polygon annotation  has been updated on the document page successfully
========================================================================================================
Scenario 12:Close and reopen the document to check whether the annotations are visible or not
Click on close icon
Reopen the document again
Page alert is not present
All the added annotations are visible on the page successfully... 
All updated annotations are visible on the second page, there is no data loss
Scenario 1:Go to My Preference,Change the Default viewing as Advanced viewer
Click on Setting icon
Go to Mypreference
Set the office document to advanced viewing
Set the PDF document to advanced viewing
Click on Apply button
Advanced viewer mode has been set successfully...
Scenario 2: Create a document with Advanced viewer -  new word document.
Click the New Document tab.
Scenario 2: Create a document with Advanced viewer -  new word document.
Click the New Document tab.
Click the 'Select destination folder location' text box.
'Brower for folder' dialog should be open.
Expand the cabinet
Expand drawer
Select a folder
Folder selected successful...
Click on 'Select document type' dropdown and select the document type.
Document type selected successful...
Enter the value into index field
Mouse hover on the browse icon
Select a 'New Word Document'
Enter file name dialog should be open.
Enter the file name.
Click on OK button.
'Enter file name' dialog should be closed successful...
Click on Create button
'Document Created Successfully' dialog should be displayed
Click on View option
Enter data into the page
Click on the Save icon from viewer tool bar.
Scenario 2: Create a document with Advanced viewer -  new word document.
Click the New Document tab.
Click the 'Select destination folder location' text box.
'Brower for folder' dialog should be open.
Expand the cabinet
Scenario 2: Create a document with Advanced viewer -  new word document.
Click the New Document tab.
Click the 'Select destination folder location' text box.
'Brower for folder' dialog should be open.
Expand the cabinet
Scenario 4:Create a document with Advanced viewer -  new PDF document 
Click on New Document tab
Scenario 4:Create a document with Advanced viewer -  new PDF document 
Click on New Document tab
Scenario 4:Create a document with Advanced viewer -  new PDF document 
Click on New Document tab
Scenario 4:Create a document with Advanced viewer -  new PDF document 
Click on New Document tab
Scenario 3: Create a document with Advanced viewer - 'New Excel Document' 
Click on the New Document tab
Scenario 3: Create a document with Advanced viewer - 'New Excel Document' 
Click on the New Document tab
Scenario 3: Create a document with Advanced viewer - 'New Excel Document' 
Click on the New Document tab
Scenario 3: Create a document with Advanced viewer - 'New Excel Document' 
Click on the New Document tab
Scenario 01: Search tab - blank search
Scenario 01: Search tab - blank search
User click on Search tab
Click on find button
It should list all the document successfully...
Click on clear button
Searched document list cleared successfull
Scenario 02: Search - load more count
User click on Search tab
Click on find button
Scroll down the searched list,now user can able to see the 'loadmore' button
Click on load more button
Scroll down the searched list,again it will show the 'load more' button
Click on load more button again
NoAlertIsPresent
It should show 'no more data found' warning alert, Warning alert displayed successfull
Click on OK button
It should close the Alert dialog successfull
Click on clear button
Scenario 03: Search tab - Index search contains 'Exact Phrase'
User click on search tab
Enter value on index search contains textbox
Click on find button
It should list the document on the page, document displayed successfull...
Search tab: Exact phrase index contains search working fine
Click on Clear button
It should clear the searched document list successfully
Scenario 04: Search tab- Index contains 'AtleastOneOfTheWord'
User click on Search tab
User click on atleastoneofthe word submenu
User enter the value into  index contains text box
User click on find button
It should display document on the page
Searchfunctionality with exact phrase index contains search working fine
Scenario 05:Search tab Index contains 'AtleastOneOfTheWord'
Click on Index contains search 'all of th word' submenu
Enter value in index contains search textbox
Click on find button
It should display the document on the page, Document dislpayed successsfull...
Index contains search 'all of the word' working fine...
It should display the document on the page, Document dislpayed successsfull...
Index contains search 'all of the word' working fine...
Click on clear button
Scenario 10: Verify 'Select document location' - folder
Click on search tab
Click on 'Select search location' textbox
Expand a cabinet
Scenario 10: Verify 'Select document location' - folder
Click on search tab
Click on 'Select search location' textbox
Expand a cabinet
Scenario 10: Verify 'Select document location' - folder
Click on search tab
Click on 'Select search location' textbox
Expand a cabinet
Expand a drawer
Select a folder
Click on 'Select search location' dialog OK button
Click on find button
It should display the particular selected folder documents on the page
Scneario 11: Verify 'Select Document location' - drawer
Click on search tab
Click on 'Select Document location' textbox
Expand a cabinet
Scneario 11: Verify 'Select Document location' - drawer
Click on search tab
Click on 'Select Document location' textbox
Expand a cabinet
Select a drawer
Click on 'Select Document location' dialog OK button
Click on find button
It should display the particular drawer document on the page
Scenario 12: Verify 'Select Document location'- cabinet 
Click on search tab
Click on 'Select Document location' textbox
Expand a cabinet
Click on 'Select Document location' dialog OK button
Click on find button
It should display the searched cabinet document on the page
Scenario 13: Verify search tab ('Document Type')
Click on document type dropdown
User should select a document type
Click on find button
It should display the searched document type documents on the page
Scenario 14:Verify Search tab  ('document creator')
Scenario 14:Verify Search tab  ('document creator')
Click on search tab
Select a document creator from the dropdown
Click on find button
It should display the searched creator documents on the page
Scenario 14:Verify Search tab-Workflow status(Reject option)
Click on workflow status dropdown
Select Reject option
Click on find button
It should display the rejected workflow documents on the page
Click on clear button
Listed document cleared successfully...
=================================================================
Scenario 15:  Verify Search tab-Workflow status(Pending option)
Select the workflow dropdown pending Option
Click on find button
It should display the wrokflow status pending documents on the page
Click on clear button
Listed document cleared successfully...
===============================================================================
Scenario 16: Verify Search tab-Workflow status(Workflow completed option)
Select a workflow dropdown 'workflow completed' option
USer click on find button
It should display the wrokflow completed documents on the page
Click on clear button
Listed document cleared successfully...
===============================================================================
Scenario 17: Verify Search tab-Workflow status(Endworkflow option)
Select a workflow dropdown  'endworkflow' option
Click on find button
It should display the workflow ended documents on the page
Click on clear button
Listed document cleared successfully...
===============================================================================
Scenario 18: Verify Search tab-Workflow status(TaskCompleted option)
Select a workflow dropdown  Task completed Option
Click on find button
It should display the Task completed documents on the page
Click on clear button
Listed document cleared successfully...
===============================================================================
Scenario 19:Search tab- TextContains search 'alloftheword' option
NOTE:Start the indexer server then execute the mentioned SQL statement 'ALTER FULLTEXT INDEX ON Indexer START FULL POPULATION
Select * from Indexer
Click on search tab
Select text contains 'alloftheword' option
Start the  indexer by using sql statement
Click on find button
It will automatically  list all the indexed document relate to the search
Click on find button
AlertNotPresent
open the document from the list, verify the thumbnail it will be highlihted for the particular search.
AlertNotPresent
Scenario 20:Search tab- TextContains search 'AtLeasetOneOFTheWord' option
NOTE:Start the indexer server then execute the mentioned SQL statement 'ALTER FULLTEXT INDEX ON Indexer START FULL POPULATION
Select * from Indexer
Click on search tab
Select text contains 'AtLeastOneOFTheWord' option
Start the  indexer by using sql statement
It will automatically  list all the indexed document relate to the search
open the document from the list, verify the thumbnail it will be highlihted for the particular search.
AlertNotPresent
Scenario 21:Search tab- TextContains search 'AtPartOFTheWord' option
NOTE:Start the indexer server then execute the mentioned SQL statement 'ALTER FULLTEXT INDEX ON Indexer START FULL POPULATION
Select * from Indexer
Click on search tab
Click on 'AtpartOFtheWord' word submenu
It will automatically  list all the indexed document relate to the search
Scenario 21:Search tab- TextContains search 'AtPartOFTheWord' option
NOTE:Start the indexer server then execute the mentioned SQL statement 'ALTER FULLTEXT INDEX ON Indexer START FULL POPULATION
Select * from Indexer
Click on search tab
Click on 'AtpartOFtheWord' word submenu
It will automatically  list all the indexed document relate to the search
User click on Find button
open the document from the list, verify the thumbnail it will be highlihted for the particular search.
Scenario 06:Search tab - AppendToHitlist checkbox
Enter the value into index contains search text box
Click on find button
It should list the document on document page
Clear the index contains search text box
Click on append to hit list check box
Enter the value into index contains search text box 
User click on find button
Its append the search document in the listed document
===========================================================================
scenario 07: Verify search tab - FindInHitlist checkbox
Enter the value in index contains search textbox
Click on find in hitlist check box
Click on find button
It should  display only the  searched document on the document page
===========================================================================
Scneario 08: Search tab - Include comment checkbox
Enter the value in text contains search text box
Click on Inclue_comment check box
Click on find button
It should clear the searched list successfully
===========================================================================
Scneario 09: Search tab - all version check box
User enter the value in index contains search text box
Click on all version check box
Click on find button
It should display the document which in containing version
Click on Clear button
Scenario 22: Navigation folder icon search
Click on navigation folder search icon
Enter value into navigation folder search textbox
Click on Keyboard ENTER key
Folder search dialog should be opened
Searched folder documents display on the dialog box successfully
Click on folder document close icon
Scenario 23: Search tab - Quick search
Enter value in quick search textbox
Click on Keyboard ENTER key
It should display searched document on the page successfully...
Scenario 24:Folder document search
Open a folder
Enter document name in folder search text box
It should display the particular document on the page
The documents Search from folder completed, working fine
Scenario 25:Verify Date enter functionality
Click on search tab
Click on Datefrom
Enter the datefrom
Click on ok button
Click on Dateto
Enter the Dateto
Click on ok button
Click on find
Select a cabinet to set a favorite user level
Click on star icon
Select the user radio button in the favorite dialog
Select favorite dialog OK button 
Mouse hover on favorite icon
Click on ellipse icon from the dropdown
Show favorite dialog opened
Click on delete icon
Added favorite item deleted successfully...
Close the show favorite dialog
Favorite User Option verified successfully...
Select a cabinet to set a favorite system level
Click on star icon
Select the System radio button in the favorite dialog
Select favorite dialog OK button 
Mouse hover on favorite bookmark icon to show the system level favorite cabinet
Logout the page
Click on Username option
Click on Logout option
Login as another user
Scenario 01: Log into EWA
Enter valid user name into username field
UserName Details: Subham
Enter valid password into password field
Select a Room
Captcha is not present, proceeding with login.
Click Login button
Session message did not appear. Proceeding with login.
 Mouse hover on favorite icon
It should show the favorite cabinet name
The Favorite System option verified successfully...
The Favorite System option verified successfully...
Chrome driver launched successfull
Chrome Browser launched Successfully...
Launched Contentverse URL Details: http://10.4.10.99:8080/CVWeb/cvLgn
No error message found
Page title name: Contentverse
EWA URL launched successfull
Contentverse URL launched successfully...
Scenario 01: Log into EWA
Enter valid user name into username field
UserName Details: Subham
Enter valid password into password field
Select a Room
Captcha is not present, proceeding with login.
Click Login button
Session for user is already active. Do you want to create a new session? Dialog box displayed. User clicks OK button.
User logged in successfully... 
Test scenario 01: Verify 'dashboard search' functionality
Click on dashboard tab
Dashboard opened successfully
Click on search icon from the dashboard page
It will redirect to Search tab successfully...
Click on find button
Searched document display on the page successfully...
Scenario 02: Verify dashboard 'Notification' functionality
Click on dashboard tab
Click on notification icon
It will redirect to Notification tab successfully...
Notification page displayed successfully...
Scenario 03: Verify dashboard 'Todolist' dropdown
Click on dashboard tab
Click on todo list dropdown
Click on New items option
It will list the New items workflow documents
Click on Pending items option
It will list the Pending items workflow documents
Click on Reviewed items option
It will list the Reviewed items workflow documents
Click on Sent items option
It will list the Sent items workflow documents
Click on All items option
It will list the All items workflow documents
No more pages
Click on Next page icon
Page should move to Next page
Todo list dropdown options verified successfully...
No more pages
Scenario 06: Verify dashboard 'New document' functionality
Click on dashboard tab
Click on New document icon
It will redirect to New document tab successfully...
The New document page opened successfully...
Scenario 06: Verify 'ContentverseReport' - Document Reports
Click on dashboard tab
Select Contentverse Report icon
Select 'Document Report'
Select 'This Week'
Click on Generate Button
No alert present
It should list the Document Report on the page
Click on Excel export
Click on PDF Export
Generated Document Report has Exported Successfully...
Scenario 07: Verify 'ContentverseReport' - Workflow Status Reports
Scenario 01: Log into EWA
Enter valid user name into username field
Exception while logging in and accessing dashboard
Mouse hover on Document Report dropdown and Select 'Workflow Status Report'
Select 'This Week'
Click on Generate Button
No alert present
It should list the 'Workflow Status Report' on the page
Click on Excel export
Click on PDF Export
Generated Document Report has Exported Successfully...
Scenario 08: Verify 'ContentverseReport' - Reject document in workflow Report
Scenario 01: Log into EWA
Enter valid user name into username field
UserName Details: Subham
Enter valid password into password field
Select a Room
Captcha is not present, proceeding with login.
Click Login button
Session message did not appear. Proceeding with login.
Mouse hover on Document Report dropdown and Select 'Reject document in workflow Report'
Select 'This Week'
Click on Generate Button
Scenario 08: Verify 'ContentverseReport' - Reject document in workflow Report
Scenario 01: Log into EWA
Enter valid user name into username field
Exception while logging in and accessing dashboard
Mouse hover on Document Report dropdown and Select 'Reject document in workflow Report'
Click on Generate Button
Scenario 08: Verify 'ContentverseReport' - Reject document in workflow Report
Scenario 01: Log into EWA
Enter valid user name into username field
Exception while logging in and accessing dashboard
Mouse hover on Document Report dropdown and Select 'Reject document in workflow Report'
Click on Generate Button
Scenario 08: Verify 'ContentverseReport' - Reject document in workflow Report
Scenario 01: Log into EWA
Enter valid user name into username field
Exception while logging in and accessing dashboard
Mouse hover on Document Report dropdown and Select 'Reject document in workflow Report'
Click on Generate Button
Scenario 08: Verify 'Logout functionality' from the dashboard
Click on dashboard tab
Click on logout icon
Session logged out successfully
Dashboard logout option verified successfully...
Chrome driver launched successfull
Chrome Browser launched Successfully...
Launched Contentverse URL Details: http://10.4.10.99:8080/CVWeb/cvLgn
No error message found
Page title name: Contentverse
EWA URL launched successfull
Contentverse URL launched successfully...
Scenario 01: Log into EWA
Enter valid user name into username field
UserName Details: Subham
Enter valid password into password field
Select a Room
Captcha is not present, proceeding with login.
Click Login button
Session message did not appear. Proceeding with login.
User logged in successfully... 
Scenario 01: Document send to securelink from viewer page
Exapnd the cabinet
Exapnd the drawer
Exapnd the folder
Open the document
Scenario 01: Document send to securelink from viewer page
Exapnd the cabinet
Exapnd the drawer
Scenario 01: Document send to securelink from viewer page
Exapnd the cabinet
Exapnd the drawer
Exapnd the folder
Open the document
Scenario 01: Document send to securelink from viewer page
Exapnd the cabinet
Exapnd the drawer
Scenario 03: Document send to securelink from Search list page
Click on search tab
Click on find button
Click on document page check box
Mouse hover on document tab
Click on sendto submenu
Click on securelink option
Enter valid email
Enter valid email id on confirm mail text box
Click on secure link ok button
Enter receipient mail 
Confirm the receipient mail 
Click on securelink dialog OK button
Securelink sent successfully...
Searching the document and select the document from searchList the selected document was Sent Successfully...Mail has received.
Scenario 02: Document send to securelink from Document page
Scenario 02: Document send to securelink from Document page
Click on recent folder tab
Open the recent folder
Click on document page check box
Scenario 02: Document send to securelink from Document page
Scenario 02: Document send to securelink from Document page
Click on recent folder tab
Open the recent folder
Click on document page check box
Scenario 02: Document send to securelink from Document page
Scenario 02: Document send to securelink from Document page
Click on recent folder tab
Open the recent folder
Click on document page check box
Scenario 02: Document send to securelink from Document page
Scenario 02: Document send to securelink from Document page
Click on recent folder tab
Open the recent folder
Click on document page check box
Scenario 01: Verify reference Email
Expand the cabinet
Expand the drawer
Click on the folder
Scenario 01: Verify reference Email
Expand the cabinet
Expand the drawer
Click on the folder
Scenario 01: Verify reference Email
Expand the cabinet
Expand the drawer
Click on the folder
Scenario 01: Verify reference Email
Expand the cabinet
Expand the drawer
Click on the folder
Scenario 02:Verify copy email and message textbox
Scenario 02:Verify copy email and message textbox
Scenario 02:Verify copy email and message textbox
Scenario 02:Verify copy email and message textbox
Scenario 03:Verify Email 'Convert_to_PDF' with 'Burn annotation' option
Verifying Email Functionality
Scenario 03:Verify Email 'Convert_to_PDF' with 'Burn annotation' option
Verifying Email Functionality
Scenario 03:Verify Email 'Convert_to_PDF' with 'Burn annotation' option
Verifying Email Functionality
Open a document and select a page
Mousehover on send to icon from viewer tool bar
Click convertToPDF checkbox
Click burn annotation checkbox
Enter valid mail into email field
Enter valid confirm mail into confirm mail textbox
Click email dialog OK button
Email dialog with burn annotation verified successfully...
Email Functionality with all annotation settings,sent successfull
Scenario 04:verifying export functionality retain format,with average quality and zip password
Open a document and select a page
Click on sendto tool icon
Select export submenu
Select retain radio button
Click on export dialog OK button
Document exported successfull
Step Details: Verify Export
Expand the cabinet
Expand the drawer
Click on the folder
Step Details: Verify Export
Expand the cabinet
Expand the drawer
Click on the folder
Step Details: Verify Export
Expand the cabinet
Expand the drawer
Click on the folder
Step Details: Verify Export
Expand the cabinet
Expand the drawer
Click on the folder
Scenario 06:Verify Export with convert to PDF
Open a document and select a page
Select send to tool icon
Click on export submenu
Select convert to pdf radio button
Click on export dialog OK button
User click on refresh button
Negative Scenario 01: Check Securelink with Invalid Email ID 
Expand a cabinet
Expand a drawer
Open a folder
Open a document
Locked message displayed
No Alert is present
Click on check box
Click on sendto icon
Select secure link submenu
User should enter invalid email into email textbox
Click on securelink dialog OK button
It should displayed 'Please enter valid recipient email id' dialog on the page  
Secure link - invalid email id scenario verified successfully
Scenario 2: Securelink with blank email ID
Email id should be blank
Click on securelink dialog OK button
User should get 'Please enter recipient email id' Warning dialog box
Warning dialog displayed successfull,Blank mail Scenario verified successfully
Negative Scenario 3: Securelink with valid email and invalid confirm mail 
Enter a valid email id into email field
Click on modify check box
User should enter invalid email id into cofirm mail text box
Click on securelink dialog OK button
Sending secure link mail from viewer page,select the document from page List the Selected Page was sent Successfully...Mail has received.
USer should get 'Email id mismatch' warning dialog
 Warning dialog displayed...Valid email - invalid confirm mail scenario verified successfully...
Negative Scenario 4:Securelink first dialog box has Valid email and Valid confirm email ID/ Securelink  Second dialog box should be blank 
Enter valid email
Enter valid confirm email
Blank mail id:Unable to send the document into secure link
Click on first securelink dialog box OK button
Should not enter email id,just click on second securelink dilaog box OK button
User should get'Email id Mismatch' warning alert
 Warning alert displayed...
Scneario 01: Verify email with invalid email id
Click on cabinet
Click on drawer
Scneario 01: Verify email with invalid email id
Click on cabinet
Click on drawer
Scneario 01: Verify email with invalid email id
Click on cabinet
Click on drawer
Select a folder
Click on cabinet
Open a document
Locked message displayed
AlertISNotPresent
Click on thumbnail view check box
Click on SendTo icon
Click on email option
Enter invalid mail id into Enter email textbox 
Click on Email dialog OK button
User should get 'please enter valid email' warning message, warning dialog displayed successfull
Email Functionality with Invalid alphanumeric mail id scenario verified successfully...
===========================================================================================
Scenario 02: verify blank email
Clear the previous entered mail in email text box
Click on mail dialog OK button
Click on email option
User should get 'email id should not be blank' warning message, Warning dialog displayed successfull
Click on warning dialog OK button
Blank email negative scenario verified successfully...
Click on refresh button
Scenario 01: Add large PDF file
Click on new document menu tab
Click on destination folder textbox
Expand cabinet
Expand drawer
Select the folder
Folder is selected for Create New Documents
Click on select folder dialog OK button
Select a document type
Enter document name
Add a file  by using auto IT
Click on create button
Click on view button
Click on save button
Click on save tab OK button
Large PDF file added successfully...
Large PDF file added successfully...
Scenario 02: Add large TIFF file
Scenario 01: Log into EWA
Enter valid user name into username field
Click on new document menu tab
Click on destination folder textbox
Expand cabinet
Expand drawer
Select a folder
Click on browse folder dialog OK button
Folder is selected for Create New Documents
Select document type as CVReports
Enter document name
Mouse hover on browse icon
Select browse option
Add a Large TIFF file from folder by using Auto IT script 
Click on create button
Click on view button
Click on save button
Click on save dialog OK button
Large Tiff file added successfully...
Scenario 03: Add Large Word(DOCX) file
Scenario 01: Log into EWA
Enter valid user name into username field
Click on new document tab
Click on destination folder textbox
Expand cabinet
Expand drawer
Select a folder
Click on Destination folder dialog OK button
select a document type
Enter a file name
Mouse hover on browse icon
Select browse option
Add large word file by using AutoIT script
Click on create button
Click on view button
Click on save button
Click on save dialog OK button
Large Docx file added successfully...
Scenario 04: Add Large EXCEL file
Click on new document tab
Select folder from destination folder dialog
Expand cabinet
Expand drawer
Select a folder
Folder is selected for Create New Documents
Click on destination folder dialog OK button
Click on document type dropdown
Select document type
Enter a file name
Mouse hover on browse icon
Click on browse option
Add large excel file from folder by using AutoIT script
Click on create button
Click on view button
Click on save button
Click on save dialog button
Large xlxs file added successfully...
Scenario 01: Document Thumbnail view
Expand the cabinet
Expand the drawer
Select the folder
Click on new document
Select document type
Enter document name
Click on create document
Click on view button
Click on add icon
Enter word document name
Click on enter file name OK button
User click on Show/Hide thumbnail view
It will hide the thumbnail page, verified successfully...
Scenario 02: Create document and save document by using floating button Save icon
Enter file name and click on Floating button
Click on Save icon
Document saved successfull...
Scenario 03: Floating tab 'browse button'
Add file by using floating button Browse icon
Mousehover on floating button
Click browse icon
Add file by using AutoIT script
Click on floating button save icon...
Document updated successfull
Scenario 04: Floating button - view full screen
Mouse hover on floating button
Click on full screen view icon
It display the document full screen mode
Scenario 05: Floating button - delete icon
Mouse hover on floating button
Select thumbnail page check box
Mousehover on floating button
Click floating button delete icon
Delete confirm dialog Yes button
Scenario 05: Floating button - delete icon
Mouse hover on floating button
Select thumbnail page check box
Scenario 05: Floating button - delete icon
Mouse hover on floating button
Select thumbnail page check box
Scenario 05: Floating button - delete icon
Mouse hover on floating button
Select thumbnail page check box
Scenario 01: Verify 'Docusign' Option
Expand the cabinet
Expand the drawer
Scenario 01: Verify 'Docusign' Option
Expand the cabinet
Expand the drawer
Click on the folder
Click on new document tab
Select a document type
Enter the document name
Click on create button
Click on view button
Mouse hover on browse icon
Select a word document from the dropdown
Enter a file name
Click enter file name dialog OK BUTTON
Click on save button
Click on save dialog OK button
Click on viewer menu docusign tool icon
Scenario 01: Verify 'Docusign' Option
Expand the cabinet
Expand the drawer
Scenario 01: Verify 'Docusign' Option
Expand the cabinet
Expand the drawer
Chrome driver launched successfull
Chrome Browser launched Successfully...
Launched Contentverse URL Details: http://10.4.10.99:8080/CVWeb/cvLgn
No error message found
Page title name: Contentverse
EWA URL launched successfull
Contentverse URL launched successfully...
Scenario 01: Log into EWA
Enter valid user name into username field
UserName Details: Subham
Enter valid password into password field
Select a Room
Captcha is not present, proceeding with login.
Click Login button
Session for user is already active. Do you want to create a new session? Dialog box displayed. User clicks OK button.
User logged in successfully... 
Scenario 1:Go to My Preference,Change the Default viewing as Advanced viewer
Click on Setting icon
Go to Mypreference
Set the office document to advanced viewing
Set the PDF document to advanced viewing
Click on Apply button
Advanced viewer mode has been set successfully...
Click the New Document tab.
Click the 'Select destination folder location' text box.
'Browse for folder' dialog should be open.
Expand the cabinet
Expand drawer
Select a folder
Folder selected successfully...
Click on 'Select document type' dropdown and select the document type.
Document type selected successfully...
Enter the value into index field
Mouse hover on the browse icon
Select New PDF document
Enter the file name
Click on the create button
Scenario 01: Open an existing document and send it to WorkFlow
Click the New Document tab.
Click the 'Select destination folder location' text box.
'Browse for folder' dialog should be open.
Expand the cabinet
Click the New Document tab.
Click the 'Select destination folder location' text box.
'Browse for folder' dialog should be open.
Expand the cabinet
Click the New Document tab.
Click the 'Select destination folder location' text box.
'Browse for folder' dialog should be open.
Expand the cabinet
Click the New Document tab.
Click the 'Select destination folder location' text box.
'Browse for folder' dialog should be open.
Expand the cabinet
Expand drawer
Select a folder
Folder selected successfully...
Click on 'Select document type' dropdown and select the document type.
Document type selected successfully...
Enter the value into index field
Mouse hover on the browse icon
Select New PDF document
Enter the file name
Click on the create button
Scenario 01: Open an existing document and send it to WorkFlow
Click the New Document tab.
Click the 'Select destination folder location' text box.
'Browse for folder' dialog should be open.
Expand the cabinet
Expand drawer
Select a folder
Folder selected successfully...
Click on 'Select document type' dropdown and select the document type.
Document type selected successfully...
Enter the value into index field
Mouse hover on the browse icon
Select New PDF document
Enter the file name
Click on the create button
Scenario 01: Open an existing document and send it to WorkFlow
Click the New Document tab.
Click the 'Select destination folder location' text box.
'Browse for folder' dialog should be open.
Expand the cabinet
Expand drawer
Select a folder
Folder selected successfully...
Click on 'Select document type' dropdown and select the document type.
Document type selected successfully...
Enter the value into index field
Mouse hover on the browse icon
Select New PDF document
Enter the file name
Click on the create button
Scenario 01: Open an existing document and send it to WorkFlow
Click the New Document tab.
Click the 'Select destination folder location' text box.
'Browse for folder' dialog should be open.
Expand the cabinet
Expand drawer
Select a folder
Folder selected successfully...
Click on 'Select document type' dropdown and select the document type.
Document type selected successfully...
Enter the value into index field
Mouse hover on the browse icon
Select New PDF document
Enter the file name
Click on the create button
Scenario 01: Open an existing document and send it to WorkFlow
Click the New Document tab.
Click the 'Select destination folder location' text box.
'Browse for folder' dialog should be open.
Expand the cabinet
Expand drawer
Select a folder
Folder selected successfully...
Click on 'Select document type' dropdown and select the document type.
Document type selected successfully...
Enter the value into index field
Add a file  by using auto IT
Mouse hover on the browse icon
Click on the create button
Scenario 01: Open an existing document and send it to WorkFlow
Click the New Document tab.
Click the 'Select destination folder location' text box.
'Browse for folder' dialog should be open.
Expand the cabinet
Expand drawer
Select a folder
Folder selected successfully...
Click on 'Select document type' dropdown and select the document type.
Document type selected successfully...
Enter the value into index field
Add a file  by using auto IT
Mouse hover on the browse icon
Click on the create button
Scenario 01: Open an existing document and send it to WorkFlow
Before Click
After Click
Stamp Added Successfully
Scenario 01: Open an existing document and send it to WorkFlow
Before Click
After Click
Stamp Added Successfully
Scenario 01: Open an existing document and send it to WorkFlow
Before Click
After Click
Stamp Added Successfully
Scenario 01: Open an existing document and send it to WorkFlow
Before Click
After Click
Stamp Added Successfully
Scenario 01: Open an existing document and send it to WorkFlow
Before Click
After Click
Stamp Added Successfully
Scenario 01: Open an existing document and send it to WorkFlow
Before Click
After Click
Stamp Added Successfully
Scenario 01: Open an existing document and send it to WorkFlow
Before Click
After Click
Stamp Added Successfully
Scenario 01: Open an existing document and send it to WorkFlow
Before Click
After Click
Stamp Added Successfully
Scenario 01: Open an existing document and send it to WorkFlow
Before Click
After Click
Stamp Added Successfully
Scenario 01: Open an existing document and send it to WorkFlow
Before Click
After Click
Stamp Added Successfully
Scenario 01: Open an existing document and send it to WorkFlow
Before Click
After Click
Stamp Added Successfully
Scenario 01: Open an existing document and send it to WorkFlow
Before Click
After Click
Stamp Added Successfully
Click on the save icon from viewer toolbar
The added data has been saved successfully...
Click on the close icon
Click the New Document tab.
Click the 'Select destination folder location' text box.
'Browse for folder' dialog should be open.
Expand the cabinet
Expand drawer
Select a folder
Folder selected successfully...
Click on 'Select document type' dropdown and select the document type.
Document type selected successfully...
Enter the value into index field
Add a file  by using auto IT
Mouse hover on the browse icon
Click on the create button
Scenario 01: Open an existing document and send it to WorkFlow
Click the New Document tab.
Click the 'Select destination folder location' text box.
'Browse for folder' dialog should be open.
Expand the cabinet
Expand drawer
Select a folder
Folder selected successfully...
Click on 'Select document type' dropdown and select the document type.
Document type selected successfully...
Enter the value into index field
Add a file  by using auto IT
Mouse hover on the browse icon
Click on the create button
Scenario 01: Open an existing document and send it to WorkFlow
Before Click
After Click
Stamp Added Successfully
Scenario 01: Open an existing document and send it to WorkFlow
Before Click
After Click
Stamp Added Successfully
Scenario 01: Open an existing document and send it to WorkFlow
Before Click
After Click
Stamp Added Successfully
Scenario 01: Open an existing document and send it to WorkFlow
Before Click
After Click
Stamp Added Successfully
Scenario 01: Open an existing document and send it to WorkFlow
Before Click
After Click
Stamp Added Successfully
Scenario 01: Open an existing document and send it to WorkFlow
Before Click
After Click
Stamp Added Successfully
Scenario 01: Open an existing document and send it to WorkFlow
Before Click
After Click
Stamp Added Successfully
Scenario 01: Open an existing document and send it to WorkFlow
Before Click
After Click
Stamp Added Successfully
Scenario 01: Open an existing document and send it to WorkFlow
Before Click
After Click
Stamp Added Successfully
Scenario 01: Open an existing document and send it to WorkFlow
Before Click
After Click
Stamp Added Successfully
Scenario 01: Open an existing document and send it to WorkFlow
Before Click
After Click
Stamp Added Successfully
Scenario 01: Open an existing document and send it to WorkFlow
Before Click
After Click
Stamp Added Successfully
Click on the save icon from viewer toolbar
The added data has been saved successfully...
Click on the close icon
Document closed successfully...
Reopen the created word file document...
All saved data should be displayed successfully...
Click the New Document tab.
Click the 'Select destination folder location' text box.
'Browse for folder' dialog should be open.
Expand the cabinet
Expand drawer
Select a folder
Folder selected successfully...
Click on 'Select document type' dropdown and select the document type.
Document type selected successfully...
Enter the value into index field
Add a file  by using auto IT
Mouse hover on the browse icon
Click on the create button
Scenario 01: Open an existing document and send it to WorkFlow
Before Click
After Click
Stamp Added Successfully
Scenario 01: Open an existing document and send it to WorkFlow
Before Click
After Click
Stamp Added Successfully
Scenario 01: Open an existing document and send it to WorkFlow
Before Click
After Click
Stamp Added Successfully
Scenario 01: Open an existing document and send it to WorkFlow
Before Click
After Click
Stamp Added Successfully
Scenario 01: Open an existing document and send it to WorkFlow
Before Click
After Click
Stamp Added Successfully
Scenario 01: Open an existing document and send it to WorkFlow
Before Click
After Click
Stamp Added Successfully
Scenario 01: Open an existing document and send it to WorkFlow
Before Click
After Click
Stamp Added Successfully
Scenario 01: Open an existing document and send it to WorkFlow
Before Click
After Click
Stamp Added Successfully
Scenario 01: Open an existing document and send it to WorkFlow
Before Click
After Click
Stamp Added Successfully
Click on the save icon from viewer toolbar
The added data has been saved successfully...
Click on the close icon
Document closed successfully...
Reopen the created word file document...
All saved data should be displayed successfully...
Chrome driver launched successfull
Chrome Browser launched Successfully...
Launched Contentverse URL Details: http://10.4.10.99:8080/CVWeb/cvLgn
No error message found
Page title name: Contentverse
EWA URL launched successfull
Contentverse URL launched successfully...
Scenario 01: Log into EWA
Enter valid user name into username field
Enter valid password into password field
Select a Room
Captcha is not present, proceeding with login.
Click Login button
Scenario 01: Log into EWA
Enter valid user name into username field
Enter valid password into password field
Select a Room
Captcha is not present, proceeding with login.
Click Login button
Scenario 01: Log into EWA
Enter valid user name into username field
Enter valid password into password field
Select a Room
Captcha is not present, proceeding with login.
Click Login button
Session message did not appear. Proceeding with login.
Scenario 01: Log into EWA
Enter valid user name into username field
Scenario 01: Verify Roomcontextmenu tab 'Takeownership and ReleaseOwnership' option
Click on RoomContextMenu tab
Expand a cabinet
Expand a drawer
Expand a cabinet 1
Expand a cabinet 2
Select a folder
Mousehover on RoomContextMenu tab
Click on TakeOwnerShip option
Mousehover on Roomcontextmenu tab to check TakeOwnerShip is visible or disable
Click on Username option
Click on Logout option
Admin user Logout the session
Scenario 01: Log into EWA
Enter valid user name into username field
UserName Details: Subham
Enter valid password into password field
Select a Room
Captcha is not present, proceeding with login.
Click Login button
Session message did not appear. Proceeding with login.
Log into EWA with another user account
Expand taken OwnerShip cabinet
Expand taken Ownership drawer
Open a taken Ownership folder
Expand a cabinet 1
Expand a cabinet 2
Expand a drawer 1
Expand a folder [[ChromeDriver: chrome on WINDOWS (928e3d64ec94e320ade91ae9a7f7c165)] -> xpath: //div[@id='viewDocumentnavigator']/ul/li[2]/ul/li[1]/ul/li[1]/a]
Mousehover on RoomcontextMenu tab and check Takeownership option it should be disable
Open a document from taken ownership folder
Document is not there
NoAlertISPResent
Click on Username option
Click on Logout option
Current user LogOut the session Successfully...
Scenario 01: Log into EWA
Enter valid user name into username field
Enter valid password into password field
Select a Room
Captcha is not present, proceeding with login.
Click Login button
Session message did not appear. Proceeding with login.
Scenario 01: Log into EWA
Enter valid user name into username field
Scenario 01: Log into EWA
Enter valid user name into username field
Scenario 01: Log into EWA
Enter valid user name into username field
Chrome driver launched successfull
Chrome Browser launched Successfully...
Launched Contentverse URL Details: http://10.4.10.99:8080/CVWeb/cvLgn
No error message found
Page title name: Contentverse
EWA URL launched successfull
Contentverse URL launched successfully...
Scenario 01: Log into EWA
Enter valid user name into username field
Enter valid password into password field
Select a Room
Captcha is not present, proceeding with login.
Click Login button
Session for user is already active. Do you want to create a new session? Dialog box displayed. User clicks OK button.
Scenario 01: Log into EWA
Enter valid user name into username field
Scenario 01: Log into EWA
Enter valid user name into username field
Scenario 01: Log into EWA
Enter valid user name into username field
Scenario 02: Verify RoomContextMenu tab - (copy and paste drawer)
Log into as admin user
Expand the cabinet
Scenario 02: Verify RoomContextMenu tab - (copy and paste drawer)
Log into as admin user
Expand the cabinet
Scenario 02: Verify RoomContextMenu tab - (copy and paste drawer)
Log into as admin user
Expand the cabinet
Select a drawer
Mousehover on Roomcontextmenu tab
Click on copy option
Expand another cabinet
Select another drawer
Mousehover on Roomcontextmenu tab
Paste option should be enable,Click on paste Option
Paste confirm dialog should be open,Click on paste confirm dialog OK button
Copy and a paste drawer successfully...
Chrome driver launched successfull
Chrome Browser launched Successfully...
Launched Contentverse URL Details: http://10.4.10.99:8080/CVWeb/cvLgn
No error message found
Page title name: Contentverse
EWA URL launched successfull
Contentverse URL launched successfully...
Scenario 01: Log into EWA
Enter valid user name into username field
Enter valid password into password field
Select a Room
Captcha is not present, proceeding with login.
Click Login button
Scenario 01: Log into EWA
Enter valid user name into username field
Enter valid password into password field
Select a Room
Captcha is not present, proceeding with login.
Click Login button
Session for user is already active. Do you want to create a new session? Dialog box displayed. User clicks OK button.
Scenario 01: Log into EWA
Enter valid user name into username field
Scenario 01: Log into EWA
Enter valid user name into username field
Scenario 07: Verify Roomcontextmenu tab Notification Option
Expand a cabinet and expand a drawer to select a folder.
Folder selected successfully...
Mousehover on Roomcontext menu tab 
Select Notification option
Expand a cabinet 1
Expand a cabinet 2
Expand a drawer 1
Expand a folder [[ChromeDriver: chrome on WINDOWS (d12895b6c836dfbb9389669de39520e1)] -> xpath: //div[@id='viewDocumentnavigator']/ul/li[2]/ul/li[1]/ul/li[1]/a]
Scenario 07: Verify Roomcontextmenu tab Notification Option
Expand a cabinet and expand a drawer to select a folder.
Folder selected successfully...
Mousehover on Roomcontext menu tab 
Select Notification option
Expand a cabinet 1
Expand a cabinet 2
Expand a drawer 1
Scenario 07: Verify Roomcontextmenu tab Notification Option
Scenario 07: Verify Roomcontextmenu tab Notification Option
Chrome driver launched successfull
Chrome Browser launched Successfully...
Chrome driver launched successfull
Chrome Browser launched Successfully...]]>
  </system-out>
</testsuite> <!-- Computhink.Script.SecureLink_Negative_Scenerio -->
