<?xml version="1.0" encoding="UTF-8"?>
<!-- Generated by org.testng.reporters.JUnitReportReporter -->
<testsuite skipped="0" hostname="CIPLWKT014" name="Script.My_Preferences_Themes" tests="2" failures="0" timestamp="03 Jul 2024 16:39:04 GMT" time="133.137" errors="0">
  <testcase name="Login_EWA" time="64.807" classname="Script.My_Preferences_Themes"/>
  <testcase name="TC_01_Verify_Themes" time="68.330" classname="Script.My_Preferences_Themes"/>
</testsuite> <!-- Script.My_Preferences_Themes -->
