<?xml version="1.0" encoding="UTF-8"?>
<!-- Generated by org.testng.reporters.JUnitReportReporter -->
<testsuite skipped="0" hostname="CIPLWKT014" name="Script.My_Preferences_Themes" tests="1" failures="0" timestamp="18 Jan 2024 04:13:16 GMT" time="41.151" errors="0">
  <testcase name="Verify_Themes" time="41.151" classname="Script.My_Preferences_Themes"/>
</testsuite> <!-- Script.My_Preferences_Themes -->
