<?xml version="1.0" encoding="UTF-8"?>
<!-- Generated by org.testng.reporters.JUnitReportReporter -->
<testsuite skipped="0" hostname="CIPLWKT014" name="Script.My_Preferences_Load_more_count" tests="5" failures="0" timestamp="21 Jun 2024 22:25:32 GMT" time="315.298" errors="0">
  <testcase name="Login_EWA" time="39.170" classname="Script.My_Preferences_Load_more_count"/>
  <testcase name="TC_01_Verify_Load_MoreCount_On_Search" time="88.379" classname="Script.My_Preferences_Load_more_count"/>
  <testcase name="TC_02_Verify_Load_MoreCount_On_Folder" time="36.387" classname="Script.My_Preferences_Load_more_count"/>
  <testcase name="TC_03_Verify_Maximum_Load_MoreCountOn_Search" time="107.882" classname="Script.My_Preferences_Load_more_count"/>
  <testcase name="TC_04_Verify_Maximum_Load_MoreCount_On_Folder" time="43.480" classname="Script.My_Preferences_Load_more_count"/>
</testsuite> <!-- Script.My_Preferences_Load_more_count -->
