<?xml version="1.0" encoding="UTF-8"?>
<!-- Generated by org.testng.reporters.JUnitReportReporter -->
<testsuite skipped="0" hostname="CIPLWKT014" name="Script.DashBoardScript" tests="5" failures="0" timestamp="23 Jun 2024 07:25:36 GMT" time="147.791" errors="0">
  <testcase name="TC_1_SearchIconDashBoardFunctionality" time="29.794" classname="Script.DashBoardScript"/>
  <testcase name="TC_2_NotifiactionIconDashBoardFunctionality" time="17.716" classname="Script.DashBoardScript"/>
  <testcase name="TodoListWFDetailsDashBoardFunctionality" time="64.156" classname="Script.DashBoardScript"/>
  <testcase name="TC_4_CreateNewDocumentFromDB" time="21.733" classname="Script.DashBoardScript"/>
  <testcase name="TC_5_logoutFromDB" time="14.392" classname="Script.DashBoardScript"/>
</testsuite> <!-- Script.DashBoardScript -->
