<?xml version="1.0" encoding="UTF-8"?>
<!-- Generated by org.testng.reporters.JUnitReportReporter -->
<testsuite skipped="1" hostname="CIPLWKT014" name="Script.My_Preferences_QuickFind" tests="6" failures="0" timestamp="03 Jul 2024 16:39:01 GMT" time="570.171" errors="0">
  <testcase name="Login_EWA" time="52.915" classname="Script.My_Preferences_QuickFind"/>
  <testcase name="TC_01_Verify_QuickFind_DocIdSearch" time="151.352" classname="Script.My_Preferences_QuickFind"/>
  <testcase name="TC_01_Verify_QuickFind_DocIdSearch" time="155.269" classname="Script.My_Preferences_QuickFind">
    <skipped/>
  </testcase> <!-- TC_01_Verify_QuickFind_DocIdSearch -->
  <testcase name="TC_02_Verify_QuickFind_TextSearch" time="50.282" classname="Script.My_Preferences_QuickFind"/>
  <testcase name="TC_03_Verify_QuickFind_IndexSearch" time="81.461" classname="Script.My_Preferences_QuickFind"/>
  <testcase name="TC_04_Verify_QuickFind_BothSearch" time="78.892" classname="Script.My_Preferences_QuickFind"/>
</testsuite> <!-- Script.My_Preferences_QuickFind -->
