<?xml version="1.0" encoding="UTF-8"?>
<!-- Generated by org.testng.reporters.JUnitReportReporter -->
<testsuite skipped="0" hostname="CIPLWKT014" name="Script.Custom_Columns_Test" tests="16" failures="0" timestamp="18 Jan 2024 04:13:15 GMT" time="491.579" errors="0">
  <testcase name="Login_EWA" time="11.782" classname="Script.Custom_Columns_Test"/>
  <testcase name="Open_Custom_List_Dialog_And_Verify_Title_Roomcolumn" time="40.918" classname="Script.Custom_Columns_Test"/>
  <testcase name="Verify_The_Text_of_Custom_List_Dialog_Roomcolumn" time="5.104" classname="Script.Custom_Columns_Test"/>
  <testcase name="Set_And_Verify_Custom_Columns_NodeLevel" time="83.936" classname="Script.Custom_Columns_Test"/>
  <testcase name="Verify_Default_Custom_Columns" time="51.715" classname="Script.Custom_Columns_Test"/>
  <testcase name="Verify_Cancel_Button_of_CustomList" time="14.104" classname="Script.Custom_Columns_Test"/>
  <testcase name="Verify_Custom_Columns_RoomLevel" time="19.461" classname="Script.Custom_Columns_Test"/>
  <testcase name="Verify_Reset_Columns_Functionality" time="8.061" classname="Script.Custom_Columns_Test"/>
  <testcase name="Open_Custom_List_Dialog_And_Verify_Title_Searchcolumn" time="9.564" classname="Script.Custom_Columns_Test"/>
  <testcase name="Verify_The_Text_of_Custom_List_Dialog_Searchcolumn" time="5.088" classname="Script.Custom_Columns_Test"/>
  <testcase name="Verify_Set_Custom_Columns_for_Search" time="94.561" classname="Script.Custom_Columns_Test"/>
  <testcase name="Verify_Reset_Columns_for_Search" time="18.843" classname="Script.Custom_Columns_Test"/>
  <testcase name="Open_Custom_List_Dialog_And_Verify_Title_ToDoList" time="13.277" classname="Script.Custom_Columns_Test"/>
  <testcase name="Verify_The_Text_of_Custom_List_Dialog_ToDoList" time="5.069" classname="Script.Custom_Columns_Test"/>
  <testcase name="Verify_Set_Custom_Columns_for_ToDoList" time="97.722" classname="Script.Custom_Columns_Test"/>
  <testcase name="Reset_Custom_Columns_for_ToDoList" time="12.374" classname="Script.Custom_Columns_Test"/>
</testsuite> <!-- Script.Custom_Columns_Test -->
