<?xml version="1.0" encoding="UTF-8"?>
<!-- Generated by org.testng.reporters.JUnitReportReporter -->
<testsuite skipped="0" hostname="CIPLWKT014" name="Script.My_preferences_Pdf_documents" tests="4" failures="0" timestamp="03 Jul 2024 16:39:02 GMT" time="388.263" errors="0">
  <testcase name="Login_EWA" time="56.600" classname="Script.My_preferences_Pdf_documents"/>
  <testcase name="TC_01_Verify_Browse_Pdf_documents_Advancedviewing" time="112.224" classname="Script.My_preferences_Pdf_documents"/>
  <testcase name="TC_02_Verify_Create_New_pdf_document_Advancedviewing" time="43.327" classname="Script.My_preferences_Pdf_documents"/>
  <testcase name="TC_03_Verify_Browse_PDF_documents_Defaultviewing" time="176.112" classname="Script.My_preferences_Pdf_documents"/>
</testsuite> <!-- Script.My_preferences_Pdf_documents -->
