<?xml version="1.0" encoding="UTF-8"?>
<!-- Generated by org.testng.reporters.JUnitReportReporter -->
<testsuite hostname="CIPLWKT014" failures="0" tests="6" name="Script.Thumbnail_MicroSoft_FabBTN" time="234.988" errors="0" timestamp="2024-08-28T00:41:56 GMT-05:00" skipped="0">
  <testcase classname="Script.Thumbnail_MicroSoft_FabBTN" name="Login" time="39.224"/>
  <system-out>
    <![CDATA[Scenario 01: Log into EWA
Enter valid user name into username field
Enter valid password into password field
Select a Room
Click Login button
Session message not appeared
User logged in successfully... ]]>
  </system-out>
  <testcase classname="Script.Thumbnail_MicroSoft_FabBTN" name="TC_1_ShowThumbnail" time="65.566"/>
  <system-out>
    <![CDATA[Scenario 01: Document Thumbnail view
Expand the cabinet
Expand the drawer
Select the folder
Click on new document
Select document type
Enter document name
Click on create document
Click on view button
Click on add icon
Enter word document name
Click on enter file name OK button
User click on Show/Hide thumbnail view
It will hide the thumbnail page, verified successfully...]]>
  </system-out>
  <testcase classname="Script.Thumbnail_MicroSoft_FabBTN" name="TC_2_Create_document_saveDoc" time="32.388"/>
  <system-out>
    <![CDATA[Scenario 02: Create document and save document by using floating button Save icon
Enter file name and click on Floating button
Click on Save icon
Document saved successfull...]]>
  </system-out>
  <testcase classname="Script.Thumbnail_MicroSoft_FabBTN" name="TC_3_Upload_Document_fabBTN" time="46.242"/>
  <system-out>
    <![CDATA[Scenario 03: Floating tab 'browse button'
Add file by using floating button Browse icon
Mousehover on floating button
Click browse icon
Add file by using AutoIT script
Click on floating button save icon...
Document updated successfull]]>
  </system-out>
  <testcase classname="Script.Thumbnail_MicroSoft_FabBTN" name="TC_4_View_Document_fullScreen" time="13.777"/>
  <system-out>
    <![CDATA[Scenario 04: Floating button - view full screen
Mouse hover on floating button
Click on full screen view icon
It display the document full screen mode]]>
  </system-out>
  <testcase classname="Script.Thumbnail_MicroSoft_FabBTN" name="TC_5_View_Document_Delete" time="37.791"/>
  <system-out>
    <![CDATA[Scenario 05: Floating button - delete icon
Mouse hover on floating button
Select thumbnail page check box
Mousehover on floating button
Click floating button delete icon
Delete confirm dialog Yes button
Click on floating button save icon]]>
  </system-out>
</testsuite> <!-- Script.Thumbnail_MicroSoft_FabBTN -->
