<?xml version="1.0" encoding="UTF-8"?>
<!-- Generated by org.testng.reporters.JUnitReportReporter -->
<testsuite hostname="CIPLWKT014" failures="0" tests="5" name="Script.LargeFiles_AutomationTesting" time="631.682" errors="1" timestamp="2024-10-23T15:27:06 IST" skipped="0">
  <testcase classname="Script.LargeFiles_AutomationTesting" name="Login" time="41.787">
    <system-out>
      <![CDATA[Scenario 01: Log into EWA
Enter valid user name into username field
Enter valid password into password field
Select a Room
Click Login button
Session message not appeared
User logged in successfully... ]]>
    </system-out>
  </testcase> <!-- Login -->
  <testcase classname="Script.LargeFiles_AutomationTesting" name="TC_1_Upload_and_verify_Large_PDF_file" time="100.429">
    <system-out>
      <![CDATA[Scenario 01: Add large PDF file
Click on new document menu tab
Click on destination folder textbox
Expand cabinet
Expand drawer
Select the folder
Folder is selected for Create New Documents
Click on select folder dialog OK button
Select a document type
Enter document name
Add a file  by using auto IT
Click on create button
Click on view button
Click on save button
Click on save tab OK button
Large PDF file added successfully...
Large PDF file added successfully...]]>
    </system-out>
  </testcase> <!-- TC_1_Upload_and_verify_Large_PDF_file -->
  <testcase classname="Script.LargeFiles_AutomationTesting" name="TC_2_Upload_and_verify_Large_TIFF_file" time="118.701">
    <error message="unexpected alert open: {Alert text : LEADTOOLS 21 License Notice

Warning: License file is not verified to work in this domain.

This application is using a LEADTOOLS temporary evaluation license.
In order to legally deploy the application in production, the developer must first obtain a Production Deployment License.
If you believe you are getting this message in error, contact LEAD Technologies, Inc. at licensing@leadtools.com (+1-704-332-5532).
Without a valid Production Deployment License, this application will cease functioning in the near future.
}
  (Session info: chrome=129.0.6668.101): LEADTOOLS 21 License Notice

Warning: License file is not verified to work in this domain.

This application is using a LEADTOOLS temporary evaluation license.
In order to legally deploy the application in production, the developer must first obtain a Production Deployment License.
If you believe you are getting this message in error, contact LEAD Technologies, Inc. at licensing@leadtools.com (+1-704-332-5532).
Without a valid Production Deployment License, this application will cease functioning in the near future.

Build info: version: &#039;3.141.59&#039;, revision: &#039;e82be7d358&#039;, time: &#039;2018-11-14T08:25:53&#039;
System info: host: &#039;CIPLWKT014&#039;, ip: &#039;10.4.8.14&#039;, os.name: &#039;Windows 10&#039;, os.arch: &#039;amd64&#039;, os.version: &#039;10.0&#039;, java.version: &#039;22.0.2&#039;
Driver info: org.openqa.selenium.chrome.ChromeDriver
Capabilities {acceptInsecureCerts: false, browserName: chrome, browserVersion: 129.0.6668.101, chrome: {chromedriverVersion: 129.0.6668.100 (cf58cba358d..., userDataDir: C:\Users\nisha.r\AppData\Lo...}, fedcm:accounts: true, goog:chromeOptions: {debuggerAddress: localhost:62042}, javascriptEnabled: true, networkConnectionEnabled: false, pageLoadStrategy: normal, platform: WINDOWS, platformName: WINDOWS, proxy: Proxy(), setWindowRect: true, strictFileInteractability: false, timeouts: {implicit: 0, pageLoad: 300000, script: 30000}, unhandledPromptBehavior: dismiss and notify, webauthn:extension:credBlob: true, webauthn:extension:largeBlob: true, webauthn:extension:minPinLength: true, webauthn:extension:prf: true, webauthn:virtualAuthenticators: true}
Session ID: 741431df6c1cfe5d4c37fb4adad49296
*** Element info: {Using=xpath, value=//button[@id=&#039;createDocumentSubmit&#039;]}" type="org.openqa.selenium.UnhandledAlertException">
      <![CDATA[org.openqa.selenium.UnhandledAlertException: unexpected alert open: {Alert text : LEADTOOLS 21 License Notice

Warning: License file is not verified to work in this domain.

This application is using a LEADTOOLS temporary evaluation license.
In order to legally deploy the application in production, the developer must first obtain a Production Deployment License.
If you believe you are getting this message in error, contact LEAD Technologies, Inc. at licensing@leadtools.com (+1-704-332-5532).
Without a valid Production Deployment License, this application will cease functioning in the near future.
}
  (Session info: chrome=129.0.6668.101): LEADTOOLS 21 License Notice

Warning: License file is not verified to work in this domain.

This application is using a LEADTOOLS temporary evaluation license.
In order to legally deploy the application in production, the developer must first obtain a Production Deployment License.
If you believe you are getting this message in error, contact LEAD Technologies, Inc. at licensing@leadtools.com (+1-704-332-5532).
Without a valid Production Deployment License, this application will cease functioning in the near future.

Build info: version: '3.141.59', revision: 'e82be7d358', time: '2018-11-14T08:25:53'
System info: host: 'CIPLWKT014', ip: '10.4.8.14', os.name: 'Windows 10', os.arch: 'amd64', os.version: '10.0', java.version: '22.0.2'
Driver info: org.openqa.selenium.chrome.ChromeDriver
Capabilities {acceptInsecureCerts: false, browserName: chrome, browserVersion: 129.0.6668.101, chrome: {chromedriverVersion: 129.0.6668.100 (cf58cba358d..., userDataDir: C:\Users\nisha.r\AppData\Lo...}, fedcm:accounts: true, goog:chromeOptions: {debuggerAddress: localhost:62042}, javascriptEnabled: true, networkConnectionEnabled: false, pageLoadStrategy: normal, platform: WINDOWS, platformName: WINDOWS, proxy: Proxy(), setWindowRect: true, strictFileInteractability: false, timeouts: {implicit: 0, pageLoad: 300000, script: 30000}, unhandledPromptBehavior: dismiss and notify, webauthn:extension:credBlob: true, webauthn:extension:largeBlob: true, webauthn:extension:minPinLength: true, webauthn:extension:prf: true, webauthn:virtualAuthenticators: true}
Session ID: 741431df6c1cfe5d4c37fb4adad49296
*** Element info: {Using=xpath, value=//button[@id='createDocumentSubmit']}
at org.openqa.selenium.remote.http.W3CHttpResponseCodec.decode(W3CHttpResponseCodec.java:120)
at org.openqa.selenium.remote.http.W3CHttpResponseCodec.decode(W3CHttpResponseCodec.java:49)
at org.openqa.selenium.remote.HttpCommandExecutor.execute(HttpCommandExecutor.java:158)
at org.openqa.selenium.remote.service.DriverCommandExecutor.execute(DriverCommandExecutor.java:83)
at org.openqa.selenium.remote.RemoteWebDriver.execute(RemoteWebDriver.java:552)
at org.openqa.selenium.remote.RemoteWebDriver.findElement(RemoteWebDriver.java:323)
at org.openqa.selenium.remote.RemoteWebDriver.findElementByXPath(RemoteWebDriver.java:428)
at org.openqa.selenium.By$ByXPath.findElement(By.java:353)
at org.openqa.selenium.remote.RemoteWebDriver.findElement(RemoteWebDriver.java:315)
at org.openqa.selenium.support.pagefactory.DefaultElementLocator.findElement(DefaultElementLocator.java:69)
at org.openqa.selenium.support.pagefactory.internal.LocatingElementHandler.invoke(LocatingElementHandler.java:38)
at jdk.proxy2/jdk.proxy2.$Proxy26.getWrappedElement(Unknown Source)
at org.openqa.selenium.remote.internal.WebElementToJsonConverter.apply(WebElementToJsonConverter.java:50)
at java.base/java.util.stream.ReferencePipeline$3$1.accept(ReferencePipeline.java:212)
at java.base/java.util.Spliterators$ArraySpliterator.forEachRemaining(Spliterators.java:1024)
at java.base/java.util.stream.AbstractPipeline.copyInto(AbstractPipeline.java:556)
at java.base/java.util.stream.AbstractPipeline.wrapAndCopyInto(AbstractPipeline.java:546)
at java.base/java.util.stream.ReduceOps$ReduceOp.evaluateSequential(ReduceOps.java:921)
at java.base/java.util.stream.AbstractPipeline.evaluate(AbstractPipeline.java:265)
at java.base/java.util.stream.ReferencePipeline.collect(ReferencePipeline.java:702)
at org.openqa.selenium.remote.RemoteWebDriver.executeScript(RemoteWebDriver.java:484)
at Generic.BaseClass.jsclick(BaseClass.java:1193)
at Pom.LargeFilesClass.Upload_and_verify_Large_TIFF_file(LargeFilesClass.java:239)
at Script.LargeFiles_AutomationTesting.TC_2_Upload_and_verify_Large_TIFF_file(LargeFiles_AutomationTesting.java:61)
at java.base/jdk.internal.reflect.DirectMethodHandleAccessor.invoke(DirectMethodHandleAccessor.java:103)
at java.base/java.lang.reflect.Method.invoke(Method.java:580)
at org.testng.internal.invokers.MethodInvocationHelper.invokeMethod(MethodInvocationHelper.java:141)
at org.testng.internal.invokers.TestInvoker.invokeMethod(TestInvoker.java:686)
at org.testng.internal.invokers.TestInvoker.invokeTestMethod(TestInvoker.java:230)
at org.testng.internal.invokers.MethodRunner.runInSequence(MethodRunner.java:63)
at org.testng.internal.invokers.TestInvoker$MethodInvocationAgent.invoke(TestInvoker.java:992)
at org.testng.internal.invokers.TestInvoker.invokeTestMethods(TestInvoker.java:203)
at org.testng.internal.invokers.TestMethodWorker.invokeTestMethods(TestMethodWorker.java:154)
at org.testng.internal.invokers.TestMethodWorker.run(TestMethodWorker.java:134)
at java.base/java.util.ArrayList.forEach(ArrayList.java:1597)
at org.testng.TestRunner.privateRun(TestRunner.java:739)
at org.testng.TestRunner.run(TestRunner.java:614)
at org.testng.SuiteRunner.runTest(SuiteRunner.java:421)
at org.testng.SuiteRunner.runSequentially(SuiteRunner.java:413)
at org.testng.SuiteRunner.privateRun(SuiteRunner.java:373)
at org.testng.SuiteRunner.run(SuiteRunner.java:312)
at org.testng.SuiteRunnerWorker.runSuite(SuiteRunnerWorker.java:52)
at org.testng.SuiteRunnerWorker.run(SuiteRunnerWorker.java:95)
at org.testng.TestNG.runSuitesSequentially(TestNG.java:1274)
at org.testng.TestNG.runSuitesLocally(TestNG.java:1208)
at org.testng.TestNG.runSuites(TestNG.java:1112)
at org.testng.TestNG.run(TestNG.java:1079)
at org.testng.remote.AbstractRemoteTestNG.run(AbstractRemoteTestNG.java:115)
at org.testng.remote.RemoteTestNG.initAndRun(RemoteTestNG.java:293)
at org.testng.remote.RemoteTestNG.main(RemoteTestNG.java:91)
]]>
    </error>
    <system-out>
      <![CDATA[Scenario 02: Add large TIFF file
Scenario 01: Log into EWA
Enter valid user name into username field
Click on new document menu tab
Click on destination folder textbox
Expand cabinet
Expand drawer
Select a folder
Click on browse folder dialog OK button
Folder is selected for Create New Documents
Select document type as CVReports
Enter document name
Mouse hover on browse icon
Select browse option
Add a Large TIFF file from folder by using Auto IT script ]]>
    </system-out>
  </testcase> <!-- TC_2_Upload_and_verify_Large_TIFF_file -->
  <testcase classname="Script.LargeFiles_AutomationTesting" name="TC_3_Upload_and_verify_Large_DOCX_file" time="122.295">
    <system-out>
      <![CDATA[Scenario 03: Add Large Word(DOCX) file
Scenario 01: Log into EWA
Enter valid user name into username field
Click on new document tab
Click on destination folder textbox
Expand cabinet
Expand drawer
Select a folder
Click on Destination folder dialog OK button
select a document type
Enter a file name
Mouse hover on browse icon
Add large word file by using AutoIT script
Click on create button
Click on view button
Click on save button
Click on save dialog OK button
Large Docx file added successfully...]]>
    </system-out>
  </testcase> <!-- TC_3_Upload_and_verify_Large_DOCX_file -->
  <testcase classname="Script.LargeFiles_AutomationTesting" name="TC_4_Upload_and_verify_Large_XLSX_file" time="248.470">
    <system-out>
      <![CDATA[Scenario 04: Add Large EXCEL file
Click on new document tab
Select folder from destination folder dialog
Expand cabinet
Expand drawer
Select a folder
Folder is selected for Create New Documents
Click on destination folder dialog OK button
Click on document type dropdown
Select document type
Enter a file name
Mouse hover on browse icon
Click on browse option
Add large excel file from folder by using AutoIT script
Click on create button
Click on view button
Click on save button
Click on save dialog button
Large xlxs file added successfully...]]>
    </system-out>
  </testcase> <!-- TC_4_Upload_and_verify_Large_XLSX_file -->
  <system-out>
    <![CDATA[Chrome driver launched successfull
Chrome Browser launched Successfully...
EWA URL launched successfull
Contentverse URL launched successfully...
Scenario 01: Log into EWA
Enter valid user name into username field
Enter valid password into password field
Select a Room
Click Login button
Session message not appeared
User logged in successfully... 
Scenario 01: Add large PDF file
Click on new document menu tab
Click on destination folder textbox
Expand cabinet
Expand drawer
Select the folder
Folder is selected for Create New Documents
Click on select folder dialog OK button
Select a document type
Enter document name
Add a file  by using auto IT
Click on create button
Click on view button
Click on save button
Click on save tab OK button
Large PDF file added successfully...
Large PDF file added successfully...
Scenario 02: Add large TIFF file
Scenario 01: Log into EWA
Enter valid user name into username field
Click on new document menu tab
Click on destination folder textbox
Expand cabinet
Expand drawer
Select a folder
Click on browse folder dialog OK button
Folder is selected for Create New Documents
Select document type as CVReports
Enter document name
Mouse hover on browse icon
Select browse option
Add a Large TIFF file from folder by using Auto IT script 
Scenario 03: Add Large Word(DOCX) file
Scenario 01: Log into EWA
Enter valid user name into username field
Click on new document tab
Click on destination folder textbox
Expand cabinet
Expand drawer
Select a folder
Click on Destination folder dialog OK button
select a document type
Enter a file name
Mouse hover on browse icon
Add large word file by using AutoIT script
Click on create button
Click on view button
Click on save button
Click on save dialog OK button
Large Docx file added successfully...
Scenario 04: Add Large EXCEL file
Click on new document tab
Select folder from destination folder dialog
Expand cabinet
Expand drawer
Select a folder
Folder is selected for Create New Documents
Click on destination folder dialog OK button
Click on document type dropdown
Select document type
Enter a file name
Mouse hover on browse icon
Click on browse option
Add large excel file from folder by using AutoIT script
Click on create button
Click on view button
Click on save button
Click on save dialog button
Large xlxs file added successfully...]]>
  </system-out>
</testsuite> <!-- Script.LargeFiles_AutomationTesting -->
