<?xml version="1.0" encoding="UTF-8"?>
<!-- Generated by org.testng.reporters.JUnitReportReporter -->
<testsuite hostname="CIPLWKT014" failures="0" tests="5" name="Script.RoomContextFunction_TakeOwnerShip_ReleaseOwnerShip" time="551.035" errors="0" timestamp="2024-08-30T02:48:54 GMT-05:00" skipped="0">
  <testcase classname="Script.RoomContextFunction_TakeOwnerShip_ReleaseOwnerShip" name="Login" time="20.631"/>
  <system-out>
    <![CDATA[Log into EWA
Enter valid username into username text box
Enter valid password into password text box
Select a Room
Click on Login button
Session for user is already active.Do you want to create new session? dialog box displayed User click on OK button,
User logged in successfully...
User logged in successfully... ]]>
  </system-out>
  <testcase classname="Script.RoomContextFunction_TakeOwnerShip_ReleaseOwnerShip" name="TC_01_ChangeNavigation" time="19.961"/>
  <system-out>
    <![CDATA[Changing Navigation Sort
Click on setting icon
Select Admin Preference
Change the navigation Sort as Name
Click on Apply button
Click on Refresh icon]]>
  </system-out>
  <testcase classname="Script.RoomContextFunction_TakeOwnerShip_ReleaseOwnerShip" name="TC_2_Checking_Cabinet_SecurityPermission" time="50.157"/>
  <system-out>
    <![CDATA[Verifying Cabinet Permission
Expand a Cabinet
Mousehover to Roomname Tab
Click on  Security Option
Click on  Security dialog Add button
Select CVAdmin Group
Click on Security dialog Ok button
The Selected Entry is already in the Entry List. this validation message should show
Verifying Validation message
Assign to permission to 
Click on Security dialog Apply button
Click on  Security dialog Ok button
All permission should be given for Cabinet]]>
  </system-out>
  <testcase classname="Script.RoomContextFunction_TakeOwnerShip_ReleaseOwnerShip" name="TC_03_TakeOwnerShip" time="234.730"/>
  <system-out>
    <![CDATA[Scenario 01: Verify Roomcontextmenu tab 'Takeownership and ReleaseOwnership' option
Click on RoomContextMenu tab
Expand a cabinet
Expand a drawer
Expand a cabinet 1
Expand a cabinet 2
Expand a drawer 1
Expand a folder [[ChromeDriver: chrome on WINDOWS (b06ddad0edaac893d0c83af80e3edc71)] -> xpath: //div[@id='viewDocumentnavigator']/ul/li[2]/ul/li[1]/ul/li[1]/a]
Select a folder
Mousehover on RoomContextMenu tab
Click on TakeOwnerShip option
Mousehover on Roomcontextmenu tab to check TakeOwnerShip is visible or disable
Click on Username option
Click on Logout option
Admin user Logout the session
Scenario 01: Log into EWA
Enter valid user name into username field
Enter valid password into password field
Select a Room
Click Login button
Session message not appeared
Log into EWA with another user account
Expand taken OwnerShip cabinet
Expand taken Ownership drawer
Open a taken Ownership folder
Expand a cabinet 1
Expand a cabinet 2
Expand a drawer 1
Expand a folder [[ChromeDriver: chrome on WINDOWS (b06ddad0edaac893d0c83af80e3edc71)] -> xpath: //div[@id='viewDocumentnavigator']/ul/li[2]/ul/li[1]/ul/li[1]/a]
Mousehover on RoomcontextMenu tab and check Takeownership option it should be disable
Open a document from taken ownership folder
It should display 'Document locked by admin' warning dialog, Warning dialog displayed successfully
Viewer menu tool bar should be disable on the page
NoAlertISPResent
Click on Username option
Click on Logout option
Current user LogOut the session Successfully...]]>
  </system-out>
  <testcase classname="Script.RoomContextFunction_TakeOwnerShip_ReleaseOwnerShip" name="TC_04_ReleaseOwnerShip" time="225.556"/>
  <system-out>
    <![CDATA[Log into EWA
Enter valid username into username text box
Enter valid password into password text box
Select a Room
Click on Login button
Session already activate message not appeared
User logged in successfully...
Log into EWA as admin user
Expand a cabinet 1
Expand a cabinet 2
Expand a drawer 1
Expand a folder [[ChromeDriver: chrome on WINDOWS (b06ddad0edaac893d0c83af80e3edc71)] -> xpath: //div[@id='viewDocumentnavigator']/ul/li[2]/ul/li[1]/ul/li[1]/a]
Select a folder
Mousehover on RoomcontextMenu tab and click Release ownership option
Click on Username option
Click on Logout option
Admin user logout the session
Scenario 01: Log into EWA
Enter valid user name into username field
Enter valid password into password field
Select a Room
Click Login button
Session message not appeared
Another user log into EWA to check TakeOwnerShip option
Expand a cabinet 1
Expand a cabinet 2
Expand a drawer 1
Expand a folder [[ChromeDriver: chrome on WINDOWS (b06ddad0edaac893d0c83af80e3edc71)] -> xpath: //div[@id='viewDocumentnavigator']/ul/li[2]/ul/li[1]/ul/li[1]/a]
Select a folder
Mousehover on RoomContextTab and check TakeOwnerShip it should be enable
Open a document it should not show a warning dialog 
The user able to use viewer menu tool bar icon it should not disable
Click on Username option
Click on Logout option
Logout the session
TakeOwnerShip and ReleaseOwnerShip option verified successfully...
Log into EWA
Enter valid username into username text box
Enter valid password into password text box
Select a Room
Click on Login button
Session already activate message not appeared
User logged in successfully...]]>
  </system-out>
</testsuite> <!-- Script.RoomContextFunction_TakeOwnerShip_ReleaseOwnerShip -->
